This file contains any messages produced by compilers while
running configure, to aid debugging if configure makes a mistake.

It was created by libdiag configure 3.99.99, which was
generated by GNU Autoconf 2.66.  Invocation command line was

  $ ./configure --host=i686-w64-mingw32

## --------- ##
## Platform. ##
## --------- ##

hostname = eridu
uname -m = x86_64
uname -r = 2.6.34-ARCH
uname -s = Linux
uname -v = #1 SMP PREEMPT Mon Jul 5 22:12:11 CEST 2010

/usr/bin/uname -p = unknown
/bin/uname -X     = unknown

/bin/arch              = x86_64
/usr/bin/arch -k       = unknown
/usr/convex/getsysinfo = unknown
/usr/bin/hostinfo      = unknown
/bin/machine           = unknown
/usr/bin/oslevel       = unknown
/bin/universe          = unknown

PATH: /home/frank/w32/bin
PATH: /home/frank/w64/bin
PATH: /home/frank/bin
PATH: /bin
PATH: /usr/bin
PATH: /sbin
PATH: /usr/sbin
PATH: /opt/java/bin
PATH: /opt/java/jre/bin
PATH: /opt/maven/bin
PATH: /usr/bin/perlbin/site
PATH: /usr/bin/perlbin/vendor
PATH: /usr/bin/perlbin/core
PATH: /opt/qt/bin


## ----------- ##
## Core tests. ##
## ----------- ##

configure:2419: checking for a BSD-compatible install
configure:2487: result: /bin/install -c
configure:2498: checking whether build environment is sane
configure:2548: result: yes
configure:2597: checking for i686-w64-mingw32-strip
configure:2613: found /home/frank/w32/bin/i686-w64-mingw32-strip
configure:2624: result: i686-w64-mingw32-strip
configure:2689: checking for a thread-safe mkdir -p
configure:2728: result: /bin/mkdir -p
configure:2741: checking for gawk
configure:2757: found /bin/gawk
configure:2768: result: gawk
configure:2779: checking whether make sets $(MAKE)
configure:2801: result: yes
configure:2885: checking build system type
configure:2899: result: x86_64-unknown-linux-gnu
configure:2919: checking host system type
configure:2932: result: i686-w64-mingw32
configure:2998: checking how to print strings
configure:3025: result: printf
configure:3058: checking for style of include used by make
configure:3086: result: GNU
configure:3116: checking for i686-w64-mingw32-gcc
configure:3132: found /home/frank/w32/bin/i686-w64-mingw32-gcc
configure:3143: result: i686-w64-mingw32-gcc
configure:3412: checking for C compiler version
configure:3421: i686-w64-mingw32-gcc --version >&5
i686-w64-mingw32-gcc (GCC) 4.6.0 20100529 (experimental)
Copyright (C) 2010 Free Software Foundation, Inc.
This is free software; see the source for copying conditions.  There is NO
warranty; not even for MERCHANTABILITY or FITNESS FOR A PARTICULAR PURPOSE.

configure:3432: $? = 0
configure:3421: i686-w64-mingw32-gcc -v >&5
Using built-in specs.
COLLECT_GCC=i686-w64-mingw32-gcc
COLLECT_LTO_WRAPPER=/home/frank/w32/bin/../libexec/gcc/i686-w64-mingw32/4.6.0/lto-wrapper
Target: i686-w64-mingw32
Configured with: ../../../build/gcc/gcc/configure --target=i686-w64-mingw32 --prefix=/buildbot/mingw-w64/linux-x86_64-x86/build/build/root --with-sysroot=/buildbot/mingw-w64/linux-x86_64-x86/build/build/root --with-gmp=/buildbot/mingw-w64/linux-x86_64-x86/build/build/gmp/install --with-mpfr=/buildbot/mingw-w64/linux-x86_64-x86/build/build/mpfr/install --with-mpc=/buildbot/mingw-w64/linux-x86_64-x86/build/build/mpc/install --enable-languages=all,obj-c++ --enable-fully-dynamic-string --disable-multilib
Thread model: win32
gcc version 4.6.0 20100529 (experimental) (GCC) 
configure:3432: $? = 0
configure:3421: i686-w64-mingw32-gcc -V >&5
i686-w64-mingw32-gcc: error: unrecognized option '-V'
i686-w64-mingw32-gcc: fatal error: no input files
compilation terminated.
configure:3432: $? = 1
configure:3421: i686-w64-mingw32-gcc -qversion >&5
i686-w64-mingw32-gcc: error: unrecognized option '-qversion'
i686-w64-mingw32-gcc: fatal error: no input files
compilation terminated.
configure:3432: $? = 1
configure:3452: checking whether the C compiler works
configure:3474: i686-w64-mingw32-gcc    conftest.c  >&5
configure:3478: $? = 0
configure:3526: result: yes
configure:3529: checking for C compiler default output file name
configure:3531: result: a.exe
configure:3537: checking for suffix of executables
configure:3544: i686-w64-mingw32-gcc -o conftest.exe    conftest.c  >&5
configure:3548: $? = 0
configure:3570: result: .exe
configure:3592: checking whether we are cross compiling
configure:3600: i686-w64-mingw32-gcc -o conftest.exe    conftest.c  >&5
configure:3604: $? = 0
configure:3611: ./conftest.exe
./configure: line 3613: ./conftest.exe: cannot execute binary file
configure:3615: $? = 126
configure:3630: result: yes
configure:3635: checking for suffix of object files
configure:3657: i686-w64-mingw32-gcc -c   conftest.c >&5
configure:3661: $? = 0
configure:3682: result: o
configure:3686: checking whether we are using the GNU C compiler
configure:3705: i686-w64-mingw32-gcc -c   conftest.c >&5
configure:3705: $? = 0
configure:3714: result: yes
configure:3723: checking whether i686-w64-mingw32-gcc accepts -g
configure:3743: i686-w64-mingw32-gcc -c -g  conftest.c >&5
configure:3743: $? = 0
configure:3784: result: yes
configure:3801: checking for i686-w64-mingw32-gcc option to accept ISO C89
configure:3865: i686-w64-mingw32-gcc  -c -g -O2  conftest.c >&5
configure:3865: $? = 0
configure:3878: result: none needed
configure:3900: checking dependency style of i686-w64-mingw32-gcc
configure:4010: result: gcc3
configure:4025: checking for a sed that does not truncate output
configure:4089: result: /bin/sed
configure:4107: checking for grep that handles long lines and -e
configure:4165: result: /bin/grep
configure:4170: checking for egrep
configure:4232: result: /bin/grep -E
configure:4237: checking for fgrep
configure:4299: result: /bin/grep -F
configure:4334: checking for ld used by i686-w64-mingw32-gcc
configure:4401: result: /home/frank/w32/i686-w64-mingw32/bin/ld
configure:4408: checking if the linker (/home/frank/w32/i686-w64-mingw32/bin/ld) is GNU ld
configure:4423: result: yes
configure:4435: checking for BSD- or MS-compatible name lister (nm)
configure:4484: result: /home/frank/w32/bin/i686-w64-mingw32-nm -B
configure:4614: checking the name lister (/home/frank/w32/bin/i686-w64-mingw32-nm -B) interface
configure:4621: i686-w64-mingw32-gcc -c -g -O2  conftest.c >&5
configure:4624: /home/frank/w32/bin/i686-w64-mingw32-nm -B "conftest.o"
configure:4627: output
00000000 b .bss
00000000 d .data
00000000 N .debug_abbrev
00000000 N .debug_info
00000000 N .debug_line
00000000 N .debug_pubnames
00000000 t .text
00000000 B _some_variable
configure:4634: result: BSD nm
configure:4637: checking whether ln -s works
configure:4641: result: yes
configure:4649: checking the maximum length of command line arguments
configure:4774: result: 1572864
configure:4791: checking whether the shell understands some XSI constructs
configure:4801: result: yes
configure:4805: checking whether the shell understands "+="
configure:4811: result: yes
configure:4846: checking for /home/frank/w32/i686-w64-mingw32/bin/ld option to reload object files
configure:4853: result: -r
configure:4882: checking for i686-w64-mingw32-objdump
configure:4898: found /home/frank/w32/bin/i686-w64-mingw32-objdump
configure:4909: result: i686-w64-mingw32-objdump
configure:4978: checking how to recognize dependent libraries
configure:5180: result: file_magic ^x86 archive import|^x86 DLL
configure:5200: checking for i686-w64-mingw32-ar
configure:5216: found /home/frank/w32/bin/i686-w64-mingw32-ar
configure:5227: result: i686-w64-mingw32-ar
configure:5305: checking for i686-w64-mingw32-strip
configure:5332: result: i686-w64-mingw32-strip
configure:5404: checking for i686-w64-mingw32-ranlib
configure:5420: found /home/frank/w32/bin/i686-w64-mingw32-ranlib
configure:5431: result: i686-w64-mingw32-ranlib
configure:5573: checking command to parse /home/frank/w32/bin/i686-w64-mingw32-nm -B output from i686-w64-mingw32-gcc object
configure:5691: i686-w64-mingw32-gcc -c -g -O2  conftest.c >&5
configure:5694: $? = 0
configure:5698: /home/frank/w32/bin/i686-w64-mingw32-nm -B conftest.o \| sed -n -e 's/^.*[ ]\([ABCDGIRSTW][ABCDGIRSTW]*\)[ ][ ]*\([_A-Za-z][_A-Za-z0-9]*\)$/\1 \2 \2/p' \> conftest.nm
configure:5701: $? = 0
cannot find nm_test_var in conftest.nm
configure:5691: i686-w64-mingw32-gcc -c -g -O2  conftest.c >&5
configure:5694: $? = 0
configure:5698: /home/frank/w32/bin/i686-w64-mingw32-nm -B conftest.o \| sed -n -e 's/^.*[ ]\([ABCDGIRSTW][ABCDGIRSTW]*\)[ ][ ]*_\([_A-Za-z][_A-Za-z0-9]*\)$/\1 _\2 \2/p' \> conftest.nm
configure:5701: $? = 0
configure:5755: i686-w64-mingw32-gcc -o conftest.exe -g -O2   conftest.c conftstm.o >&5
configure:5758: $? = 0
configure:5796: result: ok
configure:6637: checking how to run the C preprocessor
configure:6668: i686-w64-mingw32-gcc -E  conftest.c
configure:6668: $? = 0
configure:6682: i686-w64-mingw32-gcc -E  conftest.c
conftest.c:11:28: fatal error: ac_nonexistent.h: No such file or directory
compilation terminated.
configure:6682: $? = 1
configure: failed program was:
| /* confdefs.h */
| #define PACKAGE_NAME "libdiag"
| #define PACKAGE_TARNAME "libdiag"
| #define PACKAGE_VERSION "3.99.99"
| #define PACKAGE_STRING "libdiag 3.99.99"
| #define PACKAGE_BUGREPORT "servicedesk@fedict.be"
| #define PACKAGE_URL ""
| #define PACKAGE "libdiag"
| #define VERSION "3.99.99"
| /* end confdefs.h.  */
| #include <ac_nonexistent.h>
configure:6707: result: i686-w64-mingw32-gcc -E
configure:6727: i686-w64-mingw32-gcc -E  conftest.c
configure:6727: $? = 0
configure:6741: i686-w64-mingw32-gcc -E  conftest.c
conftest.c:11:28: fatal error: ac_nonexistent.h: No such file or directory
compilation terminated.
configure:6741: $? = 1
configure: failed program was:
| /* confdefs.h */
| #define PACKAGE_NAME "libdiag"
| #define PACKAGE_TARNAME "libdiag"
| #define PACKAGE_VERSION "3.99.99"
| #define PACKAGE_STRING "libdiag 3.99.99"
| #define PACKAGE_BUGREPORT "servicedesk@fedict.be"
| #define PACKAGE_URL ""
| #define PACKAGE "libdiag"
| #define VERSION "3.99.99"
| /* end confdefs.h.  */
| #include <ac_nonexistent.h>
configure:6770: checking for ANSI C header files
configure:6790: i686-w64-mingw32-gcc -c -g -O2  conftest.c >&5
configure:6790: $? = 0
configure:6874: result: yes
configure:6887: checking for sys/types.h
configure:6887: i686-w64-mingw32-gcc -c -g -O2  conftest.c >&5
configure:6887: $? = 0
configure:6887: result: yes
configure:6887: checking for sys/stat.h
configure:6887: i686-w64-mingw32-gcc -c -g -O2  conftest.c >&5
configure:6887: $? = 0
configure:6887: result: yes
configure:6887: checking for stdlib.h
configure:6887: i686-w64-mingw32-gcc -c -g -O2  conftest.c >&5
configure:6887: $? = 0
configure:6887: result: yes
configure:6887: checking for string.h
configure:6887: i686-w64-mingw32-gcc -c -g -O2  conftest.c >&5
configure:6887: $? = 0
configure:6887: result: yes
configure:6887: checking for memory.h
configure:6887: i686-w64-mingw32-gcc -c -g -O2  conftest.c >&5
configure:6887: $? = 0
configure:6887: result: yes
configure:6887: checking for strings.h
configure:6887: i686-w64-mingw32-gcc -c -g -O2  conftest.c >&5
configure:6887: $? = 0
configure:6887: result: yes
configure:6887: checking for inttypes.h
configure:6887: i686-w64-mingw32-gcc -c -g -O2  conftest.c >&5
configure:6887: $? = 0
configure:6887: result: yes
configure:6887: checking for stdint.h
configure:6887: i686-w64-mingw32-gcc -c -g -O2  conftest.c >&5
configure:6887: $? = 0
configure:6887: result: yes
configure:6887: checking for unistd.h
configure:6887: i686-w64-mingw32-gcc -c -g -O2  conftest.c >&5
configure:6887: $? = 0
configure:6887: result: yes
configure:6901: checking for dlfcn.h
configure:6901: i686-w64-mingw32-gcc -c -g -O2  conftest.c >&5
configure:6901: $? = 0
configure:6901: result: yes
configure:6924: checking for i686-w64-mingw32-as
configure:6940: found /home/frank/w32/bin/i686-w64-mingw32-as
configure:6951: result: i686-w64-mingw32-as
configure:7016: checking for i686-w64-mingw32-dlltool
configure:7032: found /home/frank/w32/bin/i686-w64-mingw32-dlltool
configure:7043: result: i686-w64-mingw32-dlltool
configure:7108: checking for i686-w64-mingw32-objdump
configure:7135: result: i686-w64-mingw32-objdump
configure:7386: checking for objdir
configure:7401: result: .libs
configure:7672: checking if i686-w64-mingw32-gcc supports -fno-rtti -fno-exceptions
configure:7690: i686-w64-mingw32-gcc -c -g -O2  -fno-rtti -fno-exceptions conftest.c >&5
cc1: warning: command line option "-fno-rtti" is valid for C++/ObjC++ but not for C [enabled by default]
configure:7694: $? = 0
configure:7707: result: no
configure:7727: checking for i686-w64-mingw32-gcc option to produce PIC
configure:8012: result: -DDLL_EXPORT -DPIC
configure:8024: checking if i686-w64-mingw32-gcc PIC flag -DDLL_EXPORT -DPIC works
configure:8042: i686-w64-mingw32-gcc -c -g -O2  -DDLL_EXPORT -DPIC -DPIC conftest.c >&5
configure:8046: $? = 0
configure:8059: result: yes
configure:8083: checking if i686-w64-mingw32-gcc static flag -static works
configure:8111: result: yes
configure:8126: checking if i686-w64-mingw32-gcc supports -c -o file.o
configure:8147: i686-w64-mingw32-gcc -c -g -O2  -o out/conftest2.o conftest.c >&5
configure:8151: $? = 0
configure:8173: result: yes
configure:8181: checking if i686-w64-mingw32-gcc supports -c -o file.o
configure:8228: result: yes
configure:8261: checking whether the i686-w64-mingw32-gcc linker (/home/frank/w32/i686-w64-mingw32/bin/ld) supports shared libraries
configure:9336: result: yes
configure:9373: checking whether -lc should be explicitly linked in
configure:9381: i686-w64-mingw32-gcc -c -g -O2  conftest.c >&5
configure:9384: $? = 0
configure:9399: i686-w64-mingw32-gcc -shared conftest.o  -v -o ./conftest -Wl,--enable-auto-image-base -Xlinker --out-implib -Xlinker conftest 2\>\&1 \| /bin/grep  -lc  \>/dev/null 2\>\&1
configure:9402: $? = 1
configure:9416: result: yes
configure:9581: checking dynamic linker characteristics
configure:10258: result: Win32 ld.exe
configure:10365: checking how to hardcode library paths into programs
configure:10390: result: immediate
configure:10930: checking whether stripping libraries is possible
configure:10935: result: yes
configure:10970: checking if libtool supports shared libraries
configure:10972: result: yes
configure:10975: checking whether to build shared libraries
configure:10996: result: yes
configure:10999: checking whether to build static libraries
configure:11003: result: yes
configure:11046: checking for i686-w64-mingw32-as
configure:11073: result: i686-w64-mingw32-as
configure:11138: checking for i686-w64-mingw32-dlltool
configure:11165: result: i686-w64-mingw32-dlltool
configure:11230: checking for i686-w64-mingw32-objdump
configure:11257: result: i686-w64-mingw32-objdump
configure:11349: checking for i686-w64-mingw32-g++
configure:11365: found /home/frank/w32/bin/i686-w64-mingw32-g++
configure:11376: result: i686-w64-mingw32-g++
configure:11447: checking for C++ compiler version
configure:11456: i686-w64-mingw32-g++ --version >&5
i686-w64-mingw32-g++ (GCC) 4.6.0 20100529 (experimental)
Copyright (C) 2010 Free Software Foundation, Inc.
This is free software; see the source for copying conditions.  There is NO
warranty; not even for MERCHANTABILITY or FITNESS FOR A PARTICULAR PURPOSE.

configure:11467: $? = 0
configure:11456: i686-w64-mingw32-g++ -v >&5
Using built-in specs.
COLLECT_GCC=i686-w64-mingw32-g++
COLLECT_LTO_WRAPPER=/home/frank/w32/bin/../libexec/gcc/i686-w64-mingw32/4.6.0/lto-wrapper
Target: i686-w64-mingw32
Configured with: ../../../build/gcc/gcc/configure --target=i686-w64-mingw32 --prefix=/buildbot/mingw-w64/linux-x86_64-x86/build/build/root --with-sysroot=/buildbot/mingw-w64/linux-x86_64-x86/build/build/root --with-gmp=/buildbot/mingw-w64/linux-x86_64-x86/build/build/gmp/install --with-mpfr=/buildbot/mingw-w64/linux-x86_64-x86/build/build/mpfr/install --with-mpc=/buildbot/mingw-w64/linux-x86_64-x86/build/build/mpc/install --enable-languages=all,obj-c++ --enable-fully-dynamic-string --disable-multilib
Thread model: win32
gcc version 4.6.0 20100529 (experimental) (GCC) 
configure:11467: $? = 0
configure:11456: i686-w64-mingw32-g++ -V >&5
i686-w64-mingw32-g++: fatal error: argument to '-V' missing

compilation terminated.
configure:11467: $? = 1
configure:11456: i686-w64-mingw32-g++ -qversion >&5
i686-w64-mingw32-g++: error: unrecognized option '-qversion'
i686-w64-mingw32-g++: fatal error: no input files
compilation terminated.
configure:11467: $? = 1
configure:11471: checking whether we are using the GNU C++ compiler
configure:11490: i686-w64-mingw32-g++ -c   conftest.cpp >&5
configure:11490: $? = 0
configure:11499: result: yes
configure:11508: checking whether i686-w64-mingw32-g++ accepts -g
configure:11528: i686-w64-mingw32-g++ -c -g  conftest.cpp >&5
configure:11528: $? = 0
configure:11569: result: yes
configure:11594: checking dependency style of i686-w64-mingw32-g++
configure:11704: result: gcc3
configure:11727: checking how to run the C++ preprocessor
configure:11754: i686-w64-mingw32-g++ -E  conftest.cpp
configure:11754: $? = 0
configure:11768: i686-w64-mingw32-g++ -E  conftest.cpp
conftest.cpp:23:28: fatal error: ac_nonexistent.h: No such file or directory
compilation terminated.
configure:11768: $? = 1
configure: failed program was:
| /* confdefs.h */
| #define PACKAGE_NAME "libdiag"
| #define PACKAGE_TARNAME "libdiag"
| #define PACKAGE_VERSION "3.99.99"
| #define PACKAGE_STRING "libdiag 3.99.99"
| #define PACKAGE_BUGREPORT "servicedesk@fedict.be"
| #define PACKAGE_URL ""
| #define PACKAGE "libdiag"
| #define VERSION "3.99.99"
| #define STDC_HEADERS 1
| #define HAVE_SYS_TYPES_H 1
| #define HAVE_SYS_STAT_H 1
| #define HAVE_STDLIB_H 1
| #define HAVE_STRING_H 1
| #define HAVE_MEMORY_H 1
| #define HAVE_STRINGS_H 1
| #define HAVE_INTTYPES_H 1
| #define HAVE_STDINT_H 1
| #define HAVE_UNISTD_H 1
| #define HAVE_DLFCN_H 1
| #define LT_OBJDIR ".libs/"
| /* end confdefs.h.  */
| #include <ac_nonexistent.h>
configure:11793: result: i686-w64-mingw32-g++ -E
configure:11813: i686-w64-mingw32-g++ -E  conftest.cpp
configure:11813: $? = 0
configure:11827: i686-w64-mingw32-g++ -E  conftest.cpp
conftest.cpp:23:28: fatal error: ac_nonexistent.h: No such file or directory
compilation terminated.
configure:11827: $? = 1
configure: failed program was:
| /* confdefs.h */
| #define PACKAGE_NAME "libdiag"
| #define PACKAGE_TARNAME "libdiag"
| #define PACKAGE_VERSION "3.99.99"
| #define PACKAGE_STRING "libdiag 3.99.99"
| #define PACKAGE_BUGREPORT "servicedesk@fedict.be"
| #define PACKAGE_URL ""
| #define PACKAGE "libdiag"
| #define VERSION "3.99.99"
| #define STDC_HEADERS 1
| #define HAVE_SYS_TYPES_H 1
| #define HAVE_SYS_STAT_H 1
| #define HAVE_STDLIB_H 1
| #define HAVE_STRING_H 1
| #define HAVE_MEMORY_H 1
| #define HAVE_STRINGS_H 1
| #define HAVE_INTTYPES_H 1
| #define HAVE_STDINT_H 1
| #define HAVE_UNISTD_H 1
| #define HAVE_DLFCN_H 1
| #define LT_OBJDIR ".libs/"
| /* end confdefs.h.  */
| #include <ac_nonexistent.h>
configure:11995: checking for ld used by i686-w64-mingw32-g++
configure:12062: result: /home/frank/w32/i686-w64-mingw32/bin/ld
configure:12069: checking if the linker (/home/frank/w32/i686-w64-mingw32/bin/ld) is GNU ld
configure:12084: result: yes
configure:12139: checking whether the i686-w64-mingw32-g++ linker (/home/frank/w32/i686-w64-mingw32/bin/ld) supports shared libraries
configure:13071: result: yes
configure:13099: i686-w64-mingw32-g++ -c -g -O2  conftest.cpp >&5
configure:13102: $? = 0
configure:13284: checking for i686-w64-mingw32-g++ option to produce PIC
configure:13606: result: -DDLL_EXPORT -DPIC
configure:13615: checking if i686-w64-mingw32-g++ PIC flag -DDLL_EXPORT -DPIC works
configure:13633: i686-w64-mingw32-g++ -c -g -O2  -DDLL_EXPORT -DPIC -DPIC conftest.cpp >&5
configure:13637: $? = 0
configure:13650: result: yes
configure:13671: checking if i686-w64-mingw32-g++ static flag -static works
configure:13699: result: yes
configure:13711: checking if i686-w64-mingw32-g++ supports -c -o file.o
configure:13732: i686-w64-mingw32-g++ -c -g -O2  -o out/conftest2.o conftest.cpp >&5
configure:13736: $? = 0
configure:13758: result: yes
configure:13763: checking if i686-w64-mingw32-g++ supports -c -o file.o
configure:13810: result: yes
configure:13840: checking whether the i686-w64-mingw32-g++ linker (/home/frank/w32/i686-w64-mingw32/bin/ld) supports shared libraries
configure:13868: result: yes
configure:14011: checking dynamic linker characteristics
configure:14622: result: Win32 ld.exe
configure:14675: checking how to hardcode library paths into programs
configure:14700: result: immediate
configure:14747: checking for i686-w64-mingw32-gcc
configure:14774: result: i686-w64-mingw32-gcc
configure:15043: checking for C compiler version
configure:15052: i686-w64-mingw32-gcc --version >&5
i686-w64-mingw32-gcc (GCC) 4.6.0 20100529 (experimental)
Copyright (C) 2010 Free Software Foundation, Inc.
This is free software; see the source for copying conditions.  There is NO
warranty; not even for MERCHANTABILITY or FITNESS FOR A PARTICULAR PURPOSE.

configure:15063: $? = 0
configure:15052: i686-w64-mingw32-gcc -v >&5
Using built-in specs.
COLLECT_GCC=i686-w64-mingw32-gcc
COLLECT_LTO_WRAPPER=/home/frank/w32/bin/../libexec/gcc/i686-w64-mingw32/4.6.0/lto-wrapper
Target: i686-w64-mingw32
Configured with: ../../../build/gcc/gcc/configure --target=i686-w64-mingw32 --prefix=/buildbot/mingw-w64/linux-x86_64-x86/build/build/root --with-sysroot=/buildbot/mingw-w64/linux-x86_64-x86/build/build/root --with-gmp=/buildbot/mingw-w64/linux-x86_64-x86/build/build/gmp/install --with-mpfr=/buildbot/mingw-w64/linux-x86_64-x86/build/build/mpfr/install --with-mpc=/buildbot/mingw-w64/linux-x86_64-x86/build/build/mpc/install --enable-languages=all,obj-c++ --enable-fully-dynamic-string --disable-multilib
Thread model: win32
gcc version 4.6.0 20100529 (experimental) (GCC) 
configure:15063: $? = 0
configure:15052: i686-w64-mingw32-gcc -V >&5
i686-w64-mingw32-gcc: error: unrecognized option '-V'
i686-w64-mingw32-gcc: fatal error: no input files
compilation terminated.
configure:15063: $? = 1
configure:15052: i686-w64-mingw32-gcc -qversion >&5
i686-w64-mingw32-gcc: error: unrecognized option '-qversion'
i686-w64-mingw32-gcc: fatal error: no input files
compilation terminated.
configure:15063: $? = 1
configure:15067: checking whether we are using the GNU C compiler
configure:15095: result: yes
configure:15104: checking whether i686-w64-mingw32-gcc accepts -g
configure:15165: result: yes
configure:15182: checking for i686-w64-mingw32-gcc option to accept ISO C89
configure:15259: result: none needed
configure:15281: checking dependency style of i686-w64-mingw32-gcc
configure:15391: result: gcc3
configure:15417: checking for i686-w64-mingw32-pkg-config
configure:15450: result: no
configure:15460: checking for pkg-config
configure:15478: found /usr/bin/pkg-config
configure:15490: result: /usr/bin/pkg-config
configure:15502: WARNING: using cross tools not prefixed with host triplet
configure:15515: checking pkg-config is at least version 0.9.0
configure:15518: result: yes
configure:15583: checking limits.h usability
configure:15583: i686-w64-mingw32-gcc -c -g -O2  conftest.c >&5
configure:15583: $? = 0
configure:15583: result: yes
configure:15583: checking limits.h presence
configure:15583: i686-w64-mingw32-gcc -E  conftest.c
configure:15583: $? = 0
configure:15583: result: yes
configure:15583: checking for limits.h
configure:15583: result: yes
configure:15583: checking for stdlib.h
configure:15583: result: yes
configure:15583: checking for string.h
configure:15583: result: yes
configure:15583: checking wchar.h usability
configure:15583: i686-w64-mingw32-gcc -c -g -O2  conftest.c >&5
configure:15583: $? = 0
configure:15583: result: yes
configure:15583: checking wchar.h presence
configure:15583: i686-w64-mingw32-gcc -E  conftest.c
configure:15583: $? = 0
configure:15583: result: yes
configure:15583: checking for wchar.h
configure:15583: result: yes
configure:15595: checking for stdbool.h that conforms to C99
configure:15680: i686-w64-mingw32-gcc -c -g -O2  conftest.c >&5
configure:15680: $? = 0
configure:15687: result: yes
configure:15689: checking for _Bool
configure:15689: i686-w64-mingw32-gcc -c -g -O2  conftest.c >&5
configure:15689: $? = 0
configure:15689: i686-w64-mingw32-gcc -c -g -O2  conftest.c >&5
conftest.c: In function 'main':
conftest.c:63:20: error: expected expression before ')' token
configure:15689: $? = 1
configure: failed program was:
| /* confdefs.h */
| #define PACKAGE_NAME "libdiag"
| #define PACKAGE_TARNAME "libdiag"
| #define PACKAGE_VERSION "3.99.99"
| #define PACKAGE_STRING "libdiag 3.99.99"
| #define PACKAGE_BUGREPORT "servicedesk@fedict.be"
| #define PACKAGE_URL ""
| #define PACKAGE "libdiag"
| #define VERSION "3.99.99"
| #define STDC_HEADERS 1
| #define HAVE_SYS_TYPES_H 1
| #define HAVE_SYS_STAT_H 1
| #define HAVE_STDLIB_H 1
| #define HAVE_STRING_H 1
| #define HAVE_MEMORY_H 1
| #define HAVE_STRINGS_H 1
| #define HAVE_INTTYPES_H 1
| #define HAVE_STDINT_H 1
| #define HAVE_UNISTD_H 1
| #define HAVE_DLFCN_H 1
| #define LT_OBJDIR ".libs/"
| #define HAVE_LIMITS_H 1
| #define HAVE_STDLIB_H 1
| #define HAVE_STRING_H 1
| #define HAVE_WCHAR_H 1
| /* end confdefs.h.  */
| #include <stdio.h>
| #ifdef HAVE_SYS_TYPES_H
| # include <sys/types.h>
| #endif
| #ifdef HAVE_SYS_STAT_H
| # include <sys/stat.h>
| #endif
| #ifdef STDC_HEADERS
| # include <stdlib.h>
| # include <stddef.h>
| #else
| # ifdef HAVE_STDLIB_H
| #  include <stdlib.h>
| # endif
| #endif
| #ifdef HAVE_STRING_H
| # if !defined STDC_HEADERS && defined HAVE_MEMORY_H
| #  include <memory.h>
| # endif
| # include <string.h>
| #endif
| #ifdef HAVE_STRINGS_H
| # include <strings.h>
| #endif
| #ifdef HAVE_INTTYPES_H
| # include <inttypes.h>
| #endif
| #ifdef HAVE_STDINT_H
| # include <stdint.h>
| #endif
| #ifdef HAVE_UNISTD_H
| # include <unistd.h>
| #endif
| int
| main ()
| {
| if (sizeof ((_Bool)))
| 	    return 0;
|   ;
|   return 0;
| }
configure:15689: result: yes
configure:15705: checking for inline
configure:15721: i686-w64-mingw32-gcc -c -g -O2  conftest.c >&5
configure:15721: $? = 0
configure:15729: result: inline
configure:15747: checking for pid_t
configure:15747: i686-w64-mingw32-gcc -c -g -O2  conftest.c >&5
configure:15747: $? = 0
configure:15747: i686-w64-mingw32-gcc -c -g -O2  conftest.c >&5
conftest.c: In function 'main':
conftest.c:65:20: error: expected expression before ')' token
configure:15747: $? = 1
configure: failed program was:
| /* confdefs.h */
| #define PACKAGE_NAME "libdiag"
| #define PACKAGE_TARNAME "libdiag"
| #define PACKAGE_VERSION "3.99.99"
| #define PACKAGE_STRING "libdiag 3.99.99"
| #define PACKAGE_BUGREPORT "servicedesk@fedict.be"
| #define PACKAGE_URL ""
| #define PACKAGE "libdiag"
| #define VERSION "3.99.99"
| #define STDC_HEADERS 1
| #define HAVE_SYS_TYPES_H 1
| #define HAVE_SYS_STAT_H 1
| #define HAVE_STDLIB_H 1
| #define HAVE_STRING_H 1
| #define HAVE_MEMORY_H 1
| #define HAVE_STRINGS_H 1
| #define HAVE_INTTYPES_H 1
| #define HAVE_STDINT_H 1
| #define HAVE_UNISTD_H 1
| #define HAVE_DLFCN_H 1
| #define LT_OBJDIR ".libs/"
| #define HAVE_LIMITS_H 1
| #define HAVE_STDLIB_H 1
| #define HAVE_STRING_H 1
| #define HAVE_WCHAR_H 1
| #define HAVE__BOOL 1
| #define HAVE_STDBOOL_H 1
| /* end confdefs.h.  */
| #include <stdio.h>
| #ifdef HAVE_SYS_TYPES_H
| # include <sys/types.h>
| #endif
| #ifdef HAVE_SYS_STAT_H
| # include <sys/stat.h>
| #endif
| #ifdef STDC_HEADERS
| # include <stdlib.h>
| # include <stddef.h>
| #else
| # ifdef HAVE_STDLIB_H
| #  include <stdlib.h>
| # endif
| #endif
| #ifdef HAVE_STRING_H
| # if !defined STDC_HEADERS && defined HAVE_MEMORY_H
| #  include <memory.h>
| # endif
| # include <string.h>
| #endif
| #ifdef HAVE_STRINGS_H
| # include <strings.h>
| #endif
| #ifdef HAVE_INTTYPES_H
| # include <inttypes.h>
| #endif
| #ifdef HAVE_STDINT_H
| # include <stdint.h>
| #endif
| #ifdef HAVE_UNISTD_H
| # include <unistd.h>
| #endif
| int
| main ()
| {
| if (sizeof ((pid_t)))
| 	    return 0;
|   ;
|   return 0;
| }
configure:15747: result: yes
configure:15758: checking for size_t
configure:15758: i686-w64-mingw32-gcc -c -g -O2  conftest.c >&5
configure:15758: $? = 0
configure:15758: i686-w64-mingw32-gcc -c -g -O2  conftest.c >&5
conftest.c: In function 'main':
conftest.c:65:21: error: expected expression before ')' token
configure:15758: $? = 1
configure: failed program was:
| /* confdefs.h */
| #define PACKAGE_NAME "libdiag"
| #define PACKAGE_TARNAME "libdiag"
| #define PACKAGE_VERSION "3.99.99"
| #define PACKAGE_STRING "libdiag 3.99.99"
| #define PACKAGE_BUGREPORT "servicedesk@fedict.be"
| #define PACKAGE_URL ""
| #define PACKAGE "libdiag"
| #define VERSION "3.99.99"
| #define STDC_HEADERS 1
| #define HAVE_SYS_TYPES_H 1
| #define HAVE_SYS_STAT_H 1
| #define HAVE_STDLIB_H 1
| #define HAVE_STRING_H 1
| #define HAVE_MEMORY_H 1
| #define HAVE_STRINGS_H 1
| #define HAVE_INTTYPES_H 1
| #define HAVE_STDINT_H 1
| #define HAVE_UNISTD_H 1
| #define HAVE_DLFCN_H 1
| #define LT_OBJDIR ".libs/"
| #define HAVE_LIMITS_H 1
| #define HAVE_STDLIB_H 1
| #define HAVE_STRING_H 1
| #define HAVE_WCHAR_H 1
| #define HAVE__BOOL 1
| #define HAVE_STDBOOL_H 1
| /* end confdefs.h.  */
| #include <stdio.h>
| #ifdef HAVE_SYS_TYPES_H
| # include <sys/types.h>
| #endif
| #ifdef HAVE_SYS_STAT_H
| # include <sys/stat.h>
| #endif
| #ifdef STDC_HEADERS
| # include <stdlib.h>
| # include <stddef.h>
| #else
| # ifdef HAVE_STDLIB_H
| #  include <stdlib.h>
| # endif
| #endif
| #ifdef HAVE_STRING_H
| # if !defined STDC_HEADERS && defined HAVE_MEMORY_H
| #  include <memory.h>
| # endif
| # include <string.h>
| #endif
| #ifdef HAVE_STRINGS_H
| # include <strings.h>
| #endif
| #ifdef HAVE_INTTYPES_H
| # include <inttypes.h>
| #endif
| #ifdef HAVE_STDINT_H
| # include <stdint.h>
| #endif
| #ifdef HAVE_UNISTD_H
| # include <unistd.h>
| #endif
| int
| main ()
| {
| if (sizeof ((size_t)))
| 	    return 0;
|   ;
|   return 0;
| }
configure:15758: result: yes
configure:15771: checking for error_at_line
configure:15787: i686-w64-mingw32-gcc -o conftest.exe -g -O2   conftest.c  >&5
/tmp/ccm5K6wk.o: In function `main':
/home/frank/eid-mw/edt/diaglib/conftest.c:33: undefined reference to `_error_at_line'
collect2: ld returned 1 exit status
configure:15787: $? = 1
configure: failed program was:
| /* confdefs.h */
| #define PACKAGE_NAME "libdiag"
| #define PACKAGE_TARNAME "libdiag"
| #define PACKAGE_VERSION "3.99.99"
| #define PACKAGE_STRING "libdiag 3.99.99"
| #define PACKAGE_BUGREPORT "servicedesk@fedict.be"
| #define PACKAGE_URL ""
| #define PACKAGE "libdiag"
| #define VERSION "3.99.99"
| #define STDC_HEADERS 1
| #define HAVE_SYS_TYPES_H 1
| #define HAVE_SYS_STAT_H 1
| #define HAVE_STDLIB_H 1
| #define HAVE_STRING_H 1
| #define HAVE_MEMORY_H 1
| #define HAVE_STRINGS_H 1
| #define HAVE_INTTYPES_H 1
| #define HAVE_STDINT_H 1
| #define HAVE_UNISTD_H 1
| #define HAVE_DLFCN_H 1
| #define LT_OBJDIR ".libs/"
| #define HAVE_LIMITS_H 1
| #define HAVE_STDLIB_H 1
| #define HAVE_STRING_H 1
| #define HAVE_WCHAR_H 1
| #define HAVE__BOOL 1
| #define HAVE_STDBOOL_H 1
| /* end confdefs.h.  */
| #include <error.h>
| int
| main ()
| {
| error_at_line (0, 0, "", 0, "an error occurred");
|   ;
|   return 0;
| }
configure:15795: result: no
configure:15808: checking vfork.h usability
configure:15808: i686-w64-mingw32-gcc -c -g -O2  conftest.c >&5
conftest.c:62:19: fatal error: vfork.h: No such file or directory
compilation terminated.
configure:15808: $? = 1
configure: failed program was:
| /* confdefs.h */
| #define PACKAGE_NAME "libdiag"
| #define PACKAGE_TARNAME "libdiag"
| #define PACKAGE_VERSION "3.99.99"
| #define PACKAGE_STRING "libdiag 3.99.99"
| #define PACKAGE_BUGREPORT "servicedesk@fedict.be"
| #define PACKAGE_URL ""
| #define PACKAGE "libdiag"
| #define VERSION "3.99.99"
| #define STDC_HEADERS 1
| #define HAVE_SYS_TYPES_H 1
| #define HAVE_SYS_STAT_H 1
| #define HAVE_STDLIB_H 1
| #define HAVE_STRING_H 1
| #define HAVE_MEMORY_H 1
| #define HAVE_STRINGS_H 1
| #define HAVE_INTTYPES_H 1
| #define HAVE_STDINT_H 1
| #define HAVE_UNISTD_H 1
| #define HAVE_DLFCN_H 1
| #define LT_OBJDIR ".libs/"
| #define HAVE_LIMITS_H 1
| #define HAVE_STDLIB_H 1
| #define HAVE_STRING_H 1
| #define HAVE_WCHAR_H 1
| #define HAVE__BOOL 1
| #define HAVE_STDBOOL_H 1
| /* end confdefs.h.  */
| #include <stdio.h>
| #ifdef HAVE_SYS_TYPES_H
| # include <sys/types.h>
| #endif
| #ifdef HAVE_SYS_STAT_H
| # include <sys/stat.h>
| #endif
| #ifdef STDC_HEADERS
| # include <stdlib.h>
| # include <stddef.h>
| #else
| # ifdef HAVE_STDLIB_H
| #  include <stdlib.h>
| # endif
| #endif
| #ifdef HAVE_STRING_H
| # if !defined STDC_HEADERS && defined HAVE_MEMORY_H
| #  include <memory.h>
| # endif
| # include <string.h>
| #endif
| #ifdef HAVE_STRINGS_H
| # include <strings.h>
| #endif
| #ifdef HAVE_INTTYPES_H
| # include <inttypes.h>
| #endif
| #ifdef HAVE_STDINT_H
| # include <stdint.h>
| #endif
| #ifdef HAVE_UNISTD_H
| # include <unistd.h>
| #endif
| #include <vfork.h>
configure:15808: result: no
configure:15808: checking vfork.h presence
configure:15808: i686-w64-mingw32-gcc -E  conftest.c
conftest.c:29:19: fatal error: vfork.h: No such file or directory
compilation terminated.
configure:15808: $? = 1
configure: failed program was:
| /* confdefs.h */
| #define PACKAGE_NAME "libdiag"
| #define PACKAGE_TARNAME "libdiag"
| #define PACKAGE_VERSION "3.99.99"
| #define PACKAGE_STRING "libdiag 3.99.99"
| #define PACKAGE_BUGREPORT "servicedesk@fedict.be"
| #define PACKAGE_URL ""
| #define PACKAGE "libdiag"
| #define VERSION "3.99.99"
| #define STDC_HEADERS 1
| #define HAVE_SYS_TYPES_H 1
| #define HAVE_SYS_STAT_H 1
| #define HAVE_STDLIB_H 1
| #define HAVE_STRING_H 1
| #define HAVE_MEMORY_H 1
| #define HAVE_STRINGS_H 1
| #define HAVE_INTTYPES_H 1
| #define HAVE_STDINT_H 1
| #define HAVE_UNISTD_H 1
| #define HAVE_DLFCN_H 1
| #define LT_OBJDIR ".libs/"
| #define HAVE_LIMITS_H 1
| #define HAVE_STDLIB_H 1
| #define HAVE_STRING_H 1
| #define HAVE_WCHAR_H 1
| #define HAVE__BOOL 1
| #define HAVE_STDBOOL_H 1
| /* end confdefs.h.  */
| #include <vfork.h>
configure:15808: result: no
configure:15808: checking for vfork.h
configure:15808: result: no
configure:15821: checking for fork
configure:15821: i686-w64-mingw32-gcc -o conftest.exe -g -O2   conftest.c  >&5
conftest.c:52:6: warning: conflicting types for built-in function 'fork' [enabled by default]
/tmp/cc2fDmPr.o: In function `main':
/home/frank/eid-mw/edt/diaglib/conftest.c:63: undefined reference to `_fork'
collect2: ld returned 1 exit status
configure:15821: $? = 1
configure: failed program was:
| /* confdefs.h */
| #define PACKAGE_NAME "libdiag"
| #define PACKAGE_TARNAME "libdiag"
| #define PACKAGE_VERSION "3.99.99"
| #define PACKAGE_STRING "libdiag 3.99.99"
| #define PACKAGE_BUGREPORT "servicedesk@fedict.be"
| #define PACKAGE_URL ""
| #define PACKAGE "libdiag"
| #define VERSION "3.99.99"
| #define STDC_HEADERS 1
| #define HAVE_SYS_TYPES_H 1
| #define HAVE_SYS_STAT_H 1
| #define HAVE_STDLIB_H 1
| #define HAVE_STRING_H 1
| #define HAVE_MEMORY_H 1
| #define HAVE_STRINGS_H 1
| #define HAVE_INTTYPES_H 1
| #define HAVE_STDINT_H 1
| #define HAVE_UNISTD_H 1
| #define HAVE_DLFCN_H 1
| #define LT_OBJDIR ".libs/"
| #define HAVE_LIMITS_H 1
| #define HAVE_STDLIB_H 1
| #define HAVE_STRING_H 1
| #define HAVE_WCHAR_H 1
| #define HAVE__BOOL 1
| #define HAVE_STDBOOL_H 1
| /* end confdefs.h.  */
| /* Define fork to an innocuous variant, in case <limits.h> declares fork.
|    For example, HP-UX 11i <limits.h> declares gettimeofday.  */
| #define fork innocuous_fork
| 
| /* System header to define __stub macros and hopefully few prototypes,
|     which can conflict with char fork (); below.
|     Prefer <limits.h> to <assert.h> if __STDC__ is defined, since
|     <limits.h> exists even on freestanding compilers.  */
| 
| #ifdef __STDC__
| # include <limits.h>
| #else
| # include <assert.h>
| #endif
| 
| #undef fork
| 
| /* Override any GCC internal prototype to avoid an error.
|    Use char because int might match the return type of a GCC
|    builtin and then its argument prototype would still apply.  */
| #ifdef __cplusplus
| extern "C"
| #endif
| char fork ();
| /* The GNU C library defines this for functions which it implements
|     to always fail with ENOSYS.  Some functions are actually named
|     something starting with __ and the normal name is an alias.  */
| #if defined __stub_fork || defined __stub___fork
| choke me
| #endif
| 
| int
| main ()
| {
| return fork ();
|   ;
|   return 0;
| }
configure:15821: result: no
configure:15821: checking for vfork
configure:15821: i686-w64-mingw32-gcc -o conftest.exe -g -O2   conftest.c  >&5
/tmp/ccySZQqv.o: In function `main':
/home/frank/eid-mw/edt/diaglib/conftest.c:63: undefined reference to `_vfork'
collect2: ld returned 1 exit status
configure:15821: $? = 1
configure: failed program was:
| /* confdefs.h */
| #define PACKAGE_NAME "libdiag"
| #define PACKAGE_TARNAME "libdiag"
| #define PACKAGE_VERSION "3.99.99"
| #define PACKAGE_STRING "libdiag 3.99.99"
| #define PACKAGE_BUGREPORT "servicedesk@fedict.be"
| #define PACKAGE_URL ""
| #define PACKAGE "libdiag"
| #define VERSION "3.99.99"
| #define STDC_HEADERS 1
| #define HAVE_SYS_TYPES_H 1
| #define HAVE_SYS_STAT_H 1
| #define HAVE_STDLIB_H 1
| #define HAVE_STRING_H 1
| #define HAVE_MEMORY_H 1
| #define HAVE_STRINGS_H 1
| #define HAVE_INTTYPES_H 1
| #define HAVE_STDINT_H 1
| #define HAVE_UNISTD_H 1
| #define HAVE_DLFCN_H 1
| #define LT_OBJDIR ".libs/"
| #define HAVE_LIMITS_H 1
| #define HAVE_STDLIB_H 1
| #define HAVE_STRING_H 1
| #define HAVE_WCHAR_H 1
| #define HAVE__BOOL 1
| #define HAVE_STDBOOL_H 1
| /* end confdefs.h.  */
| /* Define vfork to an innocuous variant, in case <limits.h> declares vfork.
|    For example, HP-UX 11i <limits.h> declares gettimeofday.  */
| #define vfork innocuous_vfork
| 
| /* System header to define __stub macros and hopefully few prototypes,
|     which can conflict with char vfork (); below.
|     Prefer <limits.h> to <assert.h> if __STDC__ is defined, since
|     <limits.h> exists even on freestanding compilers.  */
| 
| #ifdef __STDC__
| # include <limits.h>
| #else
| # include <assert.h>
| #endif
| 
| #undef vfork
| 
| /* Override any GCC internal prototype to avoid an error.
|    Use char because int might match the return type of a GCC
|    builtin and then its argument prototype would still apply.  */
| #ifdef __cplusplus
| extern "C"
| #endif
| char vfork ();
| /* The GNU C library defines this for functions which it implements
|     to always fail with ENOSYS.  Some functions are actually named
|     something starting with __ and the normal name is an alias.  */
| #if defined __stub_vfork || defined __stub___vfork
| choke me
| #endif
| 
| int
| main ()
| {
| return vfork ();
|   ;
|   return 0;
| }
configure:15821: result: no
configure:16021: checking for stdlib.h
configure:16021: result: yes
configure:16031: checking for GNU libc compatible malloc
configure:16065: result: no
configure:16089: checking for memset
configure:16089: i686-w64-mingw32-gcc -o conftest.exe -g -O2   conftest.c  >&5
conftest.c:56:6: warning: conflicting types for built-in function 'memset' [enabled by default]
configure:16089: $? = 0
configure:16089: result: yes
configure:16089: checking for strchr
configure:16089: i686-w64-mingw32-gcc -o conftest.exe -g -O2   conftest.c  >&5
conftest.c:57:6: warning: conflicting types for built-in function 'strchr' [enabled by default]
configure:16089: $? = 0
configure:16089: result: yes
configure:16089: checking for strstr
configure:16089: i686-w64-mingw32-gcc -o conftest.exe -g -O2   conftest.c  >&5
conftest.c:58:6: warning: conflicting types for built-in function 'strstr' [enabled by default]
configure:16089: $? = 0
configure:16089: result: yes
configure:16240: creating ./config.status

## ---------------------- ##
## Running config.status. ##
## ---------------------- ##

This file was extended by libdiag config.status 3.99.99, which was
generated by GNU Autoconf 2.66.  Invocation command line was

  CONFIG_FILES    = 
  CONFIG_HEADERS  = 
  CONFIG_LINKS    = 
  CONFIG_COMMANDS = 
  $ ./config.status 

on eridu

config.status:1174: creating Makefile
config.status:1174: creating config.h
config.status:1354: config.h is unchanged
config.status:1402: executing depfiles commands
config.status:1402: executing libtool commands

## ---------------- ##
## Cache variables. ##
## ---------------- ##

ac_cv_build=x86_64-unknown-linux-gnu
ac_cv_c_compiler_gnu=yes
ac_cv_c_inline=inline
ac_cv_cxx_compiler_gnu=yes
ac_cv_env_CCC_set=
ac_cv_env_CCC_value=
ac_cv_env_CC_set=
ac_cv_env_CC_value=
ac_cv_env_CFLAGS_set=
ac_cv_env_CFLAGS_value=
ac_cv_env_CPPFLAGS_set=
ac_cv_env_CPPFLAGS_value=
ac_cv_env_CPP_set=
ac_cv_env_CPP_value=
ac_cv_env_CXXCPP_set=
ac_cv_env_CXXCPP_value=
ac_cv_env_CXXFLAGS_set=
ac_cv_env_CXXFLAGS_value=
ac_cv_env_CXX_set=
ac_cv_env_CXX_value=
ac_cv_env_LDFLAGS_set=
ac_cv_env_LDFLAGS_value=
ac_cv_env_LIBS_set=
ac_cv_env_LIBS_value=
ac_cv_env_PKG_CONFIG_LIBDIR_set=
ac_cv_env_PKG_CONFIG_LIBDIR_value=
ac_cv_env_PKG_CONFIG_PATH_set=set
ac_cv_env_PKG_CONFIG_PATH_value=/usr/lib/pkgconfig:/opt/qt/lib/pkgconfig
ac_cv_env_PKG_CONFIG_set=
ac_cv_env_PKG_CONFIG_value=
ac_cv_env_build_alias_set=
ac_cv_env_build_alias_value=
ac_cv_env_host_alias_set=set
ac_cv_env_host_alias_value=i686-w64-mingw32
ac_cv_env_target_alias_set=
ac_cv_env_target_alias_value=
ac_cv_exeext=.exe
ac_cv_func_fork=no
ac_cv_func_fork_works=no
ac_cv_func_malloc_0_nonnull=no
ac_cv_func_memset=yes
ac_cv_func_strchr=yes
ac_cv_func_strstr=yes
ac_cv_func_vfork=no
ac_cv_func_vfork_works=no
ac_cv_header_dlfcn_h=yes
ac_cv_header_inttypes_h=yes
ac_cv_header_limits_h=yes
ac_cv_header_memory_h=yes
ac_cv_header_stdbool_h=yes
ac_cv_header_stdc=yes
ac_cv_header_stdint_h=yes
ac_cv_header_stdlib_h=yes
ac_cv_header_string_h=yes
ac_cv_header_strings_h=yes
ac_cv_header_sys_stat_h=yes
ac_cv_header_sys_types_h=yes
ac_cv_header_unistd_h=yes
ac_cv_header_vfork_h=no
ac_cv_header_wchar_h=yes
ac_cv_host=i686-w64-mingw32
ac_cv_lib_error_at_line=no
ac_cv_objext=o
ac_cv_path_EGREP='/bin/grep -E'
ac_cv_path_FGREP='/bin/grep -F'
ac_cv_path_GREP=/bin/grep
ac_cv_path_SED=/bin/sed
ac_cv_path_ac_pt_PKG_CONFIG=/usr/bin/pkg-config
ac_cv_path_install='/bin/install -c'
ac_cv_path_mkdir=/bin/mkdir
ac_cv_prog_AR=i686-w64-mingw32-ar
ac_cv_prog_AS=i686-w64-mingw32-as
ac_cv_prog_AWK=gawk
ac_cv_prog_CC=i686-w64-mingw32-gcc
ac_cv_prog_CPP='i686-w64-mingw32-gcc -E'
ac_cv_prog_CXX=i686-w64-mingw32-g++
ac_cv_prog_CXXCPP='i686-w64-mingw32-g++ -E'
ac_cv_prog_DLLTOOL=i686-w64-mingw32-dlltool
ac_cv_prog_OBJDUMP=i686-w64-mingw32-objdump
ac_cv_prog_RANLIB=i686-w64-mingw32-ranlib
ac_cv_prog_STRIP=i686-w64-mingw32-strip
ac_cv_prog_cc_c89=
ac_cv_prog_cc_g=yes
ac_cv_prog_cxx_g=yes
ac_cv_prog_make_make_set=yes
ac_cv_type__Bool=yes
ac_cv_type_pid_t=yes
ac_cv_type_size_t=yes
am_cv_CC_dependencies_compiler_type=gcc3
am_cv_CXX_dependencies_compiler_type=gcc3
lt_cv_archive_cmds_need_lc=yes
lt_cv_deplibs_check_method='file_magic ^x86 archive import|^x86 DLL'
lt_cv_file_magic_cmd=func_win32_libid
lt_cv_file_magic_test_file=
lt_cv_ld_reload_flag=-r
lt_cv_nm_interface='BSD nm'
lt_cv_objdir=.libs
lt_cv_path_LD=/home/frank/w32/i686-w64-mingw32/bin/ld
lt_cv_path_LDCXX=/home/frank/w32/i686-w64-mingw32/bin/ld
lt_cv_path_NM='/home/frank/w32/bin/i686-w64-mingw32-nm -B'
lt_cv_prog_compiler_c_o=yes
lt_cv_prog_compiler_c_o_CXX=yes
lt_cv_prog_compiler_pic_works=yes
lt_cv_prog_compiler_pic_works_CXX=yes
lt_cv_prog_compiler_rtti_exceptions=no
lt_cv_prog_compiler_static_works=yes
lt_cv_prog_compiler_static_works_CXX=yes
lt_cv_prog_gnu_ld=yes
lt_cv_prog_gnu_ldcxx=yes
lt_cv_sys_global_symbol_pipe='sed -n -e '\''s/^.*[	 ]\([ABCDGIRSTW][ABCDGIRSTW]*\)[	 ][	 ]*_\([_A-Za-z][_A-Za-z0-9]*\)$/\1 _\2 \2/p'\'''
lt_cv_sys_global_symbol_to_c_name_address='sed -n -e '\''s/^: \([^ ]*\) $/  {\"\1\", (void *) 0},/p'\'' -e '\''s/^[ABCDGIRSTW]* \([^ ]*\) \([^ ]*\)$/  {"\2", (void *) \&\2},/p'\'''
lt_cv_sys_global_symbol_to_c_name_address_lib_prefix='sed -n -e '\''s/^: \([^ ]*\) $/  {\"\1\", (void *) 0},/p'\'' -e '\''s/^[ABCDGIRSTW]* \([^ ]*\) \(lib[^ ]*\)$/  {"\2", (void *) \&\2},/p'\'' -e '\''s/^[ABCDGIRSTW]* \([^ ]*\) \([^ ]*\)$/  {"lib\2", (void *) \&\2},/p'\'''
lt_cv_sys_global_symbol_to_cdecl='sed -n -e '\''s/^T .* \(.*\)$/extern int \1();/p'\'' -e '\''s/^[ABCDGIRSTW]* .* \(.*\)$/extern char \1;/p'\'''
lt_cv_sys_max_cmd_len=1572864

## ----------------- ##
## Output variables. ##
## ----------------- ##

ACLOCAL='${SHELL} /home/frank/eid-mw/edt/diaglib/build-aux/missing --run aclocal-1.11'
AMDEPBACKSLASH='\'
AMDEP_FALSE='#'
AMDEP_TRUE=''
AMTAR='${SHELL} /home/frank/eid-mw/edt/diaglib/build-aux/missing --run tar'
AR='i686-w64-mingw32-ar'
AS='i686-w64-mingw32-as'
AUTOCONF='${SHELL} /home/frank/eid-mw/edt/diaglib/build-aux/missing --run autoconf'
AUTOHEADER='${SHELL} /home/frank/eid-mw/edt/diaglib/build-aux/missing --run autoheader'
AUTOMAKE='${SHELL} /home/frank/eid-mw/edt/diaglib/build-aux/missing --run automake-1.11'
AWK='gawk'
CC='i686-w64-mingw32-gcc'
CCDEPMODE='depmode=gcc3'
CFLAGS='-g -O2'
CPP='i686-w64-mingw32-gcc -E'
CPPFLAGS=''
CXX='i686-w64-mingw32-g++'
CXXCPP='i686-w64-mingw32-g++ -E'
CXXDEPMODE='depmode=gcc3'
CXXFLAGS='-g -O2'
CYGPATH_W='echo'
DEFS='-DHAVE_CONFIG_H'
DEPDIR='.deps'
DLLTOOL='i686-w64-mingw32-dlltool'
DSYMUTIL=''
DUMPBIN=''
ECHO_C=''
ECHO_N='-n'
ECHO_T=''
EGREP='/bin/grep -E'
EXEEXT='.exe'
FGREP='/bin/grep -F'
GREP='/bin/grep'
INSTALL_DATA='${INSTALL} -m 644'
INSTALL_PROGRAM='${INSTALL}'
INSTALL_SCRIPT='${INSTALL}'
INSTALL_STRIP_PROGRAM='$(install_sh) -c -s'
LD='/home/frank/w32/i686-w64-mingw32/bin/ld'
LDFLAGS=''
LIBOBJS=' ${LIBOBJDIR}error$U.o ${LIBOBJDIR}malloc$U.o'
LIBS=''
LIBTOOL='$(SHELL) $(top_builddir)/libtool'
LINUX_FALSE=''
LINUX_TRUE='#'
LIPO=''
LN_S='ln -s'
LTLIBOBJS=' ${LIBOBJDIR}error$U.lo ${LIBOBJDIR}malloc$U.lo'
MAKEINFO='${SHELL} /home/frank/eid-mw/edt/diaglib/build-aux/missing --run makeinfo'
MKDIR_P='/bin/mkdir -p'
NM='/home/frank/w32/bin/i686-w64-mingw32-nm -B'
NMEDIT=''
OBJDUMP='i686-w64-mingw32-objdump'
OBJEXT='o'
OSX_FALSE=''
OSX_TRUE='#'
OTOOL64=''
OTOOL=''
PACKAGE='libdiag'
PACKAGE_BUGREPORT='servicedesk@fedict.be'
PACKAGE_NAME='libdiag'
PACKAGE_STRING='libdiag 3.99.99'
PACKAGE_TARNAME='libdiag'
PACKAGE_URL=''
PACKAGE_VERSION='3.99.99'
PATH_SEPARATOR=':'
PKG_CONFIG='/usr/bin/pkg-config'
PKG_CONFIG_LIBDIR=''
PKG_CONFIG_PATH='/usr/lib/pkgconfig:/opt/qt/lib/pkgconfig'
RANLIB='i686-w64-mingw32-ranlib'
SED='/bin/sed'
SET_MAKE=''
SHELL='/bin/sh'
STRIP='i686-w64-mingw32-strip'
VERSION='3.99.99'
WIN32_FALSE='#'
WIN32_TRUE=''
ac_ct_CC=''
ac_ct_CXX=''
ac_ct_DUMPBIN=''
am__EXEEXT_FALSE='#'
am__EXEEXT_TRUE=''
am__fastdepCC_FALSE='#'
am__fastdepCC_TRUE=''
am__fastdepCXX_FALSE='#'
am__fastdepCXX_TRUE=''
am__include='include'
am__isrc=''
am__leading_dot='.'
am__quote=''
am__tar='${AMTAR} chof - "$$tardir"'
am__untar='${AMTAR} xf -'
bindir='${exec_prefix}/bin'
build='x86_64-unknown-linux-gnu'
build_alias=''
build_cpu='x86_64'
build_os='linux-gnu'
build_vendor='unknown'
datadir='${datarootdir}'
datarootdir='${prefix}/share'
docdir='${datarootdir}/doc/${PACKAGE_TARNAME}'
dvidir='${docdir}'
exec_prefix='${prefix}'
host='i686-w64-mingw32'
host_alias='i686-w64-mingw32'
host_cpu='i686'
host_os='mingw32'
host_vendor='w64'
htmldir='${docdir}'
includedir='${prefix}/include'
infodir='${datarootdir}/info'
install_sh='${SHELL} /home/frank/eid-mw/edt/diaglib/build-aux/install-sh'
libdir='${exec_prefix}/lib'
libexecdir='${exec_prefix}/libexec'
localedir='${datarootdir}/locale'
localstatedir='${prefix}/var'
mandir='${datarootdir}/man'
mkdir_p='/bin/mkdir -p'
oldincludedir='/usr/include'
pdfdir='${docdir}'
prefix='/usr/local'
program_transform_name='s,x,x,'
psdir='${docdir}'
sbindir='${exec_prefix}/sbin'
sharedstatedir='${prefix}/com'
sysconfdir='${prefix}/etc'
target_alias=''

## ----------- ##
## confdefs.h. ##
## ----------- ##

/* confdefs.h */
#define PACKAGE_NAME "libdiag"
#define PACKAGE_TARNAME "libdiag"
#define PACKAGE_VERSION "3.99.99"
#define PACKAGE_STRING "libdiag 3.99.99"
#define PACKAGE_BUGREPORT "servicedesk@fedict.be"
#define PACKAGE_URL ""
#define PACKAGE "libdiag"
#define VERSION "3.99.99"
#define STDC_HEADERS 1
#define HAVE_SYS_TYPES_H 1
#define HAVE_SYS_STAT_H 1
#define HAVE_STDLIB_H 1
#define HAVE_STRING_H 1
#define HAVE_MEMORY_H 1
#define HAVE_STRINGS_H 1
#define HAVE_INTTYPES_H 1
#define HAVE_STDINT_H 1
#define HAVE_UNISTD_H 1
#define HAVE_DLFCN_H 1
#define LT_OBJDIR ".libs/"
#define HAVE_LIMITS_H 1
#define HAVE_STDLIB_H 1
#define HAVE_STRING_H 1
#define HAVE_WCHAR_H 1
#define HAVE__BOOL 1
#define HAVE_STDBOOL_H 1
#define vfork fork
#define HAVE_STDLIB_H 1
#define HAVE_MALLOC 0
#define malloc rpl_malloc
#define HAVE_MEMSET 1
#define HAVE_STRCHR 1
#define HAVE_STRSTR 1

configure: exit 0

## ---------------------- ##
## Running config.status. ##
## ---------------------- ##

This file was extended by libdiag config.status 3.99.99, which was
generated by GNU Autoconf 2.66.  Invocation command line was

  CONFIG_FILES    = 
  CONFIG_HEADERS  = 
  CONFIG_LINKS    = 
  CONFIG_COMMANDS = 
  $ ./config.status Makefile depfiles

on eridu

config.status:1174: creating Makefile
config.status:1402: executing depfiles commands
