This file contains any messages produced by compilers while
running configure, to aid debugging if configure makes a mistake.

It was created by eid-mw configure 0.0.1, which was
generated by GNU Autoconf 2.65.  Invocation command line was

  $ ./configure --prefix= --host=i686-w64-mingw32 --with-qt=/data/fedict/Qt/qt/ host_alias=i686-w64-mingw32 --no-create --no-recursion

## --------- ##
## Platform. ##
## --------- ##

hostname = eridu
uname -m = x86_64
uname -r = 2.6.33-ARCH
uname -s = Linux
uname -v = #1 SMP PREEMPT Sun Apr 4 10:27:30 CEST 2010

/usr/bin/uname -p = unknown
/bin/uname -X     = unknown

/bin/arch              = x86_64
/usr/bin/arch -k       = unknown
/usr/convex/getsysinfo = unknown
/usr/bin/hostinfo      = unknown
/bin/machine           = unknown
/usr/bin/oslevel       = unknown
/bin/universe          = unknown

PATH: /home/frank/w32/bin
PATH: /home/frank/w64/bin
PATH: /bin
PATH: /usr/bin
PATH: /sbin
PATH: /usr/sbin
PATH: /usr/bin/perlbin/site
PATH: /usr/bin/perlbin/vendor
PATH: /usr/bin/perlbin/core
PATH: /opt/qt/bin


## ----------- ##
## Core tests. ##
## ----------- ##

configure:2446: checking build system type
configure:2460: result: x86_64-unknown-linux-gnu
configure:2480: checking host system type
configure:2493: result: i686-w64-mingw32
configure:2560: checking how to print strings
configure:2587: result: printf
configure:2616: checking for i686-w64-mingw32-gcc
configure:2632: found /home/frank/w32/bin/i686-w64-mingw32-gcc
configure:2643: result: i686-w64-mingw32-gcc
configure:2912: checking for C compiler version
configure:2921: i686-w64-mingw32-gcc --version >&5
i686-w64-mingw32-gcc (GCC) 4.6.0 20100529 (experimental)
Copyright (C) 2010 Free Software Foundation, Inc.
This is free software; see the source for copying conditions.  There is NO
warranty; not even for MERCHANTABILITY or FITNESS FOR A PARTICULAR PURPOSE.

configure:2932: $? = 0
configure:2921: i686-w64-mingw32-gcc -v >&5
Using built-in specs.
COLLECT_GCC=i686-w64-mingw32-gcc
COLLECT_LTO_WRAPPER=/home/frank/w32/bin/../libexec/gcc/i686-w64-mingw32/4.6.0/lto-wrapper
Target: i686-w64-mingw32
Configured with: ../../../build/gcc/gcc/configure --target=i686-w64-mingw32 --prefix=/buildbot/mingw-w64/linux-x86_64-x86/build/build/root --with-sysroot=/buildbot/mingw-w64/linux-x86_64-x86/build/build/root --with-gmp=/buildbot/mingw-w64/linux-x86_64-x86/build/build/gmp/install --with-mpfr=/buildbot/mingw-w64/linux-x86_64-x86/build/build/mpfr/install --with-mpc=/buildbot/mingw-w64/linux-x86_64-x86/build/build/mpc/install --enable-languages=all,obj-c++ --enable-fully-dynamic-string --disable-multilib
Thread model: win32
gcc version 4.6.0 20100529 (experimental) (GCC) 
configure:2932: $? = 0
configure:2921: i686-w64-mingw32-gcc -V >&5
i686-w64-mingw32-gcc: error: unrecognized option '-V'
i686-w64-mingw32-gcc: fatal error: no input files
compilation terminated.
configure:2932: $? = 1
configure:2921: i686-w64-mingw32-gcc -qversion >&5
i686-w64-mingw32-gcc: error: unrecognized option '-qversion'
i686-w64-mingw32-gcc: fatal error: no input files
compilation terminated.
configure:2932: $? = 1
configure:2952: checking whether the C compiler works
configure:2974: i686-w64-mingw32-gcc    conftest.c  >&5
configure:2978: $? = 0
configure:3027: result: yes
configure:3030: checking for C compiler default output file name
configure:3032: result: a.exe
configure:3038: checking for suffix of executables
configure:3045: i686-w64-mingw32-gcc -o conftest.exe    conftest.c  >&5
configure:3049: $? = 0
configure:3071: result: .exe
configure:3093: checking whether we are cross compiling
configure:3101: i686-w64-mingw32-gcc -o conftest.exe    conftest.c  >&5
configure:3105: $? = 0
configure:3112: ./conftest.exe
./configure: line 3114: ./conftest.exe: cannot execute binary file
configure:3116: $? = 126
configure:3131: result: yes
configure:3136: checking for suffix of object files
configure:3158: i686-w64-mingw32-gcc -c   conftest.c >&5
configure:3162: $? = 0
configure:3183: result: o
configure:3187: checking whether we are using the GNU C compiler
configure:3206: i686-w64-mingw32-gcc -c   conftest.c >&5
configure:3206: $? = 0
configure:3215: result: yes
configure:3224: checking whether i686-w64-mingw32-gcc accepts -g
configure:3244: i686-w64-mingw32-gcc -c -g  conftest.c >&5
configure:3244: $? = 0
configure:3285: result: yes
configure:3302: checking for i686-w64-mingw32-gcc option to accept ISO C89
configure:3366: i686-w64-mingw32-gcc  -c -g -O2  conftest.c >&5
configure:3366: $? = 0
configure:3379: result: none needed
configure:3399: checking for a sed that does not truncate output
configure:3463: result: /bin/sed
configure:3481: checking for grep that handles long lines and -e
configure:3539: result: /bin/grep
configure:3544: checking for egrep
configure:3606: result: /bin/grep -E
configure:3611: checking for fgrep
configure:3673: result: /bin/grep -F
configure:3708: checking for ld used by i686-w64-mingw32-gcc
configure:3775: result: /home/frank/w32/i686-w64-mingw32/bin/ld
configure:3782: checking if the linker (/home/frank/w32/i686-w64-mingw32/bin/ld) is GNU ld
configure:3797: result: yes
configure:3809: checking for BSD- or MS-compatible name lister (nm)
configure:3858: result: /home/frank/w32/bin/i686-w64-mingw32-nm -B
configure:3988: checking the name lister (/home/frank/w32/bin/i686-w64-mingw32-nm -B) interface
configure:3995: i686-w64-mingw32-gcc -c -g -O2  conftest.c >&5
configure:3998: /home/frank/w32/bin/i686-w64-mingw32-nm -B "conftest.o"
configure:4001: output
00000000 b .bss
00000000 d .data
00000000 N .debug_abbrev
00000000 N .debug_info
00000000 N .debug_line
00000000 N .debug_pubnames
00000000 t .text
00000000 B _some_variable
configure:4008: result: BSD nm
configure:4011: checking whether ln -s works
configure:4015: result: yes
configure:4023: checking the maximum length of command line arguments
configure:4148: result: 3458764513820540925
configure:4165: checking whether the shell understands some XSI constructs
configure:4175: result: yes
configure:4179: checking whether the shell understands "+="
configure:4185: result: yes
configure:4220: checking for /home/frank/w32/i686-w64-mingw32/bin/ld option to reload object files
configure:4227: result: -r
configure:4256: checking for i686-w64-mingw32-objdump
configure:4272: found /home/frank/w32/bin/i686-w64-mingw32-objdump
configure:4283: result: i686-w64-mingw32-objdump
configure:4355: checking how to recognize dependent libraries
configure:4557: result: file_magic ^x86 archive import|^x86 DLL
configure:4577: checking for i686-w64-mingw32-ar
configure:4593: found /home/frank/w32/bin/i686-w64-mingw32-ar
configure:4604: result: i686-w64-mingw32-ar
configure:4682: checking for i686-w64-mingw32-strip
configure:4698: found /home/frank/w32/bin/i686-w64-mingw32-strip
configure:4709: result: i686-w64-mingw32-strip
configure:4781: checking for i686-w64-mingw32-ranlib
configure:4797: found /home/frank/w32/bin/i686-w64-mingw32-ranlib
configure:4808: result: i686-w64-mingw32-ranlib
configure:4925: checking for gawk
configure:4941: found /bin/gawk
configure:4952: result: gawk
configure:4992: checking command to parse /home/frank/w32/bin/i686-w64-mingw32-nm -B output from i686-w64-mingw32-gcc object
configure:5110: i686-w64-mingw32-gcc -c -g -O2  conftest.c >&5
configure:5113: $? = 0
configure:5117: /home/frank/w32/bin/i686-w64-mingw32-nm -B conftest.o \| sed -n -e 's/^.*[ ]\([ABCDGIRSTW][ABCDGIRSTW]*\)[ ][ ]*\([_A-Za-z][_A-Za-z0-9]*\)$/\1 \2 \2/p' \> conftest.nm
configure:5120: $? = 0
cannot find nm_test_var in conftest.nm
configure:5110: i686-w64-mingw32-gcc -c -g -O2  conftest.c >&5
configure:5113: $? = 0
configure:5117: /home/frank/w32/bin/i686-w64-mingw32-nm -B conftest.o \| sed -n -e 's/^.*[ ]\([ABCDGIRSTW][ABCDGIRSTW]*\)[ ][ ]*_\([_A-Za-z][_A-Za-z0-9]*\)$/\1 _\2 \2/p' \> conftest.nm
configure:5120: $? = 0
configure:5174: i686-w64-mingw32-gcc -o conftest.exe -g -O2   conftest.c conftstm.o >&5
configure:5177: $? = 0
configure:5215: result: ok
configure:6056: checking how to run the C preprocessor
configure:6087: i686-w64-mingw32-gcc -E  conftest.c
configure:6087: $? = 0
configure:6101: i686-w64-mingw32-gcc -E  conftest.c
conftest.c:9:28: fatal error: ac_nonexistent.h: No such file or directory
compilation terminated.
configure:6101: $? = 1
configure: failed program was:
| /* confdefs.h */
| #define PACKAGE_NAME "eid-mw"
| #define PACKAGE_TARNAME "eid-mw"
| #define PACKAGE_VERSION "0.0.1"
| #define PACKAGE_STRING "eid-mw 0.0.1"
| #define PACKAGE_BUGREPORT "servicedesk@fedict.be"
| #define PACKAGE_URL ""
| /* end confdefs.h.  */
| #include <ac_nonexistent.h>
configure:6126: result: i686-w64-mingw32-gcc -E
configure:6146: i686-w64-mingw32-gcc -E  conftest.c
configure:6146: $? = 0
configure:6160: i686-w64-mingw32-gcc -E  conftest.c
conftest.c:9:28: fatal error: ac_nonexistent.h: No such file or directory
compilation terminated.
configure:6160: $? = 1
configure: failed program was:
| /* confdefs.h */
| #define PACKAGE_NAME "eid-mw"
| #define PACKAGE_TARNAME "eid-mw"
| #define PACKAGE_VERSION "0.0.1"
| #define PACKAGE_STRING "eid-mw 0.0.1"
| #define PACKAGE_BUGREPORT "servicedesk@fedict.be"
| #define PACKAGE_URL ""
| /* end confdefs.h.  */
| #include <ac_nonexistent.h>
configure:6189: checking for ANSI C header files
configure:6209: i686-w64-mingw32-gcc -c -g -O2  conftest.c >&5
configure:6209: $? = 0
configure:6293: result: yes
configure:6306: checking for sys/types.h
configure:6306: i686-w64-mingw32-gcc -c -g -O2  conftest.c >&5
configure:6306: $? = 0
configure:6306: result: yes
configure:6306: checking for sys/stat.h
configure:6306: i686-w64-mingw32-gcc -c -g -O2  conftest.c >&5
configure:6306: $? = 0
configure:6306: result: yes
configure:6306: checking for stdlib.h
configure:6306: i686-w64-mingw32-gcc -c -g -O2  conftest.c >&5
configure:6306: $? = 0
configure:6306: result: yes
configure:6306: checking for string.h
configure:6306: i686-w64-mingw32-gcc -c -g -O2  conftest.c >&5
configure:6306: $? = 0
configure:6306: result: yes
configure:6306: checking for memory.h
configure:6306: i686-w64-mingw32-gcc -c -g -O2  conftest.c >&5
configure:6306: $? = 0
configure:6306: result: yes
configure:6306: checking for strings.h
configure:6306: i686-w64-mingw32-gcc -c -g -O2  conftest.c >&5
configure:6306: $? = 0
configure:6306: result: yes
configure:6306: checking for inttypes.h
configure:6306: i686-w64-mingw32-gcc -c -g -O2  conftest.c >&5
configure:6306: $? = 0
configure:6306: result: yes
configure:6306: checking for stdint.h
configure:6306: i686-w64-mingw32-gcc -c -g -O2  conftest.c >&5
configure:6306: $? = 0
configure:6306: result: yes
configure:6306: checking for unistd.h
configure:6306: i686-w64-mingw32-gcc -c -g -O2  conftest.c >&5
configure:6306: $? = 0
configure:6306: result: yes
configure:6321: checking for dlfcn.h
configure:6321: i686-w64-mingw32-gcc -c -g -O2  conftest.c >&5
configure:6321: $? = 0
configure:6321: result: yes
configure:6508: checking for objdir
configure:6523: result: .libs
configure:6794: checking if i686-w64-mingw32-gcc supports -fno-rtti -fno-exceptions
configure:6812: i686-w64-mingw32-gcc -c -g -O2  -fno-rtti -fno-exceptions conftest.c >&5
cc1: warning: command line option "-fno-rtti" is valid for C++/ObjC++ but not for C [enabled by default]
configure:6816: $? = 0
configure:6829: result: no
configure:6849: checking for i686-w64-mingw32-gcc option to produce PIC
configure:7134: result: -DDLL_EXPORT -DPIC
configure:7146: checking if i686-w64-mingw32-gcc PIC flag -DDLL_EXPORT -DPIC works
configure:7164: i686-w64-mingw32-gcc -c -g -O2  -DDLL_EXPORT -DPIC -DPIC conftest.c >&5
configure:7168: $? = 0
configure:7181: result: yes
configure:7205: checking if i686-w64-mingw32-gcc static flag -static works
configure:7233: result: yes
configure:7248: checking if i686-w64-mingw32-gcc supports -c -o file.o
configure:7269: i686-w64-mingw32-gcc -c -g -O2  -o out/conftest2.o conftest.c >&5
configure:7273: $? = 0
configure:7295: result: yes
configure:7303: checking if i686-w64-mingw32-gcc supports -c -o file.o
configure:7350: result: yes
configure:7383: checking whether the i686-w64-mingw32-gcc linker (/home/frank/w32/i686-w64-mingw32/bin/ld) supports shared libraries
configure:8458: result: yes
configure:8495: checking whether -lc should be explicitly linked in
configure:8503: i686-w64-mingw32-gcc -c -g -O2  conftest.c >&5
configure:8506: $? = 0
configure:8521: i686-w64-mingw32-gcc -shared conftest.o  -v -o ./conftest -Wl,--enable-auto-image-base -Xlinker --out-implib -Xlinker conftest 2\>\&1 \| /bin/grep  -lc  \>/dev/null 2\>\&1
configure:8524: $? = 1
configure:8538: result: yes
configure:8703: checking dynamic linker characteristics
configure:9380: result: Win32 ld.exe
configure:9487: checking how to hardcode library paths into programs
configure:9512: result: immediate
configure:10052: checking whether stripping libraries is possible
configure:10057: result: yes
configure:10092: checking if libtool supports shared libraries
configure:10094: result: yes
configure:10097: checking whether to build shared libraries
configure:10118: result: yes
configure:10121: checking whether to build static libraries
configure:10125: result: yes
configure:10178: checking for a BSD-compatible install
configure:10246: result: /bin/install -c
configure:10257: checking whether build environment is sane
configure:10307: result: yes
configure:10356: checking for i686-w64-mingw32-strip
configure:10383: result: i686-w64-mingw32-strip
configure:10448: checking for a thread-safe mkdir -p
configure:10487: result: /bin/mkdir -p
configure:10496: checking whether make sets $(MAKE)
configure:10518: result: yes
configure:10548: checking for style of include used by make
configure:10576: result: GNU
configure:10661: checking dependency style of i686-w64-mingw32-gcc
configure:10771: result: none
configure:10803: checking for i686-w64-mingw32-g++
configure:10819: found /home/frank/w32/bin/i686-w64-mingw32-g++
configure:10830: result: i686-w64-mingw32-g++
configure:10901: checking for C++ compiler version
configure:10910: i686-w64-mingw32-g++ --version >&5
i686-w64-mingw32-g++ (GCC) 4.6.0 20100529 (experimental)
Copyright (C) 2010 Free Software Foundation, Inc.
This is free software; see the source for copying conditions.  There is NO
warranty; not even for MERCHANTABILITY or FITNESS FOR A PARTICULAR PURPOSE.

configure:10921: $? = 0
configure:10910: i686-w64-mingw32-g++ -v >&5
Using built-in specs.
COLLECT_GCC=i686-w64-mingw32-g++
COLLECT_LTO_WRAPPER=/home/frank/w32/bin/../libexec/gcc/i686-w64-mingw32/4.6.0/lto-wrapper
Target: i686-w64-mingw32
Configured with: ../../../build/gcc/gcc/configure --target=i686-w64-mingw32 --prefix=/buildbot/mingw-w64/linux-x86_64-x86/build/build/root --with-sysroot=/buildbot/mingw-w64/linux-x86_64-x86/build/build/root --with-gmp=/buildbot/mingw-w64/linux-x86_64-x86/build/build/gmp/install --with-mpfr=/buildbot/mingw-w64/linux-x86_64-x86/build/build/mpfr/install --with-mpc=/buildbot/mingw-w64/linux-x86_64-x86/build/build/mpc/install --enable-languages=all,obj-c++ --enable-fully-dynamic-string --disable-multilib
Thread model: win32
gcc version 4.6.0 20100529 (experimental) (GCC) 
configure:10921: $? = 0
configure:10910: i686-w64-mingw32-g++ -V >&5
i686-w64-mingw32-g++: fatal error: argument to '-V' missing

compilation terminated.
configure:10921: $? = 1
configure:10910: i686-w64-mingw32-g++ -qversion >&5
i686-w64-mingw32-g++: error: unrecognized option '-qversion'
i686-w64-mingw32-g++: fatal error: no input files
compilation terminated.
configure:10921: $? = 1
configure:10925: checking whether we are using the GNU C++ compiler
configure:10944: i686-w64-mingw32-g++ -c   conftest.cpp >&5
configure:10944: $? = 0
configure:10953: result: yes
configure:10962: checking whether i686-w64-mingw32-g++ accepts -g
configure:10982: i686-w64-mingw32-g++ -c -g  conftest.cpp >&5
configure:10982: $? = 0
configure:11023: result: yes
configure:11054: checking how to run the C++ preprocessor
configure:11081: i686-w64-mingw32-g++ -E  conftest.cpp
configure:11081: $? = 0
configure:11095: i686-w64-mingw32-g++ -E  conftest.cpp
conftest.cpp:23:28: fatal error: ac_nonexistent.h: No such file or directory
compilation terminated.
configure:11095: $? = 1
configure: failed program was:
| /* confdefs.h */
| #define PACKAGE_NAME "eid-mw"
| #define PACKAGE_TARNAME "eid-mw"
| #define PACKAGE_VERSION "0.0.1"
| #define PACKAGE_STRING "eid-mw 0.0.1"
| #define PACKAGE_BUGREPORT "servicedesk@fedict.be"
| #define PACKAGE_URL ""
| #define STDC_HEADERS 1
| #define HAVE_SYS_TYPES_H 1
| #define HAVE_SYS_STAT_H 1
| #define HAVE_STDLIB_H 1
| #define HAVE_STRING_H 1
| #define HAVE_MEMORY_H 1
| #define HAVE_STRINGS_H 1
| #define HAVE_INTTYPES_H 1
| #define HAVE_STDINT_H 1
| #define HAVE_UNISTD_H 1
| #define HAVE_DLFCN_H 1
| #define LT_OBJDIR ".libs/"
| #define PACKAGE "eid-mw"
| #define VERSION "0.0.1"
| /* end confdefs.h.  */
| #include <ac_nonexistent.h>
configure:11120: result: i686-w64-mingw32-g++ -E
configure:11140: i686-w64-mingw32-g++ -E  conftest.cpp
configure:11140: $? = 0
configure:11154: i686-w64-mingw32-g++ -E  conftest.cpp
conftest.cpp:23:28: fatal error: ac_nonexistent.h: No such file or directory
compilation terminated.
configure:11154: $? = 1
configure: failed program was:
| /* confdefs.h */
| #define PACKAGE_NAME "eid-mw"
| #define PACKAGE_TARNAME "eid-mw"
| #define PACKAGE_VERSION "0.0.1"
| #define PACKAGE_STRING "eid-mw 0.0.1"
| #define PACKAGE_BUGREPORT "servicedesk@fedict.be"
| #define PACKAGE_URL ""
| #define STDC_HEADERS 1
| #define HAVE_SYS_TYPES_H 1
| #define HAVE_SYS_STAT_H 1
| #define HAVE_STDLIB_H 1
| #define HAVE_STRING_H 1
| #define HAVE_MEMORY_H 1
| #define HAVE_STRINGS_H 1
| #define HAVE_INTTYPES_H 1
| #define HAVE_STDINT_H 1
| #define HAVE_UNISTD_H 1
| #define HAVE_DLFCN_H 1
| #define LT_OBJDIR ".libs/"
| #define PACKAGE "eid-mw"
| #define VERSION "0.0.1"
| /* end confdefs.h.  */
| #include <ac_nonexistent.h>
configure:11322: checking for ld used by i686-w64-mingw32-g++
configure:11389: result: /home/frank/w32/i686-w64-mingw32/bin/ld
configure:11396: checking if the linker (/home/frank/w32/i686-w64-mingw32/bin/ld) is GNU ld
configure:11411: result: yes
configure:11466: checking whether the i686-w64-mingw32-g++ linker (/home/frank/w32/i686-w64-mingw32/bin/ld) supports shared libraries
configure:12398: result: yes
configure:12426: i686-w64-mingw32-g++ -c -g -O2  conftest.cpp >&5
configure:12429: $? = 0
configure:12611: checking for i686-w64-mingw32-g++ option to produce PIC
configure:12933: result: -DDLL_EXPORT -DPIC
configure:12942: checking if i686-w64-mingw32-g++ PIC flag -DDLL_EXPORT -DPIC works
configure:12960: i686-w64-mingw32-g++ -c -g -O2  -DDLL_EXPORT -DPIC -DPIC conftest.cpp >&5
configure:12964: $? = 0
configure:12977: result: yes
configure:12998: checking if i686-w64-mingw32-g++ static flag -static works
configure:13026: result: yes
configure:13038: checking if i686-w64-mingw32-g++ supports -c -o file.o
configure:13059: i686-w64-mingw32-g++ -c -g -O2  -o out/conftest2.o conftest.cpp >&5
configure:13063: $? = 0
configure:13085: result: yes
configure:13090: checking if i686-w64-mingw32-g++ supports -c -o file.o
configure:13137: result: yes
configure:13167: checking whether the i686-w64-mingw32-g++ linker (/home/frank/w32/i686-w64-mingw32/bin/ld) supports shared libraries
configure:13195: result: yes
configure:13338: checking dynamic linker characteristics
configure:13949: result: Win32 ld.exe
configure:14002: checking how to hardcode library paths into programs
configure:14027: result: immediate
configure:14068: checking dependency style of i686-w64-mingw32-g++
configure:14178: result: none
configure:14201: checking for i686-w64-mingw32-gcc
configure:14228: result: i686-w64-mingw32-gcc
configure:14497: checking for C compiler version
configure:14506: i686-w64-mingw32-gcc --version >&5
i686-w64-mingw32-gcc (GCC) 4.6.0 20100529 (experimental)
Copyright (C) 2010 Free Software Foundation, Inc.
This is free software; see the source for copying conditions.  There is NO
warranty; not even for MERCHANTABILITY or FITNESS FOR A PARTICULAR PURPOSE.

configure:14517: $? = 0
configure:14506: i686-w64-mingw32-gcc -v >&5
Using built-in specs.
COLLECT_GCC=i686-w64-mingw32-gcc
COLLECT_LTO_WRAPPER=/home/frank/w32/bin/../libexec/gcc/i686-w64-mingw32/4.6.0/lto-wrapper
Target: i686-w64-mingw32
Configured with: ../../../build/gcc/gcc/configure --target=i686-w64-mingw32 --prefix=/buildbot/mingw-w64/linux-x86_64-x86/build/build/root --with-sysroot=/buildbot/mingw-w64/linux-x86_64-x86/build/build/root --with-gmp=/buildbot/mingw-w64/linux-x86_64-x86/build/build/gmp/install --with-mpfr=/buildbot/mingw-w64/linux-x86_64-x86/build/build/mpfr/install --with-mpc=/buildbot/mingw-w64/linux-x86_64-x86/build/build/mpc/install --enable-languages=all,obj-c++ --enable-fully-dynamic-string --disable-multilib
Thread model: win32
gcc version 4.6.0 20100529 (experimental) (GCC) 
configure:14517: $? = 0
configure:14506: i686-w64-mingw32-gcc -V >&5
i686-w64-mingw32-gcc: error: unrecognized option '-V'
i686-w64-mingw32-gcc: fatal error: no input files
compilation terminated.
configure:14517: $? = 1
configure:14506: i686-w64-mingw32-gcc -qversion >&5
i686-w64-mingw32-gcc: error: unrecognized option '-qversion'
i686-w64-mingw32-gcc: fatal error: no input files
compilation terminated.
configure:14517: $? = 1
configure:14521: checking whether we are using the GNU C compiler
configure:14549: result: yes
configure:14558: checking whether i686-w64-mingw32-gcc accepts -g
configure:14619: result: yes
configure:14636: checking for i686-w64-mingw32-gcc option to accept ISO C89
configure:14713: result: none needed
configure:14739: checking how to run the C preprocessor
configure:14809: result: i686-w64-mingw32-gcc -E
configure:14829: i686-w64-mingw32-gcc -E  conftest.c
configure:14829: $? = 0
configure:14843: i686-w64-mingw32-gcc -E  conftest.c
conftest.c:23:28: fatal error: ac_nonexistent.h: No such file or directory
compilation terminated.
configure:14843: $? = 1
configure: failed program was:
| /* confdefs.h */
| #define PACKAGE_NAME "eid-mw"
| #define PACKAGE_TARNAME "eid-mw"
| #define PACKAGE_VERSION "0.0.1"
| #define PACKAGE_STRING "eid-mw 0.0.1"
| #define PACKAGE_BUGREPORT "servicedesk@fedict.be"
| #define PACKAGE_URL ""
| #define STDC_HEADERS 1
| #define HAVE_SYS_TYPES_H 1
| #define HAVE_SYS_STAT_H 1
| #define HAVE_STDLIB_H 1
| #define HAVE_STRING_H 1
| #define HAVE_MEMORY_H 1
| #define HAVE_STRINGS_H 1
| #define HAVE_INTTYPES_H 1
| #define HAVE_STDINT_H 1
| #define HAVE_UNISTD_H 1
| #define HAVE_DLFCN_H 1
| #define LT_OBJDIR ".libs/"
| #define PACKAGE "eid-mw"
| #define VERSION "0.0.1"
| /* end confdefs.h.  */
| #include <ac_nonexistent.h>
configure:14872: checking whether ln -s works
configure:14876: result: yes
configure:14886: checking for main in -lbeidcardlayer
configure:14905: i686-w64-mingw32-gcc -o conftest.exe -g -O2   conftest.c -lbeidcardlayer   >&5
/home/frank/w32/bin/../lib/gcc/i686-w64-mingw32/4.6.0/../../../../i686-w64-mingw32/bin/ld: cannot find -lbeidcardlayer
collect2: ld returned 1 exit status
configure:14905: $? = 1
configure: failed program was:
| /* confdefs.h */
| #define PACKAGE_NAME "eid-mw"
| #define PACKAGE_TARNAME "eid-mw"
| #define PACKAGE_VERSION "0.0.1"
| #define PACKAGE_STRING "eid-mw 0.0.1"
| #define PACKAGE_BUGREPORT "servicedesk@fedict.be"
| #define PACKAGE_URL ""
| #define STDC_HEADERS 1
| #define HAVE_SYS_TYPES_H 1
| #define HAVE_SYS_STAT_H 1
| #define HAVE_STDLIB_H 1
| #define HAVE_STRING_H 1
| #define HAVE_MEMORY_H 1
| #define HAVE_STRINGS_H 1
| #define HAVE_INTTYPES_H 1
| #define HAVE_STDINT_H 1
| #define HAVE_UNISTD_H 1
| #define HAVE_DLFCN_H 1
| #define LT_OBJDIR ".libs/"
| #define PACKAGE "eid-mw"
| #define VERSION "0.0.1"
| /* end confdefs.h.  */
| 
| 
| int
| main ()
| {
| return main ();
|   ;
|   return 0;
| }
configure:14914: result: no
configure:14926: checking for main in -lbeidcommon
configure:14945: i686-w64-mingw32-gcc -o conftest.exe -g -O2   conftest.c -lbeidcommon   >&5
/home/frank/w32/bin/../lib/gcc/i686-w64-mingw32/4.6.0/../../../../i686-w64-mingw32/bin/ld: cannot find -lbeidcommon
collect2: ld returned 1 exit status
configure:14945: $? = 1
configure: failed program was:
| /* confdefs.h */
| #define PACKAGE_NAME "eid-mw"
| #define PACKAGE_TARNAME "eid-mw"
| #define PACKAGE_VERSION "0.0.1"
| #define PACKAGE_STRING "eid-mw 0.0.1"
| #define PACKAGE_BUGREPORT "servicedesk@fedict.be"
| #define PACKAGE_URL ""
| #define STDC_HEADERS 1
| #define HAVE_SYS_TYPES_H 1
| #define HAVE_SYS_STAT_H 1
| #define HAVE_STDLIB_H 1
| #define HAVE_STRING_H 1
| #define HAVE_MEMORY_H 1
| #define HAVE_STRINGS_H 1
| #define HAVE_INTTYPES_H 1
| #define HAVE_STDINT_H 1
| #define HAVE_UNISTD_H 1
| #define HAVE_DLFCN_H 1
| #define LT_OBJDIR ".libs/"
| #define PACKAGE "eid-mw"
| #define VERSION "0.0.1"
| /* end confdefs.h.  */
| 
| 
| int
| main ()
| {
| return main ();
|   ;
|   return 0;
| }
configure:14954: result: no
configure:14966: checking for main in -lbeidlib
configure:14985: i686-w64-mingw32-gcc -o conftest.exe -g -O2   conftest.c -lbeidlib   >&5
/home/frank/w32/bin/../lib/gcc/i686-w64-mingw32/4.6.0/../../../../i686-w64-mingw32/bin/ld: cannot find -lbeidlib
collect2: ld returned 1 exit status
configure:14985: $? = 1
configure: failed program was:
| /* confdefs.h */
| #define PACKAGE_NAME "eid-mw"
| #define PACKAGE_TARNAME "eid-mw"
| #define PACKAGE_VERSION "0.0.1"
| #define PACKAGE_STRING "eid-mw 0.0.1"
| #define PACKAGE_BUGREPORT "servicedesk@fedict.be"
| #define PACKAGE_URL ""
| #define STDC_HEADERS 1
| #define HAVE_SYS_TYPES_H 1
| #define HAVE_SYS_STAT_H 1
| #define HAVE_STDLIB_H 1
| #define HAVE_STRING_H 1
| #define HAVE_MEMORY_H 1
| #define HAVE_STRINGS_H 1
| #define HAVE_INTTYPES_H 1
| #define HAVE_STDINT_H 1
| #define HAVE_UNISTD_H 1
| #define HAVE_DLFCN_H 1
| #define LT_OBJDIR ".libs/"
| #define PACKAGE "eid-mw"
| #define VERSION "0.0.1"
| /* end confdefs.h.  */
| 
| 
| int
| main ()
| {
| return main ();
|   ;
|   return 0;
| }
configure:14994: result: no
configure:15006: checking for main in -lbeidlibC
configure:15025: i686-w64-mingw32-gcc -o conftest.exe -g -O2   conftest.c -lbeidlibC   >&5
/home/frank/w32/bin/../lib/gcc/i686-w64-mingw32/4.6.0/../../../../i686-w64-mingw32/bin/ld: cannot find -lbeidlibC
collect2: ld returned 1 exit status
configure:15025: $? = 1
configure: failed program was:
| /* confdefs.h */
| #define PACKAGE_NAME "eid-mw"
| #define PACKAGE_TARNAME "eid-mw"
| #define PACKAGE_VERSION "0.0.1"
| #define PACKAGE_STRING "eid-mw 0.0.1"
| #define PACKAGE_BUGREPORT "servicedesk@fedict.be"
| #define PACKAGE_URL ""
| #define STDC_HEADERS 1
| #define HAVE_SYS_TYPES_H 1
| #define HAVE_SYS_STAT_H 1
| #define HAVE_STDLIB_H 1
| #define HAVE_STRING_H 1
| #define HAVE_MEMORY_H 1
| #define HAVE_STRINGS_H 1
| #define HAVE_INTTYPES_H 1
| #define HAVE_STDINT_H 1
| #define HAVE_UNISTD_H 1
| #define HAVE_DLFCN_H 1
| #define LT_OBJDIR ".libs/"
| #define PACKAGE "eid-mw"
| #define VERSION "0.0.1"
| /* end confdefs.h.  */
| 
| 
| int
| main ()
| {
| return main ();
|   ;
|   return 0;
| }
configure:15034: result: no
configure:15046: checking for main in -ldl
configure:15065: i686-w64-mingw32-gcc -o conftest.exe -g -O2   conftest.c -ldl   >&5
/home/frank/w32/bin/../lib/gcc/i686-w64-mingw32/4.6.0/../../../../i686-w64-mingw32/bin/ld: cannot find -ldl
collect2: ld returned 1 exit status
configure:15065: $? = 1
configure: failed program was:
| /* confdefs.h */
| #define PACKAGE_NAME "eid-mw"
| #define PACKAGE_TARNAME "eid-mw"
| #define PACKAGE_VERSION "0.0.1"
| #define PACKAGE_STRING "eid-mw 0.0.1"
| #define PACKAGE_BUGREPORT "servicedesk@fedict.be"
| #define PACKAGE_URL ""
| #define STDC_HEADERS 1
| #define HAVE_SYS_TYPES_H 1
| #define HAVE_SYS_STAT_H 1
| #define HAVE_STDLIB_H 1
| #define HAVE_STRING_H 1
| #define HAVE_MEMORY_H 1
| #define HAVE_STRINGS_H 1
| #define HAVE_INTTYPES_H 1
| #define HAVE_STDINT_H 1
| #define HAVE_UNISTD_H 1
| #define HAVE_DLFCN_H 1
| #define LT_OBJDIR ".libs/"
| #define PACKAGE "eid-mw"
| #define VERSION "0.0.1"
| /* end confdefs.h.  */
| 
| 
| int
| main ()
| {
| return main ();
|   ;
|   return 0;
| }
configure:15074: result: no
configure:15086: checking for main in -lpcsclite
configure:15105: i686-w64-mingw32-gcc -o conftest.exe -g -O2   conftest.c -lpcsclite   >&5
/home/frank/w32/bin/../lib/gcc/i686-w64-mingw32/4.6.0/../../../../i686-w64-mingw32/bin/ld: cannot find -lpcsclite
collect2: ld returned 1 exit status
configure:15105: $? = 1
configure: failed program was:
| /* confdefs.h */
| #define PACKAGE_NAME "eid-mw"
| #define PACKAGE_TARNAME "eid-mw"
| #define PACKAGE_VERSION "0.0.1"
| #define PACKAGE_STRING "eid-mw 0.0.1"
| #define PACKAGE_BUGREPORT "servicedesk@fedict.be"
| #define PACKAGE_URL ""
| #define STDC_HEADERS 1
| #define HAVE_SYS_TYPES_H 1
| #define HAVE_SYS_STAT_H 1
| #define HAVE_STDLIB_H 1
| #define HAVE_STRING_H 1
| #define HAVE_MEMORY_H 1
| #define HAVE_STRINGS_H 1
| #define HAVE_INTTYPES_H 1
| #define HAVE_STDINT_H 1
| #define HAVE_UNISTD_H 1
| #define HAVE_DLFCN_H 1
| #define LT_OBJDIR ".libs/"
| #define PACKAGE "eid-mw"
| #define VERSION "0.0.1"
| /* end confdefs.h.  */
| 
| 
| int
| main ()
| {
| return main ();
|   ;
|   return 0;
| }
configure:15114: result: no
configure:15130: checking fcntl.h usability
configure:15130: i686-w64-mingw32-gcc -c -g -O2  conftest.c >&5
configure:15130: $? = 0
configure:15130: result: yes
configure:15130: checking fcntl.h presence
configure:15130: i686-w64-mingw32-gcc -E  conftest.c
configure:15130: $? = 0
configure:15130: result: yes
configure:15130: checking for fcntl.h
configure:15130: result: yes
configure:15130: checking float.h usability
configure:15130: i686-w64-mingw32-gcc -c -g -O2  conftest.c >&5
configure:15130: $? = 0
configure:15130: result: yes
configure:15130: checking float.h presence
configure:15130: i686-w64-mingw32-gcc -E  conftest.c
configure:15130: $? = 0
configure:15130: result: yes
configure:15130: checking for float.h
configure:15130: result: yes
configure:15130: checking limits.h usability
configure:15130: i686-w64-mingw32-gcc -c -g -O2  conftest.c >&5
configure:15130: $? = 0
configure:15130: result: yes
configure:15130: checking limits.h presence
configure:15130: i686-w64-mingw32-gcc -E  conftest.c
configure:15130: $? = 0
configure:15130: result: yes
configure:15130: checking for limits.h
configure:15130: result: yes
configure:15130: checking netinet/in.h usability
configure:15130: i686-w64-mingw32-gcc -c -g -O2  conftest.c >&5
conftest.c:59:24: fatal error: netinet/in.h: No such file or directory
compilation terminated.
configure:15130: $? = 1
configure: failed program was:
| /* confdefs.h */
| #define PACKAGE_NAME "eid-mw"
| #define PACKAGE_TARNAME "eid-mw"
| #define PACKAGE_VERSION "0.0.1"
| #define PACKAGE_STRING "eid-mw 0.0.1"
| #define PACKAGE_BUGREPORT "servicedesk@fedict.be"
| #define PACKAGE_URL ""
| #define STDC_HEADERS 1
| #define HAVE_SYS_TYPES_H 1
| #define HAVE_SYS_STAT_H 1
| #define HAVE_STDLIB_H 1
| #define HAVE_STRING_H 1
| #define HAVE_MEMORY_H 1
| #define HAVE_STRINGS_H 1
| #define HAVE_INTTYPES_H 1
| #define HAVE_STDINT_H 1
| #define HAVE_UNISTD_H 1
| #define HAVE_DLFCN_H 1
| #define LT_OBJDIR ".libs/"
| #define PACKAGE "eid-mw"
| #define VERSION "0.0.1"
| #define HAVE_FCNTL_H 1
| #define HAVE_FLOAT_H 1
| #define HAVE_LIMITS_H 1
| /* end confdefs.h.  */
| #include <stdio.h>
| #ifdef HAVE_SYS_TYPES_H
| # include <sys/types.h>
| #endif
| #ifdef HAVE_SYS_STAT_H
| # include <sys/stat.h>
| #endif
| #ifdef STDC_HEADERS
| # include <stdlib.h>
| # include <stddef.h>
| #else
| # ifdef HAVE_STDLIB_H
| #  include <stdlib.h>
| # endif
| #endif
| #ifdef HAVE_STRING_H
| # if !defined STDC_HEADERS && defined HAVE_MEMORY_H
| #  include <memory.h>
| # endif
| # include <string.h>
| #endif
| #ifdef HAVE_STRINGS_H
| # include <strings.h>
| #endif
| #ifdef HAVE_INTTYPES_H
| # include <inttypes.h>
| #endif
| #ifdef HAVE_STDINT_H
| # include <stdint.h>
| #endif
| #ifdef HAVE_UNISTD_H
| # include <unistd.h>
| #endif
| #include <netinet/in.h>
configure:15130: result: no
configure:15130: checking netinet/in.h presence
configure:15130: i686-w64-mingw32-gcc -E  conftest.c
conftest.c:26:24: fatal error: netinet/in.h: No such file or directory
compilation terminated.
configure:15130: $? = 1
configure: failed program was:
| /* confdefs.h */
| #define PACKAGE_NAME "eid-mw"
| #define PACKAGE_TARNAME "eid-mw"
| #define PACKAGE_VERSION "0.0.1"
| #define PACKAGE_STRING "eid-mw 0.0.1"
| #define PACKAGE_BUGREPORT "servicedesk@fedict.be"
| #define PACKAGE_URL ""
| #define STDC_HEADERS 1
| #define HAVE_SYS_TYPES_H 1
| #define HAVE_SYS_STAT_H 1
| #define HAVE_STDLIB_H 1
| #define HAVE_STRING_H 1
| #define HAVE_MEMORY_H 1
| #define HAVE_STRINGS_H 1
| #define HAVE_INTTYPES_H 1
| #define HAVE_STDINT_H 1
| #define HAVE_UNISTD_H 1
| #define HAVE_DLFCN_H 1
| #define LT_OBJDIR ".libs/"
| #define PACKAGE "eid-mw"
| #define VERSION "0.0.1"
| #define HAVE_FCNTL_H 1
| #define HAVE_FLOAT_H 1
| #define HAVE_LIMITS_H 1
| /* end confdefs.h.  */
| #include <netinet/in.h>
configure:15130: result: no
configure:15130: checking for netinet/in.h
configure:15130: result: no
configure:15130: checking for stdlib.h
configure:15130: result: yes
configure:15130: checking for string.h
configure:15130: result: yes
configure:15130: checking sys/file.h usability
configure:15130: i686-w64-mingw32-gcc -c -g -O2  conftest.c >&5
configure:15130: $? = 0
configure:15130: result: yes
configure:15130: checking sys/file.h presence
configure:15130: i686-w64-mingw32-gcc -E  conftest.c
configure:15130: $? = 0
configure:15130: result: yes
configure:15130: checking for sys/file.h
configure:15130: result: yes
configure:15130: checking sys/ioctl.h usability
configure:15130: i686-w64-mingw32-gcc -c -g -O2  conftest.c >&5
conftest.c:62:23: fatal error: sys/ioctl.h: No such file or directory
compilation terminated.
configure:15130: $? = 1
configure: failed program was:
| /* confdefs.h */
| #define PACKAGE_NAME "eid-mw"
| #define PACKAGE_TARNAME "eid-mw"
| #define PACKAGE_VERSION "0.0.1"
| #define PACKAGE_STRING "eid-mw 0.0.1"
| #define PACKAGE_BUGREPORT "servicedesk@fedict.be"
| #define PACKAGE_URL ""
| #define STDC_HEADERS 1
| #define HAVE_SYS_TYPES_H 1
| #define HAVE_SYS_STAT_H 1
| #define HAVE_STDLIB_H 1
| #define HAVE_STRING_H 1
| #define HAVE_MEMORY_H 1
| #define HAVE_STRINGS_H 1
| #define HAVE_INTTYPES_H 1
| #define HAVE_STDINT_H 1
| #define HAVE_UNISTD_H 1
| #define HAVE_DLFCN_H 1
| #define LT_OBJDIR ".libs/"
| #define PACKAGE "eid-mw"
| #define VERSION "0.0.1"
| #define HAVE_FCNTL_H 1
| #define HAVE_FLOAT_H 1
| #define HAVE_LIMITS_H 1
| #define HAVE_STDLIB_H 1
| #define HAVE_STRING_H 1
| #define HAVE_SYS_FILE_H 1
| /* end confdefs.h.  */
| #include <stdio.h>
| #ifdef HAVE_SYS_TYPES_H
| # include <sys/types.h>
| #endif
| #ifdef HAVE_SYS_STAT_H
| # include <sys/stat.h>
| #endif
| #ifdef STDC_HEADERS
| # include <stdlib.h>
| # include <stddef.h>
| #else
| # ifdef HAVE_STDLIB_H
| #  include <stdlib.h>
| # endif
| #endif
| #ifdef HAVE_STRING_H
| # if !defined STDC_HEADERS && defined HAVE_MEMORY_H
| #  include <memory.h>
| # endif
| # include <string.h>
| #endif
| #ifdef HAVE_STRINGS_H
| # include <strings.h>
| #endif
| #ifdef HAVE_INTTYPES_H
| # include <inttypes.h>
| #endif
| #ifdef HAVE_STDINT_H
| # include <stdint.h>
| #endif
| #ifdef HAVE_UNISTD_H
| # include <unistd.h>
| #endif
| #include <sys/ioctl.h>
configure:15130: result: no
configure:15130: checking sys/ioctl.h presence
configure:15130: i686-w64-mingw32-gcc -E  conftest.c
conftest.c:29:23: fatal error: sys/ioctl.h: No such file or directory
compilation terminated.
configure:15130: $? = 1
configure: failed program was:
| /* confdefs.h */
| #define PACKAGE_NAME "eid-mw"
| #define PACKAGE_TARNAME "eid-mw"
| #define PACKAGE_VERSION "0.0.1"
| #define PACKAGE_STRING "eid-mw 0.0.1"
| #define PACKAGE_BUGREPORT "servicedesk@fedict.be"
| #define PACKAGE_URL ""
| #define STDC_HEADERS 1
| #define HAVE_SYS_TYPES_H 1
| #define HAVE_SYS_STAT_H 1
| #define HAVE_STDLIB_H 1
| #define HAVE_STRING_H 1
| #define HAVE_MEMORY_H 1
| #define HAVE_STRINGS_H 1
| #define HAVE_INTTYPES_H 1
| #define HAVE_STDINT_H 1
| #define HAVE_UNISTD_H 1
| #define HAVE_DLFCN_H 1
| #define LT_OBJDIR ".libs/"
| #define PACKAGE "eid-mw"
| #define VERSION "0.0.1"
| #define HAVE_FCNTL_H 1
| #define HAVE_FLOAT_H 1
| #define HAVE_LIMITS_H 1
| #define HAVE_STDLIB_H 1
| #define HAVE_STRING_H 1
| #define HAVE_SYS_FILE_H 1
| /* end confdefs.h.  */
| #include <sys/ioctl.h>
configure:15130: result: no
configure:15130: checking for sys/ioctl.h
configure:15130: result: no
configure:15130: checking sys/time.h usability
configure:15130: i686-w64-mingw32-gcc -c -g -O2  conftest.c >&5
configure:15130: $? = 0
configure:15130: result: yes
configure:15130: checking sys/time.h presence
configure:15130: i686-w64-mingw32-gcc -E  conftest.c
configure:15130: $? = 0
configure:15130: result: yes
configure:15130: checking for sys/time.h
configure:15130: result: yes
configure:15130: checking for unistd.h
configure:15130: result: yes
configure:15130: checking malloc.h usability
configure:15130: i686-w64-mingw32-gcc -c -g -O2  conftest.c >&5
configure:15130: $? = 0
configure:15130: result: yes
configure:15130: checking malloc.h presence
configure:15130: i686-w64-mingw32-gcc -E  conftest.c
configure:15130: $? = 0
configure:15130: result: yes
configure:15130: checking for malloc.h
configure:15130: result: yes
configure:15130: checking for memory.h
configure:15130: result: yes
configure:15130: checking sys/timeb.h usability
configure:15130: i686-w64-mingw32-gcc -c -g -O2  conftest.c >&5
configure:15130: $? = 0
configure:15130: result: yes
configure:15130: checking sys/timeb.h presence
configure:15130: i686-w64-mingw32-gcc -E  conftest.c
configure:15130: $? = 0
configure:15130: result: yes
configure:15130: checking for sys/timeb.h
configure:15130: result: yes
configure:15143: checking Qt installation
configure:15151: result: /data/fedict/Qt/qt/
configure:15155: checking pcsc-lite installation
configure:15163: result: 
configure:15167: checking for stdbool.h that conforms to C99
configure:15252: i686-w64-mingw32-gcc -c -g -O2  conftest.c >&5
configure:15252: $? = 0
configure:15259: result: yes
configure:15261: checking for _Bool
configure:15261: i686-w64-mingw32-gcc -c -g -O2  conftest.c >&5
configure:15261: $? = 0
configure:15261: i686-w64-mingw32-gcc -c -g -O2  conftest.c >&5
conftest.c: In function 'main':
conftest.c:70:20: error: expected expression before ')' token
configure:15261: $? = 1
configure: failed program was:
| /* confdefs.h */
| #define PACKAGE_NAME "eid-mw"
| #define PACKAGE_TARNAME "eid-mw"
| #define PACKAGE_VERSION "0.0.1"
| #define PACKAGE_STRING "eid-mw 0.0.1"
| #define PACKAGE_BUGREPORT "servicedesk@fedict.be"
| #define PACKAGE_URL ""
| #define STDC_HEADERS 1
| #define HAVE_SYS_TYPES_H 1
| #define HAVE_SYS_STAT_H 1
| #define HAVE_STDLIB_H 1
| #define HAVE_STRING_H 1
| #define HAVE_MEMORY_H 1
| #define HAVE_STRINGS_H 1
| #define HAVE_INTTYPES_H 1
| #define HAVE_STDINT_H 1
| #define HAVE_UNISTD_H 1
| #define HAVE_DLFCN_H 1
| #define LT_OBJDIR ".libs/"
| #define PACKAGE "eid-mw"
| #define VERSION "0.0.1"
| #define HAVE_FCNTL_H 1
| #define HAVE_FLOAT_H 1
| #define HAVE_LIMITS_H 1
| #define HAVE_STDLIB_H 1
| #define HAVE_STRING_H 1
| #define HAVE_SYS_FILE_H 1
| #define HAVE_SYS_TIME_H 1
| #define HAVE_UNISTD_H 1
| #define HAVE_MALLOC_H 1
| #define HAVE_MEMORY_H 1
| #define HAVE_SYS_TIMEB_H 1
| /* end confdefs.h.  */
| #include <stdio.h>
| #ifdef HAVE_SYS_TYPES_H
| # include <sys/types.h>
| #endif
| #ifdef HAVE_SYS_STAT_H
| # include <sys/stat.h>
| #endif
| #ifdef STDC_HEADERS
| # include <stdlib.h>
| # include <stddef.h>
| #else
| # ifdef HAVE_STDLIB_H
| #  include <stdlib.h>
| # endif
| #endif
| #ifdef HAVE_STRING_H
| # if !defined STDC_HEADERS && defined HAVE_MEMORY_H
| #  include <memory.h>
| # endif
| # include <string.h>
| #endif
| #ifdef HAVE_STRINGS_H
| # include <strings.h>
| #endif
| #ifdef HAVE_INTTYPES_H
| # include <inttypes.h>
| #endif
| #ifdef HAVE_STDINT_H
| # include <stdint.h>
| #endif
| #ifdef HAVE_UNISTD_H
| # include <unistd.h>
| #endif
| int
| main ()
| {
| if (sizeof ((_Bool)))
| 	    return 0;
|   ;
|   return 0;
| }
configure:15261: result: yes
configure:15277: checking for inline
configure:15293: i686-w64-mingw32-gcc -c -g -O2  conftest.c >&5
configure:15293: $? = 0
configure:15301: result: inline
configure:15319: checking for size_t
configure:15319: i686-w64-mingw32-gcc -c -g -O2  conftest.c >&5
configure:15319: $? = 0
configure:15319: i686-w64-mingw32-gcc -c -g -O2  conftest.c >&5
conftest.c: In function 'main':
conftest.c:72:21: error: expected expression before ')' token
configure:15319: $? = 1
configure: failed program was:
| /* confdefs.h */
| #define PACKAGE_NAME "eid-mw"
| #define PACKAGE_TARNAME "eid-mw"
| #define PACKAGE_VERSION "0.0.1"
| #define PACKAGE_STRING "eid-mw 0.0.1"
| #define PACKAGE_BUGREPORT "servicedesk@fedict.be"
| #define PACKAGE_URL ""
| #define STDC_HEADERS 1
| #define HAVE_SYS_TYPES_H 1
| #define HAVE_SYS_STAT_H 1
| #define HAVE_STDLIB_H 1
| #define HAVE_STRING_H 1
| #define HAVE_MEMORY_H 1
| #define HAVE_STRINGS_H 1
| #define HAVE_INTTYPES_H 1
| #define HAVE_STDINT_H 1
| #define HAVE_UNISTD_H 1
| #define HAVE_DLFCN_H 1
| #define LT_OBJDIR ".libs/"
| #define PACKAGE "eid-mw"
| #define VERSION "0.0.1"
| #define HAVE_FCNTL_H 1
| #define HAVE_FLOAT_H 1
| #define HAVE_LIMITS_H 1
| #define HAVE_STDLIB_H 1
| #define HAVE_STRING_H 1
| #define HAVE_SYS_FILE_H 1
| #define HAVE_SYS_TIME_H 1
| #define HAVE_UNISTD_H 1
| #define HAVE_MALLOC_H 1
| #define HAVE_MEMORY_H 1
| #define HAVE_SYS_TIMEB_H 1
| #define HAVE__BOOL 1
| #define HAVE_STDBOOL_H 1
| /* end confdefs.h.  */
| #include <stdio.h>
| #ifdef HAVE_SYS_TYPES_H
| # include <sys/types.h>
| #endif
| #ifdef HAVE_SYS_STAT_H
| # include <sys/stat.h>
| #endif
| #ifdef STDC_HEADERS
| # include <stdlib.h>
| # include <stddef.h>
| #else
| # ifdef HAVE_STDLIB_H
| #  include <stdlib.h>
| # endif
| #endif
| #ifdef HAVE_STRING_H
| # if !defined STDC_HEADERS && defined HAVE_MEMORY_H
| #  include <memory.h>
| # endif
| # include <string.h>
| #endif
| #ifdef HAVE_STRINGS_H
| # include <strings.h>
| #endif
| #ifdef HAVE_INTTYPES_H
| # include <inttypes.h>
| #endif
| #ifdef HAVE_STDINT_H
| # include <stdint.h>
| #endif
| #ifdef HAVE_UNISTD_H
| # include <unistd.h>
| #endif
| int
| main ()
| {
| if (sizeof ((size_t)))
| 	    return 0;
|   ;
|   return 0;
| }
configure:15319: result: yes
configure:15330: checking for uint16_t
configure:15330: i686-w64-mingw32-gcc -c -g -O2  conftest.c >&5
configure:15330: $? = 0
configure:15330: result: yes
configure:15342: checking for uint32_t
configure:15342: i686-w64-mingw32-gcc -c -g -O2  conftest.c >&5
configure:15342: $? = 0
configure:15342: result: yes
configure:15356: checking for uint8_t
configure:15356: i686-w64-mingw32-gcc -c -g -O2  conftest.c >&5
configure:15356: $? = 0
configure:15356: result: yes
configure:15370: checking for pid_t
configure:15370: i686-w64-mingw32-gcc -c -g -O2  conftest.c >&5
configure:15370: $? = 0
configure:15370: i686-w64-mingw32-gcc -c -g -O2  conftest.c >&5
conftest.c: In function 'main':
conftest.c:72:20: error: expected expression before ')' token
configure:15370: $? = 1
configure: failed program was:
| /* confdefs.h */
| #define PACKAGE_NAME "eid-mw"
| #define PACKAGE_TARNAME "eid-mw"
| #define PACKAGE_VERSION "0.0.1"
| #define PACKAGE_STRING "eid-mw 0.0.1"
| #define PACKAGE_BUGREPORT "servicedesk@fedict.be"
| #define PACKAGE_URL ""
| #define STDC_HEADERS 1
| #define HAVE_SYS_TYPES_H 1
| #define HAVE_SYS_STAT_H 1
| #define HAVE_STDLIB_H 1
| #define HAVE_STRING_H 1
| #define HAVE_MEMORY_H 1
| #define HAVE_STRINGS_H 1
| #define HAVE_INTTYPES_H 1
| #define HAVE_STDINT_H 1
| #define HAVE_UNISTD_H 1
| #define HAVE_DLFCN_H 1
| #define LT_OBJDIR ".libs/"
| #define PACKAGE "eid-mw"
| #define VERSION "0.0.1"
| #define HAVE_FCNTL_H 1
| #define HAVE_FLOAT_H 1
| #define HAVE_LIMITS_H 1
| #define HAVE_STDLIB_H 1
| #define HAVE_STRING_H 1
| #define HAVE_SYS_FILE_H 1
| #define HAVE_SYS_TIME_H 1
| #define HAVE_UNISTD_H 1
| #define HAVE_MALLOC_H 1
| #define HAVE_MEMORY_H 1
| #define HAVE_SYS_TIMEB_H 1
| #define HAVE__BOOL 1
| #define HAVE_STDBOOL_H 1
| /* end confdefs.h.  */
| #include <stdio.h>
| #ifdef HAVE_SYS_TYPES_H
| # include <sys/types.h>
| #endif
| #ifdef HAVE_SYS_STAT_H
| # include <sys/stat.h>
| #endif
| #ifdef STDC_HEADERS
| # include <stdlib.h>
| # include <stddef.h>
| #else
| # ifdef HAVE_STDLIB_H
| #  include <stdlib.h>
| # endif
| #endif
| #ifdef HAVE_STRING_H
| # if !defined STDC_HEADERS && defined HAVE_MEMORY_H
| #  include <memory.h>
| # endif
| # include <string.h>
| #endif
| #ifdef HAVE_STRINGS_H
| # include <strings.h>
| #endif
| #ifdef HAVE_INTTYPES_H
| # include <inttypes.h>
| #endif
| #ifdef HAVE_STDINT_H
| # include <stdint.h>
| #endif
| #ifdef HAVE_UNISTD_H
| # include <unistd.h>
| #endif
| int
| main ()
| {
| if (sizeof ((pid_t)))
| 	    return 0;
|   ;
|   return 0;
| }
configure:15370: result: yes
configure:15383: checking for error_at_line
configure:15399: i686-w64-mingw32-gcc -o conftest.exe -g -O2   conftest.c  >&5
/tmp/ccnhSK3v.o: In function `main':
/home/frank/OLDTRUNK/eid-mw/conftest.c:40: undefined reference to `_error_at_line'
collect2: ld returned 1 exit status
configure:15399: $? = 1
configure: failed program was:
| /* confdefs.h */
| #define PACKAGE_NAME "eid-mw"
| #define PACKAGE_TARNAME "eid-mw"
| #define PACKAGE_VERSION "0.0.1"
| #define PACKAGE_STRING "eid-mw 0.0.1"
| #define PACKAGE_BUGREPORT "servicedesk@fedict.be"
| #define PACKAGE_URL ""
| #define STDC_HEADERS 1
| #define HAVE_SYS_TYPES_H 1
| #define HAVE_SYS_STAT_H 1
| #define HAVE_STDLIB_H 1
| #define HAVE_STRING_H 1
| #define HAVE_MEMORY_H 1
| #define HAVE_STRINGS_H 1
| #define HAVE_INTTYPES_H 1
| #define HAVE_STDINT_H 1
| #define HAVE_UNISTD_H 1
| #define HAVE_DLFCN_H 1
| #define LT_OBJDIR ".libs/"
| #define PACKAGE "eid-mw"
| #define VERSION "0.0.1"
| #define HAVE_FCNTL_H 1
| #define HAVE_FLOAT_H 1
| #define HAVE_LIMITS_H 1
| #define HAVE_STDLIB_H 1
| #define HAVE_STRING_H 1
| #define HAVE_SYS_FILE_H 1
| #define HAVE_SYS_TIME_H 1
| #define HAVE_UNISTD_H 1
| #define HAVE_MALLOC_H 1
| #define HAVE_MEMORY_H 1
| #define HAVE_SYS_TIMEB_H 1
| #define HAVE__BOOL 1
| #define HAVE_STDBOOL_H 1
| /* end confdefs.h.  */
| #include <error.h>
| int
| main ()
| {
| error_at_line (0, 0, "", 0, "an error occurred");
|   ;
|   return 0;
| }
configure:15407: result: no
configure:15420: checking for stdlib.h
configure:15420: result: yes
configure:15430: checking for GNU libc compatible malloc
configure:15464: result: no
configure:15487: checking for stdlib.h
configure:15487: result: yes
configure:15497: checking for GNU libc compatible realloc
configure:15531: result: no
configure:15555: checking for gethostbyname
configure:15555: i686-w64-mingw32-gcc -o conftest.exe -g -O2   conftest.c  >&5
/tmp/ccBQlqGB.o: In function `main':
/home/frank/OLDTRUNK/eid-mw/conftest.c:76: undefined reference to `_gethostbyname'
collect2: ld returned 1 exit status
configure:15555: $? = 1
configure: failed program was:
| /* confdefs.h */
| #define PACKAGE_NAME "eid-mw"
| #define PACKAGE_TARNAME "eid-mw"
| #define PACKAGE_VERSION "0.0.1"
| #define PACKAGE_STRING "eid-mw 0.0.1"
| #define PACKAGE_BUGREPORT "servicedesk@fedict.be"
| #define PACKAGE_URL ""
| #define STDC_HEADERS 1
| #define HAVE_SYS_TYPES_H 1
| #define HAVE_SYS_STAT_H 1
| #define HAVE_STDLIB_H 1
| #define HAVE_STRING_H 1
| #define HAVE_MEMORY_H 1
| #define HAVE_STRINGS_H 1
| #define HAVE_INTTYPES_H 1
| #define HAVE_STDINT_H 1
| #define HAVE_UNISTD_H 1
| #define HAVE_DLFCN_H 1
| #define LT_OBJDIR ".libs/"
| #define PACKAGE "eid-mw"
| #define VERSION "0.0.1"
| #define HAVE_FCNTL_H 1
| #define HAVE_FLOAT_H 1
| #define HAVE_LIMITS_H 1
| #define HAVE_STDLIB_H 1
| #define HAVE_STRING_H 1
| #define HAVE_SYS_FILE_H 1
| #define HAVE_SYS_TIME_H 1
| #define HAVE_UNISTD_H 1
| #define HAVE_MALLOC_H 1
| #define HAVE_MEMORY_H 1
| #define HAVE_SYS_TIMEB_H 1
| #define HAVE__BOOL 1
| #define HAVE_STDBOOL_H 1
| #define HAVE_STDLIB_H 1
| #define HAVE_MALLOC 0
| #define malloc rpl_malloc
| #define HAVE_STDLIB_H 1
| #define HAVE_REALLOC 0
| #define realloc rpl_realloc
| /* end confdefs.h.  */
| /* Define gethostbyname to an innocuous variant, in case <limits.h> declares gethostbyname.
|    For example, HP-UX 11i <limits.h> declares gettimeofday.  */
| #define gethostbyname innocuous_gethostbyname
| 
| /* System header to define __stub macros and hopefully few prototypes,
|     which can conflict with char gethostbyname (); below.
|     Prefer <limits.h> to <assert.h> if __STDC__ is defined, since
|     <limits.h> exists even on freestanding compilers.  */
| 
| #ifdef __STDC__
| # include <limits.h>
| #else
| # include <assert.h>
| #endif
| 
| #undef gethostbyname
| 
| /* Override any GCC internal prototype to avoid an error.
|    Use char because int might match the return type of a GCC
|    builtin and then its argument prototype would still apply.  */
| #ifdef __cplusplus
| extern "C"
| #endif
| char gethostbyname ();
| /* The GNU C library defines this for functions which it implements
|     to always fail with ENOSYS.  Some functions are actually named
|     something starting with __ and the normal name is an alias.  */
| #if defined __stub_gethostbyname || defined __stub___gethostbyname
| choke me
| #endif
| 
| int
| main ()
| {
| return gethostbyname ();
|   ;
|   return 0;
| }
configure:15555: result: no
configure:15555: checking for socket
configure:15555: i686-w64-mingw32-gcc -o conftest.exe -g -O2   conftest.c  >&5
/tmp/cc17vVWE.o: In function `main':
/home/frank/OLDTRUNK/eid-mw/conftest.c:76: undefined reference to `_socket'
collect2: ld returned 1 exit status
configure:15555: $? = 1
configure: failed program was:
| /* confdefs.h */
| #define PACKAGE_NAME "eid-mw"
| #define PACKAGE_TARNAME "eid-mw"
| #define PACKAGE_VERSION "0.0.1"
| #define PACKAGE_STRING "eid-mw 0.0.1"
| #define PACKAGE_BUGREPORT "servicedesk@fedict.be"
| #define PACKAGE_URL ""
| #define STDC_HEADERS 1
| #define HAVE_SYS_TYPES_H 1
| #define HAVE_SYS_STAT_H 1
| #define HAVE_STDLIB_H 1
| #define HAVE_STRING_H 1
| #define HAVE_MEMORY_H 1
| #define HAVE_STRINGS_H 1
| #define HAVE_INTTYPES_H 1
| #define HAVE_STDINT_H 1
| #define HAVE_UNISTD_H 1
| #define HAVE_DLFCN_H 1
| #define LT_OBJDIR ".libs/"
| #define PACKAGE "eid-mw"
| #define VERSION "0.0.1"
| #define HAVE_FCNTL_H 1
| #define HAVE_FLOAT_H 1
| #define HAVE_LIMITS_H 1
| #define HAVE_STDLIB_H 1
| #define HAVE_STRING_H 1
| #define HAVE_SYS_FILE_H 1
| #define HAVE_SYS_TIME_H 1
| #define HAVE_UNISTD_H 1
| #define HAVE_MALLOC_H 1
| #define HAVE_MEMORY_H 1
| #define HAVE_SYS_TIMEB_H 1
| #define HAVE__BOOL 1
| #define HAVE_STDBOOL_H 1
| #define HAVE_STDLIB_H 1
| #define HAVE_MALLOC 0
| #define malloc rpl_malloc
| #define HAVE_STDLIB_H 1
| #define HAVE_REALLOC 0
| #define realloc rpl_realloc
| /* end confdefs.h.  */
| /* Define socket to an innocuous variant, in case <limits.h> declares socket.
|    For example, HP-UX 11i <limits.h> declares gettimeofday.  */
| #define socket innocuous_socket
| 
| /* System header to define __stub macros and hopefully few prototypes,
|     which can conflict with char socket (); below.
|     Prefer <limits.h> to <assert.h> if __STDC__ is defined, since
|     <limits.h> exists even on freestanding compilers.  */
| 
| #ifdef __STDC__
| # include <limits.h>
| #else
| # include <assert.h>
| #endif
| 
| #undef socket
| 
| /* Override any GCC internal prototype to avoid an error.
|    Use char because int might match the return type of a GCC
|    builtin and then its argument prototype would still apply.  */
| #ifdef __cplusplus
| extern "C"
| #endif
| char socket ();
| /* The GNU C library defines this for functions which it implements
|     to always fail with ENOSYS.  Some functions are actually named
|     something starting with __ and the normal name is an alias.  */
| #if defined __stub_socket || defined __stub___socket
| choke me
| #endif
| 
| int
| main ()
| {
| return socket ();
|   ;
|   return 0;
| }
configure:15555: result: no
configure:15555: checking for strerror
configure:15555: i686-w64-mingw32-gcc -o conftest.exe -g -O2   conftest.c  >&5
configure:15555: $? = 0
configure:15555: result: yes
configure:15555: checking for ftime
configure:15555: i686-w64-mingw32-gcc -o conftest.exe -g -O2   conftest.c  >&5
configure:15555: $? = 0
configure:15555: result: yes
configure:15555: checking for memchr
configure:15555: i686-w64-mingw32-gcc -o conftest.exe -g -O2   conftest.c  >&5
conftest.c:67:6: warning: conflicting types for built-in function 'memchr' [enabled by default]
configure:15555: $? = 0
configure:15555: result: yes
configure:15555: checking for memset
configure:15555: i686-w64-mingw32-gcc -o conftest.exe -g -O2   conftest.c  >&5
conftest.c:68:6: warning: conflicting types for built-in function 'memset' [enabled by default]
configure:15555: $? = 0
configure:15555: result: yes
configure:15555: checking for mkdir
configure:15555: i686-w64-mingw32-gcc -o conftest.exe -g -O2   conftest.c  >&5
configure:15555: $? = 0
configure:15555: result: yes
configure:15555: checking for select
configure:15555: i686-w64-mingw32-gcc -o conftest.exe -g -O2   conftest.c  >&5
/tmp/ccld2ArZ.o: In function `main':
/home/frank/OLDTRUNK/eid-mw/conftest.c:81: undefined reference to `_select'
collect2: ld returned 1 exit status
configure:15555: $? = 1
configure: failed program was:
| /* confdefs.h */
| #define PACKAGE_NAME "eid-mw"
| #define PACKAGE_TARNAME "eid-mw"
| #define PACKAGE_VERSION "0.0.1"
| #define PACKAGE_STRING "eid-mw 0.0.1"
| #define PACKAGE_BUGREPORT "servicedesk@fedict.be"
| #define PACKAGE_URL ""
| #define STDC_HEADERS 1
| #define HAVE_SYS_TYPES_H 1
| #define HAVE_SYS_STAT_H 1
| #define HAVE_STDLIB_H 1
| #define HAVE_STRING_H 1
| #define HAVE_MEMORY_H 1
| #define HAVE_STRINGS_H 1
| #define HAVE_INTTYPES_H 1
| #define HAVE_STDINT_H 1
| #define HAVE_UNISTD_H 1
| #define HAVE_DLFCN_H 1
| #define LT_OBJDIR ".libs/"
| #define PACKAGE "eid-mw"
| #define VERSION "0.0.1"
| #define HAVE_FCNTL_H 1
| #define HAVE_FLOAT_H 1
| #define HAVE_LIMITS_H 1
| #define HAVE_STDLIB_H 1
| #define HAVE_STRING_H 1
| #define HAVE_SYS_FILE_H 1
| #define HAVE_SYS_TIME_H 1
| #define HAVE_UNISTD_H 1
| #define HAVE_MALLOC_H 1
| #define HAVE_MEMORY_H 1
| #define HAVE_SYS_TIMEB_H 1
| #define HAVE__BOOL 1
| #define HAVE_STDBOOL_H 1
| #define HAVE_STDLIB_H 1
| #define HAVE_MALLOC 0
| #define malloc rpl_malloc
| #define HAVE_STDLIB_H 1
| #define HAVE_REALLOC 0
| #define realloc rpl_realloc
| #define HAVE_STRERROR 1
| #define HAVE_FTIME 1
| #define HAVE_MEMCHR 1
| #define HAVE_MEMSET 1
| #define HAVE_MKDIR 1
| /* end confdefs.h.  */
| /* Define select to an innocuous variant, in case <limits.h> declares select.
|    For example, HP-UX 11i <limits.h> declares gettimeofday.  */
| #define select innocuous_select
| 
| /* System header to define __stub macros and hopefully few prototypes,
|     which can conflict with char select (); below.
|     Prefer <limits.h> to <assert.h> if __STDC__ is defined, since
|     <limits.h> exists even on freestanding compilers.  */
| 
| #ifdef __STDC__
| # include <limits.h>
| #else
| # include <assert.h>
| #endif
| 
| #undef select
| 
| /* Override any GCC internal prototype to avoid an error.
|    Use char because int might match the return type of a GCC
|    builtin and then its argument prototype would still apply.  */
| #ifdef __cplusplus
| extern "C"
| #endif
| char select ();
| /* The GNU C library defines this for functions which it implements
|     to always fail with ENOSYS.  Some functions are actually named
|     something starting with __ and the normal name is an alias.  */
| #if defined __stub_select || defined __stub___select
| choke me
| #endif
| 
| int
| main ()
| {
| return select ();
|   ;
|   return 0;
| }
configure:15555: result: no
configure:15555: checking for strchr
configure:15555: i686-w64-mingw32-gcc -o conftest.exe -g -O2   conftest.c  >&5
conftest.c:70:6: warning: conflicting types for built-in function 'strchr' [enabled by default]
configure:15555: $? = 0
configure:15555: result: yes
configure:15555: checking for strdup
configure:15555: i686-w64-mingw32-gcc -o conftest.exe -g -O2   conftest.c  >&5
conftest.c:71:6: warning: conflicting types for built-in function 'strdup' [enabled by default]
configure:15555: $? = 0
configure:15555: result: yes
configure:15555: checking for strerror
configure:15555: result: yes
configure:15555: checking for strncasecmp
configure:15555: i686-w64-mingw32-gcc -o conftest.exe -g -O2   conftest.c  >&5
conftest.c:73:6: warning: conflicting types for built-in function 'strncasecmp' [enabled by default]
configure:15555: $? = 0
configure:15555: result: yes
configure:15555: checking for strrchr
configure:15555: i686-w64-mingw32-gcc -o conftest.exe -g -O2   conftest.c  >&5
conftest.c:74:6: warning: conflicting types for built-in function 'strrchr' [enabled by default]
configure:15555: $? = 0
configure:15555: result: yes
configure:15555: checking for strstr
configure:15555: i686-w64-mingw32-gcc -o conftest.exe -g -O2   conftest.c  >&5
conftest.c:75:6: warning: conflicting types for built-in function 'strstr' [enabled by default]
configure:15555: $? = 0
configure:15555: result: yes
configure:15555: checking for strtol
configure:15555: i686-w64-mingw32-gcc -o conftest.exe -g -O2   conftest.c  >&5
configure:15555: $? = 0
configure:15555: result: yes
configure:15555: checking for strtoul
configure:15555: i686-w64-mingw32-gcc -o conftest.exe -g -O2   conftest.c  >&5
configure:15555: $? = 0
configure:15555: result: yes
configure:15555: checking for vasprintf
configure:15555: i686-w64-mingw32-gcc -o conftest.exe -g -O2   conftest.c  >&5
/tmp/ccqwcgdi.o: In function `main':
/home/frank/OLDTRUNK/eid-mw/conftest.c:89: undefined reference to `_vasprintf'
collect2: ld returned 1 exit status
configure:15555: $? = 1
configure: failed program was:
| /* confdefs.h */
| #define PACKAGE_NAME "eid-mw"
| #define PACKAGE_TARNAME "eid-mw"
| #define PACKAGE_VERSION "0.0.1"
| #define PACKAGE_STRING "eid-mw 0.0.1"
| #define PACKAGE_BUGREPORT "servicedesk@fedict.be"
| #define PACKAGE_URL ""
| #define STDC_HEADERS 1
| #define HAVE_SYS_TYPES_H 1
| #define HAVE_SYS_STAT_H 1
| #define HAVE_STDLIB_H 1
| #define HAVE_STRING_H 1
| #define HAVE_MEMORY_H 1
| #define HAVE_STRINGS_H 1
| #define HAVE_INTTYPES_H 1
| #define HAVE_STDINT_H 1
| #define HAVE_UNISTD_H 1
| #define HAVE_DLFCN_H 1
| #define LT_OBJDIR ".libs/"
| #define PACKAGE "eid-mw"
| #define VERSION "0.0.1"
| #define HAVE_FCNTL_H 1
| #define HAVE_FLOAT_H 1
| #define HAVE_LIMITS_H 1
| #define HAVE_STDLIB_H 1
| #define HAVE_STRING_H 1
| #define HAVE_SYS_FILE_H 1
| #define HAVE_SYS_TIME_H 1
| #define HAVE_UNISTD_H 1
| #define HAVE_MALLOC_H 1
| #define HAVE_MEMORY_H 1
| #define HAVE_SYS_TIMEB_H 1
| #define HAVE__BOOL 1
| #define HAVE_STDBOOL_H 1
| #define HAVE_STDLIB_H 1
| #define HAVE_MALLOC 0
| #define malloc rpl_malloc
| #define HAVE_STDLIB_H 1
| #define HAVE_REALLOC 0
| #define realloc rpl_realloc
| #define HAVE_STRERROR 1
| #define HAVE_FTIME 1
| #define HAVE_MEMCHR 1
| #define HAVE_MEMSET 1
| #define HAVE_MKDIR 1
| #define HAVE_STRCHR 1
| #define HAVE_STRDUP 1
| #define HAVE_STRERROR 1
| #define HAVE_STRNCASECMP 1
| #define HAVE_STRRCHR 1
| #define HAVE_STRSTR 1
| #define HAVE_STRTOL 1
| #define HAVE_STRTOUL 1
| /* end confdefs.h.  */
| /* Define vasprintf to an innocuous variant, in case <limits.h> declares vasprintf.
|    For example, HP-UX 11i <limits.h> declares gettimeofday.  */
| #define vasprintf innocuous_vasprintf
| 
| /* System header to define __stub macros and hopefully few prototypes,
|     which can conflict with char vasprintf (); below.
|     Prefer <limits.h> to <assert.h> if __STDC__ is defined, since
|     <limits.h> exists even on freestanding compilers.  */
| 
| #ifdef __STDC__
| # include <limits.h>
| #else
| # include <assert.h>
| #endif
| 
| #undef vasprintf
| 
| /* Override any GCC internal prototype to avoid an error.
|    Use char because int might match the return type of a GCC
|    builtin and then its argument prototype would still apply.  */
| #ifdef __cplusplus
| extern "C"
| #endif
| char vasprintf ();
| /* The GNU C library defines this for functions which it implements
|     to always fail with ENOSYS.  Some functions are actually named
|     something starting with __ and the normal name is an alias.  */
| #if defined __stub_vasprintf || defined __stub___vasprintf
| choke me
| #endif
| 
| int
| main ()
| {
| return vasprintf ();
|   ;
|   return 0;
| }
configure:15555: result: no
configure:15695: creating ./config.status

## ---------------- ##
## Cache variables. ##
## ---------------- ##

ac_cv_build=x86_64-unknown-linux-gnu
ac_cv_c_compiler_gnu=yes
ac_cv_c_inline=inline
ac_cv_c_uint16_t=yes
ac_cv_c_uint32_t=yes
ac_cv_c_uint8_t=yes
ac_cv_cxx_compiler_gnu=yes
ac_cv_env_CCC_set=
ac_cv_env_CCC_value=
ac_cv_env_CC_set=
ac_cv_env_CC_value=
ac_cv_env_CFLAGS_set=
ac_cv_env_CFLAGS_value=
ac_cv_env_CPPFLAGS_set=
ac_cv_env_CPPFLAGS_value=
ac_cv_env_CPP_set=
ac_cv_env_CPP_value=
ac_cv_env_CXXCPP_set=
ac_cv_env_CXXCPP_value=
ac_cv_env_CXXFLAGS_set=
ac_cv_env_CXXFLAGS_value=
ac_cv_env_CXX_set=
ac_cv_env_CXX_value=
ac_cv_env_LDFLAGS_set=
ac_cv_env_LDFLAGS_value=
ac_cv_env_LIBS_set=
ac_cv_env_LIBS_value=
ac_cv_env_build_alias_set=
ac_cv_env_build_alias_value=
ac_cv_env_host_alias_set=set
ac_cv_env_host_alias_value=i686-w64-mingw32
ac_cv_env_target_alias_set=
ac_cv_env_target_alias_value=
ac_cv_exeext=.exe
ac_cv_func_ftime=yes
ac_cv_func_gethostbyname=no
ac_cv_func_malloc_0_nonnull=no
ac_cv_func_memchr=yes
ac_cv_func_memset=yes
ac_cv_func_mkdir=yes
ac_cv_func_realloc_0_nonnull=no
ac_cv_func_select=no
ac_cv_func_socket=no
ac_cv_func_strchr=yes
ac_cv_func_strdup=yes
ac_cv_func_strerror=yes
ac_cv_func_strncasecmp=yes
ac_cv_func_strrchr=yes
ac_cv_func_strstr=yes
ac_cv_func_strtol=yes
ac_cv_func_strtoul=yes
ac_cv_func_vasprintf=no
ac_cv_header_dlfcn_h=yes
ac_cv_header_fcntl_h=yes
ac_cv_header_float_h=yes
ac_cv_header_inttypes_h=yes
ac_cv_header_limits_h=yes
ac_cv_header_malloc_h=yes
ac_cv_header_memory_h=yes
ac_cv_header_netinet_in_h=no
ac_cv_header_stdbool_h=yes
ac_cv_header_stdc=yes
ac_cv_header_stdint_h=yes
ac_cv_header_stdlib_h=yes
ac_cv_header_string_h=yes
ac_cv_header_strings_h=yes
ac_cv_header_sys_file_h=yes
ac_cv_header_sys_ioctl_h=no
ac_cv_header_sys_stat_h=yes
ac_cv_header_sys_time_h=yes
ac_cv_header_sys_timeb_h=yes
ac_cv_header_sys_types_h=yes
ac_cv_header_unistd_h=yes
ac_cv_host=i686-w64-mingw32
ac_cv_lib_beidcardlayer_main=no
ac_cv_lib_beidcommon_main=no
ac_cv_lib_beidlibC_main=no
ac_cv_lib_beidlib_main=no
ac_cv_lib_dl_main=no
ac_cv_lib_error_at_line=no
ac_cv_lib_pcsclite_main=no
ac_cv_objext=o
ac_cv_path_EGREP='/bin/grep -E'
ac_cv_path_FGREP='/bin/grep -F'
ac_cv_path_GREP=/bin/grep
ac_cv_path_SED=/bin/sed
ac_cv_path_install='/bin/install -c'
ac_cv_path_mkdir=/bin/mkdir
ac_cv_prog_AR=i686-w64-mingw32-ar
ac_cv_prog_AWK=gawk
ac_cv_prog_CC=i686-w64-mingw32-gcc
ac_cv_prog_CPP='i686-w64-mingw32-gcc -E'
ac_cv_prog_CXX=i686-w64-mingw32-g++
ac_cv_prog_CXXCPP='i686-w64-mingw32-g++ -E'
ac_cv_prog_OBJDUMP=i686-w64-mingw32-objdump
ac_cv_prog_RANLIB=i686-w64-mingw32-ranlib
ac_cv_prog_STRIP=i686-w64-mingw32-strip
ac_cv_prog_cc_c89=
ac_cv_prog_cc_g=yes
ac_cv_prog_cxx_g=yes
ac_cv_prog_make_make_set=yes
ac_cv_type__Bool=yes
ac_cv_type_pid_t=yes
ac_cv_type_size_t=yes
am_cv_CC_dependencies_compiler_type=none
am_cv_CXX_dependencies_compiler_type=none
lt_cv_archive_cmds_need_lc=yes
lt_cv_deplibs_check_method='file_magic ^x86 archive import|^x86 DLL'
lt_cv_file_magic_cmd=func_win32_libid
lt_cv_file_magic_test_file=
lt_cv_ld_reload_flag=-r
lt_cv_nm_interface='BSD nm'
lt_cv_objdir=.libs
lt_cv_path_LD=/home/frank/w32/i686-w64-mingw32/bin/ld
lt_cv_path_LDCXX=/home/frank/w32/i686-w64-mingw32/bin/ld
lt_cv_path_NM='/home/frank/w32/bin/i686-w64-mingw32-nm -B'
lt_cv_prog_compiler_c_o=yes
lt_cv_prog_compiler_c_o_CXX=yes
lt_cv_prog_compiler_pic_works=yes
lt_cv_prog_compiler_pic_works_CXX=yes
lt_cv_prog_compiler_rtti_exceptions=no
lt_cv_prog_compiler_static_works=yes
lt_cv_prog_compiler_static_works_CXX=yes
lt_cv_prog_gnu_ld=yes
lt_cv_prog_gnu_ldcxx=yes
lt_cv_sys_global_symbol_pipe='sed -n -e '\''s/^.*[	 ]\([ABCDGIRSTW][ABCDGIRSTW]*\)[	 ][	 ]*_\([_A-Za-z][_A-Za-z0-9]*\)$/\1 _\2 \2/p'\'''
lt_cv_sys_global_symbol_to_c_name_address='sed -n -e '\''s/^: \([^ ]*\) $/  {\"\1\", (void *) 0},/p'\'' -e '\''s/^[ABCDGIRSTW]* \([^ ]*\) \([^ ]*\)$/  {"\2", (void *) \&\2},/p'\'''
lt_cv_sys_global_symbol_to_c_name_address_lib_prefix='sed -n -e '\''s/^: \([^ ]*\) $/  {\"\1\", (void *) 0},/p'\'' -e '\''s/^[ABCDGIRSTW]* \([^ ]*\) \(lib[^ ]*\)$/  {"\2", (void *) \&\2},/p'\'' -e '\''s/^[ABCDGIRSTW]* \([^ ]*\) \([^ ]*\)$/  {"lib\2", (void *) \&\2},/p'\'''
lt_cv_sys_global_symbol_to_cdecl='sed -n -e '\''s/^T .* \(.*\)$/extern int \1();/p'\'' -e '\''s/^[ABCDGIRSTW]* .* \(.*\)$/extern char \1;/p'\'''
lt_cv_sys_max_cmd_len=3458764513820540925

## ----------------- ##
## Output variables. ##
## ----------------- ##

ACLOCAL='${SHELL} /home/frank/OLDTRUNK/eid-mw/build-aux/missing --run aclocal-1.11'
AMDEPBACKSLASH='\'
AMDEP_FALSE='#'
AMDEP_TRUE=''
AMTAR='${SHELL} /home/frank/OLDTRUNK/eid-mw/build-aux/missing --run tar'
AR='i686-w64-mingw32-ar'
AUTOCONF='${SHELL} /home/frank/OLDTRUNK/eid-mw/build-aux/missing --run autoconf'
AUTOHEADER='${SHELL} /home/frank/OLDTRUNK/eid-mw/build-aux/missing --run autoheader'
AUTOMAKE='${SHELL} /home/frank/OLDTRUNK/eid-mw/build-aux/missing --run automake-1.11'
AWK='gawk'
CC='i686-w64-mingw32-gcc'
CCDEPMODE='depmode=none'
CFLAGS='-g -O2'
CPP='i686-w64-mingw32-gcc -E'
CPPFLAGS=''
CXX='i686-w64-mingw32-g++'
CXXCPP='i686-w64-mingw32-g++ -E'
CXXDEPMODE='depmode=none'
CXXFLAGS='-g -O2'
CYGPATH_W='echo'
DEFS='-DHAVE_CONFIG_H'
DEPDIR='.deps'
DSYMUTIL=''
DUMPBIN=''
ECHO_C=''
ECHO_N='-n'
ECHO_T=''
EGREP='/bin/grep -E'
EXEEXT='.exe'
FGREP='/bin/grep -F'
GREP='/bin/grep'
INSTALL_DATA='${INSTALL} -m 644'
INSTALL_PROGRAM='${INSTALL}'
INSTALL_SCRIPT='${INSTALL}'
INSTALL_STRIP_PROGRAM='$(install_sh) -c -s'
LD='/home/frank/w32/i686-w64-mingw32/bin/ld'
LDFLAGS=''
LIBOBJS=' ${LIBOBJDIR}error$U.o ${LIBOBJDIR}malloc$U.o ${LIBOBJDIR}realloc$U.o'
LIBS=''
LIBTOOL='$(SHELL) $(top_builddir)/libtool'
LIPO=''
LN_S='ln -s'
LTLIBOBJS=' ${LIBOBJDIR}error$U.lo ${LIBOBJDIR}malloc$U.lo ${LIBOBJDIR}realloc$U.lo'
MAKEINFO='${SHELL} /home/frank/OLDTRUNK/eid-mw/build-aux/missing --run makeinfo'
MKDIR_P='/bin/mkdir -p'
NM='/home/frank/w32/bin/i686-w64-mingw32-nm -B'
NMEDIT=''
OBJDUMP='i686-w64-mingw32-objdump'
OBJEXT='o'
OTOOL64=''
OTOOL=''
PACKAGE='eid-mw'
PACKAGE_BUGREPORT='servicedesk@fedict.be'
PACKAGE_NAME='eid-mw'
PACKAGE_STRING='eid-mw 0.0.1'
PACKAGE_TARNAME='eid-mw'
PACKAGE_URL=''
PACKAGE_VERSION='0.0.1'
PATH_SEPARATOR=':'
RANLIB='i686-w64-mingw32-ranlib'
SED='/bin/sed'
SET_MAKE=''
SHELL='/bin/sh'
STRIP='i686-w64-mingw32-strip'
VERSION='0.0.1'
ac_ct_CC=''
ac_ct_CXX=''
ac_ct_DUMPBIN=''
am__EXEEXT_FALSE='#'
am__EXEEXT_TRUE=''
am__fastdepCC_FALSE=''
am__fastdepCC_TRUE='#'
am__fastdepCXX_FALSE=''
am__fastdepCXX_TRUE='#'
am__include='include'
am__isrc=''
am__leading_dot='.'
am__quote=''
am__tar='${AMTAR} chof - "$$tardir"'
am__untar='${AMTAR} xf -'
bindir='${exec_prefix}/bin'
build='x86_64-unknown-linux-gnu'
build_alias=''
build_cpu='x86_64'
build_os='linux-gnu'
build_vendor='unknown'
datadir='${datarootdir}'
datarootdir='${prefix}/share'
docdir='${datarootdir}/doc/${PACKAGE_TARNAME}'
dvidir='${docdir}'
exec_prefix='${prefix}'
host='i686-w64-mingw32'
host_alias='i686-w64-mingw32'
host_cpu='i686'
host_os='mingw32'
host_vendor='w64'
htmldir='${docdir}'
includedir='${prefix}/include'
infodir='${datarootdir}/info'
install_sh='${SHELL} /home/frank/OLDTRUNK/eid-mw/build-aux/install-sh'
libdir='${exec_prefix}/lib'
libexecdir='${exec_prefix}/libexec'
localedir='${datarootdir}/locale'
localstatedir='${prefix}/var'
mandir='${datarootdir}/man'
mkdir_p='/bin/mkdir -p'
oldincludedir='/usr/include'
pdfdir='${docdir}'
prefix=''
program_transform_name='s,x,x,'
psdir='${docdir}'
sbindir='${exec_prefix}/sbin'
sharedstatedir='${prefix}/com'
subdirs=' common dialogs cardlayer pkcs11'
sysconfdir='${prefix}/etc'
target_alias=''

## ----------- ##
## confdefs.h. ##
## ----------- ##

/* confdefs.h */
#define PACKAGE_NAME "eid-mw"
#define PACKAGE_TARNAME "eid-mw"
#define PACKAGE_VERSION "0.0.1"
#define PACKAGE_STRING "eid-mw 0.0.1"
#define PACKAGE_BUGREPORT "servicedesk@fedict.be"
#define PACKAGE_URL ""
#define STDC_HEADERS 1
#define HAVE_SYS_TYPES_H 1
#define HAVE_SYS_STAT_H 1
#define HAVE_STDLIB_H 1
#define HAVE_STRING_H 1
#define HAVE_MEMORY_H 1
#define HAVE_STRINGS_H 1
#define HAVE_INTTYPES_H 1
#define HAVE_STDINT_H 1
#define HAVE_UNISTD_H 1
#define HAVE_DLFCN_H 1
#define LT_OBJDIR ".libs/"
#define PACKAGE "eid-mw"
#define VERSION "0.0.1"
#define HAVE_FCNTL_H 1
#define HAVE_FLOAT_H 1
#define HAVE_LIMITS_H 1
#define HAVE_STDLIB_H 1
#define HAVE_STRING_H 1
#define HAVE_SYS_FILE_H 1
#define HAVE_SYS_TIME_H 1
#define HAVE_UNISTD_H 1
#define HAVE_MALLOC_H 1
#define HAVE_MEMORY_H 1
#define HAVE_SYS_TIMEB_H 1
#define HAVE__BOOL 1
#define HAVE_STDBOOL_H 1
#define HAVE_STDLIB_H 1
#define HAVE_MALLOC 0
#define malloc rpl_malloc
#define HAVE_STDLIB_H 1
#define HAVE_REALLOC 0
#define realloc rpl_realloc
#define HAVE_STRERROR 1
#define HAVE_FTIME 1
#define HAVE_MEMCHR 1
#define HAVE_MEMSET 1
#define HAVE_MKDIR 1
#define HAVE_STRCHR 1
#define HAVE_STRDUP 1
#define HAVE_STRERROR 1
#define HAVE_STRNCASECMP 1
#define HAVE_STRRCHR 1
#define HAVE_STRSTR 1
#define HAVE_STRTOL 1
#define HAVE_STRTOUL 1

configure: exit 0

## ---------------------- ##
## Running config.status. ##
## ---------------------- ##

This file was extended by eid-mw config.status 0.0.1, which was
generated by GNU Autoconf 2.65.  Invocation command line was

  CONFIG_FILES    = 
  CONFIG_HEADERS  = 
  CONFIG_LINKS    = 
  CONFIG_COMMANDS = 
  $ ./config.status 

on eridu

config.status:1181: creating Makefile
config.status:1181: creating config.h
config.status:1353: config.h is unchanged
config.status:1401: executing libtool commands
config.status:1401: executing depfiles commands
