This file contains any messages produced by compilers while
running configure, to aid debugging if configure makes a mistake.

It was created by diagengine configure 3.5.3, which was
generated by GNU Autoconf 2.66.  Invocation command line was

  $ ./configure 

## --------- ##
## Platform. ##
## --------- ##

hostname = eridu
uname -m = x86_64
uname -r = 2.6.34-ARCH
uname -s = Linux
uname -v = #1 SMP PREEMPT Mon Jul 5 22:12:11 CEST 2010

/usr/bin/uname -p = unknown
/bin/uname -X     = unknown

/bin/arch              = x86_64
/usr/bin/arch -k       = unknown
/usr/convex/getsysinfo = unknown
/usr/bin/hostinfo      = unknown
/bin/machine           = unknown
/usr/bin/oslevel       = unknown
/bin/universe          = unknown

PATH: /home/frank/w32/bin
PATH: /home/frank/w64/bin
PATH: /home/frank/bin
PATH: /bin
PATH: /usr/bin
PATH: /sbin
PATH: /usr/sbin
PATH: /opt/java/bin
PATH: /opt/java/jre/bin
PATH: /opt/maven/bin
PATH: /usr/bin/perlbin/site
PATH: /usr/bin/perlbin/vendor
PATH: /usr/bin/perlbin/core
PATH: /opt/qt/bin


## ----------- ##
## Core tests. ##
## ----------- ##

configure:2311: checking for a BSD-compatible install
configure:2379: result: /bin/install -c
configure:2390: checking whether build environment is sane
configure:2440: result: yes
configure:2581: checking for a thread-safe mkdir -p
configure:2620: result: /bin/mkdir -p
configure:2633: checking for gawk
configure:2649: found /bin/gawk
configure:2660: result: gawk
configure:2671: checking whether make sets $(MAKE)
configure:2693: result: yes
configure:2777: checking build system type
configure:2791: result: x86_64-unknown-linux-gnu
configure:2811: checking host system type
configure:2824: result: x86_64-unknown-linux-gnu
configure:2890: checking how to print strings
configure:2917: result: printf
configure:2950: checking for style of include used by make
configure:2978: result: GNU
configure:3048: checking for gcc
configure:3064: found /usr/bin/gcc
configure:3075: result: gcc
configure:3304: checking for C compiler version
configure:3313: gcc --version >&5
gcc (GCC) 4.5.0 20100610 (prerelease)
Copyright (C) 2010 Free Software Foundation, Inc.
This is free software; see the source for copying conditions.  There is NO
warranty; not even for MERCHANTABILITY or FITNESS FOR A PARTICULAR PURPOSE.

configure:3324: $? = 0
configure:3313: gcc -v >&5
Using built-in specs.
COLLECT_GCC=gcc
COLLECT_LTO_WRAPPER=/usr/lib/gcc/x86_64-unknown-linux-gnu/4.5.0/lto-wrapper
Target: x86_64-unknown-linux-gnu
Configured with: ../configure --prefix=/usr --enable-languages=c,c++,fortran,objc,obj-c++,ada --enable-shared --enable-threads=posix --enable-__cxa_atexit --enable-clocale=gnu --enable-gnu-unique-object --enable-lto --enable-plugin --disable-multilib --disable-libstdcxx-pch --with-system-zlib --with-ppl --with-cloog --libdir=/usr/lib --libexecdir=/usr/lib --mandir=/usr/share/man --infodir=/usr/share/info
Thread model: posix
gcc version 4.5.0 20100610 (prerelease) (GCC) 
configure:3324: $? = 0
configure:3313: gcc -V >&5
gcc: '-V' option must have argument
configure:3324: $? = 1
configure:3313: gcc -qversion >&5
gcc: unrecognized option '-qversion'
gcc: no input files
configure:3324: $? = 1
configure:3344: checking whether the C compiler works
configure:3366: gcc    conftest.c  >&5
configure:3370: $? = 0
configure:3418: result: yes
configure:3421: checking for C compiler default output file name
configure:3423: result: a.out
configure:3429: checking for suffix of executables
configure:3436: gcc -o conftest    conftest.c  >&5
configure:3440: $? = 0
configure:3462: result: 
configure:3484: checking whether we are cross compiling
configure:3492: gcc -o conftest    conftest.c  >&5
configure:3496: $? = 0
configure:3503: ./conftest
configure:3507: $? = 0
configure:3522: result: no
configure:3527: checking for suffix of object files
configure:3549: gcc -c   conftest.c >&5
configure:3553: $? = 0
configure:3574: result: o
configure:3578: checking whether we are using the GNU C compiler
configure:3597: gcc -c   conftest.c >&5
configure:3597: $? = 0
configure:3606: result: yes
configure:3615: checking whether gcc accepts -g
configure:3635: gcc -c -g  conftest.c >&5
configure:3635: $? = 0
configure:3676: result: yes
configure:3693: checking for gcc option to accept ISO C89
configure:3757: gcc  -c -g -O2  conftest.c >&5
configure:3757: $? = 0
configure:3770: result: none needed
configure:3792: checking dependency style of gcc
configure:3902: result: gcc3
configure:3917: checking for a sed that does not truncate output
configure:3981: result: /bin/sed
configure:3999: checking for grep that handles long lines and -e
configure:4057: result: /bin/grep
configure:4062: checking for egrep
configure:4124: result: /bin/grep -E
configure:4129: checking for fgrep
configure:4191: result: /bin/grep -F
configure:4226: checking for ld used by gcc
configure:4293: result: /usr/bin/ld
configure:4300: checking if the linker (/usr/bin/ld) is GNU ld
configure:4315: result: yes
configure:4327: checking for BSD- or MS-compatible name lister (nm)
configure:4376: result: /usr/bin/nm -B
configure:4506: checking the name lister (/usr/bin/nm -B) interface
configure:4513: gcc -c -g -O2  conftest.c >&5
configure:4516: /usr/bin/nm -B "conftest.o"
configure:4519: output
0000000000000000 B some_variable
configure:4526: result: BSD nm
configure:4529: checking whether ln -s works
configure:4533: result: yes
configure:4541: checking the maximum length of command line arguments
configure:4666: result: 1572864
configure:4683: checking whether the shell understands some XSI constructs
configure:4693: result: yes
configure:4697: checking whether the shell understands "+="
configure:4703: result: yes
configure:4738: checking for /usr/bin/ld option to reload object files
configure:4745: result: -r
configure:4814: checking for objdump
configure:4830: found /usr/bin/objdump
configure:4841: result: objdump
configure:4873: checking how to recognize dependent libraries
configure:5075: result: pass_all
configure:5135: checking for ar
configure:5151: found /usr/bin/ar
configure:5162: result: ar
configure:5240: checking for strip
configure:5256: found /usr/bin/strip
configure:5267: result: strip
configure:5339: checking for ranlib
configure:5355: found /usr/bin/ranlib
configure:5366: result: ranlib
configure:5468: checking command to parse /usr/bin/nm -B output from gcc object
configure:5586: gcc -c -g -O2  conftest.c >&5
configure:5589: $? = 0
configure:5593: /usr/bin/nm -B conftest.o \| sed -n -e 's/^.*[ ]\([ABCDGIRSTW][ABCDGIRSTW]*\)[ ][ ]*\([_A-Za-z][_A-Za-z0-9]*\)$/\1 \2 \2/p' \> conftest.nm
configure:5596: $? = 0
configure:5650: gcc -o conftest -g -O2   conftest.c conftstm.o >&5
configure:5653: $? = 0
configure:5691: result: ok
configure:5787: gcc -c -g -O2  conftest.c >&5
configure:5790: $? = 0
configure:6532: checking how to run the C preprocessor
configure:6563: gcc -E  conftest.c
configure:6563: $? = 0
configure:6577: gcc -E  conftest.c
conftest.c:11:28: fatal error: ac_nonexistent.h: No such file or directory
compilation terminated.
configure:6577: $? = 1
configure: failed program was:
| /* confdefs.h */
| #define PACKAGE_NAME "diagengine"
| #define PACKAGE_TARNAME "diagengine"
| #define PACKAGE_VERSION "3.5.3"
| #define PACKAGE_STRING "diagengine 3.5.3"
| #define PACKAGE_BUGREPORT "servicedesk@fedict.be"
| #define PACKAGE_URL ""
| #define PACKAGE "diagengine"
| #define VERSION "3.5.3"
| /* end confdefs.h.  */
| #include <ac_nonexistent.h>
configure:6602: result: gcc -E
configure:6622: gcc -E  conftest.c
configure:6622: $? = 0
configure:6636: gcc -E  conftest.c
conftest.c:11:28: fatal error: ac_nonexistent.h: No such file or directory
compilation terminated.
configure:6636: $? = 1
configure: failed program was:
| /* confdefs.h */
| #define PACKAGE_NAME "diagengine"
| #define PACKAGE_TARNAME "diagengine"
| #define PACKAGE_VERSION "3.5.3"
| #define PACKAGE_STRING "diagengine 3.5.3"
| #define PACKAGE_BUGREPORT "servicedesk@fedict.be"
| #define PACKAGE_URL ""
| #define PACKAGE "diagengine"
| #define VERSION "3.5.3"
| /* end confdefs.h.  */
| #include <ac_nonexistent.h>
configure:6665: checking for ANSI C header files
configure:6685: gcc -c -g -O2  conftest.c >&5
configure:6685: $? = 0
configure:6758: gcc -o conftest -g -O2   conftest.c  >&5
configure:6758: $? = 0
configure:6758: ./conftest
configure:6758: $? = 0
configure:6769: result: yes
configure:6782: checking for sys/types.h
configure:6782: gcc -c -g -O2  conftest.c >&5
configure:6782: $? = 0
configure:6782: result: yes
configure:6782: checking for sys/stat.h
configure:6782: gcc -c -g -O2  conftest.c >&5
configure:6782: $? = 0
configure:6782: result: yes
configure:6782: checking for stdlib.h
configure:6782: gcc -c -g -O2  conftest.c >&5
configure:6782: $? = 0
configure:6782: result: yes
configure:6782: checking for string.h
configure:6782: gcc -c -g -O2  conftest.c >&5
configure:6782: $? = 0
configure:6782: result: yes
configure:6782: checking for memory.h
configure:6782: gcc -c -g -O2  conftest.c >&5
configure:6782: $? = 0
configure:6782: result: yes
configure:6782: checking for strings.h
configure:6782: gcc -c -g -O2  conftest.c >&5
configure:6782: $? = 0
configure:6782: result: yes
configure:6782: checking for inttypes.h
configure:6782: gcc -c -g -O2  conftest.c >&5
configure:6782: $? = 0
configure:6782: result: yes
configure:6782: checking for stdint.h
configure:6782: gcc -c -g -O2  conftest.c >&5
configure:6782: $? = 0
configure:6782: result: yes
configure:6782: checking for unistd.h
configure:6782: gcc -c -g -O2  conftest.c >&5
configure:6782: $? = 0
configure:6782: result: yes
configure:6796: checking for dlfcn.h
configure:6796: gcc -c -g -O2  conftest.c >&5
configure:6796: $? = 0
configure:6796: result: yes
configure:6983: checking for objdir
configure:6998: result: .libs
configure:7269: checking if gcc supports -fno-rtti -fno-exceptions
configure:7287: gcc -c -g -O2  -fno-rtti -fno-exceptions conftest.c >&5
cc1: warning: command line option "-fno-rtti" is valid for C++/ObjC++ but not for C
configure:7291: $? = 0
configure:7304: result: no
configure:7324: checking for gcc option to produce PIC
configure:7609: result: -fPIC -DPIC
configure:7621: checking if gcc PIC flag -fPIC -DPIC works
configure:7639: gcc -c -g -O2  -fPIC -DPIC -DPIC conftest.c >&5
configure:7643: $? = 0
configure:7656: result: yes
configure:7680: checking if gcc static flag -static works
configure:7708: result: yes
configure:7723: checking if gcc supports -c -o file.o
configure:7744: gcc -c -g -O2  -o out/conftest2.o conftest.c >&5
configure:7748: $? = 0
configure:7770: result: yes
configure:7778: checking if gcc supports -c -o file.o
configure:7825: result: yes
configure:7858: checking whether the gcc linker (/usr/bin/ld -m elf_x86_64) supports shared libraries
configure:8933: result: yes
configure:8970: checking whether -lc should be explicitly linked in
configure:8978: gcc -c -g -O2  conftest.c >&5
configure:8981: $? = 0
configure:8996: gcc -shared conftest.o  -v -Wl,-soname -Wl,conftest -o conftest 2\>\&1 \| /bin/grep  -lc  \>/dev/null 2\>\&1
configure:8999: $? = 0
configure:9013: result: no
configure:9178: checking dynamic linker characteristics
configure:9633: gcc -o conftest -g -O2   -Wl,-rpath -Wl,/foo conftest.c  >&5
configure:9633: $? = 0
configure:9855: result: GNU/Linux ld.so
configure:9962: checking how to hardcode library paths into programs
configure:9987: result: immediate
configure:10527: checking whether stripping libraries is possible
configure:10532: result: yes
configure:10567: checking if libtool supports shared libraries
configure:10569: result: yes
configure:10572: checking whether to build shared libraries
configure:10593: result: yes
configure:10596: checking whether to build static libraries
configure:10600: result: yes
configure:10695: checking for g++
configure:10711: found /usr/bin/g++
configure:10722: result: g++
configure:10749: checking for C++ compiler version
configure:10758: g++ --version >&5
g++ (GCC) 4.5.0 20100610 (prerelease)
Copyright (C) 2010 Free Software Foundation, Inc.
This is free software; see the source for copying conditions.  There is NO
warranty; not even for MERCHANTABILITY or FITNESS FOR A PARTICULAR PURPOSE.

configure:10769: $? = 0
configure:10758: g++ -v >&5
Using built-in specs.
COLLECT_GCC=g++
COLLECT_LTO_WRAPPER=/usr/lib/gcc/x86_64-unknown-linux-gnu/4.5.0/lto-wrapper
Target: x86_64-unknown-linux-gnu
Configured with: ../configure --prefix=/usr --enable-languages=c,c++,fortran,objc,obj-c++,ada --enable-shared --enable-threads=posix --enable-__cxa_atexit --enable-clocale=gnu --enable-gnu-unique-object --enable-lto --enable-plugin --disable-multilib --disable-libstdcxx-pch --with-system-zlib --with-ppl --with-cloog --libdir=/usr/lib --libexecdir=/usr/lib --mandir=/usr/share/man --infodir=/usr/share/info
Thread model: posix
gcc version 4.5.0 20100610 (prerelease) (GCC) 
configure:10769: $? = 0
configure:10758: g++ -V >&5
g++: '-V' option must have argument
configure:10769: $? = 1
configure:10758: g++ -qversion >&5
g++: unrecognized option '-qversion'
g++: no input files
configure:10769: $? = 1
configure:10773: checking whether we are using the GNU C++ compiler
configure:10792: g++ -c   conftest.cpp >&5
configure:10792: $? = 0
configure:10801: result: yes
configure:10810: checking whether g++ accepts -g
configure:10830: g++ -c -g  conftest.cpp >&5
configure:10830: $? = 0
configure:10871: result: yes
configure:10896: checking dependency style of g++
configure:11006: result: gcc3
configure:11029: checking how to run the C++ preprocessor
configure:11056: g++ -E  conftest.cpp
configure:11056: $? = 0
configure:11070: g++ -E  conftest.cpp
conftest.cpp:23:28: fatal error: ac_nonexistent.h: No such file or directory
compilation terminated.
configure:11070: $? = 1
configure: failed program was:
| /* confdefs.h */
| #define PACKAGE_NAME "diagengine"
| #define PACKAGE_TARNAME "diagengine"
| #define PACKAGE_VERSION "3.5.3"
| #define PACKAGE_STRING "diagengine 3.5.3"
| #define PACKAGE_BUGREPORT "servicedesk@fedict.be"
| #define PACKAGE_URL ""
| #define PACKAGE "diagengine"
| #define VERSION "3.5.3"
| #define STDC_HEADERS 1
| #define HAVE_SYS_TYPES_H 1
| #define HAVE_SYS_STAT_H 1
| #define HAVE_STDLIB_H 1
| #define HAVE_STRING_H 1
| #define HAVE_MEMORY_H 1
| #define HAVE_STRINGS_H 1
| #define HAVE_INTTYPES_H 1
| #define HAVE_STDINT_H 1
| #define HAVE_UNISTD_H 1
| #define HAVE_DLFCN_H 1
| #define LT_OBJDIR ".libs/"
| /* end confdefs.h.  */
| #include <ac_nonexistent.h>
configure:11095: result: g++ -E
configure:11115: g++ -E  conftest.cpp
configure:11115: $? = 0
configure:11129: g++ -E  conftest.cpp
conftest.cpp:23:28: fatal error: ac_nonexistent.h: No such file or directory
compilation terminated.
configure:11129: $? = 1
configure: failed program was:
| /* confdefs.h */
| #define PACKAGE_NAME "diagengine"
| #define PACKAGE_TARNAME "diagengine"
| #define PACKAGE_VERSION "3.5.3"
| #define PACKAGE_STRING "diagengine 3.5.3"
| #define PACKAGE_BUGREPORT "servicedesk@fedict.be"
| #define PACKAGE_URL ""
| #define PACKAGE "diagengine"
| #define VERSION "3.5.3"
| #define STDC_HEADERS 1
| #define HAVE_SYS_TYPES_H 1
| #define HAVE_SYS_STAT_H 1
| #define HAVE_STDLIB_H 1
| #define HAVE_STRING_H 1
| #define HAVE_MEMORY_H 1
| #define HAVE_STRINGS_H 1
| #define HAVE_INTTYPES_H 1
| #define HAVE_STDINT_H 1
| #define HAVE_UNISTD_H 1
| #define HAVE_DLFCN_H 1
| #define LT_OBJDIR ".libs/"
| /* end confdefs.h.  */
| #include <ac_nonexistent.h>
configure:11297: checking for ld used by g++
configure:11364: result: /usr/bin/ld -m elf_x86_64
configure:11371: checking if the linker (/usr/bin/ld -m elf_x86_64) is GNU ld
configure:11386: result: yes
configure:11441: checking whether the g++ linker (/usr/bin/ld -m elf_x86_64) supports shared libraries
configure:12373: result: yes
configure:12401: g++ -c -g -O2  conftest.cpp >&5
configure:12404: $? = 0
configure:12586: checking for g++ option to produce PIC
configure:12908: result: -fPIC -DPIC
configure:12917: checking if g++ PIC flag -fPIC -DPIC works
configure:12935: g++ -c -g -O2  -fPIC -DPIC -DPIC conftest.cpp >&5
configure:12939: $? = 0
configure:12952: result: yes
configure:12973: checking if g++ static flag -static works
configure:13001: result: yes
configure:13013: checking if g++ supports -c -o file.o
configure:13034: g++ -c -g -O2  -o out/conftest2.o conftest.cpp >&5
configure:13038: $? = 0
configure:13060: result: yes
configure:13065: checking if g++ supports -c -o file.o
configure:13112: result: yes
configure:13142: checking whether the g++ linker (/usr/bin/ld -m elf_x86_64) supports shared libraries
configure:13170: result: yes
configure:13313: checking dynamic linker characteristics
configure:13924: result: GNU/Linux ld.so
configure:13977: checking how to hardcode library paths into programs
configure:14002: result: immediate
configure:14089: checking for gcc
configure:14116: result: gcc
configure:14345: checking for C compiler version
configure:14354: gcc --version >&5
gcc (GCC) 4.5.0 20100610 (prerelease)
Copyright (C) 2010 Free Software Foundation, Inc.
This is free software; see the source for copying conditions.  There is NO
warranty; not even for MERCHANTABILITY or FITNESS FOR A PARTICULAR PURPOSE.

configure:14365: $? = 0
configure:14354: gcc -v >&5
Using built-in specs.
COLLECT_GCC=gcc
COLLECT_LTO_WRAPPER=/usr/lib/gcc/x86_64-unknown-linux-gnu/4.5.0/lto-wrapper
Target: x86_64-unknown-linux-gnu
Configured with: ../configure --prefix=/usr --enable-languages=c,c++,fortran,objc,obj-c++,ada --enable-shared --enable-threads=posix --enable-__cxa_atexit --enable-clocale=gnu --enable-gnu-unique-object --enable-lto --enable-plugin --disable-multilib --disable-libstdcxx-pch --with-system-zlib --with-ppl --with-cloog --libdir=/usr/lib --libexecdir=/usr/lib --mandir=/usr/share/man --infodir=/usr/share/info
Thread model: posix
gcc version 4.5.0 20100610 (prerelease) (GCC) 
configure:14365: $? = 0
configure:14354: gcc -V >&5
gcc: '-V' option must have argument
configure:14365: $? = 1
configure:14354: gcc -qversion >&5
gcc: unrecognized option '-qversion'
gcc: no input files
configure:14365: $? = 1
configure:14369: checking whether we are using the GNU C compiler
configure:14397: result: yes
configure:14406: checking whether gcc accepts -g
configure:14467: result: yes
configure:14484: checking for gcc option to accept ISO C89
configure:14561: result: none needed
configure:14583: checking dependency style of gcc
configure:14693: result: gcc3
configure:14723: checking for stdbool.h that conforms to C99
configure:14808: gcc -c -g -O2  conftest.c >&5
configure:14808: $? = 0
configure:14815: result: yes
configure:14817: checking for _Bool
configure:14817: gcc -c -g -O2  conftest.c >&5
configure:14817: $? = 0
configure:14817: gcc -c -g -O2  conftest.c >&5
conftest.c: In function 'main':
conftest.c:59:20: error: expected expression before ')' token
configure:14817: $? = 1
configure: failed program was:
| /* confdefs.h */
| #define PACKAGE_NAME "diagengine"
| #define PACKAGE_TARNAME "diagengine"
| #define PACKAGE_VERSION "3.5.3"
| #define PACKAGE_STRING "diagengine 3.5.3"
| #define PACKAGE_BUGREPORT "servicedesk@fedict.be"
| #define PACKAGE_URL ""
| #define PACKAGE "diagengine"
| #define VERSION "3.5.3"
| #define STDC_HEADERS 1
| #define HAVE_SYS_TYPES_H 1
| #define HAVE_SYS_STAT_H 1
| #define HAVE_STDLIB_H 1
| #define HAVE_STRING_H 1
| #define HAVE_MEMORY_H 1
| #define HAVE_STRINGS_H 1
| #define HAVE_INTTYPES_H 1
| #define HAVE_STDINT_H 1
| #define HAVE_UNISTD_H 1
| #define HAVE_DLFCN_H 1
| #define LT_OBJDIR ".libs/"
| /* end confdefs.h.  */
| #include <stdio.h>
| #ifdef HAVE_SYS_TYPES_H
| # include <sys/types.h>
| #endif
| #ifdef HAVE_SYS_STAT_H
| # include <sys/stat.h>
| #endif
| #ifdef STDC_HEADERS
| # include <stdlib.h>
| # include <stddef.h>
| #else
| # ifdef HAVE_STDLIB_H
| #  include <stdlib.h>
| # endif
| #endif
| #ifdef HAVE_STRING_H
| # if !defined STDC_HEADERS && defined HAVE_MEMORY_H
| #  include <memory.h>
| # endif
| # include <string.h>
| #endif
| #ifdef HAVE_STRINGS_H
| # include <strings.h>
| #endif
| #ifdef HAVE_INTTYPES_H
| # include <inttypes.h>
| #endif
| #ifdef HAVE_STDINT_H
| # include <stdint.h>
| #endif
| #ifdef HAVE_UNISTD_H
| # include <unistd.h>
| #endif
| int
| main ()
| {
| if (sizeof ((_Bool)))
| 	    return 0;
|   ;
|   return 0;
| }
configure:14817: result: yes
configure:14833: checking for size_t
configure:14833: gcc -c -g -O2  conftest.c >&5
configure:14833: $? = 0
configure:14833: gcc -c -g -O2  conftest.c >&5
conftest.c: In function 'main':
conftest.c:61:21: error: expected expression before ')' token
configure:14833: $? = 1
configure: failed program was:
| /* confdefs.h */
| #define PACKAGE_NAME "diagengine"
| #define PACKAGE_TARNAME "diagengine"
| #define PACKAGE_VERSION "3.5.3"
| #define PACKAGE_STRING "diagengine 3.5.3"
| #define PACKAGE_BUGREPORT "servicedesk@fedict.be"
| #define PACKAGE_URL ""
| #define PACKAGE "diagengine"
| #define VERSION "3.5.3"
| #define STDC_HEADERS 1
| #define HAVE_SYS_TYPES_H 1
| #define HAVE_SYS_STAT_H 1
| #define HAVE_STDLIB_H 1
| #define HAVE_STRING_H 1
| #define HAVE_MEMORY_H 1
| #define HAVE_STRINGS_H 1
| #define HAVE_INTTYPES_H 1
| #define HAVE_STDINT_H 1
| #define HAVE_UNISTD_H 1
| #define HAVE_DLFCN_H 1
| #define LT_OBJDIR ".libs/"
| #define HAVE__BOOL 1
| #define HAVE_STDBOOL_H 1
| /* end confdefs.h.  */
| #include <stdio.h>
| #ifdef HAVE_SYS_TYPES_H
| # include <sys/types.h>
| #endif
| #ifdef HAVE_SYS_STAT_H
| # include <sys/stat.h>
| #endif
| #ifdef STDC_HEADERS
| # include <stdlib.h>
| # include <stddef.h>
| #else
| # ifdef HAVE_STDLIB_H
| #  include <stdlib.h>
| # endif
| #endif
| #ifdef HAVE_STRING_H
| # if !defined STDC_HEADERS && defined HAVE_MEMORY_H
| #  include <memory.h>
| # endif
| # include <string.h>
| #endif
| #ifdef HAVE_STRINGS_H
| # include <strings.h>
| #endif
| #ifdef HAVE_INTTYPES_H
| # include <inttypes.h>
| #endif
| #ifdef HAVE_STDINT_H
| # include <stdint.h>
| #endif
| #ifdef HAVE_UNISTD_H
| # include <unistd.h>
| #endif
| int
| main ()
| {
| if (sizeof ((size_t)))
| 	    return 0;
|   ;
|   return 0;
| }
configure:14833: result: yes
configure:14976: creating ./config.status

## ---------------------- ##
## Running config.status. ##
## ---------------------- ##

This file was extended by diagengine config.status 3.5.3, which was
generated by GNU Autoconf 2.66.  Invocation command line was

  CONFIG_FILES    = 
  CONFIG_HEADERS  = 
  CONFIG_LINKS    = 
  CONFIG_COMMANDS = 
  $ ./config.status 

on eridu

config.status:1131: creating Makefile
config.status:1131: creating config.h
config.status:1311: config.h is unchanged
config.status:1359: executing depfiles commands
config.status:1359: executing libtool commands

## ---------------- ##
## Cache variables. ##
## ---------------- ##

ac_cv_build=x86_64-unknown-linux-gnu
ac_cv_c_compiler_gnu=yes
ac_cv_cxx_compiler_gnu=yes
ac_cv_env_CCC_set=
ac_cv_env_CCC_value=
ac_cv_env_CC_set=
ac_cv_env_CC_value=
ac_cv_env_CFLAGS_set=
ac_cv_env_CFLAGS_value=
ac_cv_env_CPPFLAGS_set=
ac_cv_env_CPPFLAGS_value=
ac_cv_env_CPP_set=
ac_cv_env_CPP_value=
ac_cv_env_CXXCPP_set=
ac_cv_env_CXXCPP_value=
ac_cv_env_CXXFLAGS_set=
ac_cv_env_CXXFLAGS_value=
ac_cv_env_CXX_set=
ac_cv_env_CXX_value=
ac_cv_env_LDFLAGS_set=
ac_cv_env_LDFLAGS_value=
ac_cv_env_LIBS_set=
ac_cv_env_LIBS_value=
ac_cv_env_build_alias_set=
ac_cv_env_build_alias_value=
ac_cv_env_host_alias_set=
ac_cv_env_host_alias_value=
ac_cv_env_target_alias_set=
ac_cv_env_target_alias_value=
ac_cv_header_dlfcn_h=yes
ac_cv_header_inttypes_h=yes
ac_cv_header_memory_h=yes
ac_cv_header_stdbool_h=yes
ac_cv_header_stdc=yes
ac_cv_header_stdint_h=yes
ac_cv_header_stdlib_h=yes
ac_cv_header_string_h=yes
ac_cv_header_strings_h=yes
ac_cv_header_sys_stat_h=yes
ac_cv_header_sys_types_h=yes
ac_cv_header_unistd_h=yes
ac_cv_host=x86_64-unknown-linux-gnu
ac_cv_objext=o
ac_cv_path_EGREP='/bin/grep -E'
ac_cv_path_FGREP='/bin/grep -F'
ac_cv_path_GREP=/bin/grep
ac_cv_path_SED=/bin/sed
ac_cv_path_install='/bin/install -c'
ac_cv_path_mkdir=/bin/mkdir
ac_cv_prog_AWK=gawk
ac_cv_prog_CPP='gcc -E'
ac_cv_prog_CXXCPP='g++ -E'
ac_cv_prog_ac_ct_AR=ar
ac_cv_prog_ac_ct_CC=gcc
ac_cv_prog_ac_ct_CXX=g++
ac_cv_prog_ac_ct_OBJDUMP=objdump
ac_cv_prog_ac_ct_RANLIB=ranlib
ac_cv_prog_ac_ct_STRIP=strip
ac_cv_prog_cc_c89=
ac_cv_prog_cc_g=yes
ac_cv_prog_cxx_g=yes
ac_cv_prog_make_make_set=yes
ac_cv_type__Bool=yes
ac_cv_type_size_t=yes
am_cv_CC_dependencies_compiler_type=gcc3
am_cv_CXX_dependencies_compiler_type=gcc3
lt_cv_archive_cmds_need_lc=no
lt_cv_deplibs_check_method=pass_all
lt_cv_file_magic_cmd='$MAGIC_CMD'
lt_cv_file_magic_test_file=
lt_cv_ld_reload_flag=-r
lt_cv_nm_interface='BSD nm'
lt_cv_objdir=.libs
lt_cv_path_LD=/usr/bin/ld
lt_cv_path_LDCXX='/usr/bin/ld -m elf_x86_64'
lt_cv_path_NM='/usr/bin/nm -B'
lt_cv_prog_compiler_c_o=yes
lt_cv_prog_compiler_c_o_CXX=yes
lt_cv_prog_compiler_pic_works=yes
lt_cv_prog_compiler_pic_works_CXX=yes
lt_cv_prog_compiler_rtti_exceptions=no
lt_cv_prog_compiler_static_works=yes
lt_cv_prog_compiler_static_works_CXX=yes
lt_cv_prog_gnu_ld=yes
lt_cv_prog_gnu_ldcxx=yes
lt_cv_shlibpath_overrides_runpath=no
lt_cv_sys_global_symbol_pipe='sed -n -e '\''s/^.*[	 ]\([ABCDGIRSTW][ABCDGIRSTW]*\)[	 ][	 ]*\([_A-Za-z][_A-Za-z0-9]*\)$/\1 \2 \2/p'\'''
lt_cv_sys_global_symbol_to_c_name_address='sed -n -e '\''s/^: \([^ ]*\) $/  {\"\1\", (void *) 0},/p'\'' -e '\''s/^[ABCDGIRSTW]* \([^ ]*\) \([^ ]*\)$/  {"\2", (void *) \&\2},/p'\'''
lt_cv_sys_global_symbol_to_c_name_address_lib_prefix='sed -n -e '\''s/^: \([^ ]*\) $/  {\"\1\", (void *) 0},/p'\'' -e '\''s/^[ABCDGIRSTW]* \([^ ]*\) \(lib[^ ]*\)$/  {"\2", (void *) \&\2},/p'\'' -e '\''s/^[ABCDGIRSTW]* \([^ ]*\) \([^ ]*\)$/  {"lib\2", (void *) \&\2},/p'\'''
lt_cv_sys_global_symbol_to_cdecl='sed -n -e '\''s/^T .* \(.*\)$/extern int \1();/p'\'' -e '\''s/^[ABCDGIRSTW]* .* \(.*\)$/extern char \1;/p'\'''
lt_cv_sys_max_cmd_len=1572864

## ----------------- ##
## Output variables. ##
## ----------------- ##

ACLOCAL='${SHELL} /home/frank/eid-mw/edt/src/diagengine/build-aux/missing --run aclocal-1.11'
AMDEPBACKSLASH='\'
AMDEP_FALSE='#'
AMDEP_TRUE=''
AMTAR='${SHELL} /home/frank/eid-mw/edt/src/diagengine/build-aux/missing --run tar'
AR='ar'
AUTOCONF='${SHELL} /home/frank/eid-mw/edt/src/diagengine/build-aux/missing --run autoconf'
AUTOHEADER='${SHELL} /home/frank/eid-mw/edt/src/diagengine/build-aux/missing --run autoheader'
AUTOMAKE='${SHELL} /home/frank/eid-mw/edt/src/diagengine/build-aux/missing --run automake-1.11'
AWK='gawk'
CC='gcc'
CCDEPMODE='depmode=gcc3'
CFLAGS='-g -O2'
CPP='gcc -E'
CPPFLAGS=''
CXX='g++'
CXXCPP='g++ -E'
CXXDEPMODE='depmode=gcc3'
CXXFLAGS='-g -O2'
CYGPATH_W='echo'
DEFS='-DHAVE_CONFIG_H'
DEPDIR='.deps'
DSYMUTIL=''
DUMPBIN=''
ECHO_C=''
ECHO_N='-n'
ECHO_T=''
EGREP='/bin/grep -E'
EXEEXT=''
FGREP='/bin/grep -F'
GREP='/bin/grep'
INSTALL_DATA='${INSTALL} -m 644'
INSTALL_PROGRAM='${INSTALL}'
INSTALL_SCRIPT='${INSTALL}'
INSTALL_STRIP_PROGRAM='$(install_sh) -c -s'
LD='/usr/bin/ld -m elf_x86_64'
LDFLAGS=''
LIBOBJS=''
LIBS=''
LIBTOOL='$(SHELL) $(top_builddir)/libtool'
LIPO=''
LN_S='ln -s'
LTLIBOBJS=''
MAKEINFO='${SHELL} /home/frank/eid-mw/edt/src/diagengine/build-aux/missing --run makeinfo'
MKDIR_P='/bin/mkdir -p'
NM='/usr/bin/nm -B'
NMEDIT=''
OBJDUMP='objdump'
OBJEXT='o'
OTOOL64=''
OTOOL=''
PACKAGE='diagengine'
PACKAGE_BUGREPORT='servicedesk@fedict.be'
PACKAGE_NAME='diagengine'
PACKAGE_STRING='diagengine 3.5.3'
PACKAGE_TARNAME='diagengine'
PACKAGE_URL=''
PACKAGE_VERSION='3.5.3'
PATH_SEPARATOR=':'
RANLIB='ranlib'
SED='/bin/sed'
SET_MAKE=''
SHELL='/bin/sh'
STRIP='strip'
VERSION='3.5.3'
ac_ct_CC='gcc'
ac_ct_CXX='g++'
ac_ct_DUMPBIN=''
am__EXEEXT_FALSE=''
am__EXEEXT_TRUE='#'
am__fastdepCC_FALSE='#'
am__fastdepCC_TRUE=''
am__fastdepCXX_FALSE='#'
am__fastdepCXX_TRUE=''
am__include='include'
am__isrc=''
am__leading_dot='.'
am__quote=''
am__tar='${AMTAR} chof - "$$tardir"'
am__untar='${AMTAR} xf -'
bindir='${exec_prefix}/bin'
build='x86_64-unknown-linux-gnu'
build_alias=''
build_cpu='x86_64'
build_os='linux-gnu'
build_vendor='unknown'
datadir='${datarootdir}'
datarootdir='${prefix}/share'
docdir='${datarootdir}/doc/${PACKAGE_TARNAME}'
dvidir='${docdir}'
exec_prefix='${prefix}'
host='x86_64-unknown-linux-gnu'
host_alias=''
host_cpu='x86_64'
host_os='linux-gnu'
host_vendor='unknown'
htmldir='${docdir}'
includedir='${prefix}/include'
infodir='${datarootdir}/info'
install_sh='${SHELL} /home/frank/eid-mw/edt/src/diagengine/build-aux/install-sh'
libdir='${exec_prefix}/lib'
libexecdir='${exec_prefix}/libexec'
localedir='${datarootdir}/locale'
localstatedir='${prefix}/var'
mandir='${datarootdir}/man'
mkdir_p='/bin/mkdir -p'
oldincludedir='/usr/include'
pdfdir='${docdir}'
prefix='/usr/local'
program_transform_name='s,x,x,'
psdir='${docdir}'
sbindir='${exec_prefix}/sbin'
sharedstatedir='${prefix}/com'
sysconfdir='${prefix}/etc'
target_alias=''

## ----------- ##
## confdefs.h. ##
## ----------- ##

/* confdefs.h */
#define PACKAGE_NAME "diagengine"
#define PACKAGE_TARNAME "diagengine"
#define PACKAGE_VERSION "3.5.3"
#define PACKAGE_STRING "diagengine 3.5.3"
#define PACKAGE_BUGREPORT "servicedesk@fedict.be"
#define PACKAGE_URL ""
#define PACKAGE "diagengine"
#define VERSION "3.5.3"
#define STDC_HEADERS 1
#define HAVE_SYS_TYPES_H 1
#define HAVE_SYS_STAT_H 1
#define HAVE_STDLIB_H 1
#define HAVE_STRING_H 1
#define HAVE_MEMORY_H 1
#define HAVE_STRINGS_H 1
#define HAVE_INTTYPES_H 1
#define HAVE_STDINT_H 1
#define HAVE_UNISTD_H 1
#define HAVE_DLFCN_H 1
#define LT_OBJDIR ".libs/"
#define HAVE__BOOL 1
#define HAVE_STDBOOL_H 1

configure: exit 0
