This file contains any messages produced by compilers while
running configure, to aid debugging if configure makes a mistake.

It was created by libbeiddialogs configure 0.0.1, which was
generated by GNU Autoconf 2.65.  Invocation command line was

  $ ./configure --disable-option-checking --prefix= --host=i686-w64-mingw32 --with-qt=/data/fedict/Qt/qt/ host_alias=i686-w64-mingw32 --cache-file=/dev/null --srcdir=. --no-create --no-recursion

## --------- ##
## Platform. ##
## --------- ##

hostname = eridu
uname -m = x86_64
uname -r = 2.6.33-ARCH
uname -s = Linux
uname -v = #1 SMP PREEMPT Sun Apr 4 10:27:30 CEST 2010

/usr/bin/uname -p = unknown
/bin/uname -X     = unknown

/bin/arch              = x86_64
/usr/bin/arch -k       = unknown
/usr/convex/getsysinfo = unknown
/usr/bin/hostinfo      = unknown
/bin/machine           = unknown
/usr/bin/oslevel       = unknown
/bin/universe          = unknown

PATH: /home/frank/w32/bin
PATH: /home/frank/w64/bin
PATH: /bin
PATH: /usr/bin
PATH: /sbin
PATH: /usr/sbin
PATH: /usr/bin/perlbin/site
PATH: /usr/bin/perlbin/vendor
PATH: /usr/bin/perlbin/core
PATH: /opt/qt/bin


## ----------- ##
## Core tests. ##
## ----------- ##

configure:2410: checking for a BSD-compatible install
configure:2478: result: /bin/install -c
configure:2489: checking whether build environment is sane
configure:2539: result: yes
configure:2588: checking for i686-w64-mingw32-strip
configure:2604: found /home/frank/w32/bin/i686-w64-mingw32-strip
configure:2615: result: i686-w64-mingw32-strip
configure:2680: checking for a thread-safe mkdir -p
configure:2719: result: /bin/mkdir -p
configure:2732: checking for gawk
configure:2748: found /bin/gawk
configure:2759: result: gawk
configure:2770: checking whether make sets $(MAKE)
configure:2792: result: yes
configure:2876: checking build system type
configure:2890: result: x86_64-unknown-linux-gnu
configure:2910: checking host system type
configure:2923: result: i686-w64-mingw32
configure:2989: checking how to print strings
configure:3016: result: printf
configure:3049: checking for style of include used by make
configure:3077: result: GNU
configure:3107: checking for i686-w64-mingw32-gcc
configure:3123: found /home/frank/w32/bin/i686-w64-mingw32-gcc
configure:3134: result: i686-w64-mingw32-gcc
configure:3403: checking for C compiler version
configure:3412: i686-w64-mingw32-gcc --version >&5
i686-w64-mingw32-gcc (GCC) 4.6.0 20100529 (experimental)
Copyright (C) 2010 Free Software Foundation, Inc.
This is free software; see the source for copying conditions.  There is NO
warranty; not even for MERCHANTABILITY or FITNESS FOR A PARTICULAR PURPOSE.

configure:3423: $? = 0
configure:3412: i686-w64-mingw32-gcc -v >&5
Using built-in specs.
COLLECT_GCC=i686-w64-mingw32-gcc
COLLECT_LTO_WRAPPER=/home/frank/w32/bin/../libexec/gcc/i686-w64-mingw32/4.6.0/lto-wrapper
Target: i686-w64-mingw32
Configured with: ../../../build/gcc/gcc/configure --target=i686-w64-mingw32 --prefix=/buildbot/mingw-w64/linux-x86_64-x86/build/build/root --with-sysroot=/buildbot/mingw-w64/linux-x86_64-x86/build/build/root --with-gmp=/buildbot/mingw-w64/linux-x86_64-x86/build/build/gmp/install --with-mpfr=/buildbot/mingw-w64/linux-x86_64-x86/build/build/mpfr/install --with-mpc=/buildbot/mingw-w64/linux-x86_64-x86/build/build/mpc/install --enable-languages=all,obj-c++ --enable-fully-dynamic-string --disable-multilib
Thread model: win32
gcc version 4.6.0 20100529 (experimental) (GCC) 
configure:3423: $? = 0
configure:3412: i686-w64-mingw32-gcc -V >&5
i686-w64-mingw32-gcc: error: unrecognized option '-V'
i686-w64-mingw32-gcc: fatal error: no input files
compilation terminated.
configure:3423: $? = 1
configure:3412: i686-w64-mingw32-gcc -qversion >&5
i686-w64-mingw32-gcc: error: unrecognized option '-qversion'
i686-w64-mingw32-gcc: fatal error: no input files
compilation terminated.
configure:3423: $? = 1
configure:3443: checking whether the C compiler works
configure:3465: i686-w64-mingw32-gcc    conftest.c  >&5
configure:3469: $? = 0
configure:3518: result: yes
configure:3521: checking for C compiler default output file name
configure:3523: result: a.exe
configure:3529: checking for suffix of executables
configure:3536: i686-w64-mingw32-gcc -o conftest.exe    conftest.c  >&5
configure:3540: $? = 0
configure:3562: result: .exe
configure:3584: checking whether we are cross compiling
configure:3592: i686-w64-mingw32-gcc -o conftest.exe    conftest.c  >&5
configure:3596: $? = 0
configure:3603: ./conftest.exe
./configure: line 3605: ./conftest.exe: cannot execute binary file
configure:3607: $? = 126
configure:3622: result: yes
configure:3627: checking for suffix of object files
configure:3649: i686-w64-mingw32-gcc -c   conftest.c >&5
configure:3653: $? = 0
configure:3674: result: o
configure:3678: checking whether we are using the GNU C compiler
configure:3697: i686-w64-mingw32-gcc -c   conftest.c >&5
configure:3697: $? = 0
configure:3706: result: yes
configure:3715: checking whether i686-w64-mingw32-gcc accepts -g
configure:3735: i686-w64-mingw32-gcc -c -g  conftest.c >&5
configure:3735: $? = 0
configure:3776: result: yes
configure:3793: checking for i686-w64-mingw32-gcc option to accept ISO C89
configure:3857: i686-w64-mingw32-gcc  -c -g -O2  conftest.c >&5
configure:3857: $? = 0
configure:3870: result: none needed
configure:3892: checking dependency style of i686-w64-mingw32-gcc
configure:4002: result: gcc3
configure:4017: checking for a sed that does not truncate output
configure:4081: result: /bin/sed
configure:4099: checking for grep that handles long lines and -e
configure:4157: result: /bin/grep
configure:4162: checking for egrep
configure:4224: result: /bin/grep -E
configure:4229: checking for fgrep
configure:4291: result: /bin/grep -F
configure:4326: checking for ld used by i686-w64-mingw32-gcc
configure:4393: result: /home/frank/w32/i686-w64-mingw32/bin/ld
configure:4400: checking if the linker (/home/frank/w32/i686-w64-mingw32/bin/ld) is GNU ld
configure:4415: result: yes
configure:4427: checking for BSD- or MS-compatible name lister (nm)
configure:4476: result: /home/frank/w32/bin/i686-w64-mingw32-nm -B
configure:4606: checking the name lister (/home/frank/w32/bin/i686-w64-mingw32-nm -B) interface
configure:4613: i686-w64-mingw32-gcc -c -g -O2  conftest.c >&5
configure:4616: /home/frank/w32/bin/i686-w64-mingw32-nm -B "conftest.o"
configure:4619: output
00000000 b .bss
00000000 d .data
00000000 N .debug_abbrev
00000000 N .debug_info
00000000 N .debug_line
00000000 N .debug_pubnames
00000000 t .text
00000000 B _some_variable
configure:4626: result: BSD nm
configure:4629: checking whether ln -s works
configure:4633: result: yes
configure:4641: checking the maximum length of command line arguments
configure:4766: result: 3458764513820540925
configure:4783: checking whether the shell understands some XSI constructs
configure:4793: result: yes
configure:4797: checking whether the shell understands "+="
configure:4803: result: yes
configure:4838: checking for /home/frank/w32/i686-w64-mingw32/bin/ld option to reload object files
configure:4845: result: -r
configure:4874: checking for i686-w64-mingw32-objdump
configure:4890: found /home/frank/w32/bin/i686-w64-mingw32-objdump
configure:4901: result: i686-w64-mingw32-objdump
configure:4970: checking how to recognize dependent libraries
configure:5172: result: file_magic ^x86 archive import|^x86 DLL
configure:5192: checking for i686-w64-mingw32-ar
configure:5208: found /home/frank/w32/bin/i686-w64-mingw32-ar
configure:5219: result: i686-w64-mingw32-ar
configure:5297: checking for i686-w64-mingw32-strip
configure:5324: result: i686-w64-mingw32-strip
configure:5396: checking for i686-w64-mingw32-ranlib
configure:5412: found /home/frank/w32/bin/i686-w64-mingw32-ranlib
configure:5423: result: i686-w64-mingw32-ranlib
configure:5565: checking command to parse /home/frank/w32/bin/i686-w64-mingw32-nm -B output from i686-w64-mingw32-gcc object
configure:5683: i686-w64-mingw32-gcc -c -g -O2  conftest.c >&5
configure:5686: $? = 0
configure:5690: /home/frank/w32/bin/i686-w64-mingw32-nm -B conftest.o \| sed -n -e 's/^.*[ ]\([ABCDGIRSTW][ABCDGIRSTW]*\)[ ][ ]*\([_A-Za-z][_A-Za-z0-9]*\)$/\1 \2 \2/p' \> conftest.nm
configure:5693: $? = 0
cannot find nm_test_var in conftest.nm
configure:5683: i686-w64-mingw32-gcc -c -g -O2  conftest.c >&5
configure:5686: $? = 0
configure:5690: /home/frank/w32/bin/i686-w64-mingw32-nm -B conftest.o \| sed -n -e 's/^.*[ ]\([ABCDGIRSTW][ABCDGIRSTW]*\)[ ][ ]*_\([_A-Za-z][_A-Za-z0-9]*\)$/\1 _\2 \2/p' \> conftest.nm
configure:5693: $? = 0
configure:5747: i686-w64-mingw32-gcc -o conftest.exe -g -O2   conftest.c conftstm.o >&5
configure:5750: $? = 0
configure:5788: result: ok
configure:6629: checking how to run the C preprocessor
configure:6660: i686-w64-mingw32-gcc -E  conftest.c
configure:6660: $? = 0
configure:6674: i686-w64-mingw32-gcc -E  conftest.c
conftest.c:11:28: fatal error: ac_nonexistent.h: No such file or directory
compilation terminated.
configure:6674: $? = 1
configure: failed program was:
| /* confdefs.h */
| #define PACKAGE_NAME "libbeiddialogs"
| #define PACKAGE_TARNAME "libbeiddialogs"
| #define PACKAGE_VERSION "0.0.1"
| #define PACKAGE_STRING "libbeiddialogs 0.0.1"
| #define PACKAGE_BUGREPORT "support@fedict.be"
| #define PACKAGE_URL ""
| #define PACKAGE "libbeiddialogs"
| #define VERSION "0.0.1"
| /* end confdefs.h.  */
| #include <ac_nonexistent.h>
configure:6699: result: i686-w64-mingw32-gcc -E
configure:6719: i686-w64-mingw32-gcc -E  conftest.c
configure:6719: $? = 0
configure:6733: i686-w64-mingw32-gcc -E  conftest.c
conftest.c:11:28: fatal error: ac_nonexistent.h: No such file or directory
compilation terminated.
configure:6733: $? = 1
configure: failed program was:
| /* confdefs.h */
| #define PACKAGE_NAME "libbeiddialogs"
| #define PACKAGE_TARNAME "libbeiddialogs"
| #define PACKAGE_VERSION "0.0.1"
| #define PACKAGE_STRING "libbeiddialogs 0.0.1"
| #define PACKAGE_BUGREPORT "support@fedict.be"
| #define PACKAGE_URL ""
| #define PACKAGE "libbeiddialogs"
| #define VERSION "0.0.1"
| /* end confdefs.h.  */
| #include <ac_nonexistent.h>
configure:6762: checking for ANSI C header files
configure:6782: i686-w64-mingw32-gcc -c -g -O2  conftest.c >&5
configure:6782: $? = 0
configure:6866: result: yes
configure:6879: checking for sys/types.h
configure:6879: i686-w64-mingw32-gcc -c -g -O2  conftest.c >&5
configure:6879: $? = 0
configure:6879: result: yes
configure:6879: checking for sys/stat.h
configure:6879: i686-w64-mingw32-gcc -c -g -O2  conftest.c >&5
configure:6879: $? = 0
configure:6879: result: yes
configure:6879: checking for stdlib.h
configure:6879: i686-w64-mingw32-gcc -c -g -O2  conftest.c >&5
configure:6879: $? = 0
configure:6879: result: yes
configure:6879: checking for string.h
configure:6879: i686-w64-mingw32-gcc -c -g -O2  conftest.c >&5
configure:6879: $? = 0
configure:6879: result: yes
configure:6879: checking for memory.h
configure:6879: i686-w64-mingw32-gcc -c -g -O2  conftest.c >&5
configure:6879: $? = 0
configure:6879: result: yes
configure:6879: checking for strings.h
configure:6879: i686-w64-mingw32-gcc -c -g -O2  conftest.c >&5
configure:6879: $? = 0
configure:6879: result: yes
configure:6879: checking for inttypes.h
configure:6879: i686-w64-mingw32-gcc -c -g -O2  conftest.c >&5
configure:6879: $? = 0
configure:6879: result: yes
configure:6879: checking for stdint.h
configure:6879: i686-w64-mingw32-gcc -c -g -O2  conftest.c >&5
configure:6879: $? = 0
configure:6879: result: yes
configure:6879: checking for unistd.h
configure:6879: i686-w64-mingw32-gcc -c -g -O2  conftest.c >&5
configure:6879: $? = 0
configure:6879: result: yes
configure:6894: checking for dlfcn.h
configure:6894: i686-w64-mingw32-gcc -c -g -O2  conftest.c >&5
configure:6894: $? = 0
configure:6894: result: yes
configure:6917: checking for i686-w64-mingw32-as
configure:6933: found /home/frank/w32/bin/i686-w64-mingw32-as
configure:6944: result: i686-w64-mingw32-as
configure:7009: checking for i686-w64-mingw32-dlltool
configure:7025: found /home/frank/w32/bin/i686-w64-mingw32-dlltool
configure:7036: result: i686-w64-mingw32-dlltool
configure:7101: checking for i686-w64-mingw32-objdump
configure:7128: result: i686-w64-mingw32-objdump
configure:7379: checking for objdir
configure:7394: result: .libs
configure:7665: checking if i686-w64-mingw32-gcc supports -fno-rtti -fno-exceptions
configure:7683: i686-w64-mingw32-gcc -c -g -O2  -fno-rtti -fno-exceptions conftest.c >&5
cc1: warning: command line option "-fno-rtti" is valid for C++/ObjC++ but not for C [enabled by default]
configure:7687: $? = 0
configure:7700: result: no
configure:7720: checking for i686-w64-mingw32-gcc option to produce PIC
configure:8005: result: -DDLL_EXPORT -DPIC
configure:8017: checking if i686-w64-mingw32-gcc PIC flag -DDLL_EXPORT -DPIC works
configure:8035: i686-w64-mingw32-gcc -c -g -O2  -DDLL_EXPORT -DPIC -DPIC conftest.c >&5
configure:8039: $? = 0
configure:8052: result: yes
configure:8076: checking if i686-w64-mingw32-gcc static flag -static works
configure:8104: result: yes
configure:8119: checking if i686-w64-mingw32-gcc supports -c -o file.o
configure:8140: i686-w64-mingw32-gcc -c -g -O2  -o out/conftest2.o conftest.c >&5
configure:8144: $? = 0
configure:8166: result: yes
configure:8174: checking if i686-w64-mingw32-gcc supports -c -o file.o
configure:8221: result: yes
configure:8254: checking whether the i686-w64-mingw32-gcc linker (/home/frank/w32/i686-w64-mingw32/bin/ld) supports shared libraries
configure:9329: result: yes
configure:9366: checking whether -lc should be explicitly linked in
configure:9374: i686-w64-mingw32-gcc -c -g -O2  conftest.c >&5
configure:9377: $? = 0
configure:9392: i686-w64-mingw32-gcc -shared conftest.o  -v -o ./conftest -Wl,--enable-auto-image-base -Xlinker --out-implib -Xlinker conftest 2\>\&1 \| /bin/grep  -lc  \>/dev/null 2\>\&1
configure:9395: $? = 1
configure:9409: result: yes
configure:9574: checking dynamic linker characteristics
configure:10251: result: Win32 ld.exe
configure:10358: checking how to hardcode library paths into programs
configure:10383: result: immediate
configure:10923: checking whether stripping libraries is possible
configure:10928: result: yes
configure:10963: checking if libtool supports shared libraries
configure:10965: result: yes
configure:10968: checking whether to build shared libraries
configure:10989: result: yes
configure:10992: checking whether to build static libraries
configure:10996: result: yes
configure:11039: checking for i686-w64-mingw32-as
configure:11066: result: i686-w64-mingw32-as
configure:11131: checking for i686-w64-mingw32-dlltool
configure:11158: result: i686-w64-mingw32-dlltool
configure:11223: checking for i686-w64-mingw32-objdump
configure:11250: result: i686-w64-mingw32-objdump
configure:11342: checking for i686-w64-mingw32-g++
configure:11358: found /home/frank/w32/bin/i686-w64-mingw32-g++
configure:11369: result: i686-w64-mingw32-g++
configure:11440: checking for C++ compiler version
configure:11449: i686-w64-mingw32-g++ --version >&5
i686-w64-mingw32-g++ (GCC) 4.6.0 20100529 (experimental)
Copyright (C) 2010 Free Software Foundation, Inc.
This is free software; see the source for copying conditions.  There is NO
warranty; not even for MERCHANTABILITY or FITNESS FOR A PARTICULAR PURPOSE.

configure:11460: $? = 0
configure:11449: i686-w64-mingw32-g++ -v >&5
Using built-in specs.
COLLECT_GCC=i686-w64-mingw32-g++
COLLECT_LTO_WRAPPER=/home/frank/w32/bin/../libexec/gcc/i686-w64-mingw32/4.6.0/lto-wrapper
Target: i686-w64-mingw32
Configured with: ../../../build/gcc/gcc/configure --target=i686-w64-mingw32 --prefix=/buildbot/mingw-w64/linux-x86_64-x86/build/build/root --with-sysroot=/buildbot/mingw-w64/linux-x86_64-x86/build/build/root --with-gmp=/buildbot/mingw-w64/linux-x86_64-x86/build/build/gmp/install --with-mpfr=/buildbot/mingw-w64/linux-x86_64-x86/build/build/mpfr/install --with-mpc=/buildbot/mingw-w64/linux-x86_64-x86/build/build/mpc/install --enable-languages=all,obj-c++ --enable-fully-dynamic-string --disable-multilib
Thread model: win32
gcc version 4.6.0 20100529 (experimental) (GCC) 
configure:11460: $? = 0
configure:11449: i686-w64-mingw32-g++ -V >&5
i686-w64-mingw32-g++: fatal error: argument to '-V' missing

compilation terminated.
configure:11460: $? = 1
configure:11449: i686-w64-mingw32-g++ -qversion >&5
i686-w64-mingw32-g++: error: unrecognized option '-qversion'
i686-w64-mingw32-g++: fatal error: no input files
compilation terminated.
configure:11460: $? = 1
configure:11464: checking whether we are using the GNU C++ compiler
configure:11483: i686-w64-mingw32-g++ -c   conftest.cpp >&5
configure:11483: $? = 0
configure:11492: result: yes
configure:11501: checking whether i686-w64-mingw32-g++ accepts -g
configure:11521: i686-w64-mingw32-g++ -c -g  conftest.cpp >&5
configure:11521: $? = 0
configure:11562: result: yes
configure:11587: checking dependency style of i686-w64-mingw32-g++
configure:11697: result: gcc3
configure:11720: checking how to run the C++ preprocessor
configure:11747: i686-w64-mingw32-g++ -E  conftest.cpp
configure:11747: $? = 0
configure:11761: i686-w64-mingw32-g++ -E  conftest.cpp
conftest.cpp:23:28: fatal error: ac_nonexistent.h: No such file or directory
compilation terminated.
configure:11761: $? = 1
configure: failed program was:
| /* confdefs.h */
| #define PACKAGE_NAME "libbeiddialogs"
| #define PACKAGE_TARNAME "libbeiddialogs"
| #define PACKAGE_VERSION "0.0.1"
| #define PACKAGE_STRING "libbeiddialogs 0.0.1"
| #define PACKAGE_BUGREPORT "support@fedict.be"
| #define PACKAGE_URL ""
| #define PACKAGE "libbeiddialogs"
| #define VERSION "0.0.1"
| #define STDC_HEADERS 1
| #define HAVE_SYS_TYPES_H 1
| #define HAVE_SYS_STAT_H 1
| #define HAVE_STDLIB_H 1
| #define HAVE_STRING_H 1
| #define HAVE_MEMORY_H 1
| #define HAVE_STRINGS_H 1
| #define HAVE_INTTYPES_H 1
| #define HAVE_STDINT_H 1
| #define HAVE_UNISTD_H 1
| #define HAVE_DLFCN_H 1
| #define LT_OBJDIR ".libs/"
| /* end confdefs.h.  */
| #include <ac_nonexistent.h>
configure:11786: result: i686-w64-mingw32-g++ -E
configure:11806: i686-w64-mingw32-g++ -E  conftest.cpp
configure:11806: $? = 0
configure:11820: i686-w64-mingw32-g++ -E  conftest.cpp
conftest.cpp:23:28: fatal error: ac_nonexistent.h: No such file or directory
compilation terminated.
configure:11820: $? = 1
configure: failed program was:
| /* confdefs.h */
| #define PACKAGE_NAME "libbeiddialogs"
| #define PACKAGE_TARNAME "libbeiddialogs"
| #define PACKAGE_VERSION "0.0.1"
| #define PACKAGE_STRING "libbeiddialogs 0.0.1"
| #define PACKAGE_BUGREPORT "support@fedict.be"
| #define PACKAGE_URL ""
| #define PACKAGE "libbeiddialogs"
| #define VERSION "0.0.1"
| #define STDC_HEADERS 1
| #define HAVE_SYS_TYPES_H 1
| #define HAVE_SYS_STAT_H 1
| #define HAVE_STDLIB_H 1
| #define HAVE_STRING_H 1
| #define HAVE_MEMORY_H 1
| #define HAVE_STRINGS_H 1
| #define HAVE_INTTYPES_H 1
| #define HAVE_STDINT_H 1
| #define HAVE_UNISTD_H 1
| #define HAVE_DLFCN_H 1
| #define LT_OBJDIR ".libs/"
| /* end confdefs.h.  */
| #include <ac_nonexistent.h>
configure:11988: checking for ld used by i686-w64-mingw32-g++
configure:12055: result: /home/frank/w32/i686-w64-mingw32/bin/ld
configure:12062: checking if the linker (/home/frank/w32/i686-w64-mingw32/bin/ld) is GNU ld
configure:12077: result: yes
configure:12132: checking whether the i686-w64-mingw32-g++ linker (/home/frank/w32/i686-w64-mingw32/bin/ld) supports shared libraries
configure:13064: result: yes
configure:13092: i686-w64-mingw32-g++ -c -g -O2  conftest.cpp >&5
configure:13095: $? = 0
configure:13277: checking for i686-w64-mingw32-g++ option to produce PIC
configure:13599: result: -DDLL_EXPORT -DPIC
configure:13608: checking if i686-w64-mingw32-g++ PIC flag -DDLL_EXPORT -DPIC works
configure:13626: i686-w64-mingw32-g++ -c -g -O2  -DDLL_EXPORT -DPIC -DPIC conftest.cpp >&5
configure:13630: $? = 0
configure:13643: result: yes
configure:13664: checking if i686-w64-mingw32-g++ static flag -static works
configure:13692: result: yes
configure:13704: checking if i686-w64-mingw32-g++ supports -c -o file.o
configure:13725: i686-w64-mingw32-g++ -c -g -O2  -o out/conftest2.o conftest.cpp >&5
configure:13729: $? = 0
configure:13751: result: yes
configure:13756: checking if i686-w64-mingw32-g++ supports -c -o file.o
configure:13803: result: yes
configure:13833: checking whether the i686-w64-mingw32-g++ linker (/home/frank/w32/i686-w64-mingw32/bin/ld) supports shared libraries
configure:13861: result: yes
configure:14004: checking dynamic linker characteristics
configure:14615: result: Win32 ld.exe
configure:14668: checking how to hardcode library paths into programs
configure:14693: result: immediate
configure:14740: checking for i686-w64-mingw32-gcc
configure:14767: result: i686-w64-mingw32-gcc
configure:15036: checking for C compiler version
configure:15045: i686-w64-mingw32-gcc --version >&5
i686-w64-mingw32-gcc (GCC) 4.6.0 20100529 (experimental)
Copyright (C) 2010 Free Software Foundation, Inc.
This is free software; see the source for copying conditions.  There is NO
warranty; not even for MERCHANTABILITY or FITNESS FOR A PARTICULAR PURPOSE.

configure:15056: $? = 0
configure:15045: i686-w64-mingw32-gcc -v >&5
Using built-in specs.
COLLECT_GCC=i686-w64-mingw32-gcc
COLLECT_LTO_WRAPPER=/home/frank/w32/bin/../libexec/gcc/i686-w64-mingw32/4.6.0/lto-wrapper
Target: i686-w64-mingw32
Configured with: ../../../build/gcc/gcc/configure --target=i686-w64-mingw32 --prefix=/buildbot/mingw-w64/linux-x86_64-x86/build/build/root --with-sysroot=/buildbot/mingw-w64/linux-x86_64-x86/build/build/root --with-gmp=/buildbot/mingw-w64/linux-x86_64-x86/build/build/gmp/install --with-mpfr=/buildbot/mingw-w64/linux-x86_64-x86/build/build/mpfr/install --with-mpc=/buildbot/mingw-w64/linux-x86_64-x86/build/build/mpc/install --enable-languages=all,obj-c++ --enable-fully-dynamic-string --disable-multilib
Thread model: win32
gcc version 4.6.0 20100529 (experimental) (GCC) 
configure:15056: $? = 0
configure:15045: i686-w64-mingw32-gcc -V >&5
i686-w64-mingw32-gcc: error: unrecognized option '-V'
i686-w64-mingw32-gcc: fatal error: no input files
compilation terminated.
configure:15056: $? = 1
configure:15045: i686-w64-mingw32-gcc -qversion >&5
i686-w64-mingw32-gcc: error: unrecognized option '-qversion'
i686-w64-mingw32-gcc: fatal error: no input files
compilation terminated.
configure:15056: $? = 1
configure:15060: checking whether we are using the GNU C compiler
configure:15088: result: yes
configure:15097: checking whether i686-w64-mingw32-gcc accepts -g
configure:15158: result: yes
configure:15175: checking for i686-w64-mingw32-gcc option to accept ISO C89
configure:15252: result: none needed
configure:15274: checking dependency style of i686-w64-mingw32-gcc
configure:15384: result: gcc3
configure:15526: checking for stdlib.h
configure:15526: result: yes
configure:15538: checking for stdbool.h that conforms to C99
configure:15623: i686-w64-mingw32-gcc -c -g -O2  conftest.c >&5
configure:15623: $? = 0
configure:15630: result: yes
configure:15632: checking for _Bool
configure:15632: i686-w64-mingw32-gcc -c -g -O2  conftest.c >&5
configure:15632: $? = 0
configure:15632: i686-w64-mingw32-gcc -c -g -O2  conftest.c >&5
conftest.c: In function 'main':
conftest.c:60:20: error: expected expression before ')' token
configure:15632: $? = 1
configure: failed program was:
| /* confdefs.h */
| #define PACKAGE_NAME "libbeiddialogs"
| #define PACKAGE_TARNAME "libbeiddialogs"
| #define PACKAGE_VERSION "0.0.1"
| #define PACKAGE_STRING "libbeiddialogs 0.0.1"
| #define PACKAGE_BUGREPORT "support@fedict.be"
| #define PACKAGE_URL ""
| #define PACKAGE "libbeiddialogs"
| #define VERSION "0.0.1"
| #define STDC_HEADERS 1
| #define HAVE_SYS_TYPES_H 1
| #define HAVE_SYS_STAT_H 1
| #define HAVE_STDLIB_H 1
| #define HAVE_STRING_H 1
| #define HAVE_MEMORY_H 1
| #define HAVE_STRINGS_H 1
| #define HAVE_INTTYPES_H 1
| #define HAVE_STDINT_H 1
| #define HAVE_UNISTD_H 1
| #define HAVE_DLFCN_H 1
| #define LT_OBJDIR ".libs/"
| #define HAVE_STDLIB_H 1
| /* end confdefs.h.  */
| #include <stdio.h>
| #ifdef HAVE_SYS_TYPES_H
| # include <sys/types.h>
| #endif
| #ifdef HAVE_SYS_STAT_H
| # include <sys/stat.h>
| #endif
| #ifdef STDC_HEADERS
| # include <stdlib.h>
| # include <stddef.h>
| #else
| # ifdef HAVE_STDLIB_H
| #  include <stdlib.h>
| # endif
| #endif
| #ifdef HAVE_STRING_H
| # if !defined STDC_HEADERS && defined HAVE_MEMORY_H
| #  include <memory.h>
| # endif
| # include <string.h>
| #endif
| #ifdef HAVE_STRINGS_H
| # include <strings.h>
| #endif
| #ifdef HAVE_INTTYPES_H
| # include <inttypes.h>
| #endif
| #ifdef HAVE_STDINT_H
| # include <stdint.h>
| #endif
| #ifdef HAVE_UNISTD_H
| # include <unistd.h>
| #endif
| int
| main ()
| {
| if (sizeof ((_Bool)))
| 	    return 0;
|   ;
|   return 0;
| }
configure:15632: result: yes
configure:15648: checking for pid_t
configure:15648: i686-w64-mingw32-gcc -c -g -O2  conftest.c >&5
configure:15648: $? = 0
configure:15648: i686-w64-mingw32-gcc -c -g -O2  conftest.c >&5
conftest.c: In function 'main':
conftest.c:62:20: error: expected expression before ')' token
configure:15648: $? = 1
configure: failed program was:
| /* confdefs.h */
| #define PACKAGE_NAME "libbeiddialogs"
| #define PACKAGE_TARNAME "libbeiddialogs"
| #define PACKAGE_VERSION "0.0.1"
| #define PACKAGE_STRING "libbeiddialogs 0.0.1"
| #define PACKAGE_BUGREPORT "support@fedict.be"
| #define PACKAGE_URL ""
| #define PACKAGE "libbeiddialogs"
| #define VERSION "0.0.1"
| #define STDC_HEADERS 1
| #define HAVE_SYS_TYPES_H 1
| #define HAVE_SYS_STAT_H 1
| #define HAVE_STDLIB_H 1
| #define HAVE_STRING_H 1
| #define HAVE_MEMORY_H 1
| #define HAVE_STRINGS_H 1
| #define HAVE_INTTYPES_H 1
| #define HAVE_STDINT_H 1
| #define HAVE_UNISTD_H 1
| #define HAVE_DLFCN_H 1
| #define LT_OBJDIR ".libs/"
| #define HAVE_STDLIB_H 1
| #define HAVE__BOOL 1
| #define HAVE_STDBOOL_H 1
| /* end confdefs.h.  */
| #include <stdio.h>
| #ifdef HAVE_SYS_TYPES_H
| # include <sys/types.h>
| #endif
| #ifdef HAVE_SYS_STAT_H
| # include <sys/stat.h>
| #endif
| #ifdef STDC_HEADERS
| # include <stdlib.h>
| # include <stddef.h>
| #else
| # ifdef HAVE_STDLIB_H
| #  include <stdlib.h>
| # endif
| #endif
| #ifdef HAVE_STRING_H
| # if !defined STDC_HEADERS && defined HAVE_MEMORY_H
| #  include <memory.h>
| # endif
| # include <string.h>
| #endif
| #ifdef HAVE_STRINGS_H
| # include <strings.h>
| #endif
| #ifdef HAVE_INTTYPES_H
| # include <inttypes.h>
| #endif
| #ifdef HAVE_STDINT_H
| # include <stdint.h>
| #endif
| #ifdef HAVE_UNISTD_H
| # include <unistd.h>
| #endif
| int
| main ()
| {
| if (sizeof ((pid_t)))
| 	    return 0;
|   ;
|   return 0;
| }
configure:15648: result: yes
configure:15659: checking for size_t
configure:15659: i686-w64-mingw32-gcc -c -g -O2  conftest.c >&5
configure:15659: $? = 0
configure:15659: i686-w64-mingw32-gcc -c -g -O2  conftest.c >&5
conftest.c: In function 'main':
conftest.c:62:21: error: expected expression before ')' token
configure:15659: $? = 1
configure: failed program was:
| /* confdefs.h */
| #define PACKAGE_NAME "libbeiddialogs"
| #define PACKAGE_TARNAME "libbeiddialogs"
| #define PACKAGE_VERSION "0.0.1"
| #define PACKAGE_STRING "libbeiddialogs 0.0.1"
| #define PACKAGE_BUGREPORT "support@fedict.be"
| #define PACKAGE_URL ""
| #define PACKAGE "libbeiddialogs"
| #define VERSION "0.0.1"
| #define STDC_HEADERS 1
| #define HAVE_SYS_TYPES_H 1
| #define HAVE_SYS_STAT_H 1
| #define HAVE_STDLIB_H 1
| #define HAVE_STRING_H 1
| #define HAVE_MEMORY_H 1
| #define HAVE_STRINGS_H 1
| #define HAVE_INTTYPES_H 1
| #define HAVE_STDINT_H 1
| #define HAVE_UNISTD_H 1
| #define HAVE_DLFCN_H 1
| #define LT_OBJDIR ".libs/"
| #define HAVE_STDLIB_H 1
| #define HAVE__BOOL 1
| #define HAVE_STDBOOL_H 1
| /* end confdefs.h.  */
| #include <stdio.h>
| #ifdef HAVE_SYS_TYPES_H
| # include <sys/types.h>
| #endif
| #ifdef HAVE_SYS_STAT_H
| # include <sys/stat.h>
| #endif
| #ifdef STDC_HEADERS
| # include <stdlib.h>
| # include <stddef.h>
| #else
| # ifdef HAVE_STDLIB_H
| #  include <stdlib.h>
| # endif
| #endif
| #ifdef HAVE_STRING_H
| # if !defined STDC_HEADERS && defined HAVE_MEMORY_H
| #  include <memory.h>
| # endif
| # include <string.h>
| #endif
| #ifdef HAVE_STRINGS_H
| # include <strings.h>
| #endif
| #ifdef HAVE_INTTYPES_H
| # include <inttypes.h>
| #endif
| #ifdef HAVE_STDINT_H
| # include <stdint.h>
| #endif
| #ifdef HAVE_UNISTD_H
| # include <unistd.h>
| #endif
| int
| main ()
| {
| if (sizeof ((size_t)))
| 	    return 0;
|   ;
|   return 0;
| }
configure:15659: result: yes
configure:15674: checking vfork.h usability
configure:15674: i686-w64-mingw32-gcc -c -g -O2  conftest.c >&5
conftest.c:59:19: fatal error: vfork.h: No such file or directory
compilation terminated.
configure:15674: $? = 1
configure: failed program was:
| /* confdefs.h */
| #define PACKAGE_NAME "libbeiddialogs"
| #define PACKAGE_TARNAME "libbeiddialogs"
| #define PACKAGE_VERSION "0.0.1"
| #define PACKAGE_STRING "libbeiddialogs 0.0.1"
| #define PACKAGE_BUGREPORT "support@fedict.be"
| #define PACKAGE_URL ""
| #define PACKAGE "libbeiddialogs"
| #define VERSION "0.0.1"
| #define STDC_HEADERS 1
| #define HAVE_SYS_TYPES_H 1
| #define HAVE_SYS_STAT_H 1
| #define HAVE_STDLIB_H 1
| #define HAVE_STRING_H 1
| #define HAVE_MEMORY_H 1
| #define HAVE_STRINGS_H 1
| #define HAVE_INTTYPES_H 1
| #define HAVE_STDINT_H 1
| #define HAVE_UNISTD_H 1
| #define HAVE_DLFCN_H 1
| #define LT_OBJDIR ".libs/"
| #define HAVE_STDLIB_H 1
| #define HAVE__BOOL 1
| #define HAVE_STDBOOL_H 1
| /* end confdefs.h.  */
| #include <stdio.h>
| #ifdef HAVE_SYS_TYPES_H
| # include <sys/types.h>
| #endif
| #ifdef HAVE_SYS_STAT_H
| # include <sys/stat.h>
| #endif
| #ifdef STDC_HEADERS
| # include <stdlib.h>
| # include <stddef.h>
| #else
| # ifdef HAVE_STDLIB_H
| #  include <stdlib.h>
| # endif
| #endif
| #ifdef HAVE_STRING_H
| # if !defined STDC_HEADERS && defined HAVE_MEMORY_H
| #  include <memory.h>
| # endif
| # include <string.h>
| #endif
| #ifdef HAVE_STRINGS_H
| # include <strings.h>
| #endif
| #ifdef HAVE_INTTYPES_H
| # include <inttypes.h>
| #endif
| #ifdef HAVE_STDINT_H
| # include <stdint.h>
| #endif
| #ifdef HAVE_UNISTD_H
| # include <unistd.h>
| #endif
| #include <vfork.h>
configure:15674: result: no
configure:15674: checking vfork.h presence
configure:15674: i686-w64-mingw32-gcc -E  conftest.c
conftest.c:26:19: fatal error: vfork.h: No such file or directory
compilation terminated.
configure:15674: $? = 1
configure: failed program was:
| /* confdefs.h */
| #define PACKAGE_NAME "libbeiddialogs"
| #define PACKAGE_TARNAME "libbeiddialogs"
| #define PACKAGE_VERSION "0.0.1"
| #define PACKAGE_STRING "libbeiddialogs 0.0.1"
| #define PACKAGE_BUGREPORT "support@fedict.be"
| #define PACKAGE_URL ""
| #define PACKAGE "libbeiddialogs"
| #define VERSION "0.0.1"
| #define STDC_HEADERS 1
| #define HAVE_SYS_TYPES_H 1
| #define HAVE_SYS_STAT_H 1
| #define HAVE_STDLIB_H 1
| #define HAVE_STRING_H 1
| #define HAVE_MEMORY_H 1
| #define HAVE_STRINGS_H 1
| #define HAVE_INTTYPES_H 1
| #define HAVE_STDINT_H 1
| #define HAVE_UNISTD_H 1
| #define HAVE_DLFCN_H 1
| #define LT_OBJDIR ".libs/"
| #define HAVE_STDLIB_H 1
| #define HAVE__BOOL 1
| #define HAVE_STDBOOL_H 1
| /* end confdefs.h.  */
| #include <vfork.h>
configure:15674: result: no
configure:15674: checking for vfork.h
configure:15674: result: no
configure:15687: checking for fork
configure:15687: i686-w64-mingw32-gcc -o conftest.exe -g -O2   conftest.c  >&5
conftest.c:49:6: warning: conflicting types for built-in function 'fork' [enabled by default]
/tmp/ccpBFtOW.o: In function `main':
/home/frank/OLDTRUNK/eid-mw/dialogs/conftest.c:60: undefined reference to `_fork'
collect2: ld returned 1 exit status
configure:15687: $? = 1
configure: failed program was:
| /* confdefs.h */
| #define PACKAGE_NAME "libbeiddialogs"
| #define PACKAGE_TARNAME "libbeiddialogs"
| #define PACKAGE_VERSION "0.0.1"
| #define PACKAGE_STRING "libbeiddialogs 0.0.1"
| #define PACKAGE_BUGREPORT "support@fedict.be"
| #define PACKAGE_URL ""
| #define PACKAGE "libbeiddialogs"
| #define VERSION "0.0.1"
| #define STDC_HEADERS 1
| #define HAVE_SYS_TYPES_H 1
| #define HAVE_SYS_STAT_H 1
| #define HAVE_STDLIB_H 1
| #define HAVE_STRING_H 1
| #define HAVE_MEMORY_H 1
| #define HAVE_STRINGS_H 1
| #define HAVE_INTTYPES_H 1
| #define HAVE_STDINT_H 1
| #define HAVE_UNISTD_H 1
| #define HAVE_DLFCN_H 1
| #define LT_OBJDIR ".libs/"
| #define HAVE_STDLIB_H 1
| #define HAVE__BOOL 1
| #define HAVE_STDBOOL_H 1
| /* end confdefs.h.  */
| /* Define fork to an innocuous variant, in case <limits.h> declares fork.
|    For example, HP-UX 11i <limits.h> declares gettimeofday.  */
| #define fork innocuous_fork
| 
| /* System header to define __stub macros and hopefully few prototypes,
|     which can conflict with char fork (); below.
|     Prefer <limits.h> to <assert.h> if __STDC__ is defined, since
|     <limits.h> exists even on freestanding compilers.  */
| 
| #ifdef __STDC__
| # include <limits.h>
| #else
| # include <assert.h>
| #endif
| 
| #undef fork
| 
| /* Override any GCC internal prototype to avoid an error.
|    Use char because int might match the return type of a GCC
|    builtin and then its argument prototype would still apply.  */
| #ifdef __cplusplus
| extern "C"
| #endif
| char fork ();
| /* The GNU C library defines this for functions which it implements
|     to always fail with ENOSYS.  Some functions are actually named
|     something starting with __ and the normal name is an alias.  */
| #if defined __stub_fork || defined __stub___fork
| choke me
| #endif
| 
| int
| main ()
| {
| return fork ();
|   ;
|   return 0;
| }
configure:15687: result: no
configure:15687: checking for vfork
configure:15687: i686-w64-mingw32-gcc -o conftest.exe -g -O2   conftest.c  >&5
/tmp/cczoUXb0.o: In function `main':
/home/frank/OLDTRUNK/eid-mw/dialogs/conftest.c:60: undefined reference to `_vfork'
collect2: ld returned 1 exit status
configure:15687: $? = 1
configure: failed program was:
| /* confdefs.h */
| #define PACKAGE_NAME "libbeiddialogs"
| #define PACKAGE_TARNAME "libbeiddialogs"
| #define PACKAGE_VERSION "0.0.1"
| #define PACKAGE_STRING "libbeiddialogs 0.0.1"
| #define PACKAGE_BUGREPORT "support@fedict.be"
| #define PACKAGE_URL ""
| #define PACKAGE "libbeiddialogs"
| #define VERSION "0.0.1"
| #define STDC_HEADERS 1
| #define HAVE_SYS_TYPES_H 1
| #define HAVE_SYS_STAT_H 1
| #define HAVE_STDLIB_H 1
| #define HAVE_STRING_H 1
| #define HAVE_MEMORY_H 1
| #define HAVE_STRINGS_H 1
| #define HAVE_INTTYPES_H 1
| #define HAVE_STDINT_H 1
| #define HAVE_UNISTD_H 1
| #define HAVE_DLFCN_H 1
| #define LT_OBJDIR ".libs/"
| #define HAVE_STDLIB_H 1
| #define HAVE__BOOL 1
| #define HAVE_STDBOOL_H 1
| /* end confdefs.h.  */
| /* Define vfork to an innocuous variant, in case <limits.h> declares vfork.
|    For example, HP-UX 11i <limits.h> declares gettimeofday.  */
| #define vfork innocuous_vfork
| 
| /* System header to define __stub macros and hopefully few prototypes,
|     which can conflict with char vfork (); below.
|     Prefer <limits.h> to <assert.h> if __STDC__ is defined, since
|     <limits.h> exists even on freestanding compilers.  */
| 
| #ifdef __STDC__
| # include <limits.h>
| #else
| # include <assert.h>
| #endif
| 
| #undef vfork
| 
| /* Override any GCC internal prototype to avoid an error.
|    Use char because int might match the return type of a GCC
|    builtin and then its argument prototype would still apply.  */
| #ifdef __cplusplus
| extern "C"
| #endif
| char vfork ();
| /* The GNU C library defines this for functions which it implements
|     to always fail with ENOSYS.  Some functions are actually named
|     something starting with __ and the normal name is an alias.  */
| #if defined __stub_vfork || defined __stub___vfork
| choke me
| #endif
| 
| int
| main ()
| {
| return vfork ();
|   ;
|   return 0;
| }
configure:15687: result: no
configure:15889: checking for strerror
configure:15889: i686-w64-mingw32-gcc -o conftest.exe -g -O2   conftest.c  >&5
configure:15889: $? = 0
configure:15889: result: yes
configure:15889: checking for vasprintf
configure:15889: i686-w64-mingw32-gcc -o conftest.exe -g -O2   conftest.c  >&5
/tmp/ccBK2T07.o: In function `main':
/home/frank/OLDTRUNK/eid-mw/dialogs/conftest.c:62: undefined reference to `_vasprintf'
collect2: ld returned 1 exit status
configure:15889: $? = 1
configure: failed program was:
| /* confdefs.h */
| #define PACKAGE_NAME "libbeiddialogs"
| #define PACKAGE_TARNAME "libbeiddialogs"
| #define PACKAGE_VERSION "0.0.1"
| #define PACKAGE_STRING "libbeiddialogs 0.0.1"
| #define PACKAGE_BUGREPORT "support@fedict.be"
| #define PACKAGE_URL ""
| #define PACKAGE "libbeiddialogs"
| #define VERSION "0.0.1"
| #define STDC_HEADERS 1
| #define HAVE_SYS_TYPES_H 1
| #define HAVE_SYS_STAT_H 1
| #define HAVE_STDLIB_H 1
| #define HAVE_STRING_H 1
| #define HAVE_MEMORY_H 1
| #define HAVE_STRINGS_H 1
| #define HAVE_INTTYPES_H 1
| #define HAVE_STDINT_H 1
| #define HAVE_UNISTD_H 1
| #define HAVE_DLFCN_H 1
| #define LT_OBJDIR ".libs/"
| #define HAVE_STDLIB_H 1
| #define HAVE__BOOL 1
| #define HAVE_STDBOOL_H 1
| #define vfork fork
| #define HAVE_STRERROR 1
| /* end confdefs.h.  */
| /* Define vasprintf to an innocuous variant, in case <limits.h> declares vasprintf.
|    For example, HP-UX 11i <limits.h> declares gettimeofday.  */
| #define vasprintf innocuous_vasprintf
| 
| /* System header to define __stub macros and hopefully few prototypes,
|     which can conflict with char vasprintf (); below.
|     Prefer <limits.h> to <assert.h> if __STDC__ is defined, since
|     <limits.h> exists even on freestanding compilers.  */
| 
| #ifdef __STDC__
| # include <limits.h>
| #else
| # include <assert.h>
| #endif
| 
| #undef vasprintf
| 
| /* Override any GCC internal prototype to avoid an error.
|    Use char because int might match the return type of a GCC
|    builtin and then its argument prototype would still apply.  */
| #ifdef __cplusplus
| extern "C"
| #endif
| char vasprintf ();
| /* The GNU C library defines this for functions which it implements
|     to always fail with ENOSYS.  Some functions are actually named
|     something starting with __ and the normal name is an alias.  */
| #if defined __stub_vasprintf || defined __stub___vasprintf
| choke me
| #endif
| 
| int
| main ()
| {
| return vasprintf ();
|   ;
|   return 0;
| }
configure:15889: result: no
configure:16044: creating ./config.status

## ---------------- ##
## Cache variables. ##
## ---------------- ##

ac_cv_build=x86_64-unknown-linux-gnu
ac_cv_c_compiler_gnu=yes
ac_cv_cxx_compiler_gnu=yes
ac_cv_env_CCC_set=
ac_cv_env_CCC_value=
ac_cv_env_CC_set=
ac_cv_env_CC_value=
ac_cv_env_CFLAGS_set=
ac_cv_env_CFLAGS_value=
ac_cv_env_CPPFLAGS_set=
ac_cv_env_CPPFLAGS_value=
ac_cv_env_CPP_set=
ac_cv_env_CPP_value=
ac_cv_env_CXXCPP_set=
ac_cv_env_CXXCPP_value=
ac_cv_env_CXXFLAGS_set=
ac_cv_env_CXXFLAGS_value=
ac_cv_env_CXX_set=
ac_cv_env_CXX_value=
ac_cv_env_LDFLAGS_set=
ac_cv_env_LDFLAGS_value=
ac_cv_env_LIBS_set=
ac_cv_env_LIBS_value=
ac_cv_env_build_alias_set=
ac_cv_env_build_alias_value=
ac_cv_env_host_alias_set=set
ac_cv_env_host_alias_value=i686-w64-mingw32
ac_cv_env_target_alias_set=
ac_cv_env_target_alias_value=
ac_cv_exeext=.exe
ac_cv_func_fork=no
ac_cv_func_fork_works=no
ac_cv_func_strerror=yes
ac_cv_func_vasprintf=no
ac_cv_func_vfork=no
ac_cv_func_vfork_works=no
ac_cv_header_dlfcn_h=yes
ac_cv_header_inttypes_h=yes
ac_cv_header_memory_h=yes
ac_cv_header_stdbool_h=yes
ac_cv_header_stdc=yes
ac_cv_header_stdint_h=yes
ac_cv_header_stdlib_h=yes
ac_cv_header_string_h=yes
ac_cv_header_strings_h=yes
ac_cv_header_sys_stat_h=yes
ac_cv_header_sys_types_h=yes
ac_cv_header_unistd_h=yes
ac_cv_header_vfork_h=no
ac_cv_host=i686-w64-mingw32
ac_cv_objext=o
ac_cv_path_EGREP='/bin/grep -E'
ac_cv_path_FGREP='/bin/grep -F'
ac_cv_path_GREP=/bin/grep
ac_cv_path_SED=/bin/sed
ac_cv_path_install='/bin/install -c'
ac_cv_path_mkdir=/bin/mkdir
ac_cv_prog_AR=i686-w64-mingw32-ar
ac_cv_prog_AS=i686-w64-mingw32-as
ac_cv_prog_AWK=gawk
ac_cv_prog_CC=i686-w64-mingw32-gcc
ac_cv_prog_CPP='i686-w64-mingw32-gcc -E'
ac_cv_prog_CXX=i686-w64-mingw32-g++
ac_cv_prog_CXXCPP='i686-w64-mingw32-g++ -E'
ac_cv_prog_DLLTOOL=i686-w64-mingw32-dlltool
ac_cv_prog_OBJDUMP=i686-w64-mingw32-objdump
ac_cv_prog_RANLIB=i686-w64-mingw32-ranlib
ac_cv_prog_STRIP=i686-w64-mingw32-strip
ac_cv_prog_cc_c89=
ac_cv_prog_cc_g=yes
ac_cv_prog_cxx_g=yes
ac_cv_prog_make_make_set=yes
ac_cv_type__Bool=yes
ac_cv_type_pid_t=yes
ac_cv_type_size_t=yes
am_cv_CC_dependencies_compiler_type=gcc3
am_cv_CXX_dependencies_compiler_type=gcc3
lt_cv_archive_cmds_need_lc=yes
lt_cv_deplibs_check_method='file_magic ^x86 archive import|^x86 DLL'
lt_cv_file_magic_cmd=func_win32_libid
lt_cv_file_magic_test_file=
lt_cv_ld_reload_flag=-r
lt_cv_nm_interface='BSD nm'
lt_cv_objdir=.libs
lt_cv_path_LD=/home/frank/w32/i686-w64-mingw32/bin/ld
lt_cv_path_LDCXX=/home/frank/w32/i686-w64-mingw32/bin/ld
lt_cv_path_NM='/home/frank/w32/bin/i686-w64-mingw32-nm -B'
lt_cv_prog_compiler_c_o=yes
lt_cv_prog_compiler_c_o_CXX=yes
lt_cv_prog_compiler_pic_works=yes
lt_cv_prog_compiler_pic_works_CXX=yes
lt_cv_prog_compiler_rtti_exceptions=no
lt_cv_prog_compiler_static_works=yes
lt_cv_prog_compiler_static_works_CXX=yes
lt_cv_prog_gnu_ld=yes
lt_cv_prog_gnu_ldcxx=yes
lt_cv_sys_global_symbol_pipe='sed -n -e '\''s/^.*[	 ]\([ABCDGIRSTW][ABCDGIRSTW]*\)[	 ][	 ]*_\([_A-Za-z][_A-Za-z0-9]*\)$/\1 _\2 \2/p'\'''
lt_cv_sys_global_symbol_to_c_name_address='sed -n -e '\''s/^: \([^ ]*\) $/  {\"\1\", (void *) 0},/p'\'' -e '\''s/^[ABCDGIRSTW]* \([^ ]*\) \([^ ]*\)$/  {"\2", (void *) \&\2},/p'\'''
lt_cv_sys_global_symbol_to_c_name_address_lib_prefix='sed -n -e '\''s/^: \([^ ]*\) $/  {\"\1\", (void *) 0},/p'\'' -e '\''s/^[ABCDGIRSTW]* \([^ ]*\) \(lib[^ ]*\)$/  {"\2", (void *) \&\2},/p'\'' -e '\''s/^[ABCDGIRSTW]* \([^ ]*\) \([^ ]*\)$/  {"lib\2", (void *) \&\2},/p'\'''
lt_cv_sys_global_symbol_to_cdecl='sed -n -e '\''s/^T .* \(.*\)$/extern int \1();/p'\'' -e '\''s/^[ABCDGIRSTW]* .* \(.*\)$/extern char \1;/p'\'''
lt_cv_sys_max_cmd_len=3458764513820540925

## ----------------- ##
## Output variables. ##
## ----------------- ##

ACLOCAL='${SHELL} /home/frank/OLDTRUNK/eid-mw/dialogs/build-aux/missing --run aclocal-1.11'
AMDEPBACKSLASH='\'
AMDEP_FALSE='#'
AMDEP_TRUE=''
AMTAR='${SHELL} /home/frank/OLDTRUNK/eid-mw/dialogs/build-aux/missing --run tar'
AR='i686-w64-mingw32-ar'
AS='i686-w64-mingw32-as'
AUTOCONF='${SHELL} /home/frank/OLDTRUNK/eid-mw/dialogs/build-aux/missing --run autoconf'
AUTOHEADER='${SHELL} /home/frank/OLDTRUNK/eid-mw/dialogs/build-aux/missing --run autoheader'
AUTOMAKE='${SHELL} /home/frank/OLDTRUNK/eid-mw/dialogs/build-aux/missing --run automake-1.11'
AWK='gawk'
CC='i686-w64-mingw32-gcc'
CCDEPMODE='depmode=gcc3'
CFLAGS='-g -O2'
CPP='i686-w64-mingw32-gcc -E'
CPPFLAGS=''
CXX='i686-w64-mingw32-g++'
CXXCPP='i686-w64-mingw32-g++ -E'
CXXDEPMODE='depmode=gcc3'
CXXFLAGS='-g -O2'
CYGPATH_W='echo'
DEFS='-DHAVE_CONFIG_H'
DEPDIR='.deps'
DLLTOOL='i686-w64-mingw32-dlltool'
DSYMUTIL=''
DUMPBIN=''
ECHO_C=''
ECHO_N='-n'
ECHO_T=''
EGREP='/bin/grep -E'
EXEEXT='.exe'
FGREP='/bin/grep -F'
GREP='/bin/grep'
INSTALL_DATA='${INSTALL} -m 644'
INSTALL_PROGRAM='${INSTALL}'
INSTALL_SCRIPT='${INSTALL}'
INSTALL_STRIP_PROGRAM='$(install_sh) -c -s'
LD='/home/frank/w32/i686-w64-mingw32/bin/ld'
LDFLAGS=''
LIBOBJS=''
LIBS=''
LIBTOOL='$(SHELL) $(top_builddir)/libtool'
LINUX_FALSE=''
LINUX_TRUE='#'
LIPO=''
LN_S='ln -s'
LTLIBOBJS=''
MAKEINFO='${SHELL} /home/frank/OLDTRUNK/eid-mw/dialogs/build-aux/missing --run makeinfo'
MKDIR_P='/bin/mkdir -p'
NM='/home/frank/w32/bin/i686-w64-mingw32-nm -B'
NMEDIT=''
OBJDUMP='i686-w64-mingw32-objdump'
OBJEXT='o'
OSX_FALSE=''
OSX_TRUE='#'
OTOOL64=''
OTOOL=''
PACKAGE='libbeiddialogs'
PACKAGE_BUGREPORT='support@fedict.be'
PACKAGE_NAME='libbeiddialogs'
PACKAGE_STRING='libbeiddialogs 0.0.1'
PACKAGE_TARNAME='libbeiddialogs'
PACKAGE_URL=''
PACKAGE_VERSION='0.0.1'
PATH_SEPARATOR=':'
QT_BINDIR=''
QT_FALSE=''
QT_INCS=''
QT_LIBS=''
QT_TRUE='#'
RANLIB='i686-w64-mingw32-ranlib'
SED='/bin/sed'
SET_MAKE=''
SHELL='/bin/sh'
STRIP='i686-w64-mingw32-strip'
VERSION='0.0.1'
WIN32_FALSE='#'
WIN32_TRUE=''
ac_ct_CC=''
ac_ct_CXX=''
ac_ct_DUMPBIN=''
am__EXEEXT_FALSE='#'
am__EXEEXT_TRUE=''
am__fastdepCC_FALSE='#'
am__fastdepCC_TRUE=''
am__fastdepCXX_FALSE='#'
am__fastdepCXX_TRUE=''
am__include='include'
am__isrc=''
am__leading_dot='.'
am__quote=''
am__tar='${AMTAR} chof - "$$tardir"'
am__untar='${AMTAR} xf -'
bindir='${exec_prefix}/bin'
build='x86_64-unknown-linux-gnu'
build_alias=''
build_cpu='x86_64'
build_os='linux-gnu'
build_vendor='unknown'
datadir='${datarootdir}'
datarootdir='${prefix}/share'
docdir='${datarootdir}/doc/${PACKAGE_TARNAME}'
dvidir='${docdir}'
exec_prefix='${prefix}'
host='i686-w64-mingw32'
host_alias='i686-w64-mingw32'
host_cpu='i686'
host_os='mingw32'
host_vendor='w64'
htmldir='${docdir}'
includedir='${prefix}/include'
infodir='${datarootdir}/info'
install_sh='${SHELL} /home/frank/OLDTRUNK/eid-mw/dialogs/build-aux/install-sh'
libdir='${exec_prefix}/lib'
libexecdir='${exec_prefix}/libexec'
localedir='${datarootdir}/locale'
localstatedir='${prefix}/var'
mandir='${datarootdir}/man'
mkdir_p='/bin/mkdir -p'
oldincludedir='/usr/include'
pdfdir='${docdir}'
prefix=''
program_transform_name='s,x,x,'
psdir='${docdir}'
sbindir='${exec_prefix}/sbin'
sharedstatedir='${prefix}/com'
sysconfdir='${prefix}/etc'
target_alias=''

## ----------- ##
## confdefs.h. ##
## ----------- ##

/* confdefs.h */
#define PACKAGE_NAME "libbeiddialogs"
#define PACKAGE_TARNAME "libbeiddialogs"
#define PACKAGE_VERSION "0.0.1"
#define PACKAGE_STRING "libbeiddialogs 0.0.1"
#define PACKAGE_BUGREPORT "support@fedict.be"
#define PACKAGE_URL ""
#define PACKAGE "libbeiddialogs"
#define VERSION "0.0.1"
#define STDC_HEADERS 1
#define HAVE_SYS_TYPES_H 1
#define HAVE_SYS_STAT_H 1
#define HAVE_STDLIB_H 1
#define HAVE_STRING_H 1
#define HAVE_MEMORY_H 1
#define HAVE_STRINGS_H 1
#define HAVE_INTTYPES_H 1
#define HAVE_STDINT_H 1
#define HAVE_UNISTD_H 1
#define HAVE_DLFCN_H 1
#define LT_OBJDIR ".libs/"
#define HAVE_STDLIB_H 1
#define HAVE__BOOL 1
#define HAVE_STDBOOL_H 1
#define vfork fork
#define HAVE_STRERROR 1

configure: exit 0

## ---------------------- ##
## Running config.status. ##
## ---------------------- ##

This file was extended by libbeiddialogs config.status 0.0.1, which was
generated by GNU Autoconf 2.65.  Invocation command line was

  CONFIG_FILES    = 
  CONFIG_HEADERS  = 
  CONFIG_LINKS    = 
  CONFIG_COMMANDS = 
  $ ./config.status 

on eridu

config.status:1168: creating Makefile
config.status:1168: creating config.h
config.status:1340: config.h is unchanged
config.status:1388: executing depfiles commands
config.status:1388: executing libtool commands
