This file contains any messages produced by compilers while
running configure, to aid debugging if configure makes a mistake.

It was created by libbeidpkcs11 configure 0.0.1, which was
generated by GNU Autoconf 2.65.  Invocation command line was

  $ ./configure --disable-option-checking --prefix= --host=i686-w64-mingw32 --with-qt=/data/fedict/Qt/qt/ host_alias=i686-w64-mingw32 --cache-file=/dev/null --srcdir=. --no-create --no-recursion

## --------- ##
## Platform. ##
## --------- ##

hostname = eridu
uname -m = x86_64
uname -r = 2.6.33-ARCH
uname -s = Linux
uname -v = #1 SMP PREEMPT Sun Apr 4 10:27:30 CEST 2010

/usr/bin/uname -p = unknown
/bin/uname -X     = unknown

/bin/arch              = x86_64
/usr/bin/arch -k       = unknown
/usr/convex/getsysinfo = unknown
/usr/bin/hostinfo      = unknown
/bin/machine           = unknown
/usr/bin/oslevel       = unknown
/bin/universe          = unknown

PATH: /home/frank/w32/bin
PATH: /home/frank/w64/bin
PATH: /bin
PATH: /usr/bin
PATH: /sbin
PATH: /usr/sbin
PATH: /usr/bin/perlbin/site
PATH: /usr/bin/perlbin/vendor
PATH: /usr/bin/perlbin/core
PATH: /opt/qt/bin


## ----------- ##
## Core tests. ##
## ----------- ##

configure:2482: checking for a BSD-compatible install
configure:2550: result: /bin/install -c
configure:2561: checking whether build environment is sane
configure:2611: result: yes
configure:2660: checking for i686-w64-mingw32-strip
configure:2676: found /home/frank/w32/bin/i686-w64-mingw32-strip
configure:2687: result: i686-w64-mingw32-strip
configure:2752: checking for a thread-safe mkdir -p
configure:2791: result: /bin/mkdir -p
configure:2804: checking for gawk
configure:2820: found /bin/gawk
configure:2831: result: gawk
configure:2842: checking whether make sets $(MAKE)
configure:2864: result: yes
configure:2948: checking build system type
configure:2962: result: x86_64-unknown-linux-gnu
configure:2982: checking host system type
configure:2995: result: i686-w64-mingw32
configure:3061: checking how to print strings
configure:3088: result: printf
configure:3121: checking for style of include used by make
configure:3149: result: GNU
configure:3179: checking for i686-w64-mingw32-gcc
configure:3195: found /home/frank/w32/bin/i686-w64-mingw32-gcc
configure:3206: result: i686-w64-mingw32-gcc
configure:3475: checking for C compiler version
configure:3484: i686-w64-mingw32-gcc --version >&5
i686-w64-mingw32-gcc (GCC) 4.6.0 20100529 (experimental)
Copyright (C) 2010 Free Software Foundation, Inc.
This is free software; see the source for copying conditions.  There is NO
warranty; not even for MERCHANTABILITY or FITNESS FOR A PARTICULAR PURPOSE.

configure:3495: $? = 0
configure:3484: i686-w64-mingw32-gcc -v >&5
Using built-in specs.
COLLECT_GCC=i686-w64-mingw32-gcc
COLLECT_LTO_WRAPPER=/home/frank/w32/bin/../libexec/gcc/i686-w64-mingw32/4.6.0/lto-wrapper
Target: i686-w64-mingw32
Configured with: ../../../build/gcc/gcc/configure --target=i686-w64-mingw32 --prefix=/buildbot/mingw-w64/linux-x86_64-x86/build/build/root --with-sysroot=/buildbot/mingw-w64/linux-x86_64-x86/build/build/root --with-gmp=/buildbot/mingw-w64/linux-x86_64-x86/build/build/gmp/install --with-mpfr=/buildbot/mingw-w64/linux-x86_64-x86/build/build/mpfr/install --with-mpc=/buildbot/mingw-w64/linux-x86_64-x86/build/build/mpc/install --enable-languages=all,obj-c++ --enable-fully-dynamic-string --disable-multilib
Thread model: win32
gcc version 4.6.0 20100529 (experimental) (GCC) 
configure:3495: $? = 0
configure:3484: i686-w64-mingw32-gcc -V >&5
i686-w64-mingw32-gcc: error: unrecognized option '-V'
i686-w64-mingw32-gcc: fatal error: no input files
compilation terminated.
configure:3495: $? = 1
configure:3484: i686-w64-mingw32-gcc -qversion >&5
i686-w64-mingw32-gcc: error: unrecognized option '-qversion'
i686-w64-mingw32-gcc: fatal error: no input files
compilation terminated.
configure:3495: $? = 1
configure:3515: checking whether the C compiler works
configure:3537: i686-w64-mingw32-gcc    conftest.c  >&5
configure:3541: $? = 0
configure:3590: result: yes
configure:3593: checking for C compiler default output file name
configure:3595: result: a.exe
configure:3601: checking for suffix of executables
configure:3608: i686-w64-mingw32-gcc -o conftest.exe    conftest.c  >&5
configure:3612: $? = 0
configure:3634: result: .exe
configure:3656: checking whether we are cross compiling
configure:3664: i686-w64-mingw32-gcc -o conftest.exe    conftest.c  >&5
configure:3668: $? = 0
configure:3675: ./conftest.exe
./configure: line 3677: ./conftest.exe: cannot execute binary file
configure:3679: $? = 126
configure:3694: result: yes
configure:3699: checking for suffix of object files
configure:3721: i686-w64-mingw32-gcc -c   conftest.c >&5
configure:3725: $? = 0
configure:3746: result: o
configure:3750: checking whether we are using the GNU C compiler
configure:3769: i686-w64-mingw32-gcc -c   conftest.c >&5
configure:3769: $? = 0
configure:3778: result: yes
configure:3787: checking whether i686-w64-mingw32-gcc accepts -g
configure:3807: i686-w64-mingw32-gcc -c -g  conftest.c >&5
configure:3807: $? = 0
configure:3848: result: yes
configure:3865: checking for i686-w64-mingw32-gcc option to accept ISO C89
configure:3929: i686-w64-mingw32-gcc  -c -g -O2  conftest.c >&5
configure:3929: $? = 0
configure:3942: result: none needed
configure:3964: checking dependency style of i686-w64-mingw32-gcc
configure:4074: result: gcc3
configure:4089: checking for a sed that does not truncate output
configure:4153: result: /bin/sed
configure:4171: checking for grep that handles long lines and -e
configure:4229: result: /bin/grep
configure:4234: checking for egrep
configure:4296: result: /bin/grep -E
configure:4301: checking for fgrep
configure:4363: result: /bin/grep -F
configure:4398: checking for ld used by i686-w64-mingw32-gcc
configure:4465: result: /home/frank/w32/i686-w64-mingw32/bin/ld
configure:4472: checking if the linker (/home/frank/w32/i686-w64-mingw32/bin/ld) is GNU ld
configure:4487: result: yes
configure:4499: checking for BSD- or MS-compatible name lister (nm)
configure:4548: result: /home/frank/w32/bin/i686-w64-mingw32-nm -B
configure:4678: checking the name lister (/home/frank/w32/bin/i686-w64-mingw32-nm -B) interface
configure:4685: i686-w64-mingw32-gcc -c -g -O2  conftest.c >&5
configure:4688: /home/frank/w32/bin/i686-w64-mingw32-nm -B "conftest.o"
configure:4691: output
00000000 b .bss
00000000 d .data
00000000 N .debug_abbrev
00000000 N .debug_info
00000000 N .debug_line
00000000 N .debug_pubnames
00000000 t .text
00000000 B _some_variable
configure:4698: result: BSD nm
configure:4701: checking whether ln -s works
configure:4705: result: yes
configure:4713: checking the maximum length of command line arguments
configure:4838: result: 3458764513820540925
configure:4855: checking whether the shell understands some XSI constructs
configure:4865: result: yes
configure:4869: checking whether the shell understands "+="
configure:4875: result: yes
configure:4910: checking for /home/frank/w32/i686-w64-mingw32/bin/ld option to reload object files
configure:4917: result: -r
configure:4946: checking for i686-w64-mingw32-objdump
configure:4962: found /home/frank/w32/bin/i686-w64-mingw32-objdump
configure:4973: result: i686-w64-mingw32-objdump
configure:5042: checking how to recognize dependent libraries
configure:5244: result: file_magic ^x86 archive import|^x86 DLL
configure:5264: checking for i686-w64-mingw32-ar
configure:5280: found /home/frank/w32/bin/i686-w64-mingw32-ar
configure:5291: result: i686-w64-mingw32-ar
configure:5369: checking for i686-w64-mingw32-strip
configure:5396: result: i686-w64-mingw32-strip
configure:5468: checking for i686-w64-mingw32-ranlib
configure:5484: found /home/frank/w32/bin/i686-w64-mingw32-ranlib
configure:5495: result: i686-w64-mingw32-ranlib
configure:5637: checking command to parse /home/frank/w32/bin/i686-w64-mingw32-nm -B output from i686-w64-mingw32-gcc object
configure:5755: i686-w64-mingw32-gcc -c -g -O2  conftest.c >&5
configure:5758: $? = 0
configure:5762: /home/frank/w32/bin/i686-w64-mingw32-nm -B conftest.o \| sed -n -e 's/^.*[ ]\([ABCDGIRSTW][ABCDGIRSTW]*\)[ ][ ]*\([_A-Za-z][_A-Za-z0-9]*\)$/\1 \2 \2/p' \> conftest.nm
configure:5765: $? = 0
cannot find nm_test_var in conftest.nm
configure:5755: i686-w64-mingw32-gcc -c -g -O2  conftest.c >&5
configure:5758: $? = 0
configure:5762: /home/frank/w32/bin/i686-w64-mingw32-nm -B conftest.o \| sed -n -e 's/^.*[ ]\([ABCDGIRSTW][ABCDGIRSTW]*\)[ ][ ]*_\([_A-Za-z][_A-Za-z0-9]*\)$/\1 _\2 \2/p' \> conftest.nm
configure:5765: $? = 0
configure:5819: i686-w64-mingw32-gcc -o conftest.exe -g -O2   conftest.c conftstm.o >&5
configure:5822: $? = 0
configure:5860: result: ok
configure:6701: checking how to run the C preprocessor
configure:6732: i686-w64-mingw32-gcc -E  conftest.c
configure:6732: $? = 0
configure:6746: i686-w64-mingw32-gcc -E  conftest.c
conftest.c:11:28: fatal error: ac_nonexistent.h: No such file or directory
compilation terminated.
configure:6746: $? = 1
configure: failed program was:
| /* confdefs.h */
| #define PACKAGE_NAME "libbeidpkcs11"
| #define PACKAGE_TARNAME "libbeidpkcs11"
| #define PACKAGE_VERSION "0.0.1"
| #define PACKAGE_STRING "libbeidpkcs11 0.0.1"
| #define PACKAGE_BUGREPORT "servicedesk@fedict.be"
| #define PACKAGE_URL ""
| #define PACKAGE "libbeidpkcs11"
| #define VERSION "0.0.1"
| /* end confdefs.h.  */
| #include <ac_nonexistent.h>
configure:6771: result: i686-w64-mingw32-gcc -E
configure:6791: i686-w64-mingw32-gcc -E  conftest.c
configure:6791: $? = 0
configure:6805: i686-w64-mingw32-gcc -E  conftest.c
conftest.c:11:28: fatal error: ac_nonexistent.h: No such file or directory
compilation terminated.
configure:6805: $? = 1
configure: failed program was:
| /* confdefs.h */
| #define PACKAGE_NAME "libbeidpkcs11"
| #define PACKAGE_TARNAME "libbeidpkcs11"
| #define PACKAGE_VERSION "0.0.1"
| #define PACKAGE_STRING "libbeidpkcs11 0.0.1"
| #define PACKAGE_BUGREPORT "servicedesk@fedict.be"
| #define PACKAGE_URL ""
| #define PACKAGE "libbeidpkcs11"
| #define VERSION "0.0.1"
| /* end confdefs.h.  */
| #include <ac_nonexistent.h>
configure:6834: checking for ANSI C header files
configure:6854: i686-w64-mingw32-gcc -c -g -O2  conftest.c >&5
configure:6854: $? = 0
configure:6938: result: yes
configure:6951: checking for sys/types.h
configure:6951: i686-w64-mingw32-gcc -c -g -O2  conftest.c >&5
configure:6951: $? = 0
configure:6951: result: yes
configure:6951: checking for sys/stat.h
configure:6951: i686-w64-mingw32-gcc -c -g -O2  conftest.c >&5
configure:6951: $? = 0
configure:6951: result: yes
configure:6951: checking for stdlib.h
configure:6951: i686-w64-mingw32-gcc -c -g -O2  conftest.c >&5
configure:6951: $? = 0
configure:6951: result: yes
configure:6951: checking for string.h
configure:6951: i686-w64-mingw32-gcc -c -g -O2  conftest.c >&5
configure:6951: $? = 0
configure:6951: result: yes
configure:6951: checking for memory.h
configure:6951: i686-w64-mingw32-gcc -c -g -O2  conftest.c >&5
configure:6951: $? = 0
configure:6951: result: yes
configure:6951: checking for strings.h
configure:6951: i686-w64-mingw32-gcc -c -g -O2  conftest.c >&5
configure:6951: $? = 0
configure:6951: result: yes
configure:6951: checking for inttypes.h
configure:6951: i686-w64-mingw32-gcc -c -g -O2  conftest.c >&5
configure:6951: $? = 0
configure:6951: result: yes
configure:6951: checking for stdint.h
configure:6951: i686-w64-mingw32-gcc -c -g -O2  conftest.c >&5
configure:6951: $? = 0
configure:6951: result: yes
configure:6951: checking for unistd.h
configure:6951: i686-w64-mingw32-gcc -c -g -O2  conftest.c >&5
configure:6951: $? = 0
configure:6951: result: yes
configure:6966: checking for dlfcn.h
configure:6966: i686-w64-mingw32-gcc -c -g -O2  conftest.c >&5
configure:6966: $? = 0
configure:6966: result: yes
configure:6989: checking for i686-w64-mingw32-as
configure:7005: found /home/frank/w32/bin/i686-w64-mingw32-as
configure:7016: result: i686-w64-mingw32-as
configure:7081: checking for i686-w64-mingw32-dlltool
configure:7097: found /home/frank/w32/bin/i686-w64-mingw32-dlltool
configure:7108: result: i686-w64-mingw32-dlltool
configure:7173: checking for i686-w64-mingw32-objdump
configure:7200: result: i686-w64-mingw32-objdump
configure:7451: checking for objdir
configure:7466: result: .libs
configure:7737: checking if i686-w64-mingw32-gcc supports -fno-rtti -fno-exceptions
configure:7755: i686-w64-mingw32-gcc -c -g -O2  -fno-rtti -fno-exceptions conftest.c >&5
cc1: warning: command line option "-fno-rtti" is valid for C++/ObjC++ but not for C [enabled by default]
configure:7759: $? = 0
configure:7772: result: no
configure:7792: checking for i686-w64-mingw32-gcc option to produce PIC
configure:8077: result: -DDLL_EXPORT -DPIC
configure:8089: checking if i686-w64-mingw32-gcc PIC flag -DDLL_EXPORT -DPIC works
configure:8107: i686-w64-mingw32-gcc -c -g -O2  -DDLL_EXPORT -DPIC -DPIC conftest.c >&5
configure:8111: $? = 0
configure:8124: result: yes
configure:8148: checking if i686-w64-mingw32-gcc static flag -static works
configure:8176: result: yes
configure:8191: checking if i686-w64-mingw32-gcc supports -c -o file.o
configure:8212: i686-w64-mingw32-gcc -c -g -O2  -o out/conftest2.o conftest.c >&5
configure:8216: $? = 0
configure:8238: result: yes
configure:8246: checking if i686-w64-mingw32-gcc supports -c -o file.o
configure:8293: result: yes
configure:8326: checking whether the i686-w64-mingw32-gcc linker (/home/frank/w32/i686-w64-mingw32/bin/ld) supports shared libraries
configure:9401: result: yes
configure:9438: checking whether -lc should be explicitly linked in
configure:9446: i686-w64-mingw32-gcc -c -g -O2  conftest.c >&5
configure:9449: $? = 0
configure:9464: i686-w64-mingw32-gcc -shared conftest.o  -v -o ./conftest -Wl,--enable-auto-image-base -Xlinker --out-implib -Xlinker conftest 2\>\&1 \| /bin/grep  -lc  \>/dev/null 2\>\&1
configure:9467: $? = 1
configure:9481: result: yes
configure:9646: checking dynamic linker characteristics
configure:10323: result: Win32 ld.exe
configure:10430: checking how to hardcode library paths into programs
configure:10455: result: immediate
configure:10995: checking whether stripping libraries is possible
configure:11000: result: yes
configure:11035: checking if libtool supports shared libraries
configure:11037: result: yes
configure:11040: checking whether to build shared libraries
configure:11061: result: yes
configure:11064: checking whether to build static libraries
configure:11068: result: yes
configure:11111: checking for i686-w64-mingw32-as
configure:11138: result: i686-w64-mingw32-as
configure:11203: checking for i686-w64-mingw32-dlltool
configure:11230: result: i686-w64-mingw32-dlltool
configure:11295: checking for i686-w64-mingw32-objdump
configure:11322: result: i686-w64-mingw32-objdump
configure:11414: checking for i686-w64-mingw32-g++
configure:11430: found /home/frank/w32/bin/i686-w64-mingw32-g++
configure:11441: result: i686-w64-mingw32-g++
configure:11512: checking for C++ compiler version
configure:11521: i686-w64-mingw32-g++ --version >&5
i686-w64-mingw32-g++ (GCC) 4.6.0 20100529 (experimental)
Copyright (C) 2010 Free Software Foundation, Inc.
This is free software; see the source for copying conditions.  There is NO
warranty; not even for MERCHANTABILITY or FITNESS FOR A PARTICULAR PURPOSE.

configure:11532: $? = 0
configure:11521: i686-w64-mingw32-g++ -v >&5
Using built-in specs.
COLLECT_GCC=i686-w64-mingw32-g++
COLLECT_LTO_WRAPPER=/home/frank/w32/bin/../libexec/gcc/i686-w64-mingw32/4.6.0/lto-wrapper
Target: i686-w64-mingw32
Configured with: ../../../build/gcc/gcc/configure --target=i686-w64-mingw32 --prefix=/buildbot/mingw-w64/linux-x86_64-x86/build/build/root --with-sysroot=/buildbot/mingw-w64/linux-x86_64-x86/build/build/root --with-gmp=/buildbot/mingw-w64/linux-x86_64-x86/build/build/gmp/install --with-mpfr=/buildbot/mingw-w64/linux-x86_64-x86/build/build/mpfr/install --with-mpc=/buildbot/mingw-w64/linux-x86_64-x86/build/build/mpc/install --enable-languages=all,obj-c++ --enable-fully-dynamic-string --disable-multilib
Thread model: win32
gcc version 4.6.0 20100529 (experimental) (GCC) 
configure:11532: $? = 0
configure:11521: i686-w64-mingw32-g++ -V >&5
i686-w64-mingw32-g++: fatal error: argument to '-V' missing

compilation terminated.
configure:11532: $? = 1
configure:11521: i686-w64-mingw32-g++ -qversion >&5
i686-w64-mingw32-g++: error: unrecognized option '-qversion'
i686-w64-mingw32-g++: fatal error: no input files
compilation terminated.
configure:11532: $? = 1
configure:11536: checking whether we are using the GNU C++ compiler
configure:11555: i686-w64-mingw32-g++ -c   conftest.cpp >&5
configure:11555: $? = 0
configure:11564: result: yes
configure:11573: checking whether i686-w64-mingw32-g++ accepts -g
configure:11593: i686-w64-mingw32-g++ -c -g  conftest.cpp >&5
configure:11593: $? = 0
configure:11634: result: yes
configure:11659: checking dependency style of i686-w64-mingw32-g++
configure:11769: result: gcc3
configure:11792: checking how to run the C++ preprocessor
configure:11819: i686-w64-mingw32-g++ -E  conftest.cpp
configure:11819: $? = 0
configure:11833: i686-w64-mingw32-g++ -E  conftest.cpp
conftest.cpp:23:28: fatal error: ac_nonexistent.h: No such file or directory
compilation terminated.
configure:11833: $? = 1
configure: failed program was:
| /* confdefs.h */
| #define PACKAGE_NAME "libbeidpkcs11"
| #define PACKAGE_TARNAME "libbeidpkcs11"
| #define PACKAGE_VERSION "0.0.1"
| #define PACKAGE_STRING "libbeidpkcs11 0.0.1"
| #define PACKAGE_BUGREPORT "servicedesk@fedict.be"
| #define PACKAGE_URL ""
| #define PACKAGE "libbeidpkcs11"
| #define VERSION "0.0.1"
| #define STDC_HEADERS 1
| #define HAVE_SYS_TYPES_H 1
| #define HAVE_SYS_STAT_H 1
| #define HAVE_STDLIB_H 1
| #define HAVE_STRING_H 1
| #define HAVE_MEMORY_H 1
| #define HAVE_STRINGS_H 1
| #define HAVE_INTTYPES_H 1
| #define HAVE_STDINT_H 1
| #define HAVE_UNISTD_H 1
| #define HAVE_DLFCN_H 1
| #define LT_OBJDIR ".libs/"
| /* end confdefs.h.  */
| #include <ac_nonexistent.h>
configure:11858: result: i686-w64-mingw32-g++ -E
configure:11878: i686-w64-mingw32-g++ -E  conftest.cpp
configure:11878: $? = 0
configure:11892: i686-w64-mingw32-g++ -E  conftest.cpp
conftest.cpp:23:28: fatal error: ac_nonexistent.h: No such file or directory
compilation terminated.
configure:11892: $? = 1
configure: failed program was:
| /* confdefs.h */
| #define PACKAGE_NAME "libbeidpkcs11"
| #define PACKAGE_TARNAME "libbeidpkcs11"
| #define PACKAGE_VERSION "0.0.1"
| #define PACKAGE_STRING "libbeidpkcs11 0.0.1"
| #define PACKAGE_BUGREPORT "servicedesk@fedict.be"
| #define PACKAGE_URL ""
| #define PACKAGE "libbeidpkcs11"
| #define VERSION "0.0.1"
| #define STDC_HEADERS 1
| #define HAVE_SYS_TYPES_H 1
| #define HAVE_SYS_STAT_H 1
| #define HAVE_STDLIB_H 1
| #define HAVE_STRING_H 1
| #define HAVE_MEMORY_H 1
| #define HAVE_STRINGS_H 1
| #define HAVE_INTTYPES_H 1
| #define HAVE_STDINT_H 1
| #define HAVE_UNISTD_H 1
| #define HAVE_DLFCN_H 1
| #define LT_OBJDIR ".libs/"
| /* end confdefs.h.  */
| #include <ac_nonexistent.h>
configure:12060: checking for ld used by i686-w64-mingw32-g++
configure:12127: result: /home/frank/w32/i686-w64-mingw32/bin/ld
configure:12134: checking if the linker (/home/frank/w32/i686-w64-mingw32/bin/ld) is GNU ld
configure:12149: result: yes
configure:12204: checking whether the i686-w64-mingw32-g++ linker (/home/frank/w32/i686-w64-mingw32/bin/ld) supports shared libraries
configure:13136: result: yes
configure:13164: i686-w64-mingw32-g++ -c -g -O2  conftest.cpp >&5
configure:13167: $? = 0
configure:13349: checking for i686-w64-mingw32-g++ option to produce PIC
configure:13671: result: -DDLL_EXPORT -DPIC
configure:13680: checking if i686-w64-mingw32-g++ PIC flag -DDLL_EXPORT -DPIC works
configure:13698: i686-w64-mingw32-g++ -c -g -O2  -DDLL_EXPORT -DPIC -DPIC conftest.cpp >&5
configure:13702: $? = 0
configure:13715: result: yes
configure:13736: checking if i686-w64-mingw32-g++ static flag -static works
configure:13764: result: yes
configure:13776: checking if i686-w64-mingw32-g++ supports -c -o file.o
configure:13797: i686-w64-mingw32-g++ -c -g -O2  -o out/conftest2.o conftest.cpp >&5
configure:13801: $? = 0
configure:13823: result: yes
configure:13828: checking if i686-w64-mingw32-g++ supports -c -o file.o
configure:13875: result: yes
configure:13905: checking whether the i686-w64-mingw32-g++ linker (/home/frank/w32/i686-w64-mingw32/bin/ld) supports shared libraries
configure:13933: result: yes
configure:14076: checking dynamic linker characteristics
configure:14687: result: Win32 ld.exe
configure:14740: checking how to hardcode library paths into programs
configure:14765: result: immediate
configure:14812: checking for i686-w64-mingw32-gcc
configure:14839: result: i686-w64-mingw32-gcc
configure:15108: checking for C compiler version
configure:15117: i686-w64-mingw32-gcc --version >&5
i686-w64-mingw32-gcc (GCC) 4.6.0 20100529 (experimental)
Copyright (C) 2010 Free Software Foundation, Inc.
This is free software; see the source for copying conditions.  There is NO
warranty; not even for MERCHANTABILITY or FITNESS FOR A PARTICULAR PURPOSE.

configure:15128: $? = 0
configure:15117: i686-w64-mingw32-gcc -v >&5
Using built-in specs.
COLLECT_GCC=i686-w64-mingw32-gcc
COLLECT_LTO_WRAPPER=/home/frank/w32/bin/../libexec/gcc/i686-w64-mingw32/4.6.0/lto-wrapper
Target: i686-w64-mingw32
Configured with: ../../../build/gcc/gcc/configure --target=i686-w64-mingw32 --prefix=/buildbot/mingw-w64/linux-x86_64-x86/build/build/root --with-sysroot=/buildbot/mingw-w64/linux-x86_64-x86/build/build/root --with-gmp=/buildbot/mingw-w64/linux-x86_64-x86/build/build/gmp/install --with-mpfr=/buildbot/mingw-w64/linux-x86_64-x86/build/build/mpfr/install --with-mpc=/buildbot/mingw-w64/linux-x86_64-x86/build/build/mpc/install --enable-languages=all,obj-c++ --enable-fully-dynamic-string --disable-multilib
Thread model: win32
gcc version 4.6.0 20100529 (experimental) (GCC) 
configure:15128: $? = 0
configure:15117: i686-w64-mingw32-gcc -V >&5
i686-w64-mingw32-gcc: error: unrecognized option '-V'
i686-w64-mingw32-gcc: fatal error: no input files
compilation terminated.
configure:15128: $? = 1
configure:15117: i686-w64-mingw32-gcc -qversion >&5
i686-w64-mingw32-gcc: error: unrecognized option '-qversion'
i686-w64-mingw32-gcc: fatal error: no input files
compilation terminated.
configure:15128: $? = 1
configure:15132: checking whether we are using the GNU C compiler
configure:15160: result: yes
configure:15169: checking whether i686-w64-mingw32-gcc accepts -g
configure:15230: result: yes
configure:15247: checking for i686-w64-mingw32-gcc option to accept ISO C89
configure:15324: result: none needed
configure:15346: checking dependency style of i686-w64-mingw32-gcc
configure:15456: result: gcc3
configure:15585: checking for stdlib.h
configure:15585: result: yes
configure:15585: checking for string.h
configure:15585: result: yes
configure:15598: checking for stdbool.h that conforms to C99
configure:15683: i686-w64-mingw32-gcc -c -g -O2  conftest.c >&5
configure:15683: $? = 0
configure:15690: result: yes
configure:15692: checking for _Bool
configure:15692: i686-w64-mingw32-gcc -c -g -O2  conftest.c >&5
configure:15692: $? = 0
configure:15692: i686-w64-mingw32-gcc -c -g -O2  conftest.c >&5
conftest.c: In function 'main':
conftest.c:61:20: error: expected expression before ')' token
configure:15692: $? = 1
configure: failed program was:
| /* confdefs.h */
| #define PACKAGE_NAME "libbeidpkcs11"
| #define PACKAGE_TARNAME "libbeidpkcs11"
| #define PACKAGE_VERSION "0.0.1"
| #define PACKAGE_STRING "libbeidpkcs11 0.0.1"
| #define PACKAGE_BUGREPORT "servicedesk@fedict.be"
| #define PACKAGE_URL ""
| #define PACKAGE "libbeidpkcs11"
| #define VERSION "0.0.1"
| #define STDC_HEADERS 1
| #define HAVE_SYS_TYPES_H 1
| #define HAVE_SYS_STAT_H 1
| #define HAVE_STDLIB_H 1
| #define HAVE_STRING_H 1
| #define HAVE_MEMORY_H 1
| #define HAVE_STRINGS_H 1
| #define HAVE_INTTYPES_H 1
| #define HAVE_STDINT_H 1
| #define HAVE_UNISTD_H 1
| #define HAVE_DLFCN_H 1
| #define LT_OBJDIR ".libs/"
| #define HAVE_STDLIB_H 1
| #define HAVE_STRING_H 1
| /* end confdefs.h.  */
| #include <stdio.h>
| #ifdef HAVE_SYS_TYPES_H
| # include <sys/types.h>
| #endif
| #ifdef HAVE_SYS_STAT_H
| # include <sys/stat.h>
| #endif
| #ifdef STDC_HEADERS
| # include <stdlib.h>
| # include <stddef.h>
| #else
| # ifdef HAVE_STDLIB_H
| #  include <stdlib.h>
| # endif
| #endif
| #ifdef HAVE_STRING_H
| # if !defined STDC_HEADERS && defined HAVE_MEMORY_H
| #  include <memory.h>
| # endif
| # include <string.h>
| #endif
| #ifdef HAVE_STRINGS_H
| # include <strings.h>
| #endif
| #ifdef HAVE_INTTYPES_H
| # include <inttypes.h>
| #endif
| #ifdef HAVE_STDINT_H
| # include <stdint.h>
| #endif
| #ifdef HAVE_UNISTD_H
| # include <unistd.h>
| #endif
| int
| main ()
| {
| if (sizeof ((_Bool)))
| 	    return 0;
|   ;
|   return 0;
| }
configure:15692: result: yes
configure:15708: checking for inline
configure:15724: i686-w64-mingw32-gcc -c -g -O2  conftest.c >&5
configure:15724: $? = 0
configure:15732: result: inline
configure:15750: checking for int32_t
configure:15750: i686-w64-mingw32-gcc -c -g -O2  conftest.c >&5
conftest.c: In function 'main':
conftest.c:63:57: error: expected ')' before ';' token
conftest.c:64:63: error: expected expression before ']' token
configure:15750: $? = 1
configure: failed program was:
| /* confdefs.h */
| #define PACKAGE_NAME "libbeidpkcs11"
| #define PACKAGE_TARNAME "libbeidpkcs11"
| #define PACKAGE_VERSION "0.0.1"
| #define PACKAGE_STRING "libbeidpkcs11 0.0.1"
| #define PACKAGE_BUGREPORT "servicedesk@fedict.be"
| #define PACKAGE_URL ""
| #define PACKAGE "libbeidpkcs11"
| #define VERSION "0.0.1"
| #define STDC_HEADERS 1
| #define HAVE_SYS_TYPES_H 1
| #define HAVE_SYS_STAT_H 1
| #define HAVE_STDLIB_H 1
| #define HAVE_STRING_H 1
| #define HAVE_MEMORY_H 1
| #define HAVE_STRINGS_H 1
| #define HAVE_INTTYPES_H 1
| #define HAVE_STDINT_H 1
| #define HAVE_UNISTD_H 1
| #define HAVE_DLFCN_H 1
| #define LT_OBJDIR ".libs/"
| #define HAVE_STDLIB_H 1
| #define HAVE_STRING_H 1
| #define HAVE__BOOL 1
| #define HAVE_STDBOOL_H 1
| /* end confdefs.h.  */
| #include <stdio.h>
| #ifdef HAVE_SYS_TYPES_H
| # include <sys/types.h>
| #endif
| #ifdef HAVE_SYS_STAT_H
| # include <sys/stat.h>
| #endif
| #ifdef STDC_HEADERS
| # include <stdlib.h>
| # include <stddef.h>
| #else
| # ifdef HAVE_STDLIB_H
| #  include <stdlib.h>
| # endif
| #endif
| #ifdef HAVE_STRING_H
| # if !defined STDC_HEADERS && defined HAVE_MEMORY_H
| #  include <memory.h>
| # endif
| # include <string.h>
| #endif
| #ifdef HAVE_STRINGS_H
| # include <strings.h>
| #endif
| #ifdef HAVE_INTTYPES_H
| # include <inttypes.h>
| #endif
| #ifdef HAVE_STDINT_H
| # include <stdint.h>
| #endif
| #ifdef HAVE_UNISTD_H
| # include <unistd.h>
| #endif
| int
| main ()
| {
| static int test_array [1 - 2 * !(enum { N = 32 / 2 - 1 };
| 	     0 < (int32_t) (((((int32_t) 1 << N) << N) - 1) * 2 + 1))];
| test_array [0] = 0
| 
|   ;
|   return 0;
| }
configure:15750: i686-w64-mingw32-gcc -c -g -O2  conftest.c >&5
conftest.c: In function 'main':
conftest.c:63:57: error: expected ')' before ';' token
conftest.c:64:55: error: expected expression before ']' token
configure:15750: $? = 1
configure: failed program was:
| /* confdefs.h */
| #define PACKAGE_NAME "libbeidpkcs11"
| #define PACKAGE_TARNAME "libbeidpkcs11"
| #define PACKAGE_VERSION "0.0.1"
| #define PACKAGE_STRING "libbeidpkcs11 0.0.1"
| #define PACKAGE_BUGREPORT "servicedesk@fedict.be"
| #define PACKAGE_URL ""
| #define PACKAGE "libbeidpkcs11"
| #define VERSION "0.0.1"
| #define STDC_HEADERS 1
| #define HAVE_SYS_TYPES_H 1
| #define HAVE_SYS_STAT_H 1
| #define HAVE_STDLIB_H 1
| #define HAVE_STRING_H 1
| #define HAVE_MEMORY_H 1
| #define HAVE_STRINGS_H 1
| #define HAVE_INTTYPES_H 1
| #define HAVE_STDINT_H 1
| #define HAVE_UNISTD_H 1
| #define HAVE_DLFCN_H 1
| #define LT_OBJDIR ".libs/"
| #define HAVE_STDLIB_H 1
| #define HAVE_STRING_H 1
| #define HAVE__BOOL 1
| #define HAVE_STDBOOL_H 1
| /* end confdefs.h.  */
| #include <stdio.h>
| #ifdef HAVE_SYS_TYPES_H
| # include <sys/types.h>
| #endif
| #ifdef HAVE_SYS_STAT_H
| # include <sys/stat.h>
| #endif
| #ifdef STDC_HEADERS
| # include <stdlib.h>
| # include <stddef.h>
| #else
| # ifdef HAVE_STDLIB_H
| #  include <stdlib.h>
| # endif
| #endif
| #ifdef HAVE_STRING_H
| # if !defined STDC_HEADERS && defined HAVE_MEMORY_H
| #  include <memory.h>
| # endif
| # include <string.h>
| #endif
| #ifdef HAVE_STRINGS_H
| # include <strings.h>
| #endif
| #ifdef HAVE_INTTYPES_H
| # include <inttypes.h>
| #endif
| #ifdef HAVE_STDINT_H
| # include <stdint.h>
| #endif
| #ifdef HAVE_UNISTD_H
| # include <unistd.h>
| #endif
| int
| main ()
| {
| static int test_array [1 - 2 * !(enum { N = 32 / 2 - 1 };
| 	     0 < (int) (((((int) 1 << N) << N) - 1) * 2 + 1))];
| test_array [0] = 0
| 
|   ;
|   return 0;
| }
configure:15750: i686-w64-mingw32-gcc -c -g -O2  conftest.c >&5
conftest.c: In function 'main':
conftest.c:63:57: error: expected ')' before ';' token
conftest.c:64:65: error: expected expression before ']' token
configure:15750: $? = 1
configure: failed program was:
| /* confdefs.h */
| #define PACKAGE_NAME "libbeidpkcs11"
| #define PACKAGE_TARNAME "libbeidpkcs11"
| #define PACKAGE_VERSION "0.0.1"
| #define PACKAGE_STRING "libbeidpkcs11 0.0.1"
| #define PACKAGE_BUGREPORT "servicedesk@fedict.be"
| #define PACKAGE_URL ""
| #define PACKAGE "libbeidpkcs11"
| #define VERSION "0.0.1"
| #define STDC_HEADERS 1
| #define HAVE_SYS_TYPES_H 1
| #define HAVE_SYS_STAT_H 1
| #define HAVE_STDLIB_H 1
| #define HAVE_STRING_H 1
| #define HAVE_MEMORY_H 1
| #define HAVE_STRINGS_H 1
| #define HAVE_INTTYPES_H 1
| #define HAVE_STDINT_H 1
| #define HAVE_UNISTD_H 1
| #define HAVE_DLFCN_H 1
| #define LT_OBJDIR ".libs/"
| #define HAVE_STDLIB_H 1
| #define HAVE_STRING_H 1
| #define HAVE__BOOL 1
| #define HAVE_STDBOOL_H 1
| /* end confdefs.h.  */
| #include <stdio.h>
| #ifdef HAVE_SYS_TYPES_H
| # include <sys/types.h>
| #endif
| #ifdef HAVE_SYS_STAT_H
| # include <sys/stat.h>
| #endif
| #ifdef STDC_HEADERS
| # include <stdlib.h>
| # include <stddef.h>
| #else
| # ifdef HAVE_STDLIB_H
| #  include <stdlib.h>
| # endif
| #endif
| #ifdef HAVE_STRING_H
| # if !defined STDC_HEADERS && defined HAVE_MEMORY_H
| #  include <memory.h>
| # endif
| # include <string.h>
| #endif
| #ifdef HAVE_STRINGS_H
| # include <strings.h>
| #endif
| #ifdef HAVE_INTTYPES_H
| # include <inttypes.h>
| #endif
| #ifdef HAVE_STDINT_H
| # include <stdint.h>
| #endif
| #ifdef HAVE_UNISTD_H
| # include <unistd.h>
| #endif
| int
| main ()
| {
| static int test_array [1 - 2 * !(enum { N = 32 / 2 - 1 };
| 	     0 < (long int) (((((long int) 1 << N) << N) - 1) * 2 + 1))];
| test_array [0] = 0
| 
|   ;
|   return 0;
| }
configure:15750: i686-w64-mingw32-gcc -c -g -O2  conftest.c >&5
conftest.c: In function 'main':
conftest.c:63:57: error: expected ')' before ';' token
conftest.c:64:75: error: expected expression before ']' token
configure:15750: $? = 1
configure: failed program was:
| /* confdefs.h */
| #define PACKAGE_NAME "libbeidpkcs11"
| #define PACKAGE_TARNAME "libbeidpkcs11"
| #define PACKAGE_VERSION "0.0.1"
| #define PACKAGE_STRING "libbeidpkcs11 0.0.1"
| #define PACKAGE_BUGREPORT "servicedesk@fedict.be"
| #define PACKAGE_URL ""
| #define PACKAGE "libbeidpkcs11"
| #define VERSION "0.0.1"
| #define STDC_HEADERS 1
| #define HAVE_SYS_TYPES_H 1
| #define HAVE_SYS_STAT_H 1
| #define HAVE_STDLIB_H 1
| #define HAVE_STRING_H 1
| #define HAVE_MEMORY_H 1
| #define HAVE_STRINGS_H 1
| #define HAVE_INTTYPES_H 1
| #define HAVE_STDINT_H 1
| #define HAVE_UNISTD_H 1
| #define HAVE_DLFCN_H 1
| #define LT_OBJDIR ".libs/"
| #define HAVE_STDLIB_H 1
| #define HAVE_STRING_H 1
| #define HAVE__BOOL 1
| #define HAVE_STDBOOL_H 1
| /* end confdefs.h.  */
| #include <stdio.h>
| #ifdef HAVE_SYS_TYPES_H
| # include <sys/types.h>
| #endif
| #ifdef HAVE_SYS_STAT_H
| # include <sys/stat.h>
| #endif
| #ifdef STDC_HEADERS
| # include <stdlib.h>
| # include <stddef.h>
| #else
| # ifdef HAVE_STDLIB_H
| #  include <stdlib.h>
| # endif
| #endif
| #ifdef HAVE_STRING_H
| # if !defined STDC_HEADERS && defined HAVE_MEMORY_H
| #  include <memory.h>
| # endif
| # include <string.h>
| #endif
| #ifdef HAVE_STRINGS_H
| # include <strings.h>
| #endif
| #ifdef HAVE_INTTYPES_H
| # include <inttypes.h>
| #endif
| #ifdef HAVE_STDINT_H
| # include <stdint.h>
| #endif
| #ifdef HAVE_UNISTD_H
| # include <unistd.h>
| #endif
| int
| main ()
| {
| static int test_array [1 - 2 * !(enum { N = 32 / 2 - 1 };
| 	     0 < (long long int) (((((long long int) 1 << N) << N) - 1) * 2 + 1))];
| test_array [0] = 0
| 
|   ;
|   return 0;
| }
configure:15750: i686-w64-mingw32-gcc -c -g -O2  conftest.c >&5
conftest.c: In function 'main':
conftest.c:63:57: error: expected ')' before ';' token
conftest.c:64:67: error: expected expression before ']' token
configure:15750: $? = 1
configure: failed program was:
| /* confdefs.h */
| #define PACKAGE_NAME "libbeidpkcs11"
| #define PACKAGE_TARNAME "libbeidpkcs11"
| #define PACKAGE_VERSION "0.0.1"
| #define PACKAGE_STRING "libbeidpkcs11 0.0.1"
| #define PACKAGE_BUGREPORT "servicedesk@fedict.be"
| #define PACKAGE_URL ""
| #define PACKAGE "libbeidpkcs11"
| #define VERSION "0.0.1"
| #define STDC_HEADERS 1
| #define HAVE_SYS_TYPES_H 1
| #define HAVE_SYS_STAT_H 1
| #define HAVE_STDLIB_H 1
| #define HAVE_STRING_H 1
| #define HAVE_MEMORY_H 1
| #define HAVE_STRINGS_H 1
| #define HAVE_INTTYPES_H 1
| #define HAVE_STDINT_H 1
| #define HAVE_UNISTD_H 1
| #define HAVE_DLFCN_H 1
| #define LT_OBJDIR ".libs/"
| #define HAVE_STDLIB_H 1
| #define HAVE_STRING_H 1
| #define HAVE__BOOL 1
| #define HAVE_STDBOOL_H 1
| /* end confdefs.h.  */
| #include <stdio.h>
| #ifdef HAVE_SYS_TYPES_H
| # include <sys/types.h>
| #endif
| #ifdef HAVE_SYS_STAT_H
| # include <sys/stat.h>
| #endif
| #ifdef STDC_HEADERS
| # include <stdlib.h>
| # include <stddef.h>
| #else
| # ifdef HAVE_STDLIB_H
| #  include <stdlib.h>
| # endif
| #endif
| #ifdef HAVE_STRING_H
| # if !defined STDC_HEADERS && defined HAVE_MEMORY_H
| #  include <memory.h>
| # endif
| # include <string.h>
| #endif
| #ifdef HAVE_STRINGS_H
| # include <strings.h>
| #endif
| #ifdef HAVE_INTTYPES_H
| # include <inttypes.h>
| #endif
| #ifdef HAVE_STDINT_H
| # include <stdint.h>
| #endif
| #ifdef HAVE_UNISTD_H
| # include <unistd.h>
| #endif
| int
| main ()
| {
| static int test_array [1 - 2 * !(enum { N = 32 / 2 - 1 };
| 	     0 < (short int) (((((short int) 1 << N) << N) - 1) * 2 + 1))];
| test_array [0] = 0
| 
|   ;
|   return 0;
| }
configure:15750: i686-w64-mingw32-gcc -c -g -O2  conftest.c >&5
conftest.c: In function 'main':
conftest.c:63:57: error: expected ')' before ';' token
conftest.c:64:71: error: expected expression before ']' token
configure:15750: $? = 1
configure: failed program was:
| /* confdefs.h */
| #define PACKAGE_NAME "libbeidpkcs11"
| #define PACKAGE_TARNAME "libbeidpkcs11"
| #define PACKAGE_VERSION "0.0.1"
| #define PACKAGE_STRING "libbeidpkcs11 0.0.1"
| #define PACKAGE_BUGREPORT "servicedesk@fedict.be"
| #define PACKAGE_URL ""
| #define PACKAGE "libbeidpkcs11"
| #define VERSION "0.0.1"
| #define STDC_HEADERS 1
| #define HAVE_SYS_TYPES_H 1
| #define HAVE_SYS_STAT_H 1
| #define HAVE_STDLIB_H 1
| #define HAVE_STRING_H 1
| #define HAVE_MEMORY_H 1
| #define HAVE_STRINGS_H 1
| #define HAVE_INTTYPES_H 1
| #define HAVE_STDINT_H 1
| #define HAVE_UNISTD_H 1
| #define HAVE_DLFCN_H 1
| #define LT_OBJDIR ".libs/"
| #define HAVE_STDLIB_H 1
| #define HAVE_STRING_H 1
| #define HAVE__BOOL 1
| #define HAVE_STDBOOL_H 1
| /* end confdefs.h.  */
| #include <stdio.h>
| #ifdef HAVE_SYS_TYPES_H
| # include <sys/types.h>
| #endif
| #ifdef HAVE_SYS_STAT_H
| # include <sys/stat.h>
| #endif
| #ifdef STDC_HEADERS
| # include <stdlib.h>
| # include <stddef.h>
| #else
| # ifdef HAVE_STDLIB_H
| #  include <stdlib.h>
| # endif
| #endif
| #ifdef HAVE_STRING_H
| # if !defined STDC_HEADERS && defined HAVE_MEMORY_H
| #  include <memory.h>
| # endif
| # include <string.h>
| #endif
| #ifdef HAVE_STRINGS_H
| # include <strings.h>
| #endif
| #ifdef HAVE_INTTYPES_H
| # include <inttypes.h>
| #endif
| #ifdef HAVE_STDINT_H
| # include <stdint.h>
| #endif
| #ifdef HAVE_UNISTD_H
| # include <unistd.h>
| #endif
| int
| main ()
| {
| static int test_array [1 - 2 * !(enum { N = 32 / 2 - 1 };
| 	     0 < (signed char) (((((signed char) 1 << N) << N) - 1) * 2 + 1))];
| test_array [0] = 0
| 
|   ;
|   return 0;
| }
configure:15750: result: no
configure:15761: checking for size_t
configure:15761: i686-w64-mingw32-gcc -c -g -O2  conftest.c >&5
configure:15761: $? = 0
configure:15761: i686-w64-mingw32-gcc -c -g -O2  conftest.c >&5
conftest.c: In function 'main':
conftest.c:63:21: error: expected expression before ')' token
configure:15761: $? = 1
configure: failed program was:
| /* confdefs.h */
| #define PACKAGE_NAME "libbeidpkcs11"
| #define PACKAGE_TARNAME "libbeidpkcs11"
| #define PACKAGE_VERSION "0.0.1"
| #define PACKAGE_STRING "libbeidpkcs11 0.0.1"
| #define PACKAGE_BUGREPORT "servicedesk@fedict.be"
| #define PACKAGE_URL ""
| #define PACKAGE "libbeidpkcs11"
| #define VERSION "0.0.1"
| #define STDC_HEADERS 1
| #define HAVE_SYS_TYPES_H 1
| #define HAVE_SYS_STAT_H 1
| #define HAVE_STDLIB_H 1
| #define HAVE_STRING_H 1
| #define HAVE_MEMORY_H 1
| #define HAVE_STRINGS_H 1
| #define HAVE_INTTYPES_H 1
| #define HAVE_STDINT_H 1
| #define HAVE_UNISTD_H 1
| #define HAVE_DLFCN_H 1
| #define LT_OBJDIR ".libs/"
| #define HAVE_STDLIB_H 1
| #define HAVE_STRING_H 1
| #define HAVE__BOOL 1
| #define HAVE_STDBOOL_H 1
| /* end confdefs.h.  */
| #include <stdio.h>
| #ifdef HAVE_SYS_TYPES_H
| # include <sys/types.h>
| #endif
| #ifdef HAVE_SYS_STAT_H
| # include <sys/stat.h>
| #endif
| #ifdef STDC_HEADERS
| # include <stdlib.h>
| # include <stddef.h>
| #else
| # ifdef HAVE_STDLIB_H
| #  include <stdlib.h>
| # endif
| #endif
| #ifdef HAVE_STRING_H
| # if !defined STDC_HEADERS && defined HAVE_MEMORY_H
| #  include <memory.h>
| # endif
| # include <string.h>
| #endif
| #ifdef HAVE_STRINGS_H
| # include <strings.h>
| #endif
| #ifdef HAVE_INTTYPES_H
| # include <inttypes.h>
| #endif
| #ifdef HAVE_STDINT_H
| # include <stdint.h>
| #endif
| #ifdef HAVE_UNISTD_H
| # include <unistd.h>
| #endif
| int
| main ()
| {
| if (sizeof ((size_t)))
| 	    return 0;
|   ;
|   return 0;
| }
configure:15761: result: yes
configure:15774: checking for error_at_line
configure:15790: i686-w64-mingw32-gcc -o conftest.exe -g -O2   conftest.c  >&5
/tmp/ccwhN4LL.o: In function `main':
/home/frank/OLDTRUNK/eid-mw/pkcs11/conftest.c:31: undefined reference to `_error_at_line'
collect2: ld returned 1 exit status
configure:15790: $? = 1
configure: failed program was:
| /* confdefs.h */
| #define PACKAGE_NAME "libbeidpkcs11"
| #define PACKAGE_TARNAME "libbeidpkcs11"
| #define PACKAGE_VERSION "0.0.1"
| #define PACKAGE_STRING "libbeidpkcs11 0.0.1"
| #define PACKAGE_BUGREPORT "servicedesk@fedict.be"
| #define PACKAGE_URL ""
| #define PACKAGE "libbeidpkcs11"
| #define VERSION "0.0.1"
| #define STDC_HEADERS 1
| #define HAVE_SYS_TYPES_H 1
| #define HAVE_SYS_STAT_H 1
| #define HAVE_STDLIB_H 1
| #define HAVE_STRING_H 1
| #define HAVE_MEMORY_H 1
| #define HAVE_STRINGS_H 1
| #define HAVE_INTTYPES_H 1
| #define HAVE_STDINT_H 1
| #define HAVE_UNISTD_H 1
| #define HAVE_DLFCN_H 1
| #define LT_OBJDIR ".libs/"
| #define HAVE_STDLIB_H 1
| #define HAVE_STRING_H 1
| #define HAVE__BOOL 1
| #define HAVE_STDBOOL_H 1
| /* end confdefs.h.  */
| #include <error.h>
| int
| main ()
| {
| error_at_line (0, 0, "", 0, "an error occurred");
|   ;
|   return 0;
| }
configure:15798: result: no
configure:15813: checking for memset
configure:15813: i686-w64-mingw32-gcc -o conftest.exe -g -O2   conftest.c  >&5
conftest.c:50:6: warning: conflicting types for built-in function 'memset' [enabled by default]
configure:15813: $? = 0
configure:15813: result: yes
configure:15813: checking for mkdir
configure:15813: i686-w64-mingw32-gcc -o conftest.exe -g -O2   conftest.c  >&5
configure:15813: $? = 0
configure:15813: result: yes
configure:15813: checking for strstr
configure:15813: i686-w64-mingw32-gcc -o conftest.exe -g -O2   conftest.c  >&5
conftest.c:52:6: warning: conflicting types for built-in function 'strstr' [enabled by default]
configure:15813: $? = 0
configure:15813: result: yes
configure:15813: checking for vasprintf
configure:15813: i686-w64-mingw32-gcc -o conftest.exe -g -O2   conftest.c  >&5
/tmp/ccN61LBO.o: In function `main':
/home/frank/OLDTRUNK/eid-mw/pkcs11/conftest.c:64: undefined reference to `_vasprintf'
collect2: ld returned 1 exit status
configure:15813: $? = 1
configure: failed program was:
| /* confdefs.h */
| #define PACKAGE_NAME "libbeidpkcs11"
| #define PACKAGE_TARNAME "libbeidpkcs11"
| #define PACKAGE_VERSION "0.0.1"
| #define PACKAGE_STRING "libbeidpkcs11 0.0.1"
| #define PACKAGE_BUGREPORT "servicedesk@fedict.be"
| #define PACKAGE_URL ""
| #define PACKAGE "libbeidpkcs11"
| #define VERSION "0.0.1"
| #define STDC_HEADERS 1
| #define HAVE_SYS_TYPES_H 1
| #define HAVE_SYS_STAT_H 1
| #define HAVE_STDLIB_H 1
| #define HAVE_STRING_H 1
| #define HAVE_MEMORY_H 1
| #define HAVE_STRINGS_H 1
| #define HAVE_INTTYPES_H 1
| #define HAVE_STDINT_H 1
| #define HAVE_UNISTD_H 1
| #define HAVE_DLFCN_H 1
| #define LT_OBJDIR ".libs/"
| #define HAVE_STDLIB_H 1
| #define HAVE_STRING_H 1
| #define HAVE__BOOL 1
| #define HAVE_STDBOOL_H 1
| #define HAVE_MEMSET 1
| #define HAVE_MKDIR 1
| #define HAVE_STRSTR 1
| /* end confdefs.h.  */
| /* Define vasprintf to an innocuous variant, in case <limits.h> declares vasprintf.
|    For example, HP-UX 11i <limits.h> declares gettimeofday.  */
| #define vasprintf innocuous_vasprintf
| 
| /* System header to define __stub macros and hopefully few prototypes,
|     which can conflict with char vasprintf (); below.
|     Prefer <limits.h> to <assert.h> if __STDC__ is defined, since
|     <limits.h> exists even on freestanding compilers.  */
| 
| #ifdef __STDC__
| # include <limits.h>
| #else
| # include <assert.h>
| #endif
| 
| #undef vasprintf
| 
| /* Override any GCC internal prototype to avoid an error.
|    Use char because int might match the return type of a GCC
|    builtin and then its argument prototype would still apply.  */
| #ifdef __cplusplus
| extern "C"
| #endif
| char vasprintf ();
| /* The GNU C library defines this for functions which it implements
|     to always fail with ENOSYS.  Some functions are actually named
|     something starting with __ and the normal name is an alias.  */
| #if defined __stub_vasprintf || defined __stub___vasprintf
| choke me
| #endif
| 
| int
| main ()
| {
| return vasprintf ();
|   ;
|   return 0;
| }
configure:15813: result: no
configure:15964: creating ./config.status

## ---------------- ##
## Cache variables. ##
## ---------------- ##

ac_cv_build=x86_64-unknown-linux-gnu
ac_cv_c_compiler_gnu=yes
ac_cv_c_inline=inline
ac_cv_c_int32_t=no
ac_cv_cxx_compiler_gnu=yes
ac_cv_env_CCC_set=
ac_cv_env_CCC_value=
ac_cv_env_CC_set=
ac_cv_env_CC_value=
ac_cv_env_CFLAGS_set=
ac_cv_env_CFLAGS_value=
ac_cv_env_CPPFLAGS_set=
ac_cv_env_CPPFLAGS_value=
ac_cv_env_CPP_set=
ac_cv_env_CPP_value=
ac_cv_env_CXXCPP_set=
ac_cv_env_CXXCPP_value=
ac_cv_env_CXXFLAGS_set=
ac_cv_env_CXXFLAGS_value=
ac_cv_env_CXX_set=
ac_cv_env_CXX_value=
ac_cv_env_LDFLAGS_set=
ac_cv_env_LDFLAGS_value=
ac_cv_env_LIBS_set=
ac_cv_env_LIBS_value=
ac_cv_env_build_alias_set=
ac_cv_env_build_alias_value=
ac_cv_env_host_alias_set=set
ac_cv_env_host_alias_value=i686-w64-mingw32
ac_cv_env_target_alias_set=
ac_cv_env_target_alias_value=
ac_cv_exeext=.exe
ac_cv_func_memset=yes
ac_cv_func_mkdir=yes
ac_cv_func_strstr=yes
ac_cv_func_vasprintf=no
ac_cv_header_dlfcn_h=yes
ac_cv_header_inttypes_h=yes
ac_cv_header_memory_h=yes
ac_cv_header_stdbool_h=yes
ac_cv_header_stdc=yes
ac_cv_header_stdint_h=yes
ac_cv_header_stdlib_h=yes
ac_cv_header_string_h=yes
ac_cv_header_strings_h=yes
ac_cv_header_sys_stat_h=yes
ac_cv_header_sys_types_h=yes
ac_cv_header_unistd_h=yes
ac_cv_host=i686-w64-mingw32
ac_cv_lib_error_at_line=no
ac_cv_objext=o
ac_cv_path_EGREP='/bin/grep -E'
ac_cv_path_FGREP='/bin/grep -F'
ac_cv_path_GREP=/bin/grep
ac_cv_path_SED=/bin/sed
ac_cv_path_install='/bin/install -c'
ac_cv_path_mkdir=/bin/mkdir
ac_cv_prog_AR=i686-w64-mingw32-ar
ac_cv_prog_AS=i686-w64-mingw32-as
ac_cv_prog_AWK=gawk
ac_cv_prog_CC=i686-w64-mingw32-gcc
ac_cv_prog_CPP='i686-w64-mingw32-gcc -E'
ac_cv_prog_CXX=i686-w64-mingw32-g++
ac_cv_prog_CXXCPP='i686-w64-mingw32-g++ -E'
ac_cv_prog_DLLTOOL=i686-w64-mingw32-dlltool
ac_cv_prog_OBJDUMP=i686-w64-mingw32-objdump
ac_cv_prog_RANLIB=i686-w64-mingw32-ranlib
ac_cv_prog_STRIP=i686-w64-mingw32-strip
ac_cv_prog_cc_c89=
ac_cv_prog_cc_g=yes
ac_cv_prog_cxx_g=yes
ac_cv_prog_make_make_set=yes
ac_cv_type__Bool=yes
ac_cv_type_size_t=yes
am_cv_CC_dependencies_compiler_type=gcc3
am_cv_CXX_dependencies_compiler_type=gcc3
lt_cv_archive_cmds_need_lc=yes
lt_cv_deplibs_check_method='file_magic ^x86 archive import|^x86 DLL'
lt_cv_file_magic_cmd=func_win32_libid
lt_cv_file_magic_test_file=
lt_cv_ld_reload_flag=-r
lt_cv_nm_interface='BSD nm'
lt_cv_objdir=.libs
lt_cv_path_LD=/home/frank/w32/i686-w64-mingw32/bin/ld
lt_cv_path_LDCXX=/home/frank/w32/i686-w64-mingw32/bin/ld
lt_cv_path_NM='/home/frank/w32/bin/i686-w64-mingw32-nm -B'
lt_cv_prog_compiler_c_o=yes
lt_cv_prog_compiler_c_o_CXX=yes
lt_cv_prog_compiler_pic_works=yes
lt_cv_prog_compiler_pic_works_CXX=yes
lt_cv_prog_compiler_rtti_exceptions=no
lt_cv_prog_compiler_static_works=yes
lt_cv_prog_compiler_static_works_CXX=yes
lt_cv_prog_gnu_ld=yes
lt_cv_prog_gnu_ldcxx=yes
lt_cv_sys_global_symbol_pipe='sed -n -e '\''s/^.*[	 ]\([ABCDGIRSTW][ABCDGIRSTW]*\)[	 ][	 ]*_\([_A-Za-z][_A-Za-z0-9]*\)$/\1 _\2 \2/p'\'''
lt_cv_sys_global_symbol_to_c_name_address='sed -n -e '\''s/^: \([^ ]*\) $/  {\"\1\", (void *) 0},/p'\'' -e '\''s/^[ABCDGIRSTW]* \([^ ]*\) \([^ ]*\)$/  {"\2", (void *) \&\2},/p'\'''
lt_cv_sys_global_symbol_to_c_name_address_lib_prefix='sed -n -e '\''s/^: \([^ ]*\) $/  {\"\1\", (void *) 0},/p'\'' -e '\''s/^[ABCDGIRSTW]* \([^ ]*\) \(lib[^ ]*\)$/  {"\2", (void *) \&\2},/p'\'' -e '\''s/^[ABCDGIRSTW]* \([^ ]*\) \([^ ]*\)$/  {"lib\2", (void *) \&\2},/p'\'''
lt_cv_sys_global_symbol_to_cdecl='sed -n -e '\''s/^T .* \(.*\)$/extern int \1();/p'\'' -e '\''s/^[ABCDGIRSTW]* .* \(.*\)$/extern char \1;/p'\'''
lt_cv_sys_max_cmd_len=3458764513820540925

## ----------------- ##
## Output variables. ##
## ----------------- ##

ACLOCAL='${SHELL} /home/frank/OLDTRUNK/eid-mw/pkcs11/build-aux/missing --run aclocal-1.11'
AMDEPBACKSLASH='\'
AMDEP_FALSE='#'
AMDEP_TRUE=''
AMTAR='${SHELL} /home/frank/OLDTRUNK/eid-mw/pkcs11/build-aux/missing --run tar'
AR='i686-w64-mingw32-ar'
AS='i686-w64-mingw32-as'
AUTOCONF='${SHELL} /home/frank/OLDTRUNK/eid-mw/pkcs11/build-aux/missing --run autoconf'
AUTOHEADER='${SHELL} /home/frank/OLDTRUNK/eid-mw/pkcs11/build-aux/missing --run autoheader'
AUTOMAKE='${SHELL} /home/frank/OLDTRUNK/eid-mw/pkcs11/build-aux/missing --run automake-1.11'
AWK='gawk'
CC='i686-w64-mingw32-gcc'
CCDEPMODE='depmode=gcc3'
CFLAGS='-g -O2'
CPP='i686-w64-mingw32-gcc -E'
CPPFLAGS=''
CXX='i686-w64-mingw32-g++'
CXXCPP='i686-w64-mingw32-g++ -E'
CXXDEPMODE='depmode=gcc3'
CXXFLAGS='-g -O2'
CYGPATH_W='echo'
DEFS='-DHAVE_CONFIG_H'
DEPDIR='.deps'
DLLTOOL='i686-w64-mingw32-dlltool'
DSYMUTIL=''
DUMPBIN=''
ECHO_C=''
ECHO_N='-n'
ECHO_T=''
EGREP='/bin/grep -E'
EXEEXT='.exe'
FGREP='/bin/grep -F'
GREP='/bin/grep'
INSTALL_DATA='${INSTALL} -m 644'
INSTALL_PROGRAM='${INSTALL}'
INSTALL_SCRIPT='${INSTALL}'
INSTALL_STRIP_PROGRAM='$(install_sh) -c -s'
LD='/home/frank/w32/i686-w64-mingw32/bin/ld'
LDFLAGS=''
LIBOBJS=' ${LIBOBJDIR}error$U.o'
LIBS=''
LIBTOOL='$(SHELL) $(top_builddir)/libtool'
LINUX_FALSE=''
LINUX_TRUE='#'
LIPO=''
LN_S='ln -s'
LTLIBOBJS=' ${LIBOBJDIR}error$U.lo'
MAKEINFO='${SHELL} /home/frank/OLDTRUNK/eid-mw/pkcs11/build-aux/missing --run makeinfo'
MKDIR_P='/bin/mkdir -p'
NM='/home/frank/w32/bin/i686-w64-mingw32-nm -B'
NMEDIT=''
OBJDUMP='i686-w64-mingw32-objdump'
OBJEXT='o'
OSX_FALSE=''
OSX_TRUE='#'
OTOOL64=''
OTOOL=''
PACKAGE='libbeidpkcs11'
PACKAGE_BUGREPORT='servicedesk@fedict.be'
PACKAGE_NAME='libbeidpkcs11'
PACKAGE_STRING='libbeidpkcs11 0.0.1'
PACKAGE_TARNAME='libbeidpkcs11'
PACKAGE_URL=''
PACKAGE_VERSION='0.0.1'
PATH_SEPARATOR=':'
PCSCLITE_INCS=''
PCSCLITE_LIBS=''
RANLIB='i686-w64-mingw32-ranlib'
SED='/bin/sed'
SET_MAKE=''
SHELL='/bin/sh'
STRIP='i686-w64-mingw32-strip'
VERSION='0.0.1'
WIN32_FALSE='#'
WIN32_TRUE=''
ac_ct_CC=''
ac_ct_CXX=''
ac_ct_DUMPBIN=''
am__EXEEXT_FALSE='#'
am__EXEEXT_TRUE=''
am__fastdepCC_FALSE='#'
am__fastdepCC_TRUE=''
am__fastdepCXX_FALSE='#'
am__fastdepCXX_TRUE=''
am__include='include'
am__isrc=''
am__leading_dot='.'
am__quote=''
am__tar='${AMTAR} chof - "$$tardir"'
am__untar='${AMTAR} xf -'
bindir='${exec_prefix}/bin'
build='x86_64-unknown-linux-gnu'
build_alias=''
build_cpu='x86_64'
build_os='linux-gnu'
build_vendor='unknown'
datadir='${datarootdir}'
datarootdir='${prefix}/share'
docdir='${datarootdir}/doc/${PACKAGE_TARNAME}'
dvidir='${docdir}'
exec_prefix='${prefix}'
host='i686-w64-mingw32'
host_alias='i686-w64-mingw32'
host_cpu='i686'
host_os='mingw32'
host_vendor='w64'
htmldir='${docdir}'
includedir='${prefix}/include'
infodir='${datarootdir}/info'
install_sh='${SHELL} /home/frank/OLDTRUNK/eid-mw/pkcs11/build-aux/install-sh'
libdir='${exec_prefix}/lib'
libexecdir='${exec_prefix}/libexec'
localedir='${datarootdir}/locale'
localstatedir='${prefix}/var'
mandir='${datarootdir}/man'
mkdir_p='/bin/mkdir -p'
oldincludedir='/usr/include'
pdfdir='${docdir}'
prefix=''
program_transform_name='s,x,x,'
psdir='${docdir}'
sbindir='${exec_prefix}/sbin'
sharedstatedir='${prefix}/com'
sysconfdir='${prefix}/etc'
target_alias=''

## ----------- ##
## confdefs.h. ##
## ----------- ##

/* confdefs.h */
#define PACKAGE_NAME "libbeidpkcs11"
#define PACKAGE_TARNAME "libbeidpkcs11"
#define PACKAGE_VERSION "0.0.1"
#define PACKAGE_STRING "libbeidpkcs11 0.0.1"
#define PACKAGE_BUGREPORT "servicedesk@fedict.be"
#define PACKAGE_URL ""
#define PACKAGE "libbeidpkcs11"
#define VERSION "0.0.1"
#define STDC_HEADERS 1
#define HAVE_SYS_TYPES_H 1
#define HAVE_SYS_STAT_H 1
#define HAVE_STDLIB_H 1
#define HAVE_STRING_H 1
#define HAVE_MEMORY_H 1
#define HAVE_STRINGS_H 1
#define HAVE_INTTYPES_H 1
#define HAVE_STDINT_H 1
#define HAVE_UNISTD_H 1
#define HAVE_DLFCN_H 1
#define LT_OBJDIR ".libs/"
#define HAVE_STDLIB_H 1
#define HAVE_STRING_H 1
#define HAVE__BOOL 1
#define HAVE_STDBOOL_H 1
#define HAVE_MEMSET 1
#define HAVE_MKDIR 1
#define HAVE_STRSTR 1

configure: exit 0

## ---------------------- ##
## Running config.status. ##
## ---------------------- ##

This file was extended by libbeidpkcs11 config.status 0.0.1, which was
generated by GNU Autoconf 2.65.  Invocation command line was

  CONFIG_FILES    = 
  CONFIG_HEADERS  = 
  CONFIG_LINKS    = 
  CONFIG_COMMANDS = 
  $ ./config.status 

on eridu

config.status:1167: creating Makefile
config.status:1167: creating config.h
config.status:1339: config.h is unchanged
config.status:1387: executing depfiles commands
config.status:1387: executing libtool commands
