This file contains any messages produced by compilers while
running configure, to aid debugging if configure makes a mistake.

It was created by edtgui configure 3.5.3, which was
generated by GNU Autoconf 2.65.  Invocation command line was

  $ ./configure --disable-option-checking --prefix=/usr/local --host=i686-w64-mingw32 --with-diaglib --with-diagengine --with-qt=/data/fedict/Qt/qt --with-eid-mw=/home/frank/eid-mw/eidmw host_alias=i686-w64-mingw32 --cache-file=/dev/null --srcdir=.

## --------- ##
## Platform. ##
## --------- ##

hostname = eridu
uname -m = x86_64
uname -r = 2.6.33-ARCH
uname -s = Linux
uname -v = #1 SMP PREEMPT Sun Apr 4 10:27:30 CEST 2010

/usr/bin/uname -p = unknown
/bin/uname -X     = unknown

/bin/arch              = x86_64
/usr/bin/arch -k       = unknown
/usr/convex/getsysinfo = unknown
/usr/bin/hostinfo      = unknown
/bin/machine           = unknown
/usr/bin/oslevel       = unknown
/bin/universe          = unknown

PATH: /home/frank/w32/bin
PATH: /bin
PATH: /usr/bin
PATH: /sbin
PATH: /usr/sbin
PATH: /usr/bin/perlbin/site
PATH: /usr/bin/perlbin/vendor
PATH: /usr/bin/perlbin/core
PATH: /opt/qt/bin


## ----------- ##
## Core tests. ##
## ----------- ##

configure:2539: checking for a BSD-compatible install
configure:2607: result: /bin/install -c
configure:2618: checking whether build environment is sane
configure:2668: result: yes
configure:2717: checking for i686-w64-mingw32-strip
configure:2733: found /home/frank/w32/bin/i686-w64-mingw32-strip
configure:2744: result: i686-w64-mingw32-strip
configure:2809: checking for a thread-safe mkdir -p
configure:2848: result: /bin/mkdir -p
configure:2861: checking for gawk
configure:2877: found /bin/gawk
configure:2888: result: gawk
configure:2899: checking whether make sets $(MAKE)
configure:2921: result: yes
configure:3005: checking build system type
configure:3019: result: x86_64-unknown-linux-gnu
configure:3039: checking host system type
configure:3052: result: i686-w64-mingw32
configure:3109: checking for style of include used by make
configure:3137: result: GNU
configure:3167: checking for i686-w64-mingw32-gcc
configure:3183: found /home/frank/w32/bin/i686-w64-mingw32-gcc
configure:3194: result: i686-w64-mingw32-gcc
configure:3463: checking for C compiler version
configure:3472: i686-w64-mingw32-gcc --version >&5
i686-w64-mingw32-gcc (GCC) 4.6.0 20100413 (experimental)
Copyright (C) 2010 Free Software Foundation, Inc.
This is free software; see the source for copying conditions.  There is NO
warranty; not even for MERCHANTABILITY or FITNESS FOR A PARTICULAR PURPOSE.

configure:3483: $? = 0
configure:3472: i686-w64-mingw32-gcc -v >&5
Using built-in specs.
COLLECT_GCC=i686-w64-mingw32-gcc
COLLECT_LTO_WRAPPER=/home/frank/w32/bin/../libexec/gcc/i686-w64-mingw32/4.6.0/lto-wrapper
Target: i686-w64-mingw32
Configured with: ../../../build/gcc/gcc/configure --target=i686-w64-mingw32 --prefix=/buildbot/mingw-w64/linux-x86_64-x86/build/build/root --with-sysroot=/buildbot/mingw-w64/linux-x86_64-x86/build/build/root --with-gmp=/buildbot/mingw-w64/linux-x86_64-x86/build/build/gmp/install --with-mpfr=/buildbot/mingw-w64/linux-x86_64-x86/build/build/mpfr/install --with-mpc=/buildbot/mingw-w64/linux-x86_64-x86/build/build/mpc/install --enable-languages=all,obj-c++ --enable-fully-dynamic-string --disable-multilib
Thread model: win32
gcc version 4.6.0 20100413 (experimental) (GCC) 
configure:3483: $? = 0
configure:3472: i686-w64-mingw32-gcc -V >&5
i686-w64-mingw32-gcc: unrecognized option '-V'
i686-w64-mingw32-gcc: no input files
configure:3483: $? = 1
configure:3472: i686-w64-mingw32-gcc -qversion >&5
i686-w64-mingw32-gcc: unrecognized option '-qversion'
i686-w64-mingw32-gcc: no input files
configure:3483: $? = 1
configure:3503: checking whether the C compiler works
configure:3525: i686-w64-mingw32-gcc    conftest.c  >&5
configure:3529: $? = 0
configure:3578: result: yes
configure:3581: checking for C compiler default output file name
configure:3583: result: a.exe
configure:3589: checking for suffix of executables
configure:3596: i686-w64-mingw32-gcc -o conftest.exe    conftest.c  >&5
configure:3600: $? = 0
configure:3622: result: .exe
configure:3644: checking whether we are cross compiling
configure:3652: i686-w64-mingw32-gcc -o conftest.exe    conftest.c  >&5
configure:3656: $? = 0
configure:3663: ./conftest.exe
./configure: line 3665: ./conftest.exe: cannot execute binary file
configure:3667: $? = 126
configure:3682: result: yes
configure:3687: checking for suffix of object files
configure:3709: i686-w64-mingw32-gcc -c   conftest.c >&5
configure:3713: $? = 0
configure:3734: result: o
configure:3738: checking whether we are using the GNU C compiler
configure:3757: i686-w64-mingw32-gcc -c   conftest.c >&5
configure:3757: $? = 0
configure:3766: result: yes
configure:3775: checking whether i686-w64-mingw32-gcc accepts -g
configure:3795: i686-w64-mingw32-gcc -c -g  conftest.c >&5
configure:3795: $? = 0
configure:3836: result: yes
configure:3853: checking for i686-w64-mingw32-gcc option to accept ISO C89
configure:3917: i686-w64-mingw32-gcc  -c -g -O2  conftest.c >&5
configure:3917: $? = 0
configure:3930: result: none needed
configure:3952: checking dependency style of i686-w64-mingw32-gcc
configure:4062: result: gcc3
configure:4077: checking for a sed that does not truncate output
configure:4141: result: /bin/sed
configure:4159: checking for grep that handles long lines and -e
configure:4217: result: /bin/grep
configure:4222: checking for egrep
configure:4284: result: /bin/grep -E
configure:4289: checking for fgrep
configure:4351: result: /bin/grep -F
configure:4386: checking for ld used by i686-w64-mingw32-gcc
configure:4453: result: /home/frank/w32/i686-w64-mingw32/bin/ld
configure:4460: checking if the linker (/home/frank/w32/i686-w64-mingw32/bin/ld) is GNU ld
configure:4475: result: yes
configure:4487: checking for BSD- or MS-compatible name lister (nm)
configure:4536: result: /home/frank/w32/bin/i686-w64-mingw32-nm -B
configure:4654: checking the name lister (/home/frank/w32/bin/i686-w64-mingw32-nm -B) interface
configure:4661: i686-w64-mingw32-gcc -c -g -O2  conftest.c >&5
configure:4664: /home/frank/w32/bin/i686-w64-mingw32-nm -B "conftest.o"
configure:4667: output
00000000 b .bss
00000000 d .data
00000000 N .debug_abbrev
00000000 N .debug_info
00000000 N .debug_line
00000000 N .debug_pubnames
00000000 t .text
00000000 B _some_variable
configure:4674: result: BSD nm
configure:4677: checking whether ln -s works
configure:4681: result: yes
configure:4689: checking the maximum length of command line arguments
configure:4809: result: 1572864
configure:4826: checking whether the shell understands some XSI constructs
configure:4836: result: yes
configure:4840: checking whether the shell understands "+="
configure:4846: result: yes
configure:4881: checking for /home/frank/w32/i686-w64-mingw32/bin/ld option to reload object files
configure:4888: result: -r
configure:4917: checking for i686-w64-mingw32-objdump
configure:4933: found /home/frank/w32/bin/i686-w64-mingw32-objdump
configure:4944: result: i686-w64-mingw32-objdump
configure:5016: checking how to recognize dependent libraries
configure:5212: result: file_magic ^x86 archive import|^x86 DLL
configure:5232: checking for i686-w64-mingw32-ar
configure:5248: found /home/frank/w32/bin/i686-w64-mingw32-ar
configure:5259: result: i686-w64-mingw32-ar
configure:5337: checking for i686-w64-mingw32-strip
configure:5364: result: i686-w64-mingw32-strip
configure:5436: checking for i686-w64-mingw32-ranlib
configure:5452: found /home/frank/w32/bin/i686-w64-mingw32-ranlib
configure:5463: result: i686-w64-mingw32-ranlib
configure:5593: checking command to parse /home/frank/w32/bin/i686-w64-mingw32-nm -B output from i686-w64-mingw32-gcc object
configure:5711: i686-w64-mingw32-gcc -c -g -O2  conftest.c >&5
configure:5714: $? = 0
configure:5718: /home/frank/w32/bin/i686-w64-mingw32-nm -B conftest.o \| sed -n -e 's/^.*[	 ]\([ABCDGIRSTW][ABCDGIRSTW]*\)[	 ][	 ]*\([_A-Za-z][_A-Za-z0-9]*\)$/\1 \2 \2/p' \> conftest.nm
configure:5721: $? = 0
cannot find nm_test_var in conftest.nm
configure:5711: i686-w64-mingw32-gcc -c -g -O2  conftest.c >&5
configure:5714: $? = 0
configure:5718: /home/frank/w32/bin/i686-w64-mingw32-nm -B conftest.o \| sed -n -e 's/^.*[	 ]\([ABCDGIRSTW][ABCDGIRSTW]*\)[	 ][	 ]*_\([_A-Za-z][_A-Za-z0-9]*\)$/\1 _\2 \2/p' \> conftest.nm
configure:5721: $? = 0
configure:5775: i686-w64-mingw32-gcc -o conftest.exe -g -O2   conftest.c conftstm.o >&5
configure:5778: $? = 0
configure:5816: result: ok
configure:6625: checking how to run the C preprocessor
configure:6656: i686-w64-mingw32-gcc -E  conftest.c
configure:6656: $? = 0
configure:6670: i686-w64-mingw32-gcc -E  conftest.c
conftest.c:11:28: fatal error: ac_nonexistent.h: No such file or directory
compilation terminated.
configure:6670: $? = 1
configure: failed program was:
| /* confdefs.h */
| #define PACKAGE_NAME "edtgui"
| #define PACKAGE_TARNAME "edtgui"
| #define PACKAGE_VERSION "3.5.3"
| #define PACKAGE_STRING "edtgui 3.5.3"
| #define PACKAGE_BUGREPORT "servicedesk@fedict.be"
| #define PACKAGE_URL ""
| #define PACKAGE "edtgui"
| #define VERSION "3.5.3"
| /* end confdefs.h.  */
| #include <ac_nonexistent.h>
configure:6695: result: i686-w64-mingw32-gcc -E
configure:6715: i686-w64-mingw32-gcc -E  conftest.c
configure:6715: $? = 0
configure:6729: i686-w64-mingw32-gcc -E  conftest.c
conftest.c:11:28: fatal error: ac_nonexistent.h: No such file or directory
compilation terminated.
configure:6729: $? = 1
configure: failed program was:
| /* confdefs.h */
| #define PACKAGE_NAME "edtgui"
| #define PACKAGE_TARNAME "edtgui"
| #define PACKAGE_VERSION "3.5.3"
| #define PACKAGE_STRING "edtgui 3.5.3"
| #define PACKAGE_BUGREPORT "servicedesk@fedict.be"
| #define PACKAGE_URL ""
| #define PACKAGE "edtgui"
| #define VERSION "3.5.3"
| /* end confdefs.h.  */
| #include <ac_nonexistent.h>
configure:6758: checking for ANSI C header files
configure:6778: i686-w64-mingw32-gcc -c -g -O2  conftest.c >&5
configure:6778: $? = 0
configure:6862: result: yes
configure:6875: checking for sys/types.h
configure:6875: i686-w64-mingw32-gcc -c -g -O2  conftest.c >&5
configure:6875: $? = 0
configure:6875: result: yes
configure:6875: checking for sys/stat.h
configure:6875: i686-w64-mingw32-gcc -c -g -O2  conftest.c >&5
configure:6875: $? = 0
configure:6875: result: yes
configure:6875: checking for stdlib.h
configure:6875: i686-w64-mingw32-gcc -c -g -O2  conftest.c >&5
configure:6875: $? = 0
configure:6875: result: yes
configure:6875: checking for string.h
configure:6875: i686-w64-mingw32-gcc -c -g -O2  conftest.c >&5
configure:6875: $? = 0
configure:6875: result: yes
configure:6875: checking for memory.h
configure:6875: i686-w64-mingw32-gcc -c -g -O2  conftest.c >&5
configure:6875: $? = 0
configure:6875: result: yes
configure:6875: checking for strings.h
configure:6875: i686-w64-mingw32-gcc -c -g -O2  conftest.c >&5
configure:6875: $? = 0
configure:6875: result: yes
configure:6875: checking for inttypes.h
configure:6875: i686-w64-mingw32-gcc -c -g -O2  conftest.c >&5
configure:6875: $? = 0
configure:6875: result: yes
configure:6875: checking for stdint.h
configure:6875: i686-w64-mingw32-gcc -c -g -O2  conftest.c >&5
configure:6875: $? = 0
configure:6875: result: yes
configure:6875: checking for unistd.h
configure:6875: i686-w64-mingw32-gcc -c -g -O2  conftest.c >&5
configure:6875: $? = 0
configure:6875: result: yes
configure:6890: checking for dlfcn.h
configure:6890: i686-w64-mingw32-gcc -c -g -O2  conftest.c >&5
configure:6890: $? = 0
configure:6890: result: yes
configure:7074: checking for objdir
configure:7089: result: .libs
configure:7385: checking if i686-w64-mingw32-gcc supports -fno-rtti -fno-exceptions
configure:7403: i686-w64-mingw32-gcc -c -g -O2  -fno-rtti -fno-exceptions conftest.c >&5
cc1: warning: command line option "-fno-rtti" is valid for C++/ObjC++ but not for C
configure:7407: $? = 0
configure:7420: result: no
configure:7440: checking for i686-w64-mingw32-gcc option to produce PIC
configure:7712: result: -DDLL_EXPORT -DPIC
configure:7724: checking if i686-w64-mingw32-gcc PIC flag -DDLL_EXPORT -DPIC works
configure:7742: i686-w64-mingw32-gcc -c -g -O2  -DDLL_EXPORT -DPIC -DPIC conftest.c >&5
configure:7746: $? = 0
configure:7759: result: yes
configure:7783: checking if i686-w64-mingw32-gcc static flag -static works
configure:7811: result: yes
configure:7826: checking if i686-w64-mingw32-gcc supports -c -o file.o
configure:7847: i686-w64-mingw32-gcc -c -g -O2  -o out/conftest2.o conftest.c >&5
configure:7851: $? = 0
configure:7873: result: yes
configure:7881: checking if i686-w64-mingw32-gcc supports -c -o file.o
configure:7928: result: yes
configure:7961: checking whether the i686-w64-mingw32-gcc linker (/home/frank/w32/i686-w64-mingw32/bin/ld) supports shared libraries
configure:8947: result: yes
configure:8984: checking whether -lc should be explicitly linked in
configure:8989: i686-w64-mingw32-gcc -c -g -O2  conftest.c >&5
configure:8992: $? = 0
configure:9007: i686-w64-mingw32-gcc -shared conftest.o  -v -o ./conftest -Wl,--enable-auto-image-base -Xlinker --out-implib -Xlinker conftest 2\>\&1 \| /bin/grep  -lc  \>/dev/null 2\>\&1
configure:9010: $? = 1
configure:9022: result: yes
configure:9186: checking dynamic linker characteristics
configure:9837: result: Win32 ld.exe
configure:9939: checking how to hardcode library paths into programs
configure:9964: result: immediate
configure:10484: checking whether stripping libraries is possible
configure:10489: result: yes
configure:10524: checking if libtool supports shared libraries
configure:10526: result: yes
configure:10529: checking whether to build shared libraries
configure:10550: result: yes
configure:10553: checking whether to build static libraries
configure:10557: result: yes
configure:10608: checking for i686-w64-mingw32-g++
configure:10624: found /home/frank/w32/bin/i686-w64-mingw32-g++
configure:10635: result: i686-w64-mingw32-g++
configure:10706: checking for C++ compiler version
configure:10715: i686-w64-mingw32-g++ --version >&5
i686-w64-mingw32-g++ (GCC) 4.6.0 20100413 (experimental)
Copyright (C) 2010 Free Software Foundation, Inc.
This is free software; see the source for copying conditions.  There is NO
warranty; not even for MERCHANTABILITY or FITNESS FOR A PARTICULAR PURPOSE.

configure:10726: $? = 0
configure:10715: i686-w64-mingw32-g++ -v >&5
Using built-in specs.
COLLECT_GCC=i686-w64-mingw32-g++
COLLECT_LTO_WRAPPER=/home/frank/w32/bin/../libexec/gcc/i686-w64-mingw32/4.6.0/lto-wrapper
Target: i686-w64-mingw32
Configured with: ../../../build/gcc/gcc/configure --target=i686-w64-mingw32 --prefix=/buildbot/mingw-w64/linux-x86_64-x86/build/build/root --with-sysroot=/buildbot/mingw-w64/linux-x86_64-x86/build/build/root --with-gmp=/buildbot/mingw-w64/linux-x86_64-x86/build/build/gmp/install --with-mpfr=/buildbot/mingw-w64/linux-x86_64-x86/build/build/mpfr/install --with-mpc=/buildbot/mingw-w64/linux-x86_64-x86/build/build/mpc/install --enable-languages=all,obj-c++ --enable-fully-dynamic-string --disable-multilib
Thread model: win32
gcc version 4.6.0 20100413 (experimental) (GCC) 
configure:10726: $? = 0
configure:10715: i686-w64-mingw32-g++ -V >&5
i686-w64-mingw32-g++: argument to '-V' missing

configure:10726: $? = 1
configure:10715: i686-w64-mingw32-g++ -qversion >&5
i686-w64-mingw32-g++: unrecognized option '-qversion'
i686-w64-mingw32-g++: no input files
configure:10726: $? = 1
configure:10730: checking whether we are using the GNU C++ compiler
configure:10749: i686-w64-mingw32-g++ -c   conftest.cpp >&5
configure:10749: $? = 0
configure:10758: result: yes
configure:10767: checking whether i686-w64-mingw32-g++ accepts -g
configure:10787: i686-w64-mingw32-g++ -c -g  conftest.cpp >&5
configure:10787: $? = 0
configure:10828: result: yes
configure:10853: checking dependency style of i686-w64-mingw32-g++
configure:10963: result: gcc3
configure:11091: checking for C++ compiler version
configure:11100: i686-w64-mingw32-g++ --version >&5
i686-w64-mingw32-g++ (GCC) 4.6.0 20100413 (experimental)
Copyright (C) 2010 Free Software Foundation, Inc.
This is free software; see the source for copying conditions.  There is NO
warranty; not even for MERCHANTABILITY or FITNESS FOR A PARTICULAR PURPOSE.

configure:11111: $? = 0
configure:11100: i686-w64-mingw32-g++ -v >&5
Using built-in specs.
COLLECT_GCC=i686-w64-mingw32-g++
COLLECT_LTO_WRAPPER=/home/frank/w32/bin/../libexec/gcc/i686-w64-mingw32/4.6.0/lto-wrapper
Target: i686-w64-mingw32
Configured with: ../../../build/gcc/gcc/configure --target=i686-w64-mingw32 --prefix=/buildbot/mingw-w64/linux-x86_64-x86/build/build/root --with-sysroot=/buildbot/mingw-w64/linux-x86_64-x86/build/build/root --with-gmp=/buildbot/mingw-w64/linux-x86_64-x86/build/build/gmp/install --with-mpfr=/buildbot/mingw-w64/linux-x86_64-x86/build/build/mpfr/install --with-mpc=/buildbot/mingw-w64/linux-x86_64-x86/build/build/mpc/install --enable-languages=all,obj-c++ --enable-fully-dynamic-string --disable-multilib
Thread model: win32
gcc version 4.6.0 20100413 (experimental) (GCC) 
configure:11111: $? = 0
configure:11100: i686-w64-mingw32-g++ -V >&5
i686-w64-mingw32-g++: argument to '-V' missing

configure:11111: $? = 1
configure:11100: i686-w64-mingw32-g++ -qversion >&5
i686-w64-mingw32-g++: unrecognized option '-qversion'
i686-w64-mingw32-g++: no input files
configure:11111: $? = 1
configure:11115: checking whether we are using the GNU C++ compiler
configure:11143: result: yes
configure:11152: checking whether i686-w64-mingw32-g++ accepts -g
configure:11213: result: yes
configure:11238: checking dependency style of i686-w64-mingw32-g++
configure:11348: result: gcc3
configure:11371: checking how to run the C++ preprocessor
configure:11398: i686-w64-mingw32-g++ -E  conftest.cpp
configure:11398: $? = 0
configure:11412: i686-w64-mingw32-g++ -E  conftest.cpp
conftest.cpp:23:28: fatal error: ac_nonexistent.h: No such file or directory
compilation terminated.
configure:11412: $? = 1
configure: failed program was:
| /* confdefs.h */
| #define PACKAGE_NAME "edtgui"
| #define PACKAGE_TARNAME "edtgui"
| #define PACKAGE_VERSION "3.5.3"
| #define PACKAGE_STRING "edtgui 3.5.3"
| #define PACKAGE_BUGREPORT "servicedesk@fedict.be"
| #define PACKAGE_URL ""
| #define PACKAGE "edtgui"
| #define VERSION "3.5.3"
| #define STDC_HEADERS 1
| #define HAVE_SYS_TYPES_H 1
| #define HAVE_SYS_STAT_H 1
| #define HAVE_STDLIB_H 1
| #define HAVE_STRING_H 1
| #define HAVE_MEMORY_H 1
| #define HAVE_STRINGS_H 1
| #define HAVE_INTTYPES_H 1
| #define HAVE_STDINT_H 1
| #define HAVE_UNISTD_H 1
| #define HAVE_DLFCN_H 1
| #define LT_OBJDIR ".libs/"
| /* end confdefs.h.  */
| #include <ac_nonexistent.h>
configure:11437: result: i686-w64-mingw32-g++ -E
configure:11457: i686-w64-mingw32-g++ -E  conftest.cpp
configure:11457: $? = 0
configure:11471: i686-w64-mingw32-g++ -E  conftest.cpp
conftest.cpp:23:28: fatal error: ac_nonexistent.h: No such file or directory
compilation terminated.
configure:11471: $? = 1
configure: failed program was:
| /* confdefs.h */
| #define PACKAGE_NAME "edtgui"
| #define PACKAGE_TARNAME "edtgui"
| #define PACKAGE_VERSION "3.5.3"
| #define PACKAGE_STRING "edtgui 3.5.3"
| #define PACKAGE_BUGREPORT "servicedesk@fedict.be"
| #define PACKAGE_URL ""
| #define PACKAGE "edtgui"
| #define VERSION "3.5.3"
| #define STDC_HEADERS 1
| #define HAVE_SYS_TYPES_H 1
| #define HAVE_SYS_STAT_H 1
| #define HAVE_STDLIB_H 1
| #define HAVE_STRING_H 1
| #define HAVE_MEMORY_H 1
| #define HAVE_STRINGS_H 1
| #define HAVE_INTTYPES_H 1
| #define HAVE_STDINT_H 1
| #define HAVE_UNISTD_H 1
| #define HAVE_DLFCN_H 1
| #define LT_OBJDIR ".libs/"
| /* end confdefs.h.  */
| #include <ac_nonexistent.h>
configure:11639: checking for ld used by i686-w64-mingw32-g++
configure:11706: result: /home/frank/w32/i686-w64-mingw32/bin/ld
configure:11713: checking if the linker (/home/frank/w32/i686-w64-mingw32/bin/ld) is GNU ld
configure:11728: result: yes
configure:11783: checking whether the i686-w64-mingw32-g++ linker (/home/frank/w32/i686-w64-mingw32/bin/ld) supports shared libraries
configure:12696: result: yes
configure:12724: i686-w64-mingw32-g++ -c -g -O2  conftest.cpp >&5
configure:12727: $? = 0
configure:12909: checking for i686-w64-mingw32-g++ option to produce PIC
configure:13226: result: -DDLL_EXPORT -DPIC
configure:13235: checking if i686-w64-mingw32-g++ PIC flag -DDLL_EXPORT -DPIC works
configure:13253: i686-w64-mingw32-g++ -c -g -O2  -DDLL_EXPORT -DPIC -DPIC conftest.cpp >&5
configure:13257: $? = 0
configure:13270: result: yes
configure:13291: checking if i686-w64-mingw32-g++ static flag -static works
configure:13319: result: yes
configure:13331: checking if i686-w64-mingw32-g++ supports -c -o file.o
configure:13352: i686-w64-mingw32-g++ -c -g -O2  -o out/conftest2.o conftest.cpp >&5
configure:13356: $? = 0
configure:13378: result: yes
configure:13383: checking if i686-w64-mingw32-g++ supports -c -o file.o
configure:13430: result: yes
configure:13460: checking whether the i686-w64-mingw32-g++ linker (/home/frank/w32/i686-w64-mingw32/bin/ld) supports shared libraries
configure:13486: result: yes
configure:13623: checking dynamic linker characteristics
configure:14222: result: Win32 ld.exe
configure:14273: checking how to hardcode library paths into programs
configure:14298: result: immediate
configure:14345: checking for i686-w64-mingw32-gcc
configure:14372: result: i686-w64-mingw32-gcc
configure:14641: checking for C compiler version
configure:14650: i686-w64-mingw32-gcc --version >&5
i686-w64-mingw32-gcc (GCC) 4.6.0 20100413 (experimental)
Copyright (C) 2010 Free Software Foundation, Inc.
This is free software; see the source for copying conditions.  There is NO
warranty; not even for MERCHANTABILITY or FITNESS FOR A PARTICULAR PURPOSE.

configure:14661: $? = 0
configure:14650: i686-w64-mingw32-gcc -v >&5
Using built-in specs.
COLLECT_GCC=i686-w64-mingw32-gcc
COLLECT_LTO_WRAPPER=/home/frank/w32/bin/../libexec/gcc/i686-w64-mingw32/4.6.0/lto-wrapper
Target: i686-w64-mingw32
Configured with: ../../../build/gcc/gcc/configure --target=i686-w64-mingw32 --prefix=/buildbot/mingw-w64/linux-x86_64-x86/build/build/root --with-sysroot=/buildbot/mingw-w64/linux-x86_64-x86/build/build/root --with-gmp=/buildbot/mingw-w64/linux-x86_64-x86/build/build/gmp/install --with-mpfr=/buildbot/mingw-w64/linux-x86_64-x86/build/build/mpfr/install --with-mpc=/buildbot/mingw-w64/linux-x86_64-x86/build/build/mpc/install --enable-languages=all,obj-c++ --enable-fully-dynamic-string --disable-multilib
Thread model: win32
gcc version 4.6.0 20100413 (experimental) (GCC) 
configure:14661: $? = 0
configure:14650: i686-w64-mingw32-gcc -V >&5
i686-w64-mingw32-gcc: unrecognized option '-V'
i686-w64-mingw32-gcc: no input files
configure:14661: $? = 1
configure:14650: i686-w64-mingw32-gcc -qversion >&5
i686-w64-mingw32-gcc: unrecognized option '-qversion'
i686-w64-mingw32-gcc: no input files
configure:14661: $? = 1
configure:14665: checking whether we are using the GNU C compiler
configure:14693: result: yes
configure:14702: checking whether i686-w64-mingw32-gcc accepts -g
configure:14763: result: yes
configure:14780: checking for i686-w64-mingw32-gcc option to accept ISO C89
configure:14857: result: none needed
configure:14879: checking dependency style of i686-w64-mingw32-gcc
configure:14989: result: gcc3
configure:15009: checking eid-mw source directory
configure:15019: result: /home/frank/eid-mw/eidmw
configure:15025: checking Qt installation
configure:15035: result: /data/fedict/Qt/qt
configure:15041: checking for stdbool.h that conforms to C99
configure:15126: i686-w64-mingw32-gcc -c -g -O2 -I/data/fedict/Qt/qt/include -I/home/frank/eid-mw/eidmw/common -I/home/frank/eid-mw/eidmw/tokend -I/home/frank/eid-mw/eidmw/pkcs11 -I/home/frank/eid-mw/eidmw/csp -I/home/frank/eid-mw/eidmw/eidlib -I/home/frank/eid-mw/eidmw/applayer -I/home/frank/eid-mw/eidmw/minidriver -I/home/frank/eid-mw/eidmw/cardlayer  conftest.c >&5
configure:15126: $? = 0
configure:15133: result: yes
configure:15135: checking for _Bool
configure:15135: i686-w64-mingw32-gcc -c -g -O2 -I/data/fedict/Qt/qt/include -I/home/frank/eid-mw/eidmw/common -I/home/frank/eid-mw/eidmw/tokend -I/home/frank/eid-mw/eidmw/pkcs11 -I/home/frank/eid-mw/eidmw/csp -I/home/frank/eid-mw/eidmw/eidlib -I/home/frank/eid-mw/eidmw/applayer -I/home/frank/eid-mw/eidmw/minidriver -I/home/frank/eid-mw/eidmw/cardlayer  conftest.c >&5
configure:15135: $? = 0
configure:15135: i686-w64-mingw32-gcc -c -g -O2 -I/data/fedict/Qt/qt/include -I/home/frank/eid-mw/eidmw/common -I/home/frank/eid-mw/eidmw/tokend -I/home/frank/eid-mw/eidmw/pkcs11 -I/home/frank/eid-mw/eidmw/csp -I/home/frank/eid-mw/eidmw/eidlib -I/home/frank/eid-mw/eidmw/applayer -I/home/frank/eid-mw/eidmw/minidriver -I/home/frank/eid-mw/eidmw/cardlayer  conftest.c >&5
conftest.c: In function 'main':
conftest.c:59:20: error: expected expression before ')' token
configure:15135: $? = 1
configure: failed program was:
| /* confdefs.h */
| #define PACKAGE_NAME "edtgui"
| #define PACKAGE_TARNAME "edtgui"
| #define PACKAGE_VERSION "3.5.3"
| #define PACKAGE_STRING "edtgui 3.5.3"
| #define PACKAGE_BUGREPORT "servicedesk@fedict.be"
| #define PACKAGE_URL ""
| #define PACKAGE "edtgui"
| #define VERSION "3.5.3"
| #define STDC_HEADERS 1
| #define HAVE_SYS_TYPES_H 1
| #define HAVE_SYS_STAT_H 1
| #define HAVE_STDLIB_H 1
| #define HAVE_STRING_H 1
| #define HAVE_MEMORY_H 1
| #define HAVE_STRINGS_H 1
| #define HAVE_INTTYPES_H 1
| #define HAVE_STDINT_H 1
| #define HAVE_UNISTD_H 1
| #define HAVE_DLFCN_H 1
| #define LT_OBJDIR ".libs/"
| /* end confdefs.h.  */
| #include <stdio.h>
| #ifdef HAVE_SYS_TYPES_H
| # include <sys/types.h>
| #endif
| #ifdef HAVE_SYS_STAT_H
| # include <sys/stat.h>
| #endif
| #ifdef STDC_HEADERS
| # include <stdlib.h>
| # include <stddef.h>
| #else
| # ifdef HAVE_STDLIB_H
| #  include <stdlib.h>
| # endif
| #endif
| #ifdef HAVE_STRING_H
| # if !defined STDC_HEADERS && defined HAVE_MEMORY_H
| #  include <memory.h>
| # endif
| # include <string.h>
| #endif
| #ifdef HAVE_STRINGS_H
| # include <strings.h>
| #endif
| #ifdef HAVE_INTTYPES_H
| # include <inttypes.h>
| #endif
| #ifdef HAVE_STDINT_H
| # include <stdint.h>
| #endif
| #ifdef HAVE_UNISTD_H
| # include <unistd.h>
| #endif
| int
| main ()
| {
| if (sizeof ((_Bool)))
| 	    return 0;
|   ;
|   return 0;
| }
configure:15135: result: yes
configure:15151: checking for inline
configure:15167: i686-w64-mingw32-gcc -c -g -O2 -I/data/fedict/Qt/qt/include -I/home/frank/eid-mw/eidmw/common -I/home/frank/eid-mw/eidmw/tokend -I/home/frank/eid-mw/eidmw/pkcs11 -I/home/frank/eid-mw/eidmw/csp -I/home/frank/eid-mw/eidmw/eidlib -I/home/frank/eid-mw/eidmw/applayer -I/home/frank/eid-mw/eidmw/minidriver -I/home/frank/eid-mw/eidmw/cardlayer  conftest.c >&5
configure:15167: $? = 0
configure:15175: result: inline
configure:15193: checking for size_t
configure:15193: i686-w64-mingw32-gcc -c -g -O2 -I/data/fedict/Qt/qt/include -I/home/frank/eid-mw/eidmw/common -I/home/frank/eid-mw/eidmw/tokend -I/home/frank/eid-mw/eidmw/pkcs11 -I/home/frank/eid-mw/eidmw/csp -I/home/frank/eid-mw/eidmw/eidlib -I/home/frank/eid-mw/eidmw/applayer -I/home/frank/eid-mw/eidmw/minidriver -I/home/frank/eid-mw/eidmw/cardlayer  conftest.c >&5
configure:15193: $? = 0
configure:15193: i686-w64-mingw32-gcc -c -g -O2 -I/data/fedict/Qt/qt/include -I/home/frank/eid-mw/eidmw/common -I/home/frank/eid-mw/eidmw/tokend -I/home/frank/eid-mw/eidmw/pkcs11 -I/home/frank/eid-mw/eidmw/csp -I/home/frank/eid-mw/eidmw/eidlib -I/home/frank/eid-mw/eidmw/applayer -I/home/frank/eid-mw/eidmw/minidriver -I/home/frank/eid-mw/eidmw/cardlayer  conftest.c >&5
conftest.c: In function 'main':
conftest.c:61:21: error: expected expression before ')' token
configure:15193: $? = 1
configure: failed program was:
| /* confdefs.h */
| #define PACKAGE_NAME "edtgui"
| #define PACKAGE_TARNAME "edtgui"
| #define PACKAGE_VERSION "3.5.3"
| #define PACKAGE_STRING "edtgui 3.5.3"
| #define PACKAGE_BUGREPORT "servicedesk@fedict.be"
| #define PACKAGE_URL ""
| #define PACKAGE "edtgui"
| #define VERSION "3.5.3"
| #define STDC_HEADERS 1
| #define HAVE_SYS_TYPES_H 1
| #define HAVE_SYS_STAT_H 1
| #define HAVE_STDLIB_H 1
| #define HAVE_STRING_H 1
| #define HAVE_MEMORY_H 1
| #define HAVE_STRINGS_H 1
| #define HAVE_INTTYPES_H 1
| #define HAVE_STDINT_H 1
| #define HAVE_UNISTD_H 1
| #define HAVE_DLFCN_H 1
| #define LT_OBJDIR ".libs/"
| #define HAVE__BOOL 1
| #define HAVE_STDBOOL_H 1
| /* end confdefs.h.  */
| #include <stdio.h>
| #ifdef HAVE_SYS_TYPES_H
| # include <sys/types.h>
| #endif
| #ifdef HAVE_SYS_STAT_H
| # include <sys/stat.h>
| #endif
| #ifdef STDC_HEADERS
| # include <stdlib.h>
| # include <stddef.h>
| #else
| # ifdef HAVE_STDLIB_H
| #  include <stdlib.h>
| # endif
| #endif
| #ifdef HAVE_STRING_H
| # if !defined STDC_HEADERS && defined HAVE_MEMORY_H
| #  include <memory.h>
| # endif
| # include <string.h>
| #endif
| #ifdef HAVE_STRINGS_H
| # include <strings.h>
| #endif
| #ifdef HAVE_INTTYPES_H
| # include <inttypes.h>
| #endif
| #ifdef HAVE_STDINT_H
| # include <stdint.h>
| #endif
| #ifdef HAVE_UNISTD_H
| # include <unistd.h>
| #endif
| int
| main ()
| {
| if (sizeof ((size_t)))
| 	    return 0;
|   ;
|   return 0;
| }
configure:15193: result: yes
configure:15208: checking for stdlib.h
configure:15208: result: yes
configure:15218: checking for GNU libc compatible malloc
configure:15252: result: no
configure:15406: creating ./config.status

## ---------------------- ##
## Running config.status. ##
## ---------------------- ##

This file was extended by edtgui config.status 3.5.3, which was
generated by GNU Autoconf 2.65.  Invocation command line was

  CONFIG_FILES    = 
  CONFIG_HEADERS  = 
  CONFIG_LINKS    = 
  CONFIG_COMMANDS = 
  $ ./config.status 

on eridu

config.status:1150: creating Makefile
config.status:1150: creating config.h
config.status:1322: config.h is unchanged
config.status:1370: executing depfiles commands
config.status:1370: executing libtool commands

## ---------------- ##
## Cache variables. ##
## ---------------- ##

ac_cv_build=x86_64-unknown-linux-gnu
ac_cv_c_compiler_gnu=yes
ac_cv_c_inline=inline
ac_cv_cxx_compiler_gnu=yes
ac_cv_env_CCC_set=
ac_cv_env_CCC_value=
ac_cv_env_CC_set=
ac_cv_env_CC_value=
ac_cv_env_CFLAGS_set=
ac_cv_env_CFLAGS_value=
ac_cv_env_CPPFLAGS_set=
ac_cv_env_CPPFLAGS_value=
ac_cv_env_CPP_set=
ac_cv_env_CPP_value=
ac_cv_env_CXXCPP_set=
ac_cv_env_CXXCPP_value=
ac_cv_env_CXXFLAGS_set=
ac_cv_env_CXXFLAGS_value=
ac_cv_env_CXX_set=
ac_cv_env_CXX_value=
ac_cv_env_LDFLAGS_set=
ac_cv_env_LDFLAGS_value=
ac_cv_env_LIBS_set=
ac_cv_env_LIBS_value=
ac_cv_env_build_alias_set=
ac_cv_env_build_alias_value=
ac_cv_env_host_alias_set=set
ac_cv_env_host_alias_value=i686-w64-mingw32
ac_cv_env_target_alias_set=
ac_cv_env_target_alias_value=
ac_cv_exeext=.exe
ac_cv_func_malloc_0_nonnull=no
ac_cv_header_dlfcn_h=yes
ac_cv_header_inttypes_h=yes
ac_cv_header_memory_h=yes
ac_cv_header_stdbool_h=yes
ac_cv_header_stdc=yes
ac_cv_header_stdint_h=yes
ac_cv_header_stdlib_h=yes
ac_cv_header_string_h=yes
ac_cv_header_strings_h=yes
ac_cv_header_sys_stat_h=yes
ac_cv_header_sys_types_h=yes
ac_cv_header_unistd_h=yes
ac_cv_host=i686-w64-mingw32
ac_cv_objext=o
ac_cv_path_EGREP='/bin/grep -E'
ac_cv_path_FGREP='/bin/grep -F'
ac_cv_path_GREP=/bin/grep
ac_cv_path_SED=/bin/sed
ac_cv_path_install='/bin/install -c'
ac_cv_path_mkdir=/bin/mkdir
ac_cv_prog_AR=i686-w64-mingw32-ar
ac_cv_prog_AWK=gawk
ac_cv_prog_CC=i686-w64-mingw32-gcc
ac_cv_prog_CPP='i686-w64-mingw32-gcc -E'
ac_cv_prog_CXX=i686-w64-mingw32-g++
ac_cv_prog_CXXCPP='i686-w64-mingw32-g++ -E'
ac_cv_prog_OBJDUMP=i686-w64-mingw32-objdump
ac_cv_prog_RANLIB=i686-w64-mingw32-ranlib
ac_cv_prog_STRIP=i686-w64-mingw32-strip
ac_cv_prog_cc_c89=
ac_cv_prog_cc_g=yes
ac_cv_prog_cxx_g=yes
ac_cv_prog_make_make_set=yes
ac_cv_type__Bool=yes
ac_cv_type_size_t=yes
am_cv_CC_dependencies_compiler_type=gcc3
am_cv_CXX_dependencies_compiler_type=gcc3
lt_cv_deplibs_check_method='file_magic ^x86 archive import|^x86 DLL'
lt_cv_file_magic_cmd=func_win32_libid
lt_cv_file_magic_test_file=
lt_cv_ld_reload_flag=-r
lt_cv_nm_interface='BSD nm'
lt_cv_objdir=.libs
lt_cv_path_LD=/home/frank/w32/i686-w64-mingw32/bin/ld
lt_cv_path_LDCXX=/home/frank/w32/i686-w64-mingw32/bin/ld
lt_cv_path_NM='/home/frank/w32/bin/i686-w64-mingw32-nm -B'
lt_cv_prog_compiler_c_o=yes
lt_cv_prog_compiler_c_o_CXX=yes
lt_cv_prog_compiler_pic_works=yes
lt_cv_prog_compiler_pic_works_CXX=yes
lt_cv_prog_compiler_rtti_exceptions=no
lt_cv_prog_compiler_static_works=yes
lt_cv_prog_compiler_static_works_CXX=yes
lt_cv_prog_gnu_ld=yes
lt_cv_prog_gnu_ldcxx=yes
lt_cv_sys_global_symbol_pipe='sed -n -e '\''s/^.*[	 ]\([ABCDGIRSTW][ABCDGIRSTW]*\)[	 ][	 ]*_\([_A-Za-z][_A-Za-z0-9]*\)$/\1 _\2 \2/p'\'''
lt_cv_sys_global_symbol_to_c_name_address='sed -n -e '\''s/^: \([^ ]*\) $/  {\"\1\", (void *) 0},/p'\'' -e '\''s/^[ABCDGIRSTW]* \([^ ]*\) \([^ ]*\)$/  {"\2", (void *) \&\2},/p'\'''
lt_cv_sys_global_symbol_to_c_name_address_lib_prefix='sed -n -e '\''s/^: \([^ ]*\) $/  {\"\1\", (void *) 0},/p'\'' -e '\''s/^[ABCDGIRSTW]* \([^ ]*\) \(lib[^ ]*\)$/  {"\2", (void *) \&\2},/p'\'' -e '\''s/^[ABCDGIRSTW]* \([^ ]*\) \([^ ]*\)$/  {"lib\2", (void *) \&\2},/p'\'''
lt_cv_sys_global_symbol_to_cdecl='sed -n -e '\''s/^T .* \(.*\)$/extern int \1();/p'\'' -e '\''s/^[ABCDGIRSTW]* .* \(.*\)$/extern char \1;/p'\'''
lt_cv_sys_max_cmd_len=1572864

## ----------------- ##
## Output variables. ##
## ----------------- ##

ACLOCAL='${SHELL} /home/frank/eid-mw/edt/src/edtgui/build-aux/missing --run aclocal-1.11'
AMDEPBACKSLASH='\'
AMDEP_FALSE='#'
AMDEP_TRUE=''
AMTAR='${SHELL} /home/frank/eid-mw/edt/src/edtgui/build-aux/missing --run tar'
AR='i686-w64-mingw32-ar'
AUTOCONF='${SHELL} /home/frank/eid-mw/edt/src/edtgui/build-aux/missing --run autoconf'
AUTOHEADER='${SHELL} /home/frank/eid-mw/edt/src/edtgui/build-aux/missing --run autoheader'
AUTOMAKE='${SHELL} /home/frank/eid-mw/edt/src/edtgui/build-aux/missing --run automake-1.11'
AWK='gawk'
CC='i686-w64-mingw32-gcc'
CCDEPMODE='depmode=gcc3'
CFLAGS='-g -O2'
CPP='i686-w64-mingw32-gcc -E'
CPPFLAGS='-I/data/fedict/Qt/qt/include -I/home/frank/eid-mw/eidmw/common -I/home/frank/eid-mw/eidmw/tokend -I/home/frank/eid-mw/eidmw/pkcs11 -I/home/frank/eid-mw/eidmw/csp -I/home/frank/eid-mw/eidmw/eidlib -I/home/frank/eid-mw/eidmw/applayer -I/home/frank/eid-mw/eidmw/minidriver -I/home/frank/eid-mw/eidmw/cardlayer '
CXX='i686-w64-mingw32-g++'
CXXCPP='i686-w64-mingw32-g++ -E'
CXXDEPMODE='depmode=gcc3'
CXXFLAGS='-g -O2'
CYGPATH_W='echo'
DEFS='-DHAVE_CONFIG_H'
DEPDIR='.deps'
DSYMUTIL=''
DUMPBIN=''
ECHO_C=''
ECHO_N='-n'
ECHO_T=''
EGREP='/bin/grep -E'
EXEEXT='.exe'
FGREP='/bin/grep -F'
GREP='/bin/grep'
INSTALL_DATA='${INSTALL} -m 644'
INSTALL_PROGRAM='${INSTALL}'
INSTALL_SCRIPT='${INSTALL}'
INSTALL_STRIP_PROGRAM='$(install_sh) -c -s'
LD='/home/frank/w32/i686-w64-mingw32/bin/ld'
LDFLAGS='-L/data/fedict/Qt/qt/lib -L/home/frank/eid-mw/eidmw/_binaries35/release '
LIBOBJS=' ${LIBOBJDIR}malloc$U.o'
LIBS=''
LIBTOOL='$(SHELL) $(top_builddir)/libtool'
LIPO=''
LN_S='ln -s'
LTLIBOBJS=' ${LIBOBJDIR}malloc$U.lo'
MAKEINFO='${SHELL} /home/frank/eid-mw/edt/src/edtgui/build-aux/missing --run makeinfo'
MKDIR_P='/bin/mkdir -p'
NM='/home/frank/w32/bin/i686-w64-mingw32-nm -B'
NMEDIT=''
OBJDUMP='i686-w64-mingw32-objdump'
OBJEXT='o'
OTOOL64=''
OTOOL=''
PACKAGE='edtgui'
PACKAGE_BUGREPORT='servicedesk@fedict.be'
PACKAGE_NAME='edtgui'
PACKAGE_STRING='edtgui 3.5.3'
PACKAGE_TARNAME='edtgui'
PACKAGE_URL=''
PACKAGE_VERSION='3.5.3'
PATH_SEPARATOR=':'
RANLIB='i686-w64-mingw32-ranlib'
SED='/bin/sed'
SET_MAKE=''
SHELL='/bin/sh'
STRIP='i686-w64-mingw32-strip'
VERSION='3.5.3'
ac_ct_CC=''
ac_ct_CXX=''
ac_ct_DUMPBIN=''
am__EXEEXT_FALSE='#'
am__EXEEXT_TRUE=''
am__fastdepCC_FALSE='#'
am__fastdepCC_TRUE=''
am__fastdepCXX_FALSE='#'
am__fastdepCXX_TRUE=''
am__include='include'
am__isrc=''
am__leading_dot='.'
am__quote=''
am__tar='${AMTAR} chof - "$$tardir"'
am__untar='${AMTAR} xf -'
bindir='${exec_prefix}/bin'
build='x86_64-unknown-linux-gnu'
build_alias=''
build_cpu='x86_64'
build_os='linux-gnu'
build_vendor='unknown'
datadir='${datarootdir}'
datarootdir='${prefix}/share'
docdir='${datarootdir}/doc/${PACKAGE_TARNAME}'
dvidir='${docdir}'
exec_prefix='${prefix}'
host='i686-w64-mingw32'
host_alias='i686-w64-mingw32'
host_cpu='i686'
host_os='mingw32'
host_vendor='w64'
htmldir='${docdir}'
includedir='${prefix}/include'
infodir='${datarootdir}/info'
install_sh='${SHELL} /home/frank/eid-mw/edt/src/edtgui/build-aux/install-sh'
libdir='${exec_prefix}/lib'
libexecdir='${exec_prefix}/libexec'
localedir='${datarootdir}/locale'
localstatedir='${prefix}/var'
lt_ECHO='echo'
mandir='${datarootdir}/man'
mkdir_p='/bin/mkdir -p'
oldincludedir='/usr/include'
pdfdir='${docdir}'
prefix='/usr/local'
program_transform_name='s,x,x,'
psdir='${docdir}'
sbindir='${exec_prefix}/sbin'
sharedstatedir='${prefix}/com'
sysconfdir='${prefix}/etc'
target_alias=''

## ----------- ##
## confdefs.h. ##
## ----------- ##

/* confdefs.h */
#define PACKAGE_NAME "edtgui"
#define PACKAGE_TARNAME "edtgui"
#define PACKAGE_VERSION "3.5.3"
#define PACKAGE_STRING "edtgui 3.5.3"
#define PACKAGE_BUGREPORT "servicedesk@fedict.be"
#define PACKAGE_URL ""
#define PACKAGE "edtgui"
#define VERSION "3.5.3"
#define STDC_HEADERS 1
#define HAVE_SYS_TYPES_H 1
#define HAVE_SYS_STAT_H 1
#define HAVE_STDLIB_H 1
#define HAVE_STRING_H 1
#define HAVE_MEMORY_H 1
#define HAVE_STRINGS_H 1
#define HAVE_INTTYPES_H 1
#define HAVE_STDINT_H 1
#define HAVE_UNISTD_H 1
#define HAVE_DLFCN_H 1
#define LT_OBJDIR ".libs/"
#define HAVE__BOOL 1
#define HAVE_STDBOOL_H 1
#define HAVE_STDLIB_H 1
#define HAVE_MALLOC 0
#define malloc rpl_malloc

configure: exit 0

## ---------------------- ##
## Running config.status. ##
## ---------------------- ##

This file was extended by edtgui config.status 3.5.3, which was
generated by GNU Autoconf 2.65.  Invocation command line was

  CONFIG_FILES    = 
  CONFIG_HEADERS  = 
  CONFIG_LINKS    = 
  CONFIG_COMMANDS = 
  $ ./config.status Makefile depfiles

on eridu

config.status:1150: creating Makefile
config.status:1370: executing depfiles commands
