This file contains any messages produced by compilers while
running configure, to aid debugging if configure makes a mistake.

It was created by libbeidcommon configure 0.0.1, which was
generated by GNU Autoconf 2.65.  Invocation command line was

  $ ./configure --disable-option-checking --prefix= --host=i686-w64-mingw32 --with-qt=/data/fedict/Qt/qt/ host_alias=i686-w64-mingw32 --cache-file=/dev/null --srcdir=. --no-create --no-recursion

## --------- ##
## Platform. ##
## --------- ##

hostname = eridu
uname -m = x86_64
uname -r = 2.6.33-ARCH
uname -s = Linux
uname -v = #1 SMP PREEMPT Sun Apr 4 10:27:30 CEST 2010

/usr/bin/uname -p = unknown
/bin/uname -X     = unknown

/bin/arch              = x86_64
/usr/bin/arch -k       = unknown
/usr/convex/getsysinfo = unknown
/usr/bin/hostinfo      = unknown
/bin/machine           = unknown
/usr/bin/oslevel       = unknown
/bin/universe          = unknown

PATH: /home/frank/w32/bin
PATH: /home/frank/w64/bin
PATH: /bin
PATH: /usr/bin
PATH: /sbin
PATH: /usr/sbin
PATH: /usr/bin/perlbin/site
PATH: /usr/bin/perlbin/vendor
PATH: /usr/bin/perlbin/core
PATH: /opt/qt/bin


## ----------- ##
## Core tests. ##
## ----------- ##

configure:2393: checking build system type
configure:2407: result: x86_64-unknown-linux-gnu
configure:2427: checking host system type
configure:2440: result: i686-w64-mingw32
configure:2507: checking how to print strings
configure:2534: result: printf
configure:2563: checking for i686-w64-mingw32-gcc
configure:2579: found /home/frank/w32/bin/i686-w64-mingw32-gcc
configure:2590: result: i686-w64-mingw32-gcc
configure:2859: checking for C compiler version
configure:2868: i686-w64-mingw32-gcc --version >&5
i686-w64-mingw32-gcc (GCC) 4.6.0 20100529 (experimental)
Copyright (C) 2010 Free Software Foundation, Inc.
This is free software; see the source for copying conditions.  There is NO
warranty; not even for MERCHANTABILITY or FITNESS FOR A PARTICULAR PURPOSE.

configure:2879: $? = 0
configure:2868: i686-w64-mingw32-gcc -v >&5
Using built-in specs.
COLLECT_GCC=i686-w64-mingw32-gcc
COLLECT_LTO_WRAPPER=/home/frank/w32/bin/../libexec/gcc/i686-w64-mingw32/4.6.0/lto-wrapper
Target: i686-w64-mingw32
Configured with: ../../../build/gcc/gcc/configure --target=i686-w64-mingw32 --prefix=/buildbot/mingw-w64/linux-x86_64-x86/build/build/root --with-sysroot=/buildbot/mingw-w64/linux-x86_64-x86/build/build/root --with-gmp=/buildbot/mingw-w64/linux-x86_64-x86/build/build/gmp/install --with-mpfr=/buildbot/mingw-w64/linux-x86_64-x86/build/build/mpfr/install --with-mpc=/buildbot/mingw-w64/linux-x86_64-x86/build/build/mpc/install --enable-languages=all,obj-c++ --enable-fully-dynamic-string --disable-multilib
Thread model: win32
gcc version 4.6.0 20100529 (experimental) (GCC) 
configure:2879: $? = 0
configure:2868: i686-w64-mingw32-gcc -V >&5
i686-w64-mingw32-gcc: error: unrecognized option '-V'
i686-w64-mingw32-gcc: fatal error: no input files
compilation terminated.
configure:2879: $? = 1
configure:2868: i686-w64-mingw32-gcc -qversion >&5
i686-w64-mingw32-gcc: error: unrecognized option '-qversion'
i686-w64-mingw32-gcc: fatal error: no input files
compilation terminated.
configure:2879: $? = 1
configure:2899: checking whether the C compiler works
configure:2921: i686-w64-mingw32-gcc    conftest.c  >&5
configure:2925: $? = 0
configure:2974: result: yes
configure:2977: checking for C compiler default output file name
configure:2979: result: a.exe
configure:2985: checking for suffix of executables
configure:2992: i686-w64-mingw32-gcc -o conftest.exe    conftest.c  >&5
configure:2996: $? = 0
configure:3018: result: .exe
configure:3040: checking whether we are cross compiling
configure:3048: i686-w64-mingw32-gcc -o conftest.exe    conftest.c  >&5
configure:3052: $? = 0
configure:3059: ./conftest.exe
./configure: line 3061: ./conftest.exe: cannot execute binary file
configure:3063: $? = 126
configure:3078: result: yes
configure:3083: checking for suffix of object files
configure:3105: i686-w64-mingw32-gcc -c   conftest.c >&5
configure:3109: $? = 0
configure:3130: result: o
configure:3134: checking whether we are using the GNU C compiler
configure:3153: i686-w64-mingw32-gcc -c   conftest.c >&5
configure:3153: $? = 0
configure:3162: result: yes
configure:3171: checking whether i686-w64-mingw32-gcc accepts -g
configure:3191: i686-w64-mingw32-gcc -c -g  conftest.c >&5
configure:3191: $? = 0
configure:3232: result: yes
configure:3249: checking for i686-w64-mingw32-gcc option to accept ISO C89
configure:3313: i686-w64-mingw32-gcc  -c -g -O2  conftest.c >&5
configure:3313: $? = 0
configure:3326: result: none needed
configure:3346: checking for a sed that does not truncate output
configure:3410: result: /bin/sed
configure:3428: checking for grep that handles long lines and -e
configure:3486: result: /bin/grep
configure:3491: checking for egrep
configure:3553: result: /bin/grep -E
configure:3558: checking for fgrep
configure:3620: result: /bin/grep -F
configure:3655: checking for ld used by i686-w64-mingw32-gcc
configure:3722: result: /home/frank/w32/i686-w64-mingw32/bin/ld
configure:3729: checking if the linker (/home/frank/w32/i686-w64-mingw32/bin/ld) is GNU ld
configure:3744: result: yes
configure:3756: checking for BSD- or MS-compatible name lister (nm)
configure:3805: result: /home/frank/w32/bin/i686-w64-mingw32-nm -B
configure:3935: checking the name lister (/home/frank/w32/bin/i686-w64-mingw32-nm -B) interface
configure:3942: i686-w64-mingw32-gcc -c -g -O2  conftest.c >&5
configure:3945: /home/frank/w32/bin/i686-w64-mingw32-nm -B "conftest.o"
configure:3948: output
00000000 b .bss
00000000 d .data
00000000 N .debug_abbrev
00000000 N .debug_info
00000000 N .debug_line
00000000 N .debug_pubnames
00000000 t .text
00000000 B _some_variable
configure:3955: result: BSD nm
configure:3958: checking whether ln -s works
configure:3962: result: yes
configure:3970: checking the maximum length of command line arguments
configure:4095: result: 3458764513820540925
configure:4112: checking whether the shell understands some XSI constructs
configure:4122: result: yes
configure:4126: checking whether the shell understands "+="
configure:4132: result: yes
configure:4167: checking for /home/frank/w32/i686-w64-mingw32/bin/ld option to reload object files
configure:4174: result: -r
configure:4203: checking for i686-w64-mingw32-objdump
configure:4219: found /home/frank/w32/bin/i686-w64-mingw32-objdump
configure:4230: result: i686-w64-mingw32-objdump
configure:4299: checking how to recognize dependent libraries
configure:4501: result: file_magic ^x86 archive import|^x86 DLL
configure:4521: checking for i686-w64-mingw32-ar
configure:4537: found /home/frank/w32/bin/i686-w64-mingw32-ar
configure:4548: result: i686-w64-mingw32-ar
configure:4626: checking for i686-w64-mingw32-strip
configure:4642: found /home/frank/w32/bin/i686-w64-mingw32-strip
configure:4653: result: i686-w64-mingw32-strip
configure:4725: checking for i686-w64-mingw32-ranlib
configure:4741: found /home/frank/w32/bin/i686-w64-mingw32-ranlib
configure:4752: result: i686-w64-mingw32-ranlib
configure:4869: checking for gawk
configure:4885: found /bin/gawk
configure:4896: result: gawk
configure:4936: checking command to parse /home/frank/w32/bin/i686-w64-mingw32-nm -B output from i686-w64-mingw32-gcc object
configure:5054: i686-w64-mingw32-gcc -c -g -O2  conftest.c >&5
configure:5057: $? = 0
configure:5061: /home/frank/w32/bin/i686-w64-mingw32-nm -B conftest.o \| sed -n -e 's/^.*[ ]\([ABCDGIRSTW][ABCDGIRSTW]*\)[ ][ ]*\([_A-Za-z][_A-Za-z0-9]*\)$/\1 \2 \2/p' \> conftest.nm
configure:5064: $? = 0
cannot find nm_test_var in conftest.nm
configure:5054: i686-w64-mingw32-gcc -c -g -O2  conftest.c >&5
configure:5057: $? = 0
configure:5061: /home/frank/w32/bin/i686-w64-mingw32-nm -B conftest.o \| sed -n -e 's/^.*[ ]\([ABCDGIRSTW][ABCDGIRSTW]*\)[ ][ ]*_\([_A-Za-z][_A-Za-z0-9]*\)$/\1 _\2 \2/p' \> conftest.nm
configure:5064: $? = 0
configure:5118: i686-w64-mingw32-gcc -o conftest.exe -g -O2   conftest.c conftstm.o >&5
configure:5121: $? = 0
configure:5159: result: ok
configure:6000: checking how to run the C preprocessor
configure:6031: i686-w64-mingw32-gcc -E  conftest.c
configure:6031: $? = 0
configure:6045: i686-w64-mingw32-gcc -E  conftest.c
conftest.c:9:28: fatal error: ac_nonexistent.h: No such file or directory
compilation terminated.
configure:6045: $? = 1
configure: failed program was:
| /* confdefs.h */
| #define PACKAGE_NAME "libbeidcommon"
| #define PACKAGE_TARNAME "libbeidcommon"
| #define PACKAGE_VERSION "0.0.1"
| #define PACKAGE_STRING "libbeidcommon 0.0.1"
| #define PACKAGE_BUGREPORT "servicedesk@fedict.be"
| #define PACKAGE_URL ""
| /* end confdefs.h.  */
| #include <ac_nonexistent.h>
configure:6070: result: i686-w64-mingw32-gcc -E
configure:6090: i686-w64-mingw32-gcc -E  conftest.c
configure:6090: $? = 0
configure:6104: i686-w64-mingw32-gcc -E  conftest.c
conftest.c:9:28: fatal error: ac_nonexistent.h: No such file or directory
compilation terminated.
configure:6104: $? = 1
configure: failed program was:
| /* confdefs.h */
| #define PACKAGE_NAME "libbeidcommon"
| #define PACKAGE_TARNAME "libbeidcommon"
| #define PACKAGE_VERSION "0.0.1"
| #define PACKAGE_STRING "libbeidcommon 0.0.1"
| #define PACKAGE_BUGREPORT "servicedesk@fedict.be"
| #define PACKAGE_URL ""
| /* end confdefs.h.  */
| #include <ac_nonexistent.h>
configure:6133: checking for ANSI C header files
configure:6153: i686-w64-mingw32-gcc -c -g -O2  conftest.c >&5
configure:6153: $? = 0
configure:6237: result: yes
configure:6250: checking for sys/types.h
configure:6250: i686-w64-mingw32-gcc -c -g -O2  conftest.c >&5
configure:6250: $? = 0
configure:6250: result: yes
configure:6250: checking for sys/stat.h
configure:6250: i686-w64-mingw32-gcc -c -g -O2  conftest.c >&5
configure:6250: $? = 0
configure:6250: result: yes
configure:6250: checking for stdlib.h
configure:6250: i686-w64-mingw32-gcc -c -g -O2  conftest.c >&5
configure:6250: $? = 0
configure:6250: result: yes
configure:6250: checking for string.h
configure:6250: i686-w64-mingw32-gcc -c -g -O2  conftest.c >&5
configure:6250: $? = 0
configure:6250: result: yes
configure:6250: checking for memory.h
configure:6250: i686-w64-mingw32-gcc -c -g -O2  conftest.c >&5
configure:6250: $? = 0
configure:6250: result: yes
configure:6250: checking for strings.h
configure:6250: i686-w64-mingw32-gcc -c -g -O2  conftest.c >&5
configure:6250: $? = 0
configure:6250: result: yes
configure:6250: checking for inttypes.h
configure:6250: i686-w64-mingw32-gcc -c -g -O2  conftest.c >&5
configure:6250: $? = 0
configure:6250: result: yes
configure:6250: checking for stdint.h
configure:6250: i686-w64-mingw32-gcc -c -g -O2  conftest.c >&5
configure:6250: $? = 0
configure:6250: result: yes
configure:6250: checking for unistd.h
configure:6250: i686-w64-mingw32-gcc -c -g -O2  conftest.c >&5
configure:6250: $? = 0
configure:6250: result: yes
configure:6265: checking for dlfcn.h
configure:6265: i686-w64-mingw32-gcc -c -g -O2  conftest.c >&5
configure:6265: $? = 0
configure:6265: result: yes
configure:6288: checking for i686-w64-mingw32-as
configure:6304: found /home/frank/w32/bin/i686-w64-mingw32-as
configure:6315: result: i686-w64-mingw32-as
configure:6380: checking for i686-w64-mingw32-dlltool
configure:6396: found /home/frank/w32/bin/i686-w64-mingw32-dlltool
configure:6407: result: i686-w64-mingw32-dlltool
configure:6472: checking for i686-w64-mingw32-objdump
configure:6499: result: i686-w64-mingw32-objdump
configure:6750: checking for objdir
configure:6765: result: .libs
configure:7036: checking if i686-w64-mingw32-gcc supports -fno-rtti -fno-exceptions
configure:7054: i686-w64-mingw32-gcc -c -g -O2  -fno-rtti -fno-exceptions conftest.c >&5
cc1: warning: command line option "-fno-rtti" is valid for C++/ObjC++ but not for C [enabled by default]
configure:7058: $? = 0
configure:7071: result: no
configure:7091: checking for i686-w64-mingw32-gcc option to produce PIC
configure:7376: result: -DDLL_EXPORT -DPIC
configure:7388: checking if i686-w64-mingw32-gcc PIC flag -DDLL_EXPORT -DPIC works
configure:7406: i686-w64-mingw32-gcc -c -g -O2  -DDLL_EXPORT -DPIC -DPIC conftest.c >&5
configure:7410: $? = 0
configure:7423: result: yes
configure:7447: checking if i686-w64-mingw32-gcc static flag -static works
configure:7475: result: yes
configure:7490: checking if i686-w64-mingw32-gcc supports -c -o file.o
configure:7511: i686-w64-mingw32-gcc -c -g -O2  -o out/conftest2.o conftest.c >&5
configure:7515: $? = 0
configure:7537: result: yes
configure:7545: checking if i686-w64-mingw32-gcc supports -c -o file.o
configure:7592: result: yes
configure:7625: checking whether the i686-w64-mingw32-gcc linker (/home/frank/w32/i686-w64-mingw32/bin/ld) supports shared libraries
configure:8700: result: yes
configure:8737: checking whether -lc should be explicitly linked in
configure:8745: i686-w64-mingw32-gcc -c -g -O2  conftest.c >&5
configure:8748: $? = 0
configure:8763: i686-w64-mingw32-gcc -shared conftest.o  -v -o ./conftest -Wl,--enable-auto-image-base -Xlinker --out-implib -Xlinker conftest 2\>\&1 \| /bin/grep  -lc  \>/dev/null 2\>\&1
configure:8766: $? = 1
configure:8780: result: yes
configure:8945: checking dynamic linker characteristics
configure:9622: result: Win32 ld.exe
configure:9729: checking how to hardcode library paths into programs
configure:9754: result: immediate
configure:10294: checking whether stripping libraries is possible
configure:10299: result: yes
configure:10334: checking if libtool supports shared libraries
configure:10336: result: yes
configure:10339: checking whether to build shared libraries
configure:10360: result: yes
configure:10363: checking whether to build static libraries
configure:10367: result: yes
configure:10420: checking for a BSD-compatible install
configure:10488: result: /bin/install -c
configure:10499: checking whether build environment is sane
configure:10549: result: yes
configure:10598: checking for i686-w64-mingw32-strip
configure:10625: result: i686-w64-mingw32-strip
configure:10690: checking for a thread-safe mkdir -p
configure:10729: result: /bin/mkdir -p
configure:10738: checking whether make sets $(MAKE)
configure:10760: result: yes
configure:10790: checking for style of include used by make
configure:10818: result: GNU
configure:10903: checking dependency style of i686-w64-mingw32-gcc
configure:11013: result: gcc3
configure:11039: checking for i686-w64-mingw32-gcc
configure:11066: result: i686-w64-mingw32-gcc
configure:11335: checking for C compiler version
configure:11344: i686-w64-mingw32-gcc --version >&5
i686-w64-mingw32-gcc (GCC) 4.6.0 20100529 (experimental)
Copyright (C) 2010 Free Software Foundation, Inc.
This is free software; see the source for copying conditions.  There is NO
warranty; not even for MERCHANTABILITY or FITNESS FOR A PARTICULAR PURPOSE.

configure:11355: $? = 0
configure:11344: i686-w64-mingw32-gcc -v >&5
Using built-in specs.
COLLECT_GCC=i686-w64-mingw32-gcc
COLLECT_LTO_WRAPPER=/home/frank/w32/bin/../libexec/gcc/i686-w64-mingw32/4.6.0/lto-wrapper
Target: i686-w64-mingw32
Configured with: ../../../build/gcc/gcc/configure --target=i686-w64-mingw32 --prefix=/buildbot/mingw-w64/linux-x86_64-x86/build/build/root --with-sysroot=/buildbot/mingw-w64/linux-x86_64-x86/build/build/root --with-gmp=/buildbot/mingw-w64/linux-x86_64-x86/build/build/gmp/install --with-mpfr=/buildbot/mingw-w64/linux-x86_64-x86/build/build/mpfr/install --with-mpc=/buildbot/mingw-w64/linux-x86_64-x86/build/build/mpc/install --enable-languages=all,obj-c++ --enable-fully-dynamic-string --disable-multilib
Thread model: win32
gcc version 4.6.0 20100529 (experimental) (GCC) 
configure:11355: $? = 0
configure:11344: i686-w64-mingw32-gcc -V >&5
i686-w64-mingw32-gcc: error: unrecognized option '-V'
i686-w64-mingw32-gcc: fatal error: no input files
compilation terminated.
configure:11355: $? = 1
configure:11344: i686-w64-mingw32-gcc -qversion >&5
i686-w64-mingw32-gcc: error: unrecognized option '-qversion'
i686-w64-mingw32-gcc: fatal error: no input files
compilation terminated.
configure:11355: $? = 1
configure:11359: checking whether we are using the GNU C compiler
configure:11387: result: yes
configure:11396: checking whether i686-w64-mingw32-gcc accepts -g
configure:11457: result: yes
configure:11474: checking for i686-w64-mingw32-gcc option to accept ISO C89
configure:11551: result: none needed
configure:11585: checking for i686-w64-mingw32-g++
configure:11601: found /home/frank/w32/bin/i686-w64-mingw32-g++
configure:11612: result: i686-w64-mingw32-g++
configure:11683: checking for C++ compiler version
configure:11692: i686-w64-mingw32-g++ --version >&5
i686-w64-mingw32-g++ (GCC) 4.6.0 20100529 (experimental)
Copyright (C) 2010 Free Software Foundation, Inc.
This is free software; see the source for copying conditions.  There is NO
warranty; not even for MERCHANTABILITY or FITNESS FOR A PARTICULAR PURPOSE.

configure:11703: $? = 0
configure:11692: i686-w64-mingw32-g++ -v >&5
Using built-in specs.
COLLECT_GCC=i686-w64-mingw32-g++
COLLECT_LTO_WRAPPER=/home/frank/w32/bin/../libexec/gcc/i686-w64-mingw32/4.6.0/lto-wrapper
Target: i686-w64-mingw32
Configured with: ../../../build/gcc/gcc/configure --target=i686-w64-mingw32 --prefix=/buildbot/mingw-w64/linux-x86_64-x86/build/build/root --with-sysroot=/buildbot/mingw-w64/linux-x86_64-x86/build/build/root --with-gmp=/buildbot/mingw-w64/linux-x86_64-x86/build/build/gmp/install --with-mpfr=/buildbot/mingw-w64/linux-x86_64-x86/build/build/mpfr/install --with-mpc=/buildbot/mingw-w64/linux-x86_64-x86/build/build/mpc/install --enable-languages=all,obj-c++ --enable-fully-dynamic-string --disable-multilib
Thread model: win32
gcc version 4.6.0 20100529 (experimental) (GCC) 
configure:11703: $? = 0
configure:11692: i686-w64-mingw32-g++ -V >&5
i686-w64-mingw32-g++: fatal error: argument to '-V' missing

compilation terminated.
configure:11703: $? = 1
configure:11692: i686-w64-mingw32-g++ -qversion >&5
i686-w64-mingw32-g++: error: unrecognized option '-qversion'
i686-w64-mingw32-g++: fatal error: no input files
compilation terminated.
configure:11703: $? = 1
configure:11707: checking whether we are using the GNU C++ compiler
configure:11726: i686-w64-mingw32-g++ -c   conftest.cpp >&5
configure:11726: $? = 0
configure:11735: result: yes
configure:11744: checking whether i686-w64-mingw32-g++ accepts -g
configure:11764: i686-w64-mingw32-g++ -c -g  conftest.cpp >&5
configure:11764: $? = 0
configure:11805: result: yes
configure:11836: checking how to run the C++ preprocessor
configure:11863: i686-w64-mingw32-g++ -E  conftest.cpp
configure:11863: $? = 0
configure:11877: i686-w64-mingw32-g++ -E  conftest.cpp
conftest.cpp:23:28: fatal error: ac_nonexistent.h: No such file or directory
compilation terminated.
configure:11877: $? = 1
configure: failed program was:
| /* confdefs.h */
| #define PACKAGE_NAME "libbeidcommon"
| #define PACKAGE_TARNAME "libbeidcommon"
| #define PACKAGE_VERSION "0.0.1"
| #define PACKAGE_STRING "libbeidcommon 0.0.1"
| #define PACKAGE_BUGREPORT "servicedesk@fedict.be"
| #define PACKAGE_URL ""
| #define STDC_HEADERS 1
| #define HAVE_SYS_TYPES_H 1
| #define HAVE_SYS_STAT_H 1
| #define HAVE_STDLIB_H 1
| #define HAVE_STRING_H 1
| #define HAVE_MEMORY_H 1
| #define HAVE_STRINGS_H 1
| #define HAVE_INTTYPES_H 1
| #define HAVE_STDINT_H 1
| #define HAVE_UNISTD_H 1
| #define HAVE_DLFCN_H 1
| #define LT_OBJDIR ".libs/"
| #define PACKAGE "libbeidcommon"
| #define VERSION "0.0.1"
| /* end confdefs.h.  */
| #include <ac_nonexistent.h>
configure:11902: result: i686-w64-mingw32-g++ -E
configure:11922: i686-w64-mingw32-g++ -E  conftest.cpp
configure:11922: $? = 0
configure:11936: i686-w64-mingw32-g++ -E  conftest.cpp
conftest.cpp:23:28: fatal error: ac_nonexistent.h: No such file or directory
compilation terminated.
configure:11936: $? = 1
configure: failed program was:
| /* confdefs.h */
| #define PACKAGE_NAME "libbeidcommon"
| #define PACKAGE_TARNAME "libbeidcommon"
| #define PACKAGE_VERSION "0.0.1"
| #define PACKAGE_STRING "libbeidcommon 0.0.1"
| #define PACKAGE_BUGREPORT "servicedesk@fedict.be"
| #define PACKAGE_URL ""
| #define STDC_HEADERS 1
| #define HAVE_SYS_TYPES_H 1
| #define HAVE_SYS_STAT_H 1
| #define HAVE_STDLIB_H 1
| #define HAVE_STRING_H 1
| #define HAVE_MEMORY_H 1
| #define HAVE_STRINGS_H 1
| #define HAVE_INTTYPES_H 1
| #define HAVE_STDINT_H 1
| #define HAVE_UNISTD_H 1
| #define HAVE_DLFCN_H 1
| #define LT_OBJDIR ".libs/"
| #define PACKAGE "libbeidcommon"
| #define VERSION "0.0.1"
| /* end confdefs.h.  */
| #include <ac_nonexistent.h>
configure:12104: checking for ld used by i686-w64-mingw32-g++
configure:12171: result: /home/frank/w32/i686-w64-mingw32/bin/ld
configure:12178: checking if the linker (/home/frank/w32/i686-w64-mingw32/bin/ld) is GNU ld
configure:12193: result: yes
configure:12248: checking whether the i686-w64-mingw32-g++ linker (/home/frank/w32/i686-w64-mingw32/bin/ld) supports shared libraries
configure:13180: result: yes
configure:13208: i686-w64-mingw32-g++ -c -g -O2  conftest.cpp >&5
configure:13211: $? = 0
configure:13393: checking for i686-w64-mingw32-g++ option to produce PIC
configure:13715: result: -DDLL_EXPORT -DPIC
configure:13724: checking if i686-w64-mingw32-g++ PIC flag -DDLL_EXPORT -DPIC works
configure:13742: i686-w64-mingw32-g++ -c -g -O2  -DDLL_EXPORT -DPIC -DPIC conftest.cpp >&5
configure:13746: $? = 0
configure:13759: result: yes
configure:13780: checking if i686-w64-mingw32-g++ static flag -static works
configure:13808: result: yes
configure:13820: checking if i686-w64-mingw32-g++ supports -c -o file.o
configure:13841: i686-w64-mingw32-g++ -c -g -O2  -o out/conftest2.o conftest.cpp >&5
configure:13845: $? = 0
configure:13867: result: yes
configure:13872: checking if i686-w64-mingw32-g++ supports -c -o file.o
configure:13919: result: yes
configure:13949: checking whether the i686-w64-mingw32-g++ linker (/home/frank/w32/i686-w64-mingw32/bin/ld) supports shared libraries
configure:13977: result: yes
configure:14120: checking dynamic linker characteristics
configure:14731: result: Win32 ld.exe
configure:14784: checking how to hardcode library paths into programs
configure:14809: result: immediate
configure:14850: checking dependency style of i686-w64-mingw32-g++
configure:14960: result: gcc3
configure:15021: checking pcsc-lite installation
configure:15031: result: no
configure:15056: checking fcntl.h usability
configure:15056: i686-w64-mingw32-gcc -c -g -O2  conftest.c >&5
configure:15056: $? = 0
configure:15056: result: yes
configure:15056: checking fcntl.h presence
configure:15056: i686-w64-mingw32-gcc -E  conftest.c
configure:15056: $? = 0
configure:15056: result: yes
configure:15056: checking for fcntl.h
configure:15056: result: yes
configure:15056: checking float.h usability
configure:15056: i686-w64-mingw32-gcc -c -g -O2  conftest.c >&5
configure:15056: $? = 0
configure:15056: result: yes
configure:15056: checking float.h presence
configure:15056: i686-w64-mingw32-gcc -E  conftest.c
configure:15056: $? = 0
configure:15056: result: yes
configure:15056: checking for float.h
configure:15056: result: yes
configure:15056: checking limits.h usability
configure:15056: i686-w64-mingw32-gcc -c -g -O2  conftest.c >&5
configure:15056: $? = 0
configure:15056: result: yes
configure:15056: checking limits.h presence
configure:15056: i686-w64-mingw32-gcc -E  conftest.c
configure:15056: $? = 0
configure:15056: result: yes
configure:15056: checking for limits.h
configure:15056: result: yes
configure:15056: checking netinet/in.h usability
configure:15056: i686-w64-mingw32-gcc -c -g -O2  conftest.c >&5
conftest.c:59:24: fatal error: netinet/in.h: No such file or directory
compilation terminated.
configure:15056: $? = 1
configure: failed program was:
| /* confdefs.h */
| #define PACKAGE_NAME "libbeidcommon"
| #define PACKAGE_TARNAME "libbeidcommon"
| #define PACKAGE_VERSION "0.0.1"
| #define PACKAGE_STRING "libbeidcommon 0.0.1"
| #define PACKAGE_BUGREPORT "servicedesk@fedict.be"
| #define PACKAGE_URL ""
| #define STDC_HEADERS 1
| #define HAVE_SYS_TYPES_H 1
| #define HAVE_SYS_STAT_H 1
| #define HAVE_STDLIB_H 1
| #define HAVE_STRING_H 1
| #define HAVE_MEMORY_H 1
| #define HAVE_STRINGS_H 1
| #define HAVE_INTTYPES_H 1
| #define HAVE_STDINT_H 1
| #define HAVE_UNISTD_H 1
| #define HAVE_DLFCN_H 1
| #define LT_OBJDIR ".libs/"
| #define PACKAGE "libbeidcommon"
| #define VERSION "0.0.1"
| #define HAVE_FCNTL_H 1
| #define HAVE_FLOAT_H 1
| #define HAVE_LIMITS_H 1
| /* end confdefs.h.  */
| #include <stdio.h>
| #ifdef HAVE_SYS_TYPES_H
| # include <sys/types.h>
| #endif
| #ifdef HAVE_SYS_STAT_H
| # include <sys/stat.h>
| #endif
| #ifdef STDC_HEADERS
| # include <stdlib.h>
| # include <stddef.h>
| #else
| # ifdef HAVE_STDLIB_H
| #  include <stdlib.h>
| # endif
| #endif
| #ifdef HAVE_STRING_H
| # if !defined STDC_HEADERS && defined HAVE_MEMORY_H
| #  include <memory.h>
| # endif
| # include <string.h>
| #endif
| #ifdef HAVE_STRINGS_H
| # include <strings.h>
| #endif
| #ifdef HAVE_INTTYPES_H
| # include <inttypes.h>
| #endif
| #ifdef HAVE_STDINT_H
| # include <stdint.h>
| #endif
| #ifdef HAVE_UNISTD_H
| # include <unistd.h>
| #endif
| #include <netinet/in.h>
configure:15056: result: no
configure:15056: checking netinet/in.h presence
configure:15056: i686-w64-mingw32-gcc -E  conftest.c
conftest.c:26:24: fatal error: netinet/in.h: No such file or directory
compilation terminated.
configure:15056: $? = 1
configure: failed program was:
| /* confdefs.h */
| #define PACKAGE_NAME "libbeidcommon"
| #define PACKAGE_TARNAME "libbeidcommon"
| #define PACKAGE_VERSION "0.0.1"
| #define PACKAGE_STRING "libbeidcommon 0.0.1"
| #define PACKAGE_BUGREPORT "servicedesk@fedict.be"
| #define PACKAGE_URL ""
| #define STDC_HEADERS 1
| #define HAVE_SYS_TYPES_H 1
| #define HAVE_SYS_STAT_H 1
| #define HAVE_STDLIB_H 1
| #define HAVE_STRING_H 1
| #define HAVE_MEMORY_H 1
| #define HAVE_STRINGS_H 1
| #define HAVE_INTTYPES_H 1
| #define HAVE_STDINT_H 1
| #define HAVE_UNISTD_H 1
| #define HAVE_DLFCN_H 1
| #define LT_OBJDIR ".libs/"
| #define PACKAGE "libbeidcommon"
| #define VERSION "0.0.1"
| #define HAVE_FCNTL_H 1
| #define HAVE_FLOAT_H 1
| #define HAVE_LIMITS_H 1
| /* end confdefs.h.  */
| #include <netinet/in.h>
configure:15056: result: no
configure:15056: checking for netinet/in.h
configure:15056: result: no
configure:15056: checking for stdlib.h
configure:15056: result: yes
configure:15056: checking for string.h
configure:15056: result: yes
configure:15056: checking sys/file.h usability
configure:15056: i686-w64-mingw32-gcc -c -g -O2  conftest.c >&5
configure:15056: $? = 0
configure:15056: result: yes
configure:15056: checking sys/file.h presence
configure:15056: i686-w64-mingw32-gcc -E  conftest.c
configure:15056: $? = 0
configure:15056: result: yes
configure:15056: checking for sys/file.h
configure:15056: result: yes
configure:15056: checking sys/ioctl.h usability
configure:15056: i686-w64-mingw32-gcc -c -g -O2  conftest.c >&5
conftest.c:62:23: fatal error: sys/ioctl.h: No such file or directory
compilation terminated.
configure:15056: $? = 1
configure: failed program was:
| /* confdefs.h */
| #define PACKAGE_NAME "libbeidcommon"
| #define PACKAGE_TARNAME "libbeidcommon"
| #define PACKAGE_VERSION "0.0.1"
| #define PACKAGE_STRING "libbeidcommon 0.0.1"
| #define PACKAGE_BUGREPORT "servicedesk@fedict.be"
| #define PACKAGE_URL ""
| #define STDC_HEADERS 1
| #define HAVE_SYS_TYPES_H 1
| #define HAVE_SYS_STAT_H 1
| #define HAVE_STDLIB_H 1
| #define HAVE_STRING_H 1
| #define HAVE_MEMORY_H 1
| #define HAVE_STRINGS_H 1
| #define HAVE_INTTYPES_H 1
| #define HAVE_STDINT_H 1
| #define HAVE_UNISTD_H 1
| #define HAVE_DLFCN_H 1
| #define LT_OBJDIR ".libs/"
| #define PACKAGE "libbeidcommon"
| #define VERSION "0.0.1"
| #define HAVE_FCNTL_H 1
| #define HAVE_FLOAT_H 1
| #define HAVE_LIMITS_H 1
| #define HAVE_STDLIB_H 1
| #define HAVE_STRING_H 1
| #define HAVE_SYS_FILE_H 1
| /* end confdefs.h.  */
| #include <stdio.h>
| #ifdef HAVE_SYS_TYPES_H
| # include <sys/types.h>
| #endif
| #ifdef HAVE_SYS_STAT_H
| # include <sys/stat.h>
| #endif
| #ifdef STDC_HEADERS
| # include <stdlib.h>
| # include <stddef.h>
| #else
| # ifdef HAVE_STDLIB_H
| #  include <stdlib.h>
| # endif
| #endif
| #ifdef HAVE_STRING_H
| # if !defined STDC_HEADERS && defined HAVE_MEMORY_H
| #  include <memory.h>
| # endif
| # include <string.h>
| #endif
| #ifdef HAVE_STRINGS_H
| # include <strings.h>
| #endif
| #ifdef HAVE_INTTYPES_H
| # include <inttypes.h>
| #endif
| #ifdef HAVE_STDINT_H
| # include <stdint.h>
| #endif
| #ifdef HAVE_UNISTD_H
| # include <unistd.h>
| #endif
| #include <sys/ioctl.h>
configure:15056: result: no
configure:15056: checking sys/ioctl.h presence
configure:15056: i686-w64-mingw32-gcc -E  conftest.c
conftest.c:29:23: fatal error: sys/ioctl.h: No such file or directory
compilation terminated.
configure:15056: $? = 1
configure: failed program was:
| /* confdefs.h */
| #define PACKAGE_NAME "libbeidcommon"
| #define PACKAGE_TARNAME "libbeidcommon"
| #define PACKAGE_VERSION "0.0.1"
| #define PACKAGE_STRING "libbeidcommon 0.0.1"
| #define PACKAGE_BUGREPORT "servicedesk@fedict.be"
| #define PACKAGE_URL ""
| #define STDC_HEADERS 1
| #define HAVE_SYS_TYPES_H 1
| #define HAVE_SYS_STAT_H 1
| #define HAVE_STDLIB_H 1
| #define HAVE_STRING_H 1
| #define HAVE_MEMORY_H 1
| #define HAVE_STRINGS_H 1
| #define HAVE_INTTYPES_H 1
| #define HAVE_STDINT_H 1
| #define HAVE_UNISTD_H 1
| #define HAVE_DLFCN_H 1
| #define LT_OBJDIR ".libs/"
| #define PACKAGE "libbeidcommon"
| #define VERSION "0.0.1"
| #define HAVE_FCNTL_H 1
| #define HAVE_FLOAT_H 1
| #define HAVE_LIMITS_H 1
| #define HAVE_STDLIB_H 1
| #define HAVE_STRING_H 1
| #define HAVE_SYS_FILE_H 1
| /* end confdefs.h.  */
| #include <sys/ioctl.h>
configure:15056: result: no
configure:15056: checking for sys/ioctl.h
configure:15056: result: no
configure:15056: checking sys/time.h usability
configure:15056: i686-w64-mingw32-gcc -c -g -O2  conftest.c >&5
configure:15056: $? = 0
configure:15056: result: yes
configure:15056: checking sys/time.h presence
configure:15056: i686-w64-mingw32-gcc -E  conftest.c
configure:15056: $? = 0
configure:15056: result: yes
configure:15056: checking for sys/time.h
configure:15056: result: yes
configure:15056: checking for unistd.h
configure:15056: result: yes
configure:15069: checking for stdbool.h that conforms to C99
configure:15154: i686-w64-mingw32-gcc -c -g -O2  conftest.c >&5
configure:15154: $? = 0
configure:15161: result: yes
configure:15163: checking for _Bool
configure:15163: i686-w64-mingw32-gcc -c -g -O2  conftest.c >&5
configure:15163: $? = 0
configure:15163: i686-w64-mingw32-gcc -c -g -O2  conftest.c >&5
conftest.c: In function 'main':
conftest.c:67:20: error: expected expression before ')' token
configure:15163: $? = 1
configure: failed program was:
| /* confdefs.h */
| #define PACKAGE_NAME "libbeidcommon"
| #define PACKAGE_TARNAME "libbeidcommon"
| #define PACKAGE_VERSION "0.0.1"
| #define PACKAGE_STRING "libbeidcommon 0.0.1"
| #define PACKAGE_BUGREPORT "servicedesk@fedict.be"
| #define PACKAGE_URL ""
| #define STDC_HEADERS 1
| #define HAVE_SYS_TYPES_H 1
| #define HAVE_SYS_STAT_H 1
| #define HAVE_STDLIB_H 1
| #define HAVE_STRING_H 1
| #define HAVE_MEMORY_H 1
| #define HAVE_STRINGS_H 1
| #define HAVE_INTTYPES_H 1
| #define HAVE_STDINT_H 1
| #define HAVE_UNISTD_H 1
| #define HAVE_DLFCN_H 1
| #define LT_OBJDIR ".libs/"
| #define PACKAGE "libbeidcommon"
| #define VERSION "0.0.1"
| #define HAVE_FCNTL_H 1
| #define HAVE_FLOAT_H 1
| #define HAVE_LIMITS_H 1
| #define HAVE_STDLIB_H 1
| #define HAVE_STRING_H 1
| #define HAVE_SYS_FILE_H 1
| #define HAVE_SYS_TIME_H 1
| #define HAVE_UNISTD_H 1
| /* end confdefs.h.  */
| #include <stdio.h>
| #ifdef HAVE_SYS_TYPES_H
| # include <sys/types.h>
| #endif
| #ifdef HAVE_SYS_STAT_H
| # include <sys/stat.h>
| #endif
| #ifdef STDC_HEADERS
| # include <stdlib.h>
| # include <stddef.h>
| #else
| # ifdef HAVE_STDLIB_H
| #  include <stdlib.h>
| # endif
| #endif
| #ifdef HAVE_STRING_H
| # if !defined STDC_HEADERS && defined HAVE_MEMORY_H
| #  include <memory.h>
| # endif
| # include <string.h>
| #endif
| #ifdef HAVE_STRINGS_H
| # include <strings.h>
| #endif
| #ifdef HAVE_INTTYPES_H
| # include <inttypes.h>
| #endif
| #ifdef HAVE_STDINT_H
| # include <stdint.h>
| #endif
| #ifdef HAVE_UNISTD_H
| # include <unistd.h>
| #endif
| int
| main ()
| {
| if (sizeof ((_Bool)))
| 	    return 0;
|   ;
|   return 0;
| }
configure:15163: result: yes
configure:15179: checking for inline
configure:15195: i686-w64-mingw32-gcc -c -g -O2  conftest.c >&5
configure:15195: $? = 0
configure:15203: result: inline
configure:15221: checking for pid_t
configure:15221: i686-w64-mingw32-gcc -c -g -O2  conftest.c >&5
configure:15221: $? = 0
configure:15221: i686-w64-mingw32-gcc -c -g -O2  conftest.c >&5
conftest.c: In function 'main':
conftest.c:69:20: error: expected expression before ')' token
configure:15221: $? = 1
configure: failed program was:
| /* confdefs.h */
| #define PACKAGE_NAME "libbeidcommon"
| #define PACKAGE_TARNAME "libbeidcommon"
| #define PACKAGE_VERSION "0.0.1"
| #define PACKAGE_STRING "libbeidcommon 0.0.1"
| #define PACKAGE_BUGREPORT "servicedesk@fedict.be"
| #define PACKAGE_URL ""
| #define STDC_HEADERS 1
| #define HAVE_SYS_TYPES_H 1
| #define HAVE_SYS_STAT_H 1
| #define HAVE_STDLIB_H 1
| #define HAVE_STRING_H 1
| #define HAVE_MEMORY_H 1
| #define HAVE_STRINGS_H 1
| #define HAVE_INTTYPES_H 1
| #define HAVE_STDINT_H 1
| #define HAVE_UNISTD_H 1
| #define HAVE_DLFCN_H 1
| #define LT_OBJDIR ".libs/"
| #define PACKAGE "libbeidcommon"
| #define VERSION "0.0.1"
| #define HAVE_FCNTL_H 1
| #define HAVE_FLOAT_H 1
| #define HAVE_LIMITS_H 1
| #define HAVE_STDLIB_H 1
| #define HAVE_STRING_H 1
| #define HAVE_SYS_FILE_H 1
| #define HAVE_SYS_TIME_H 1
| #define HAVE_UNISTD_H 1
| #define HAVE__BOOL 1
| #define HAVE_STDBOOL_H 1
| /* end confdefs.h.  */
| #include <stdio.h>
| #ifdef HAVE_SYS_TYPES_H
| # include <sys/types.h>
| #endif
| #ifdef HAVE_SYS_STAT_H
| # include <sys/stat.h>
| #endif
| #ifdef STDC_HEADERS
| # include <stdlib.h>
| # include <stddef.h>
| #else
| # ifdef HAVE_STDLIB_H
| #  include <stdlib.h>
| # endif
| #endif
| #ifdef HAVE_STRING_H
| # if !defined STDC_HEADERS && defined HAVE_MEMORY_H
| #  include <memory.h>
| # endif
| # include <string.h>
| #endif
| #ifdef HAVE_STRINGS_H
| # include <strings.h>
| #endif
| #ifdef HAVE_INTTYPES_H
| # include <inttypes.h>
| #endif
| #ifdef HAVE_STDINT_H
| # include <stdint.h>
| #endif
| #ifdef HAVE_UNISTD_H
| # include <unistd.h>
| #endif
| int
| main ()
| {
| if (sizeof ((pid_t)))
| 	    return 0;
|   ;
|   return 0;
| }
configure:15221: result: yes
configure:15232: checking for size_t
configure:15232: i686-w64-mingw32-gcc -c -g -O2  conftest.c >&5
configure:15232: $? = 0
configure:15232: i686-w64-mingw32-gcc -c -g -O2  conftest.c >&5
conftest.c: In function 'main':
conftest.c:69:21: error: expected expression before ')' token
configure:15232: $? = 1
configure: failed program was:
| /* confdefs.h */
| #define PACKAGE_NAME "libbeidcommon"
| #define PACKAGE_TARNAME "libbeidcommon"
| #define PACKAGE_VERSION "0.0.1"
| #define PACKAGE_STRING "libbeidcommon 0.0.1"
| #define PACKAGE_BUGREPORT "servicedesk@fedict.be"
| #define PACKAGE_URL ""
| #define STDC_HEADERS 1
| #define HAVE_SYS_TYPES_H 1
| #define HAVE_SYS_STAT_H 1
| #define HAVE_STDLIB_H 1
| #define HAVE_STRING_H 1
| #define HAVE_MEMORY_H 1
| #define HAVE_STRINGS_H 1
| #define HAVE_INTTYPES_H 1
| #define HAVE_STDINT_H 1
| #define HAVE_UNISTD_H 1
| #define HAVE_DLFCN_H 1
| #define LT_OBJDIR ".libs/"
| #define PACKAGE "libbeidcommon"
| #define VERSION "0.0.1"
| #define HAVE_FCNTL_H 1
| #define HAVE_FLOAT_H 1
| #define HAVE_LIMITS_H 1
| #define HAVE_STDLIB_H 1
| #define HAVE_STRING_H 1
| #define HAVE_SYS_FILE_H 1
| #define HAVE_SYS_TIME_H 1
| #define HAVE_UNISTD_H 1
| #define HAVE__BOOL 1
| #define HAVE_STDBOOL_H 1
| /* end confdefs.h.  */
| #include <stdio.h>
| #ifdef HAVE_SYS_TYPES_H
| # include <sys/types.h>
| #endif
| #ifdef HAVE_SYS_STAT_H
| # include <sys/stat.h>
| #endif
| #ifdef STDC_HEADERS
| # include <stdlib.h>
| # include <stddef.h>
| #else
| # ifdef HAVE_STDLIB_H
| #  include <stdlib.h>
| # endif
| #endif
| #ifdef HAVE_STRING_H
| # if !defined STDC_HEADERS && defined HAVE_MEMORY_H
| #  include <memory.h>
| # endif
| # include <string.h>
| #endif
| #ifdef HAVE_STRINGS_H
| # include <strings.h>
| #endif
| #ifdef HAVE_INTTYPES_H
| # include <inttypes.h>
| #endif
| #ifdef HAVE_STDINT_H
| # include <stdint.h>
| #endif
| #ifdef HAVE_UNISTD_H
| # include <unistd.h>
| #endif
| int
| main ()
| {
| if (sizeof ((size_t)))
| 	    return 0;
|   ;
|   return 0;
| }
configure:15232: result: yes
configure:15252: checking for gethostbyname
configure:15252: i686-w64-mingw32-gcc -o conftest.exe -g -O2   conftest.c  >&5
/tmp/ccVHNRPZ.o: In function `main':
/home/frank/OLDTRUNK/eid-mw/common/conftest.c:67: undefined reference to `_gethostbyname'
collect2: ld returned 1 exit status
configure:15252: $? = 1
configure: failed program was:
| /* confdefs.h */
| #define PACKAGE_NAME "libbeidcommon"
| #define PACKAGE_TARNAME "libbeidcommon"
| #define PACKAGE_VERSION "0.0.1"
| #define PACKAGE_STRING "libbeidcommon 0.0.1"
| #define PACKAGE_BUGREPORT "servicedesk@fedict.be"
| #define PACKAGE_URL ""
| #define STDC_HEADERS 1
| #define HAVE_SYS_TYPES_H 1
| #define HAVE_SYS_STAT_H 1
| #define HAVE_STDLIB_H 1
| #define HAVE_STRING_H 1
| #define HAVE_MEMORY_H 1
| #define HAVE_STRINGS_H 1
| #define HAVE_INTTYPES_H 1
| #define HAVE_STDINT_H 1
| #define HAVE_UNISTD_H 1
| #define HAVE_DLFCN_H 1
| #define LT_OBJDIR ".libs/"
| #define PACKAGE "libbeidcommon"
| #define VERSION "0.0.1"
| #define HAVE_FCNTL_H 1
| #define HAVE_FLOAT_H 1
| #define HAVE_LIMITS_H 1
| #define HAVE_STDLIB_H 1
| #define HAVE_STRING_H 1
| #define HAVE_SYS_FILE_H 1
| #define HAVE_SYS_TIME_H 1
| #define HAVE_UNISTD_H 1
| #define HAVE__BOOL 1
| #define HAVE_STDBOOL_H 1
| /* end confdefs.h.  */
| /* Define gethostbyname to an innocuous variant, in case <limits.h> declares gethostbyname.
|    For example, HP-UX 11i <limits.h> declares gettimeofday.  */
| #define gethostbyname innocuous_gethostbyname
| 
| /* System header to define __stub macros and hopefully few prototypes,
|     which can conflict with char gethostbyname (); below.
|     Prefer <limits.h> to <assert.h> if __STDC__ is defined, since
|     <limits.h> exists even on freestanding compilers.  */
| 
| #ifdef __STDC__
| # include <limits.h>
| #else
| # include <assert.h>
| #endif
| 
| #undef gethostbyname
| 
| /* Override any GCC internal prototype to avoid an error.
|    Use char because int might match the return type of a GCC
|    builtin and then its argument prototype would still apply.  */
| #ifdef __cplusplus
| extern "C"
| #endif
| char gethostbyname ();
| /* The GNU C library defines this for functions which it implements
|     to always fail with ENOSYS.  Some functions are actually named
|     something starting with __ and the normal name is an alias.  */
| #if defined __stub_gethostbyname || defined __stub___gethostbyname
| choke me
| #endif
| 
| int
| main ()
| {
| return gethostbyname ();
|   ;
|   return 0;
| }
configure:15252: result: no
configure:15252: checking for memset
configure:15252: i686-w64-mingw32-gcc -o conftest.exe -g -O2   conftest.c  >&5
conftest.c:56:6: warning: conflicting types for built-in function 'memset' [enabled by default]
configure:15252: $? = 0
configure:15252: result: yes
configure:15252: checking for mkdir
configure:15252: i686-w64-mingw32-gcc -o conftest.exe -g -O2   conftest.c  >&5
configure:15252: $? = 0
configure:15252: result: yes
configure:15252: checking for socket
configure:15252: i686-w64-mingw32-gcc -o conftest.exe -g -O2   conftest.c  >&5
/tmp/ccrfnmIc.o: In function `main':
/home/frank/OLDTRUNK/eid-mw/common/conftest.c:69: undefined reference to `_socket'
collect2: ld returned 1 exit status
configure:15252: $? = 1
configure: failed program was:
| /* confdefs.h */
| #define PACKAGE_NAME "libbeidcommon"
| #define PACKAGE_TARNAME "libbeidcommon"
| #define PACKAGE_VERSION "0.0.1"
| #define PACKAGE_STRING "libbeidcommon 0.0.1"
| #define PACKAGE_BUGREPORT "servicedesk@fedict.be"
| #define PACKAGE_URL ""
| #define STDC_HEADERS 1
| #define HAVE_SYS_TYPES_H 1
| #define HAVE_SYS_STAT_H 1
| #define HAVE_STDLIB_H 1
| #define HAVE_STRING_H 1
| #define HAVE_MEMORY_H 1
| #define HAVE_STRINGS_H 1
| #define HAVE_INTTYPES_H 1
| #define HAVE_STDINT_H 1
| #define HAVE_UNISTD_H 1
| #define HAVE_DLFCN_H 1
| #define LT_OBJDIR ".libs/"
| #define PACKAGE "libbeidcommon"
| #define VERSION "0.0.1"
| #define HAVE_FCNTL_H 1
| #define HAVE_FLOAT_H 1
| #define HAVE_LIMITS_H 1
| #define HAVE_STDLIB_H 1
| #define HAVE_STRING_H 1
| #define HAVE_SYS_FILE_H 1
| #define HAVE_SYS_TIME_H 1
| #define HAVE_UNISTD_H 1
| #define HAVE__BOOL 1
| #define HAVE_STDBOOL_H 1
| #define HAVE_MEMSET 1
| #define HAVE_MKDIR 1
| /* end confdefs.h.  */
| /* Define socket to an innocuous variant, in case <limits.h> declares socket.
|    For example, HP-UX 11i <limits.h> declares gettimeofday.  */
| #define socket innocuous_socket
| 
| /* System header to define __stub macros and hopefully few prototypes,
|     which can conflict with char socket (); below.
|     Prefer <limits.h> to <assert.h> if __STDC__ is defined, since
|     <limits.h> exists even on freestanding compilers.  */
| 
| #ifdef __STDC__
| # include <limits.h>
| #else
| # include <assert.h>
| #endif
| 
| #undef socket
| 
| /* Override any GCC internal prototype to avoid an error.
|    Use char because int might match the return type of a GCC
|    builtin and then its argument prototype would still apply.  */
| #ifdef __cplusplus
| extern "C"
| #endif
| char socket ();
| /* The GNU C library defines this for functions which it implements
|     to always fail with ENOSYS.  Some functions are actually named
|     something starting with __ and the normal name is an alias.  */
| #if defined __stub_socket || defined __stub___socket
| choke me
| #endif
| 
| int
| main ()
| {
| return socket ();
|   ;
|   return 0;
| }
configure:15252: result: no
configure:15252: checking for strcasecmp
configure:15252: i686-w64-mingw32-gcc -o conftest.exe -g -O2   conftest.c  >&5
conftest.c:58:6: warning: conflicting types for built-in function 'strcasecmp' [enabled by default]
configure:15252: $? = 0
configure:15252: result: yes
configure:15252: checking for strerror
configure:15252: i686-w64-mingw32-gcc -o conftest.exe -g -O2   conftest.c  >&5
configure:15252: $? = 0
configure:15252: result: yes
configure:15252: checking for vasprintf
configure:15252: i686-w64-mingw32-gcc -o conftest.exe -g -O2   conftest.c  >&5
/tmp/ccp72yqo.o: In function `main':
/home/frank/OLDTRUNK/eid-mw/common/conftest.c:71: undefined reference to `_vasprintf'
collect2: ld returned 1 exit status
configure:15252: $? = 1
configure: failed program was:
| /* confdefs.h */
| #define PACKAGE_NAME "libbeidcommon"
| #define PACKAGE_TARNAME "libbeidcommon"
| #define PACKAGE_VERSION "0.0.1"
| #define PACKAGE_STRING "libbeidcommon 0.0.1"
| #define PACKAGE_BUGREPORT "servicedesk@fedict.be"
| #define PACKAGE_URL ""
| #define STDC_HEADERS 1
| #define HAVE_SYS_TYPES_H 1
| #define HAVE_SYS_STAT_H 1
| #define HAVE_STDLIB_H 1
| #define HAVE_STRING_H 1
| #define HAVE_MEMORY_H 1
| #define HAVE_STRINGS_H 1
| #define HAVE_INTTYPES_H 1
| #define HAVE_STDINT_H 1
| #define HAVE_UNISTD_H 1
| #define HAVE_DLFCN_H 1
| #define LT_OBJDIR ".libs/"
| #define PACKAGE "libbeidcommon"
| #define VERSION "0.0.1"
| #define HAVE_FCNTL_H 1
| #define HAVE_FLOAT_H 1
| #define HAVE_LIMITS_H 1
| #define HAVE_STDLIB_H 1
| #define HAVE_STRING_H 1
| #define HAVE_SYS_FILE_H 1
| #define HAVE_SYS_TIME_H 1
| #define HAVE_UNISTD_H 1
| #define HAVE__BOOL 1
| #define HAVE_STDBOOL_H 1
| #define HAVE_MEMSET 1
| #define HAVE_MKDIR 1
| #define HAVE_STRCASECMP 1
| #define HAVE_STRERROR 1
| /* end confdefs.h.  */
| /* Define vasprintf to an innocuous variant, in case <limits.h> declares vasprintf.
|    For example, HP-UX 11i <limits.h> declares gettimeofday.  */
| #define vasprintf innocuous_vasprintf
| 
| /* System header to define __stub macros and hopefully few prototypes,
|     which can conflict with char vasprintf (); below.
|     Prefer <limits.h> to <assert.h> if __STDC__ is defined, since
|     <limits.h> exists even on freestanding compilers.  */
| 
| #ifdef __STDC__
| # include <limits.h>
| #else
| # include <assert.h>
| #endif
| 
| #undef vasprintf
| 
| /* Override any GCC internal prototype to avoid an error.
|    Use char because int might match the return type of a GCC
|    builtin and then its argument prototype would still apply.  */
| #ifdef __cplusplus
| extern "C"
| #endif
| char vasprintf ();
| /* The GNU C library defines this for functions which it implements
|     to always fail with ENOSYS.  Some functions are actually named
|     something starting with __ and the normal name is an alias.  */
| #if defined __stub_vasprintf || defined __stub___vasprintf
| choke me
| #endif
| 
| int
| main ()
| {
| return vasprintf ();
|   ;
|   return 0;
| }
configure:15252: result: no
configure:15252: checking for strcpy_s
configure:15252: i686-w64-mingw32-gcc -o conftest.exe -g -O2   conftest.c  >&5
/tmp/ccZ9csNr.o: In function `main':
/home/frank/OLDTRUNK/eid-mw/common/conftest.c:71: undefined reference to `_strcpy_s'
collect2: ld returned 1 exit status
configure:15252: $? = 1
configure: failed program was:
| /* confdefs.h */
| #define PACKAGE_NAME "libbeidcommon"
| #define PACKAGE_TARNAME "libbeidcommon"
| #define PACKAGE_VERSION "0.0.1"
| #define PACKAGE_STRING "libbeidcommon 0.0.1"
| #define PACKAGE_BUGREPORT "servicedesk@fedict.be"
| #define PACKAGE_URL ""
| #define STDC_HEADERS 1
| #define HAVE_SYS_TYPES_H 1
| #define HAVE_SYS_STAT_H 1
| #define HAVE_STDLIB_H 1
| #define HAVE_STRING_H 1
| #define HAVE_MEMORY_H 1
| #define HAVE_STRINGS_H 1
| #define HAVE_INTTYPES_H 1
| #define HAVE_STDINT_H 1
| #define HAVE_UNISTD_H 1
| #define HAVE_DLFCN_H 1
| #define LT_OBJDIR ".libs/"
| #define PACKAGE "libbeidcommon"
| #define VERSION "0.0.1"
| #define HAVE_FCNTL_H 1
| #define HAVE_FLOAT_H 1
| #define HAVE_LIMITS_H 1
| #define HAVE_STDLIB_H 1
| #define HAVE_STRING_H 1
| #define HAVE_SYS_FILE_H 1
| #define HAVE_SYS_TIME_H 1
| #define HAVE_UNISTD_H 1
| #define HAVE__BOOL 1
| #define HAVE_STDBOOL_H 1
| #define HAVE_MEMSET 1
| #define HAVE_MKDIR 1
| #define HAVE_STRCASECMP 1
| #define HAVE_STRERROR 1
| /* end confdefs.h.  */
| /* Define strcpy_s to an innocuous variant, in case <limits.h> declares strcpy_s.
|    For example, HP-UX 11i <limits.h> declares gettimeofday.  */
| #define strcpy_s innocuous_strcpy_s
| 
| /* System header to define __stub macros and hopefully few prototypes,
|     which can conflict with char strcpy_s (); below.
|     Prefer <limits.h> to <assert.h> if __STDC__ is defined, since
|     <limits.h> exists even on freestanding compilers.  */
| 
| #ifdef __STDC__
| # include <limits.h>
| #else
| # include <assert.h>
| #endif
| 
| #undef strcpy_s
| 
| /* Override any GCC internal prototype to avoid an error.
|    Use char because int might match the return type of a GCC
|    builtin and then its argument prototype would still apply.  */
| #ifdef __cplusplus
| extern "C"
| #endif
| char strcpy_s ();
| /* The GNU C library defines this for functions which it implements
|     to always fail with ENOSYS.  Some functions are actually named
|     something starting with __ and the normal name is an alias.  */
| #if defined __stub_strcpy_s || defined __stub___strcpy_s
| choke me
| #endif
| 
| int
| main ()
| {
| return strcpy_s ();
|   ;
|   return 0;
| }
configure:15252: result: no
configure:15252: checking for wcscpy_s
configure:15252: i686-w64-mingw32-gcc -o conftest.exe -g -O2   conftest.c  >&5
/tmp/ccbE8AYs.o: In function `main':
/home/frank/OLDTRUNK/eid-mw/common/conftest.c:71: undefined reference to `_wcscpy_s'
collect2: ld returned 1 exit status
configure:15252: $? = 1
configure: failed program was:
| /* confdefs.h */
| #define PACKAGE_NAME "libbeidcommon"
| #define PACKAGE_TARNAME "libbeidcommon"
| #define PACKAGE_VERSION "0.0.1"
| #define PACKAGE_STRING "libbeidcommon 0.0.1"
| #define PACKAGE_BUGREPORT "servicedesk@fedict.be"
| #define PACKAGE_URL ""
| #define STDC_HEADERS 1
| #define HAVE_SYS_TYPES_H 1
| #define HAVE_SYS_STAT_H 1
| #define HAVE_STDLIB_H 1
| #define HAVE_STRING_H 1
| #define HAVE_MEMORY_H 1
| #define HAVE_STRINGS_H 1
| #define HAVE_INTTYPES_H 1
| #define HAVE_STDINT_H 1
| #define HAVE_UNISTD_H 1
| #define HAVE_DLFCN_H 1
| #define LT_OBJDIR ".libs/"
| #define PACKAGE "libbeidcommon"
| #define VERSION "0.0.1"
| #define HAVE_FCNTL_H 1
| #define HAVE_FLOAT_H 1
| #define HAVE_LIMITS_H 1
| #define HAVE_STDLIB_H 1
| #define HAVE_STRING_H 1
| #define HAVE_SYS_FILE_H 1
| #define HAVE_SYS_TIME_H 1
| #define HAVE_UNISTD_H 1
| #define HAVE__BOOL 1
| #define HAVE_STDBOOL_H 1
| #define HAVE_MEMSET 1
| #define HAVE_MKDIR 1
| #define HAVE_STRCASECMP 1
| #define HAVE_STRERROR 1
| /* end confdefs.h.  */
| /* Define wcscpy_s to an innocuous variant, in case <limits.h> declares wcscpy_s.
|    For example, HP-UX 11i <limits.h> declares gettimeofday.  */
| #define wcscpy_s innocuous_wcscpy_s
| 
| /* System header to define __stub macros and hopefully few prototypes,
|     which can conflict with char wcscpy_s (); below.
|     Prefer <limits.h> to <assert.h> if __STDC__ is defined, since
|     <limits.h> exists even on freestanding compilers.  */
| 
| #ifdef __STDC__
| # include <limits.h>
| #else
| # include <assert.h>
| #endif
| 
| #undef wcscpy_s
| 
| /* Override any GCC internal prototype to avoid an error.
|    Use char because int might match the return type of a GCC
|    builtin and then its argument prototype would still apply.  */
| #ifdef __cplusplus
| extern "C"
| #endif
| char wcscpy_s ();
| /* The GNU C library defines this for functions which it implements
|     to always fail with ENOSYS.  Some functions are actually named
|     something starting with __ and the normal name is an alias.  */
| #if defined __stub_wcscpy_s || defined __stub___wcscpy_s
| choke me
| #endif
| 
| int
| main ()
| {
| return wcscpy_s ();
|   ;
|   return 0;
| }
configure:15252: result: no
configure:15263: **** configured for i686-w64-mingw32 ****
configure:15403: creating ./config.status

## ---------------- ##
## Cache variables. ##
## ---------------- ##

ac_cv_build=x86_64-unknown-linux-gnu
ac_cv_c_compiler_gnu=yes
ac_cv_c_inline=inline
ac_cv_cxx_compiler_gnu=yes
ac_cv_env_CCC_set=
ac_cv_env_CCC_value=
ac_cv_env_CC_set=
ac_cv_env_CC_value=
ac_cv_env_CFLAGS_set=
ac_cv_env_CFLAGS_value=
ac_cv_env_CPPFLAGS_set=
ac_cv_env_CPPFLAGS_value=
ac_cv_env_CPP_set=
ac_cv_env_CPP_value=
ac_cv_env_CXXCPP_set=
ac_cv_env_CXXCPP_value=
ac_cv_env_CXXFLAGS_set=
ac_cv_env_CXXFLAGS_value=
ac_cv_env_CXX_set=
ac_cv_env_CXX_value=
ac_cv_env_LDFLAGS_set=
ac_cv_env_LDFLAGS_value=
ac_cv_env_LIBS_set=
ac_cv_env_LIBS_value=
ac_cv_env_build_alias_set=
ac_cv_env_build_alias_value=
ac_cv_env_host_alias_set=set
ac_cv_env_host_alias_value=i686-w64-mingw32
ac_cv_env_target_alias_set=
ac_cv_env_target_alias_value=
ac_cv_exeext=.exe
ac_cv_func_gethostbyname=no
ac_cv_func_memset=yes
ac_cv_func_mkdir=yes
ac_cv_func_socket=no
ac_cv_func_strcasecmp=yes
ac_cv_func_strcpy_s=no
ac_cv_func_strerror=yes
ac_cv_func_vasprintf=no
ac_cv_func_wcscpy_s=no
ac_cv_header_dlfcn_h=yes
ac_cv_header_fcntl_h=yes
ac_cv_header_float_h=yes
ac_cv_header_inttypes_h=yes
ac_cv_header_limits_h=yes
ac_cv_header_memory_h=yes
ac_cv_header_netinet_in_h=no
ac_cv_header_stdbool_h=yes
ac_cv_header_stdc=yes
ac_cv_header_stdint_h=yes
ac_cv_header_stdlib_h=yes
ac_cv_header_string_h=yes
ac_cv_header_strings_h=yes
ac_cv_header_sys_file_h=yes
ac_cv_header_sys_ioctl_h=no
ac_cv_header_sys_stat_h=yes
ac_cv_header_sys_time_h=yes
ac_cv_header_sys_types_h=yes
ac_cv_header_unistd_h=yes
ac_cv_host=i686-w64-mingw32
ac_cv_objext=o
ac_cv_path_EGREP='/bin/grep -E'
ac_cv_path_FGREP='/bin/grep -F'
ac_cv_path_GREP=/bin/grep
ac_cv_path_SED=/bin/sed
ac_cv_path_install='/bin/install -c'
ac_cv_path_mkdir=/bin/mkdir
ac_cv_prog_AR=i686-w64-mingw32-ar
ac_cv_prog_AS=i686-w64-mingw32-as
ac_cv_prog_AWK=gawk
ac_cv_prog_CC=i686-w64-mingw32-gcc
ac_cv_prog_CPP='i686-w64-mingw32-gcc -E'
ac_cv_prog_CXX=i686-w64-mingw32-g++
ac_cv_prog_CXXCPP='i686-w64-mingw32-g++ -E'
ac_cv_prog_DLLTOOL=i686-w64-mingw32-dlltool
ac_cv_prog_OBJDUMP=i686-w64-mingw32-objdump
ac_cv_prog_RANLIB=i686-w64-mingw32-ranlib
ac_cv_prog_STRIP=i686-w64-mingw32-strip
ac_cv_prog_cc_c89=
ac_cv_prog_cc_g=yes
ac_cv_prog_cxx_g=yes
ac_cv_prog_make_make_set=yes
ac_cv_type__Bool=yes
ac_cv_type_pid_t=yes
ac_cv_type_size_t=yes
am_cv_CC_dependencies_compiler_type=gcc3
am_cv_CXX_dependencies_compiler_type=gcc3
lt_cv_archive_cmds_need_lc=yes
lt_cv_deplibs_check_method='file_magic ^x86 archive import|^x86 DLL'
lt_cv_file_magic_cmd=func_win32_libid
lt_cv_file_magic_test_file=
lt_cv_ld_reload_flag=-r
lt_cv_nm_interface='BSD nm'
lt_cv_objdir=.libs
lt_cv_path_LD=/home/frank/w32/i686-w64-mingw32/bin/ld
lt_cv_path_LDCXX=/home/frank/w32/i686-w64-mingw32/bin/ld
lt_cv_path_NM='/home/frank/w32/bin/i686-w64-mingw32-nm -B'
lt_cv_prog_compiler_c_o=yes
lt_cv_prog_compiler_c_o_CXX=yes
lt_cv_prog_compiler_pic_works=yes
lt_cv_prog_compiler_pic_works_CXX=yes
lt_cv_prog_compiler_rtti_exceptions=no
lt_cv_prog_compiler_static_works=yes
lt_cv_prog_compiler_static_works_CXX=yes
lt_cv_prog_gnu_ld=yes
lt_cv_prog_gnu_ldcxx=yes
lt_cv_sys_global_symbol_pipe='sed -n -e '\''s/^.*[	 ]\([ABCDGIRSTW][ABCDGIRSTW]*\)[	 ][	 ]*_\([_A-Za-z][_A-Za-z0-9]*\)$/\1 _\2 \2/p'\'''
lt_cv_sys_global_symbol_to_c_name_address='sed -n -e '\''s/^: \([^ ]*\) $/  {\"\1\", (void *) 0},/p'\'' -e '\''s/^[ABCDGIRSTW]* \([^ ]*\) \([^ ]*\)$/  {"\2", (void *) \&\2},/p'\'''
lt_cv_sys_global_symbol_to_c_name_address_lib_prefix='sed -n -e '\''s/^: \([^ ]*\) $/  {\"\1\", (void *) 0},/p'\'' -e '\''s/^[ABCDGIRSTW]* \([^ ]*\) \(lib[^ ]*\)$/  {"\2", (void *) \&\2},/p'\'' -e '\''s/^[ABCDGIRSTW]* \([^ ]*\) \([^ ]*\)$/  {"lib\2", (void *) \&\2},/p'\'''
lt_cv_sys_global_symbol_to_cdecl='sed -n -e '\''s/^T .* \(.*\)$/extern int \1();/p'\'' -e '\''s/^[ABCDGIRSTW]* .* \(.*\)$/extern char \1;/p'\'''
lt_cv_sys_max_cmd_len=3458764513820540925

## ----------------- ##
## Output variables. ##
## ----------------- ##

ACLOCAL='${SHELL} /home/frank/OLDTRUNK/eid-mw/common/build-aux/missing --run aclocal-1.11'
AMDEPBACKSLASH='\'
AMDEP_FALSE='#'
AMDEP_TRUE=''
AMTAR='${SHELL} /home/frank/OLDTRUNK/eid-mw/common/build-aux/missing --run tar'
AR='i686-w64-mingw32-ar'
AS='i686-w64-mingw32-as'
AUTOCONF='${SHELL} /home/frank/OLDTRUNK/eid-mw/common/build-aux/missing --run autoconf'
AUTOHEADER='${SHELL} /home/frank/OLDTRUNK/eid-mw/common/build-aux/missing --run autoheader'
AUTOMAKE='${SHELL} /home/frank/OLDTRUNK/eid-mw/common/build-aux/missing --run automake-1.11'
AWK='gawk'
CC='i686-w64-mingw32-gcc'
CCDEPMODE='depmode=gcc3'
CFLAGS='-g -O2'
CPP='i686-w64-mingw32-gcc -E'
CPPFLAGS=''
CXX='i686-w64-mingw32-g++'
CXXCPP='i686-w64-mingw32-g++ -E'
CXXDEPMODE='depmode=gcc3'
CXXFLAGS='-g -O2'
CYGPATH_W='echo'
DEFS='-DHAVE_CONFIG_H'
DEPDIR='.deps'
DLLTOOL='i686-w64-mingw32-dlltool'
DSYMUTIL=''
DUMPBIN=''
ECHO_C=''
ECHO_N='-n'
ECHO_T=''
EGREP='/bin/grep -E'
EXEEXT='.exe'
FGREP='/bin/grep -F'
GREP='/bin/grep'
INSTALL_DATA='${INSTALL} -m 644'
INSTALL_PROGRAM='${INSTALL}'
INSTALL_SCRIPT='${INSTALL}'
INSTALL_STRIP_PROGRAM='$(install_sh) -c -s'
LD='/home/frank/w32/i686-w64-mingw32/bin/ld'
LDFLAGS=''
LIBOBJS=''
LIBS=''
LIBTOOL='$(SHELL) $(top_builddir)/libtool'
LINUX_FALSE=''
LINUX_TRUE='#'
LIPO=''
LN_S='ln -s'
LTLIBOBJS=''
MAKEINFO='${SHELL} /home/frank/OLDTRUNK/eid-mw/common/build-aux/missing --run makeinfo'
MKDIR_P='/bin/mkdir -p'
NM='/home/frank/w32/bin/i686-w64-mingw32-nm -B'
NMEDIT=''
OBJDUMP='i686-w64-mingw32-objdump'
OBJEXT='o'
OSX_FALSE=''
OSX_TRUE='#'
OTOOL64=''
OTOOL=''
PACKAGE='libbeidcommon'
PACKAGE_BUGREPORT='servicedesk@fedict.be'
PACKAGE_NAME='libbeidcommon'
PACKAGE_STRING='libbeidcommon 0.0.1'
PACKAGE_TARNAME='libbeidcommon'
PACKAGE_URL=''
PACKAGE_VERSION='0.0.1'
PATH_SEPARATOR=':'
RANLIB='i686-w64-mingw32-ranlib'
SED='/bin/sed'
SET_MAKE=''
SHELL='/bin/sh'
STRIP='i686-w64-mingw32-strip'
VERSION='0.0.1'
WIN32_FALSE='#'
WIN32_TRUE=''
ac_ct_CC=''
ac_ct_CXX=''
ac_ct_DUMPBIN=''
am__EXEEXT_FALSE='#'
am__EXEEXT_TRUE=''
am__fastdepCC_FALSE='#'
am__fastdepCC_TRUE=''
am__fastdepCXX_FALSE='#'
am__fastdepCXX_TRUE=''
am__include='include'
am__isrc=''
am__leading_dot='.'
am__quote=''
am__tar='${AMTAR} chof - "$$tardir"'
am__untar='${AMTAR} xf -'
bindir='${exec_prefix}/bin'
build='x86_64-unknown-linux-gnu'
build_alias=''
build_cpu='x86_64'
build_os='linux-gnu'
build_vendor='unknown'
datadir='${datarootdir}'
datarootdir='${prefix}/share'
docdir='${datarootdir}/doc/${PACKAGE_TARNAME}'
dvidir='${docdir}'
exec_prefix='${prefix}'
host='i686-w64-mingw32'
host_alias='i686-w64-mingw32'
host_cpu='i686'
host_os='mingw32'
host_vendor='w64'
htmldir='${docdir}'
includedir='${prefix}/include'
infodir='${datarootdir}/info'
install_sh='${SHELL} /home/frank/OLDTRUNK/eid-mw/common/build-aux/install-sh'
libdir='${exec_prefix}/lib'
libexecdir='${exec_prefix}/libexec'
localedir='${datarootdir}/locale'
localstatedir='${prefix}/var'
mandir='${datarootdir}/man'
mkdir_p='/bin/mkdir -p'
oldincludedir='/usr/include'
pdfdir='${docdir}'
prefix=''
program_transform_name='s,x,x,'
psdir='${docdir}'
sbindir='${exec_prefix}/sbin'
sharedstatedir='${prefix}/com'
sysconfdir='${prefix}/etc'
target_alias=''

## ----------- ##
## confdefs.h. ##
## ----------- ##

/* confdefs.h */
#define PACKAGE_NAME "libbeidcommon"
#define PACKAGE_TARNAME "libbeidcommon"
#define PACKAGE_VERSION "0.0.1"
#define PACKAGE_STRING "libbeidcommon 0.0.1"
#define PACKAGE_BUGREPORT "servicedesk@fedict.be"
#define PACKAGE_URL ""
#define STDC_HEADERS 1
#define HAVE_SYS_TYPES_H 1
#define HAVE_SYS_STAT_H 1
#define HAVE_STDLIB_H 1
#define HAVE_STRING_H 1
#define HAVE_MEMORY_H 1
#define HAVE_STRINGS_H 1
#define HAVE_INTTYPES_H 1
#define HAVE_STDINT_H 1
#define HAVE_UNISTD_H 1
#define HAVE_DLFCN_H 1
#define LT_OBJDIR ".libs/"
#define PACKAGE "libbeidcommon"
#define VERSION "0.0.1"
#define HAVE_FCNTL_H 1
#define HAVE_FLOAT_H 1
#define HAVE_LIMITS_H 1
#define HAVE_STDLIB_H 1
#define HAVE_STRING_H 1
#define HAVE_SYS_FILE_H 1
#define HAVE_SYS_TIME_H 1
#define HAVE_UNISTD_H 1
#define HAVE__BOOL 1
#define HAVE_STDBOOL_H 1
#define HAVE_MEMSET 1
#define HAVE_MKDIR 1
#define HAVE_STRCASECMP 1
#define HAVE_STRERROR 1

configure: exit 0

## ---------------------- ##
## Running config.status. ##
## ---------------------- ##

This file was extended by libbeidcommon config.status 0.0.1, which was
generated by GNU Autoconf 2.65.  Invocation command line was

  CONFIG_FILES    = 
  CONFIG_HEADERS  = 
  CONFIG_LINKS    = 
  CONFIG_COMMANDS = 
  $ ./config.status 

on eridu

config.status:1172: creating Makefile
config.status:1172: creating config.h
config.status:1344: config.h is unchanged
config.status:1392: executing libtool commands
config.status:1392: executing depfiles commands
