This file contains any messages produced by compilers while
running configure, to aid debugging if configure makes a mistake.

It was created by edt configure 3.5.3, which was
generated by GNU Autoconf 2.66.  Invocation command line was

  $ ./configure 

## --------- ##
## Platform. ##
## --------- ##

hostname = eridu
uname -m = x86_64
uname -r = 2.6.34-ARCH
uname -s = Linux
uname -v = #1 SMP PREEMPT Mon Jul 5 22:12:11 CEST 2010

/usr/bin/uname -p = unknown
/bin/uname -X     = unknown

/bin/arch              = x86_64
/usr/bin/arch -k       = unknown
/usr/convex/getsysinfo = unknown
/usr/bin/hostinfo      = unknown
/bin/machine           = unknown
/usr/bin/oslevel       = unknown
/bin/universe          = unknown

PATH: /home/frank/w32/bin
PATH: /home/frank/w64/bin
PATH: /home/frank/bin
PATH: /bin
PATH: /usr/bin
PATH: /sbin
PATH: /usr/sbin
PATH: /opt/java/bin
PATH: /opt/java/jre/bin
PATH: /opt/maven/bin
PATH: /usr/bin/perlbin/site
PATH: /usr/bin/perlbin/vendor
PATH: /usr/bin/perlbin/core
PATH: /opt/qt/bin


## ----------- ##
## Core tests. ##
## ----------- ##

configure:2392: checking build system type
configure:2406: result: x86_64-unknown-linux-gnu
configure:2426: checking host system type
configure:2439: result: x86_64-unknown-linux-gnu
configure:2505: checking how to print strings
configure:2532: result: printf
configure:2601: checking for gcc
configure:2617: found /usr/bin/gcc
configure:2628: result: gcc
configure:2857: checking for C compiler version
configure:2866: gcc --version >&5
gcc (GCC) 4.5.0 20100610 (prerelease)
Copyright (C) 2010 Free Software Foundation, Inc.
This is free software; see the source for copying conditions.  There is NO
warranty; not even for MERCHANTABILITY or FITNESS FOR A PARTICULAR PURPOSE.

configure:2877: $? = 0
configure:2866: gcc -v >&5
Using built-in specs.
COLLECT_GCC=gcc
COLLECT_LTO_WRAPPER=/usr/lib/gcc/x86_64-unknown-linux-gnu/4.5.0/lto-wrapper
Target: x86_64-unknown-linux-gnu
Configured with: ../configure --prefix=/usr --enable-languages=c,c++,fortran,objc,obj-c++,ada --enable-shared --enable-threads=posix --enable-__cxa_atexit --enable-clocale=gnu --enable-gnu-unique-object --enable-lto --enable-plugin --disable-multilib --disable-libstdcxx-pch --with-system-zlib --with-ppl --with-cloog --libdir=/usr/lib --libexecdir=/usr/lib --mandir=/usr/share/man --infodir=/usr/share/info
Thread model: posix
gcc version 4.5.0 20100610 (prerelease) (GCC) 
configure:2877: $? = 0
configure:2866: gcc -V >&5
gcc: '-V' option must have argument
configure:2877: $? = 1
configure:2866: gcc -qversion >&5
gcc: unrecognized option '-qversion'
gcc: no input files
configure:2877: $? = 1
configure:2897: checking whether the C compiler works
configure:2919: gcc    conftest.c  >&5
configure:2923: $? = 0
configure:2971: result: yes
configure:2974: checking for C compiler default output file name
configure:2976: result: a.out
configure:2982: checking for suffix of executables
configure:2989: gcc -o conftest    conftest.c  >&5
configure:2993: $? = 0
configure:3015: result: 
configure:3037: checking whether we are cross compiling
configure:3045: gcc -o conftest    conftest.c  >&5
configure:3049: $? = 0
configure:3056: ./conftest
configure:3060: $? = 0
configure:3075: result: no
configure:3080: checking for suffix of object files
configure:3102: gcc -c   conftest.c >&5
configure:3106: $? = 0
configure:3127: result: o
configure:3131: checking whether we are using the GNU C compiler
configure:3150: gcc -c   conftest.c >&5
configure:3150: $? = 0
configure:3159: result: yes
configure:3168: checking whether gcc accepts -g
configure:3188: gcc -c -g  conftest.c >&5
configure:3188: $? = 0
configure:3229: result: yes
configure:3246: checking for gcc option to accept ISO C89
configure:3310: gcc  -c -g -O2  conftest.c >&5
configure:3310: $? = 0
configure:3323: result: none needed
configure:3343: checking for a sed that does not truncate output
configure:3407: result: /bin/sed
configure:3425: checking for grep that handles long lines and -e
configure:3483: result: /bin/grep
configure:3488: checking for egrep
configure:3550: result: /bin/grep -E
configure:3555: checking for fgrep
configure:3617: result: /bin/grep -F
configure:3652: checking for ld used by gcc
configure:3719: result: /usr/bin/ld
configure:3726: checking if the linker (/usr/bin/ld) is GNU ld
configure:3741: result: yes
configure:3753: checking for BSD- or MS-compatible name lister (nm)
configure:3802: result: /usr/bin/nm -B
configure:3932: checking the name lister (/usr/bin/nm -B) interface
configure:3939: gcc -c -g -O2  conftest.c >&5
configure:3942: /usr/bin/nm -B "conftest.o"
configure:3945: output
0000000000000000 B some_variable
configure:3952: result: BSD nm
configure:3955: checking whether ln -s works
configure:3959: result: yes
configure:3967: checking the maximum length of command line arguments
configure:4092: result: 1572864
configure:4109: checking whether the shell understands some XSI constructs
configure:4119: result: yes
configure:4123: checking whether the shell understands "+="
configure:4129: result: yes
configure:4164: checking for /usr/bin/ld option to reload object files
configure:4171: result: -r
configure:4240: checking for objdump
configure:4256: found /usr/bin/objdump
configure:4267: result: objdump
configure:4299: checking how to recognize dependent libraries
configure:4501: result: pass_all
configure:4561: checking for ar
configure:4577: found /usr/bin/ar
configure:4588: result: ar
configure:4666: checking for strip
configure:4682: found /usr/bin/strip
configure:4693: result: strip
configure:4765: checking for ranlib
configure:4781: found /usr/bin/ranlib
configure:4792: result: ranlib
configure:4869: checking for gawk
configure:4885: found /bin/gawk
configure:4896: result: gawk
configure:4936: checking command to parse /usr/bin/nm -B output from gcc object
configure:5054: gcc -c -g -O2  conftest.c >&5
configure:5057: $? = 0
configure:5061: /usr/bin/nm -B conftest.o \| sed -n -e 's/^.*[ ]\([ABCDGIRSTW][ABCDGIRSTW]*\)[ ][ ]*\([_A-Za-z][_A-Za-z0-9]*\)$/\1 \2 \2/p' \> conftest.nm
configure:5064: $? = 0
configure:5118: gcc -o conftest -g -O2   conftest.c conftstm.o >&5
configure:5121: $? = 0
configure:5159: result: ok
configure:5255: gcc -c -g -O2  conftest.c >&5
configure:5258: $? = 0
configure:6000: checking how to run the C preprocessor
configure:6031: gcc -E  conftest.c
configure:6031: $? = 0
configure:6045: gcc -E  conftest.c
conftest.c:9:28: fatal error: ac_nonexistent.h: No such file or directory
compilation terminated.
configure:6045: $? = 1
configure: failed program was:
| /* confdefs.h */
| #define PACKAGE_NAME "edt"
| #define PACKAGE_TARNAME "edt"
| #define PACKAGE_VERSION "3.5.3"
| #define PACKAGE_STRING "edt 3.5.3"
| #define PACKAGE_BUGREPORT "servicedesk@fedict.be"
| #define PACKAGE_URL ""
| /* end confdefs.h.  */
| #include <ac_nonexistent.h>
configure:6070: result: gcc -E
configure:6090: gcc -E  conftest.c
configure:6090: $? = 0
configure:6104: gcc -E  conftest.c
conftest.c:9:28: fatal error: ac_nonexistent.h: No such file or directory
compilation terminated.
configure:6104: $? = 1
configure: failed program was:
| /* confdefs.h */
| #define PACKAGE_NAME "edt"
| #define PACKAGE_TARNAME "edt"
| #define PACKAGE_VERSION "3.5.3"
| #define PACKAGE_STRING "edt 3.5.3"
| #define PACKAGE_BUGREPORT "servicedesk@fedict.be"
| #define PACKAGE_URL ""
| /* end confdefs.h.  */
| #include <ac_nonexistent.h>
configure:6133: checking for ANSI C header files
configure:6153: gcc -c -g -O2  conftest.c >&5
configure:6153: $? = 0
configure:6226: gcc -o conftest -g -O2   conftest.c  >&5
configure:6226: $? = 0
configure:6226: ./conftest
configure:6226: $? = 0
configure:6237: result: yes
configure:6250: checking for sys/types.h
configure:6250: gcc -c -g -O2  conftest.c >&5
configure:6250: $? = 0
configure:6250: result: yes
configure:6250: checking for sys/stat.h
configure:6250: gcc -c -g -O2  conftest.c >&5
configure:6250: $? = 0
configure:6250: result: yes
configure:6250: checking for stdlib.h
configure:6250: gcc -c -g -O2  conftest.c >&5
configure:6250: $? = 0
configure:6250: result: yes
configure:6250: checking for string.h
configure:6250: gcc -c -g -O2  conftest.c >&5
configure:6250: $? = 0
configure:6250: result: yes
configure:6250: checking for memory.h
configure:6250: gcc -c -g -O2  conftest.c >&5
configure:6250: $? = 0
configure:6250: result: yes
configure:6250: checking for strings.h
configure:6250: gcc -c -g -O2  conftest.c >&5
configure:6250: $? = 0
configure:6250: result: yes
configure:6250: checking for inttypes.h
configure:6250: gcc -c -g -O2  conftest.c >&5
configure:6250: $? = 0
configure:6250: result: yes
configure:6250: checking for stdint.h
configure:6250: gcc -c -g -O2  conftest.c >&5
configure:6250: $? = 0
configure:6250: result: yes
configure:6250: checking for unistd.h
configure:6250: gcc -c -g -O2  conftest.c >&5
configure:6250: $? = 0
configure:6250: result: yes
configure:6264: checking for dlfcn.h
configure:6264: gcc -c -g -O2  conftest.c >&5
configure:6264: $? = 0
configure:6264: result: yes
configure:6451: checking for objdir
configure:6466: result: .libs
configure:6737: checking if gcc supports -fno-rtti -fno-exceptions
configure:6755: gcc -c -g -O2  -fno-rtti -fno-exceptions conftest.c >&5
cc1: warning: command line option "-fno-rtti" is valid for C++/ObjC++ but not for C
configure:6759: $? = 0
configure:6772: result: no
configure:6792: checking for gcc option to produce PIC
configure:7077: result: -fPIC -DPIC
configure:7089: checking if gcc PIC flag -fPIC -DPIC works
configure:7107: gcc -c -g -O2  -fPIC -DPIC -DPIC conftest.c >&5
configure:7111: $? = 0
configure:7124: result: yes
configure:7148: checking if gcc static flag -static works
configure:7176: result: yes
configure:7191: checking if gcc supports -c -o file.o
configure:7212: gcc -c -g -O2  -o out/conftest2.o conftest.c >&5
configure:7216: $? = 0
configure:7238: result: yes
configure:7246: checking if gcc supports -c -o file.o
configure:7293: result: yes
configure:7326: checking whether the gcc linker (/usr/bin/ld -m elf_x86_64) supports shared libraries
configure:8401: result: yes
configure:8438: checking whether -lc should be explicitly linked in
configure:8446: gcc -c -g -O2  conftest.c >&5
configure:8449: $? = 0
configure:8464: gcc -shared conftest.o  -v -Wl,-soname -Wl,conftest -o conftest 2\>\&1 \| /bin/grep  -lc  \>/dev/null 2\>\&1
configure:8467: $? = 0
configure:8481: result: no
configure:8646: checking dynamic linker characteristics
configure:9101: gcc -o conftest -g -O2   -Wl,-rpath -Wl,/foo conftest.c  >&5
configure:9101: $? = 0
configure:9323: result: GNU/Linux ld.so
configure:9430: checking how to hardcode library paths into programs
configure:9455: result: immediate
configure:9995: checking whether stripping libraries is possible
configure:10000: result: yes
configure:10035: checking if libtool supports shared libraries
configure:10037: result: yes
configure:10040: checking whether to build shared libraries
configure:10061: result: yes
configure:10064: checking whether to build static libraries
configure:10068: result: yes
configure:10120: checking for a BSD-compatible install
configure:10188: result: /bin/install -c
configure:10199: checking whether build environment is sane
configure:10249: result: yes
configure:10390: checking for a thread-safe mkdir -p
configure:10429: result: /bin/mkdir -p
configure:10438: checking whether make sets $(MAKE)
configure:10460: result: yes
configure:10490: checking for style of include used by make
configure:10518: result: GNU
configure:10603: checking dependency style of gcc
configure:10713: result: none
configure:10789: checking for g++
configure:10805: found /usr/bin/g++
configure:10816: result: g++
configure:10843: checking for C++ compiler version
configure:10852: g++ --version >&5
g++ (GCC) 4.5.0 20100610 (prerelease)
Copyright (C) 2010 Free Software Foundation, Inc.
This is free software; see the source for copying conditions.  There is NO
warranty; not even for MERCHANTABILITY or FITNESS FOR A PARTICULAR PURPOSE.

configure:10863: $? = 0
configure:10852: g++ -v >&5
Using built-in specs.
COLLECT_GCC=g++
COLLECT_LTO_WRAPPER=/usr/lib/gcc/x86_64-unknown-linux-gnu/4.5.0/lto-wrapper
Target: x86_64-unknown-linux-gnu
Configured with: ../configure --prefix=/usr --enable-languages=c,c++,fortran,objc,obj-c++,ada --enable-shared --enable-threads=posix --enable-__cxa_atexit --enable-clocale=gnu --enable-gnu-unique-object --enable-lto --enable-plugin --disable-multilib --disable-libstdcxx-pch --with-system-zlib --with-ppl --with-cloog --libdir=/usr/lib --libexecdir=/usr/lib --mandir=/usr/share/man --infodir=/usr/share/info
Thread model: posix
gcc version 4.5.0 20100610 (prerelease) (GCC) 
configure:10863: $? = 0
configure:10852: g++ -V >&5
g++: '-V' option must have argument
configure:10863: $? = 1
configure:10852: g++ -qversion >&5
g++: unrecognized option '-qversion'
g++: no input files
configure:10863: $? = 1
configure:10867: checking whether we are using the GNU C++ compiler
configure:10886: g++ -c   conftest.cpp >&5
configure:10886: $? = 0
configure:10895: result: yes
configure:10904: checking whether g++ accepts -g
configure:10924: g++ -c -g  conftest.cpp >&5
configure:10924: $? = 0
configure:10965: result: yes
configure:10996: checking how to run the C++ preprocessor
configure:11023: g++ -E  conftest.cpp
configure:11023: $? = 0
configure:11037: g++ -E  conftest.cpp
conftest.cpp:23:28: fatal error: ac_nonexistent.h: No such file or directory
compilation terminated.
configure:11037: $? = 1
configure: failed program was:
| /* confdefs.h */
| #define PACKAGE_NAME "edt"
| #define PACKAGE_TARNAME "edt"
| #define PACKAGE_VERSION "3.5.3"
| #define PACKAGE_STRING "edt 3.5.3"
| #define PACKAGE_BUGREPORT "servicedesk@fedict.be"
| #define PACKAGE_URL ""
| #define STDC_HEADERS 1
| #define HAVE_SYS_TYPES_H 1
| #define HAVE_SYS_STAT_H 1
| #define HAVE_STDLIB_H 1
| #define HAVE_STRING_H 1
| #define HAVE_MEMORY_H 1
| #define HAVE_STRINGS_H 1
| #define HAVE_INTTYPES_H 1
| #define HAVE_STDINT_H 1
| #define HAVE_UNISTD_H 1
| #define HAVE_DLFCN_H 1
| #define LT_OBJDIR ".libs/"
| #define PACKAGE "edt"
| #define VERSION "3.5.3"
| /* end confdefs.h.  */
| #include <ac_nonexistent.h>
configure:11062: result: g++ -E
configure:11082: g++ -E  conftest.cpp
configure:11082: $? = 0
configure:11096: g++ -E  conftest.cpp
conftest.cpp:23:28: fatal error: ac_nonexistent.h: No such file or directory
compilation terminated.
configure:11096: $? = 1
configure: failed program was:
| /* confdefs.h */
| #define PACKAGE_NAME "edt"
| #define PACKAGE_TARNAME "edt"
| #define PACKAGE_VERSION "3.5.3"
| #define PACKAGE_STRING "edt 3.5.3"
| #define PACKAGE_BUGREPORT "servicedesk@fedict.be"
| #define PACKAGE_URL ""
| #define STDC_HEADERS 1
| #define HAVE_SYS_TYPES_H 1
| #define HAVE_SYS_STAT_H 1
| #define HAVE_STDLIB_H 1
| #define HAVE_STRING_H 1
| #define HAVE_MEMORY_H 1
| #define HAVE_STRINGS_H 1
| #define HAVE_INTTYPES_H 1
| #define HAVE_STDINT_H 1
| #define HAVE_UNISTD_H 1
| #define HAVE_DLFCN_H 1
| #define LT_OBJDIR ".libs/"
| #define PACKAGE "edt"
| #define VERSION "3.5.3"
| /* end confdefs.h.  */
| #include <ac_nonexistent.h>
configure:11264: checking for ld used by g++
configure:11331: result: /usr/bin/ld -m elf_x86_64
configure:11338: checking if the linker (/usr/bin/ld -m elf_x86_64) is GNU ld
configure:11353: result: yes
configure:11408: checking whether the g++ linker (/usr/bin/ld -m elf_x86_64) supports shared libraries
configure:12340: result: yes
configure:12368: g++ -c -g -O2  conftest.cpp >&5
configure:12371: $? = 0
configure:12553: checking for g++ option to produce PIC
configure:12875: result: -fPIC -DPIC
configure:12884: checking if g++ PIC flag -fPIC -DPIC works
configure:12902: g++ -c -g -O2  -fPIC -DPIC -DPIC conftest.cpp >&5
configure:12906: $? = 0
configure:12919: result: yes
configure:12940: checking if g++ static flag -static works
configure:12968: result: yes
configure:12980: checking if g++ supports -c -o file.o
configure:13001: g++ -c -g -O2  -o out/conftest2.o conftest.cpp >&5
configure:13005: $? = 0
configure:13027: result: yes
configure:13032: checking if g++ supports -c -o file.o
configure:13079: result: yes
configure:13109: checking whether the g++ linker (/usr/bin/ld -m elf_x86_64) supports shared libraries
configure:13137: result: yes
configure:13280: checking dynamic linker characteristics
configure:13891: result: GNU/Linux ld.so
configure:13944: checking how to hardcode library paths into programs
configure:13969: result: immediate
configure:14010: checking dependency style of g++
configure:14120: result: none
configure:14183: checking for gcc
configure:14210: result: gcc
configure:14439: checking for C compiler version
configure:14448: gcc --version >&5
gcc (GCC) 4.5.0 20100610 (prerelease)
Copyright (C) 2010 Free Software Foundation, Inc.
This is free software; see the source for copying conditions.  There is NO
warranty; not even for MERCHANTABILITY or FITNESS FOR A PARTICULAR PURPOSE.

configure:14459: $? = 0
configure:14448: gcc -v >&5
Using built-in specs.
COLLECT_GCC=gcc
COLLECT_LTO_WRAPPER=/usr/lib/gcc/x86_64-unknown-linux-gnu/4.5.0/lto-wrapper
Target: x86_64-unknown-linux-gnu
Configured with: ../configure --prefix=/usr --enable-languages=c,c++,fortran,objc,obj-c++,ada --enable-shared --enable-threads=posix --enable-__cxa_atexit --enable-clocale=gnu --enable-gnu-unique-object --enable-lto --enable-plugin --disable-multilib --disable-libstdcxx-pch --with-system-zlib --with-ppl --with-cloog --libdir=/usr/lib --libexecdir=/usr/lib --mandir=/usr/share/man --infodir=/usr/share/info
Thread model: posix
gcc version 4.5.0 20100610 (prerelease) (GCC) 
configure:14459: $? = 0
configure:14448: gcc -V >&5
gcc: '-V' option must have argument
configure:14459: $? = 1
configure:14448: gcc -qversion >&5
gcc: unrecognized option '-qversion'
gcc: no input files
configure:14459: $? = 1
configure:14463: checking whether we are using the GNU C compiler
configure:14491: result: yes
configure:14500: checking whether gcc accepts -g
configure:14561: result: yes
configure:14578: checking for gcc option to accept ISO C89
configure:14655: result: none needed
configure:14676: checking for a sed that does not truncate output
configure:14740: result: /bin/sed
configure:14750: checking eid-mw source directory
configure:14760: result: 
configure:14786: checking for stdbool.h that conforms to C99
configure:14871: gcc -c -g -O2 -I/common -I/tokend -I/pkcs11 -I/csp -I/eidlib -I/applayer -I/minidriver -I/cardlayer  conftest.c >&5
configure:14871: $? = 0
configure:14878: result: yes
configure:14880: checking for _Bool
configure:14880: gcc -c -g -O2 -I/common -I/tokend -I/pkcs11 -I/csp -I/eidlib -I/applayer -I/minidriver -I/cardlayer  conftest.c >&5
configure:14880: $? = 0
configure:14880: gcc -c -g -O2 -I/common -I/tokend -I/pkcs11 -I/csp -I/eidlib -I/applayer -I/minidriver -I/cardlayer  conftest.c >&5
conftest.c: In function 'main':
conftest.c:59:20: error: expected expression before ')' token
configure:14880: $? = 1
configure: failed program was:
| /* confdefs.h */
| #define PACKAGE_NAME "edt"
| #define PACKAGE_TARNAME "edt"
| #define PACKAGE_VERSION "3.5.3"
| #define PACKAGE_STRING "edt 3.5.3"
| #define PACKAGE_BUGREPORT "servicedesk@fedict.be"
| #define PACKAGE_URL ""
| #define STDC_HEADERS 1
| #define HAVE_SYS_TYPES_H 1
| #define HAVE_SYS_STAT_H 1
| #define HAVE_STDLIB_H 1
| #define HAVE_STRING_H 1
| #define HAVE_MEMORY_H 1
| #define HAVE_STRINGS_H 1
| #define HAVE_INTTYPES_H 1
| #define HAVE_STDINT_H 1
| #define HAVE_UNISTD_H 1
| #define HAVE_DLFCN_H 1
| #define LT_OBJDIR ".libs/"
| #define PACKAGE "edt"
| #define VERSION "3.5.3"
| /* end confdefs.h.  */
| #include <stdio.h>
| #ifdef HAVE_SYS_TYPES_H
| # include <sys/types.h>
| #endif
| #ifdef HAVE_SYS_STAT_H
| # include <sys/stat.h>
| #endif
| #ifdef STDC_HEADERS
| # include <stdlib.h>
| # include <stddef.h>
| #else
| # ifdef HAVE_STDLIB_H
| #  include <stdlib.h>
| # endif
| #endif
| #ifdef HAVE_STRING_H
| # if !defined STDC_HEADERS && defined HAVE_MEMORY_H
| #  include <memory.h>
| # endif
| # include <string.h>
| #endif
| #ifdef HAVE_STRINGS_H
| # include <strings.h>
| #endif
| #ifdef HAVE_INTTYPES_H
| # include <inttypes.h>
| #endif
| #ifdef HAVE_STDINT_H
| # include <stdint.h>
| #endif
| #ifdef HAVE_UNISTD_H
| # include <unistd.h>
| #endif
| int
| main ()
| {
| if (sizeof ((_Bool)))
| 	    return 0;
|   ;
|   return 0;
| }
configure:14880: result: yes
configure:14896: checking for inline
configure:14912: gcc -c -g -O2 -I/common -I/tokend -I/pkcs11 -I/csp -I/eidlib -I/applayer -I/minidriver -I/cardlayer  conftest.c >&5
configure:14912: $? = 0
configure:14920: result: inline
configure:14938: checking for size_t
configure:14938: gcc -c -g -O2 -I/common -I/tokend -I/pkcs11 -I/csp -I/eidlib -I/applayer -I/minidriver -I/cardlayer  conftest.c >&5
configure:14938: $? = 0
configure:14938: gcc -c -g -O2 -I/common -I/tokend -I/pkcs11 -I/csp -I/eidlib -I/applayer -I/minidriver -I/cardlayer  conftest.c >&5
conftest.c: In function 'main':
conftest.c:61:21: error: expected expression before ')' token
configure:14938: $? = 1
configure: failed program was:
| /* confdefs.h */
| #define PACKAGE_NAME "edt"
| #define PACKAGE_TARNAME "edt"
| #define PACKAGE_VERSION "3.5.3"
| #define PACKAGE_STRING "edt 3.5.3"
| #define PACKAGE_BUGREPORT "servicedesk@fedict.be"
| #define PACKAGE_URL ""
| #define STDC_HEADERS 1
| #define HAVE_SYS_TYPES_H 1
| #define HAVE_SYS_STAT_H 1
| #define HAVE_STDLIB_H 1
| #define HAVE_STRING_H 1
| #define HAVE_MEMORY_H 1
| #define HAVE_STRINGS_H 1
| #define HAVE_INTTYPES_H 1
| #define HAVE_STDINT_H 1
| #define HAVE_UNISTD_H 1
| #define HAVE_DLFCN_H 1
| #define LT_OBJDIR ".libs/"
| #define PACKAGE "edt"
| #define VERSION "3.5.3"
| #define HAVE__BOOL 1
| #define HAVE_STDBOOL_H 1
| /* end confdefs.h.  */
| #include <stdio.h>
| #ifdef HAVE_SYS_TYPES_H
| # include <sys/types.h>
| #endif
| #ifdef HAVE_SYS_STAT_H
| # include <sys/stat.h>
| #endif
| #ifdef STDC_HEADERS
| # include <stdlib.h>
| # include <stddef.h>
| #else
| # ifdef HAVE_STDLIB_H
| #  include <stdlib.h>
| # endif
| #endif
| #ifdef HAVE_STRING_H
| # if !defined STDC_HEADERS && defined HAVE_MEMORY_H
| #  include <memory.h>
| # endif
| # include <string.h>
| #endif
| #ifdef HAVE_STRINGS_H
| # include <strings.h>
| #endif
| #ifdef HAVE_INTTYPES_H
| # include <inttypes.h>
| #endif
| #ifdef HAVE_STDINT_H
| # include <stdint.h>
| #endif
| #ifdef HAVE_UNISTD_H
| # include <unistd.h>
| #endif
| int
| main ()
| {
| if (sizeof ((size_t)))
| 	    return 0;
|   ;
|   return 0;
| }
configure:14938: result: yes
configure:14953: checking for stdlib.h
configure:14953: result: yes
configure:14963: checking for GNU libc compatible malloc
configure:14987: gcc -o conftest -g -O2 -I/common -I/tokend -I/pkcs11 -I/csp -I/eidlib -I/applayer -I/minidriver -I/cardlayer  -L/_binaries35/release  conftest.c  >&5
configure:14987: $? = 0
configure:14987: ./conftest
configure:14987: $? = 0
configure:14997: result: yes
configure:15149: creating ./config.status

## ---------------------- ##
## Running config.status. ##
## ---------------------- ##

This file was extended by edt config.status 3.5.3, which was
generated by GNU Autoconf 2.66.  Invocation command line was

  CONFIG_FILES    = 
  CONFIG_HEADERS  = 
  CONFIG_LINKS    = 
  CONFIG_COMMANDS = 
  $ ./config.status 

on eridu

config.status:1134: creating Makefile
config.status:1134: creating config.h
config.status:1362: executing libtool commands
config.status:1362: executing depfiles commands

## ---------------- ##
## Cache variables. ##
## ---------------- ##

ac_cv_build=x86_64-unknown-linux-gnu
ac_cv_c_compiler_gnu=yes
ac_cv_c_inline=inline
ac_cv_cxx_compiler_gnu=yes
ac_cv_env_CCC_set=
ac_cv_env_CCC_value=
ac_cv_env_CC_set=
ac_cv_env_CC_value=
ac_cv_env_CFLAGS_set=
ac_cv_env_CFLAGS_value=
ac_cv_env_CPPFLAGS_set=
ac_cv_env_CPPFLAGS_value=
ac_cv_env_CPP_set=
ac_cv_env_CPP_value=
ac_cv_env_CXXCPP_set=
ac_cv_env_CXXCPP_value=
ac_cv_env_CXXFLAGS_set=
ac_cv_env_CXXFLAGS_value=
ac_cv_env_CXX_set=
ac_cv_env_CXX_value=
ac_cv_env_LDFLAGS_set=
ac_cv_env_LDFLAGS_value=
ac_cv_env_LIBS_set=
ac_cv_env_LIBS_value=
ac_cv_env_build_alias_set=
ac_cv_env_build_alias_value=
ac_cv_env_host_alias_set=
ac_cv_env_host_alias_value=
ac_cv_env_target_alias_set=
ac_cv_env_target_alias_value=
ac_cv_func_malloc_0_nonnull=yes
ac_cv_header_dlfcn_h=yes
ac_cv_header_inttypes_h=yes
ac_cv_header_memory_h=yes
ac_cv_header_stdbool_h=yes
ac_cv_header_stdc=yes
ac_cv_header_stdint_h=yes
ac_cv_header_stdlib_h=yes
ac_cv_header_string_h=yes
ac_cv_header_strings_h=yes
ac_cv_header_sys_stat_h=yes
ac_cv_header_sys_types_h=yes
ac_cv_header_unistd_h=yes
ac_cv_host=x86_64-unknown-linux-gnu
ac_cv_objext=o
ac_cv_path_EGREP='/bin/grep -E'
ac_cv_path_FGREP='/bin/grep -F'
ac_cv_path_GREP=/bin/grep
ac_cv_path_SED=/bin/sed
ac_cv_path_install='/bin/install -c'
ac_cv_path_mkdir=/bin/mkdir
ac_cv_prog_AWK=gawk
ac_cv_prog_CPP='gcc -E'
ac_cv_prog_CXXCPP='g++ -E'
ac_cv_prog_ac_ct_AR=ar
ac_cv_prog_ac_ct_CC=gcc
ac_cv_prog_ac_ct_CXX=g++
ac_cv_prog_ac_ct_OBJDUMP=objdump
ac_cv_prog_ac_ct_RANLIB=ranlib
ac_cv_prog_ac_ct_STRIP=strip
ac_cv_prog_cc_c89=
ac_cv_prog_cc_g=yes
ac_cv_prog_cxx_g=yes
ac_cv_prog_make_make_set=yes
ac_cv_type__Bool=yes
ac_cv_type_size_t=yes
am_cv_CC_dependencies_compiler_type=none
am_cv_CXX_dependencies_compiler_type=none
lt_cv_archive_cmds_need_lc=no
lt_cv_deplibs_check_method=pass_all
lt_cv_file_magic_cmd='$MAGIC_CMD'
lt_cv_file_magic_test_file=
lt_cv_ld_reload_flag=-r
lt_cv_nm_interface='BSD nm'
lt_cv_objdir=.libs
lt_cv_path_LD=/usr/bin/ld
lt_cv_path_LDCXX='/usr/bin/ld -m elf_x86_64'
lt_cv_path_NM='/usr/bin/nm -B'
lt_cv_prog_compiler_c_o=yes
lt_cv_prog_compiler_c_o_CXX=yes
lt_cv_prog_compiler_pic_works=yes
lt_cv_prog_compiler_pic_works_CXX=yes
lt_cv_prog_compiler_rtti_exceptions=no
lt_cv_prog_compiler_static_works=yes
lt_cv_prog_compiler_static_works_CXX=yes
lt_cv_prog_gnu_ld=yes
lt_cv_prog_gnu_ldcxx=yes
lt_cv_shlibpath_overrides_runpath=no
lt_cv_sys_global_symbol_pipe='sed -n -e '\''s/^.*[	 ]\([ABCDGIRSTW][ABCDGIRSTW]*\)[	 ][	 ]*\([_A-Za-z][_A-Za-z0-9]*\)$/\1 \2 \2/p'\'''
lt_cv_sys_global_symbol_to_c_name_address='sed -n -e '\''s/^: \([^ ]*\) $/  {\"\1\", (void *) 0},/p'\'' -e '\''s/^[ABCDGIRSTW]* \([^ ]*\) \([^ ]*\)$/  {"\2", (void *) \&\2},/p'\'''
lt_cv_sys_global_symbol_to_c_name_address_lib_prefix='sed -n -e '\''s/^: \([^ ]*\) $/  {\"\1\", (void *) 0},/p'\'' -e '\''s/^[ABCDGIRSTW]* \([^ ]*\) \(lib[^ ]*\)$/  {"\2", (void *) \&\2},/p'\'' -e '\''s/^[ABCDGIRSTW]* \([^ ]*\) \([^ ]*\)$/  {"lib\2", (void *) \&\2},/p'\'''
lt_cv_sys_global_symbol_to_cdecl='sed -n -e '\''s/^T .* \(.*\)$/extern int \1();/p'\'' -e '\''s/^[ABCDGIRSTW]* .* \(.*\)$/extern char \1;/p'\'''
lt_cv_sys_max_cmd_len=1572864

## ----------------- ##
## Output variables. ##
## ----------------- ##

ACLOCAL='${SHELL} /home/frank/eid-mw/edt/build-aux/missing --run aclocal-1.11'
AMDEPBACKSLASH='\'
AMDEP_FALSE='#'
AMDEP_TRUE=''
AMTAR='${SHELL} /home/frank/eid-mw/edt/build-aux/missing --run tar'
AR='ar'
AUTOCONF='${SHELL} /home/frank/eid-mw/edt/build-aux/missing --run autoconf'
AUTOHEADER='${SHELL} /home/frank/eid-mw/edt/build-aux/missing --run autoheader'
AUTOMAKE='${SHELL} /home/frank/eid-mw/edt/build-aux/missing --run automake-1.11'
AWK='gawk'
CC='gcc'
CCDEPMODE='depmode=none'
CFLAGS='-g -O2'
CPP='gcc -E'
CPPFLAGS='-I/common -I/tokend -I/pkcs11 -I/csp -I/eidlib -I/applayer -I/minidriver -I/cardlayer '
CXX='g++'
CXXCPP='g++ -E'
CXXDEPMODE='depmode=none'
CXXFLAGS='-g -O2'
CYGPATH_W='echo'
DEFS='-DHAVE_CONFIG_H'
DEPDIR='.deps'
DSYMUTIL=''
DUMPBIN=''
ECHO_C=''
ECHO_N='-n'
ECHO_T=''
EGREP='/bin/grep -E'
EXEEXT=''
FGREP='/bin/grep -F'
GREP='/bin/grep'
INSTALL_DATA='${INSTALL} -m 644'
INSTALL_PROGRAM='${INSTALL}'
INSTALL_SCRIPT='${INSTALL}'
INSTALL_STRIP_PROGRAM='$(install_sh) -c -s'
LD='/usr/bin/ld -m elf_x86_64'
LDFLAGS='-L/_binaries35/release '
LIBOBJS=''
LIBS=''
LIBTOOL='$(SHELL) $(top_builddir)/libtool'
LIPO=''
LN_S='ln -s'
LTLIBOBJS=''
MAKEINFO='${SHELL} /home/frank/eid-mw/edt/build-aux/missing --run makeinfo'
MKDIR_P='/bin/mkdir -p'
NM='/usr/bin/nm -B'
NMEDIT=''
OBJDUMP='objdump'
OBJEXT='o'
OTOOL64=''
OTOOL=''
PACKAGE='edt'
PACKAGE_BUGREPORT='servicedesk@fedict.be'
PACKAGE_NAME='edt'
PACKAGE_STRING='edt 3.5.3'
PACKAGE_TARNAME='edt'
PACKAGE_URL=''
PACKAGE_VERSION='3.5.3'
PATH_SEPARATOR=':'
RANLIB='ranlib'
SED='/bin/sed'
SET_MAKE=''
SHELL='/bin/sh'
STRIP='strip'
VERSION='3.5.3'
ac_ct_CC='gcc'
ac_ct_CXX='g++'
ac_ct_DUMPBIN=''
am__EXEEXT_FALSE=''
am__EXEEXT_TRUE='#'
am__fastdepCC_FALSE=''
am__fastdepCC_TRUE='#'
am__fastdepCXX_FALSE=''
am__fastdepCXX_TRUE='#'
am__include='include'
am__isrc=''
am__leading_dot='.'
am__quote=''
am__tar='${AMTAR} chof - "$$tardir"'
am__untar='${AMTAR} xf -'
bindir='${exec_prefix}/bin'
build='x86_64-unknown-linux-gnu'
build_alias=''
build_cpu='x86_64'
build_os='linux-gnu'
build_vendor='unknown'
datadir='${datarootdir}'
datarootdir='${prefix}/share'
docdir='${datarootdir}/doc/${PACKAGE_TARNAME}'
dvidir='${docdir}'
exec_prefix='${prefix}'
host='x86_64-unknown-linux-gnu'
host_alias=''
host_cpu='x86_64'
host_os='linux-gnu'
host_vendor='unknown'
htmldir='${docdir}'
includedir='${prefix}/include'
infodir='${datarootdir}/info'
install_sh='${SHELL} /home/frank/eid-mw/edt/build-aux/install-sh'
libdir='${exec_prefix}/lib'
libexecdir='${exec_prefix}/libexec'
localedir='${datarootdir}/locale'
localstatedir='${prefix}/var'
mandir='${datarootdir}/man'
mkdir_p='/bin/mkdir -p'
oldincludedir='/usr/include'
pdfdir='${docdir}'
prefix='/usr/local'
program_transform_name='s,x,x,'
psdir='${docdir}'
sbindir='${exec_prefix}/sbin'
sharedstatedir='${prefix}/com'
subdirs=' edtgui'
sysconfdir='${prefix}/etc'
target_alias=''

## ----------- ##
## confdefs.h. ##
## ----------- ##

/* confdefs.h */
#define PACKAGE_NAME "edt"
#define PACKAGE_TARNAME "edt"
#define PACKAGE_VERSION "3.5.3"
#define PACKAGE_STRING "edt 3.5.3"
#define PACKAGE_BUGREPORT "servicedesk@fedict.be"
#define PACKAGE_URL ""
#define STDC_HEADERS 1
#define HAVE_SYS_TYPES_H 1
#define HAVE_SYS_STAT_H 1
#define HAVE_STDLIB_H 1
#define HAVE_STRING_H 1
#define HAVE_MEMORY_H 1
#define HAVE_STRINGS_H 1
#define HAVE_INTTYPES_H 1
#define HAVE_STDINT_H 1
#define HAVE_UNISTD_H 1
#define HAVE_DLFCN_H 1
#define LT_OBJDIR ".libs/"
#define PACKAGE "edt"
#define VERSION "3.5.3"
#define HAVE__BOOL 1
#define HAVE_STDBOOL_H 1
#define HAVE_STDLIB_H 1
#define HAVE_MALLOC 1

configure: exit 0
