This file contains any messages produced by compilers while
running configure, to aid debugging if configure makes a mistake.

It was created by beidmdrv configure 0.0.1, which was
generated by GNU Autoconf 2.65.  Invocation command line was

  $ ./configure --host=x86_64-w64-mingw32

## --------- ##
## Platform. ##
## --------- ##

hostname = eridu
uname -m = x86_64
uname -r = 2.6.33-ARCH
uname -s = Linux
uname -v = #1 SMP PREEMPT Sun Apr 4 10:27:30 CEST 2010

/usr/bin/uname -p = unknown
/bin/uname -X     = unknown

/bin/arch              = x86_64
/usr/bin/arch -k       = unknown
/usr/convex/getsysinfo = unknown
/usr/bin/hostinfo      = unknown
/bin/machine           = unknown
/usr/bin/oslevel       = unknown
/bin/universe          = unknown

PATH: /home/frank/w32/bin
PATH: /home/frank/w64/bin
PATH: /bin
PATH: /usr/bin
PATH: /sbin
PATH: /usr/sbin
PATH: /usr/bin/perlbin/site
PATH: /usr/bin/perlbin/vendor
PATH: /usr/bin/perlbin/core
PATH: /opt/qt/bin


## ----------- ##
## Core tests. ##
## ----------- ##

configure:2582: checking for a BSD-compatible install
configure:2650: result: /bin/install -c
configure:2661: checking whether build environment is sane
configure:2711: result: yes
configure:2760: checking for x86_64-w64-mingw32-strip
configure:2776: found /home/frank/w64/bin/x86_64-w64-mingw32-strip
configure:2787: result: x86_64-w64-mingw32-strip
configure:2852: checking for a thread-safe mkdir -p
configure:2891: result: /bin/mkdir -p
configure:2904: checking for gawk
configure:2920: found /bin/gawk
configure:2931: result: gawk
configure:2942: checking whether make sets $(MAKE)
configure:2964: result: yes
configure:3048: checking build system type
configure:3062: result: x86_64-unknown-linux-gnu
configure:3082: checking host system type
configure:3095: result: x86_64-w64-mingw32
configure:3163: checking how to print strings
configure:3190: result: printf
configure:3223: checking for style of include used by make
configure:3251: result: GNU
configure:3281: checking for x86_64-w64-mingw32-gcc
configure:3297: found /home/frank/w64/bin/x86_64-w64-mingw32-gcc
configure:3308: result: x86_64-w64-mingw32-gcc
configure:3577: checking for C compiler version
configure:3586: x86_64-w64-mingw32-gcc --version >&5
x86_64-w64-mingw32-gcc (GCC) 4.6.0 20100528 (experimental)
Copyright (C) 2010 Free Software Foundation, Inc.
This is free software; see the source for copying conditions.  There is NO
warranty; not even for MERCHANTABILITY or FITNESS FOR A PARTICULAR PURPOSE.

configure:3597: $? = 0
configure:3586: x86_64-w64-mingw32-gcc -v >&5
Using built-in specs.
COLLECT_GCC=x86_64-w64-mingw32-gcc
COLLECT_LTO_WRAPPER=/home/frank/w64/bin/../libexec/gcc/x86_64-w64-mingw32/4.6.0/lto-wrapper
Target: x86_64-w64-mingw32
Configured with: ../../../build/gcc/gcc/configure --target=x86_64-w64-mingw32 --prefix=/buildbot/mingw-w64/linux-x86_64-x86_64/build/build/root --with-sysroot=/buildbot/mingw-w64/linux-x86_64-x86_64/build/build/root --with-gmp=/buildbot/mingw-w64/linux-x86_64-x86_64/build/build/gmp/install --with-mpfr=/buildbot/mingw-w64/linux-x86_64-x86_64/build/build/mpfr/install --with-mpc=/buildbot/mingw-w64/linux-x86_64-x86_64/build/build/mpc/install --enable-languages=all,obj-c++ --enable-fully-dynamic-string --disable-multilib
Thread model: win32
gcc version 4.6.0 20100528 (experimental) (GCC) 
configure:3597: $? = 0
configure:3586: x86_64-w64-mingw32-gcc -V >&5
x86_64-w64-mingw32-gcc: unrecognized option '-V'
x86_64-w64-mingw32-gcc: no input files
configure:3597: $? = 1
configure:3586: x86_64-w64-mingw32-gcc -qversion >&5
x86_64-w64-mingw32-gcc: unrecognized option '-qversion'
x86_64-w64-mingw32-gcc: no input files
configure:3597: $? = 1
configure:3617: checking whether the C compiler works
configure:3639: x86_64-w64-mingw32-gcc    conftest.c  >&5
configure:3643: $? = 0
configure:3692: result: yes
configure:3695: checking for C compiler default output file name
configure:3697: result: a.exe
configure:3703: checking for suffix of executables
configure:3710: x86_64-w64-mingw32-gcc -o conftest.exe    conftest.c  >&5
configure:3714: $? = 0
configure:3736: result: .exe
configure:3758: checking whether we are cross compiling
configure:3766: x86_64-w64-mingw32-gcc -o conftest.exe    conftest.c  >&5
configure:3770: $? = 0
configure:3777: ./conftest.exe
./configure: line 3779: ./conftest.exe: cannot execute binary file
configure:3781: $? = 126
configure:3796: result: yes
configure:3801: checking for suffix of object files
configure:3823: x86_64-w64-mingw32-gcc -c   conftest.c >&5
configure:3827: $? = 0
configure:3848: result: o
configure:3852: checking whether we are using the GNU C compiler
configure:3871: x86_64-w64-mingw32-gcc -c   conftest.c >&5
configure:3871: $? = 0
configure:3880: result: yes
configure:3889: checking whether x86_64-w64-mingw32-gcc accepts -g
configure:3909: x86_64-w64-mingw32-gcc -c -g  conftest.c >&5
configure:3909: $? = 0
configure:3950: result: yes
configure:3967: checking for x86_64-w64-mingw32-gcc option to accept ISO C89
configure:4031: x86_64-w64-mingw32-gcc  -c -g -O2  conftest.c >&5
configure:4031: $? = 0
configure:4044: result: none needed
configure:4066: checking dependency style of x86_64-w64-mingw32-gcc
configure:4176: result: gcc3
configure:4191: checking for a sed that does not truncate output
configure:4255: result: /bin/sed
configure:4273: checking for grep that handles long lines and -e
configure:4331: result: /bin/grep
configure:4336: checking for egrep
configure:4398: result: /bin/grep -E
configure:4403: checking for fgrep
configure:4465: result: /bin/grep -F
configure:4500: checking for ld used by x86_64-w64-mingw32-gcc
configure:4567: result: /home/frank/w64/x86_64-w64-mingw32/bin/ld
configure:4574: checking if the linker (/home/frank/w64/x86_64-w64-mingw32/bin/ld) is GNU ld
configure:4589: result: yes
configure:4601: checking for BSD- or MS-compatible name lister (nm)
configure:4650: result: /home/frank/w64/bin/x86_64-w64-mingw32-nm -B
configure:4780: checking the name lister (/home/frank/w64/bin/x86_64-w64-mingw32-nm -B) interface
configure:4787: x86_64-w64-mingw32-gcc -c -g -O2  conftest.c >&5
configure:4790: /home/frank/w64/bin/x86_64-w64-mingw32-nm -B "conftest.o"
configure:4793: output
0000000000000000 b .bss
0000000000000000 d .data
0000000000000000 N .debug_abbrev
0000000000000000 N .debug_info
0000000000000000 N .debug_line
0000000000000000 N .debug_pubnames
0000000000000000 t .text
0000000000000000 B some_variable
configure:4800: result: BSD nm
configure:4803: checking whether ln -s works
configure:4807: result: yes
configure:4815: checking the maximum length of command line arguments
configure:4940: result: 1572864
configure:4957: checking whether the shell understands some XSI constructs
configure:4967: result: yes
configure:4971: checking whether the shell understands "+="
configure:4977: result: yes
configure:5012: checking for /home/frank/w64/x86_64-w64-mingw32/bin/ld option to reload object files
configure:5019: result: -r
configure:5048: checking for x86_64-w64-mingw32-objdump
configure:5064: found /home/frank/w64/bin/x86_64-w64-mingw32-objdump
configure:5075: result: x86_64-w64-mingw32-objdump
configure:5144: checking how to recognize dependent libraries
configure:5346: result: file_magic ^x86 archive import|^x86 DLL
configure:5366: checking for x86_64-w64-mingw32-ar
configure:5382: found /home/frank/w64/bin/x86_64-w64-mingw32-ar
configure:5393: result: x86_64-w64-mingw32-ar
configure:5471: checking for x86_64-w64-mingw32-strip
configure:5498: result: x86_64-w64-mingw32-strip
configure:5570: checking for x86_64-w64-mingw32-ranlib
configure:5586: found /home/frank/w64/bin/x86_64-w64-mingw32-ranlib
configure:5597: result: x86_64-w64-mingw32-ranlib
configure:5739: checking command to parse /home/frank/w64/bin/x86_64-w64-mingw32-nm -B output from x86_64-w64-mingw32-gcc object
configure:5857: x86_64-w64-mingw32-gcc -c -g -O2  conftest.c >&5
configure:5860: $? = 0
configure:5864: /home/frank/w64/bin/x86_64-w64-mingw32-nm -B conftest.o \| sed -n -e 's/^.*[ ]\([ABCDGIRSTW][ABCDGIRSTW]*\)[ ][ ]*\([_A-Za-z][_A-Za-z0-9]*\)$/\1 \2 \2/p' \> conftest.nm
configure:5867: $? = 0
configure:5921: x86_64-w64-mingw32-gcc -o conftest.exe -g -O2   conftest.c conftstm.o >&5
configure:5924: $? = 0
configure:5962: result: ok
configure:6803: checking how to run the C preprocessor
configure:6834: x86_64-w64-mingw32-gcc -E  conftest.c
configure:6834: $? = 0
configure:6848: x86_64-w64-mingw32-gcc -E  conftest.c
conftest.c:11:28: fatal error: ac_nonexistent.h: No such file or directory
compilation terminated.
configure:6848: $? = 1
configure: failed program was:
| /* confdefs.h */
| #define PACKAGE_NAME "beidmdrv"
| #define PACKAGE_TARNAME "beidmdrv"
| #define PACKAGE_VERSION "0.0.1"
| #define PACKAGE_STRING "beidmdrv 0.0.1"
| #define PACKAGE_BUGREPORT "servicedesk@fedict.be"
| #define PACKAGE_URL ""
| #define PACKAGE "beidmdrv"
| #define VERSION "0.0.1"
| /* end confdefs.h.  */
| #include <ac_nonexistent.h>
configure:6873: result: x86_64-w64-mingw32-gcc -E
configure:6893: x86_64-w64-mingw32-gcc -E  conftest.c
configure:6893: $? = 0
configure:6907: x86_64-w64-mingw32-gcc -E  conftest.c
conftest.c:11:28: fatal error: ac_nonexistent.h: No such file or directory
compilation terminated.
configure:6907: $? = 1
configure: failed program was:
| /* confdefs.h */
| #define PACKAGE_NAME "beidmdrv"
| #define PACKAGE_TARNAME "beidmdrv"
| #define PACKAGE_VERSION "0.0.1"
| #define PACKAGE_STRING "beidmdrv 0.0.1"
| #define PACKAGE_BUGREPORT "servicedesk@fedict.be"
| #define PACKAGE_URL ""
| #define PACKAGE "beidmdrv"
| #define VERSION "0.0.1"
| /* end confdefs.h.  */
| #include <ac_nonexistent.h>
configure:6936: checking for ANSI C header files
configure:6956: x86_64-w64-mingw32-gcc -c -g -O2  conftest.c >&5
configure:6956: $? = 0
configure:7040: result: yes
configure:7053: checking for sys/types.h
configure:7053: x86_64-w64-mingw32-gcc -c -g -O2  conftest.c >&5
configure:7053: $? = 0
configure:7053: result: yes
configure:7053: checking for sys/stat.h
configure:7053: x86_64-w64-mingw32-gcc -c -g -O2  conftest.c >&5
configure:7053: $? = 0
configure:7053: result: yes
configure:7053: checking for stdlib.h
configure:7053: x86_64-w64-mingw32-gcc -c -g -O2  conftest.c >&5
configure:7053: $? = 0
configure:7053: result: yes
configure:7053: checking for string.h
configure:7053: x86_64-w64-mingw32-gcc -c -g -O2  conftest.c >&5
configure:7053: $? = 0
configure:7053: result: yes
configure:7053: checking for memory.h
configure:7053: x86_64-w64-mingw32-gcc -c -g -O2  conftest.c >&5
configure:7053: $? = 0
configure:7053: result: yes
configure:7053: checking for strings.h
configure:7053: x86_64-w64-mingw32-gcc -c -g -O2  conftest.c >&5
configure:7053: $? = 0
configure:7053: result: yes
configure:7053: checking for inttypes.h
configure:7053: x86_64-w64-mingw32-gcc -c -g -O2  conftest.c >&5
configure:7053: $? = 0
configure:7053: result: yes
configure:7053: checking for stdint.h
configure:7053: x86_64-w64-mingw32-gcc -c -g -O2  conftest.c >&5
configure:7053: $? = 0
configure:7053: result: yes
configure:7053: checking for unistd.h
configure:7053: x86_64-w64-mingw32-gcc -c -g -O2  conftest.c >&5
configure:7053: $? = 0
configure:7053: result: yes
configure:7068: checking for dlfcn.h
configure:7068: x86_64-w64-mingw32-gcc -c -g -O2  conftest.c >&5
configure:7068: $? = 0
configure:7068: result: yes
configure:7091: checking for x86_64-w64-mingw32-as
configure:7107: found /home/frank/w64/bin/x86_64-w64-mingw32-as
configure:7118: result: x86_64-w64-mingw32-as
configure:7183: checking for x86_64-w64-mingw32-dlltool
configure:7199: found /home/frank/w64/bin/x86_64-w64-mingw32-dlltool
configure:7210: result: x86_64-w64-mingw32-dlltool
configure:7275: checking for x86_64-w64-mingw32-objdump
configure:7302: result: x86_64-w64-mingw32-objdump
configure:7553: checking for objdir
configure:7568: result: .libs
configure:7839: checking if x86_64-w64-mingw32-gcc supports -fno-rtti -fno-exceptions
configure:7857: x86_64-w64-mingw32-gcc -c -g -O2  -fno-rtti -fno-exceptions conftest.c >&5
cc1: warning: command line option "-fno-rtti" is valid for C++/ObjC++ but not for C [enabled by default]
configure:7861: $? = 0
configure:7874: result: no
configure:7894: checking for x86_64-w64-mingw32-gcc option to produce PIC
configure:8179: result: -DDLL_EXPORT -DPIC
configure:8191: checking if x86_64-w64-mingw32-gcc PIC flag -DDLL_EXPORT -DPIC works
configure:8209: x86_64-w64-mingw32-gcc -c -g -O2  -DDLL_EXPORT -DPIC -DPIC conftest.c >&5
configure:8213: $? = 0
configure:8226: result: yes
configure:8250: checking if x86_64-w64-mingw32-gcc static flag -static works
configure:8278: result: yes
configure:8293: checking if x86_64-w64-mingw32-gcc supports -c -o file.o
configure:8314: x86_64-w64-mingw32-gcc -c -g -O2  -o out/conftest2.o conftest.c >&5
configure:8318: $? = 0
configure:8340: result: yes
configure:8348: checking if x86_64-w64-mingw32-gcc supports -c -o file.o
configure:8395: result: yes
configure:8428: checking whether the x86_64-w64-mingw32-gcc linker (/home/frank/w64/x86_64-w64-mingw32/bin/ld) supports shared libraries
configure:9503: result: yes
configure:9540: checking whether -lc should be explicitly linked in
configure:9548: x86_64-w64-mingw32-gcc -c -g -O2  conftest.c >&5
configure:9551: $? = 0
configure:9566: x86_64-w64-mingw32-gcc -shared conftest.o  -v -o ./conftest -Wl,--enable-auto-image-base -Xlinker --out-implib -Xlinker conftest 2\>\&1 \| /bin/grep  -lc  \>/dev/null 2\>\&1
configure:9569: $? = 1
configure:9583: result: yes
configure:9748: checking dynamic linker characteristics
configure:10425: result: Win32 ld.exe
configure:10532: checking how to hardcode library paths into programs
configure:10557: result: immediate
configure:11097: checking whether stripping libraries is possible
configure:11102: result: yes
configure:11137: checking if libtool supports shared libraries
configure:11139: result: yes
configure:11142: checking whether to build shared libraries
configure:11163: result: yes
configure:11166: checking whether to build static libraries
configure:11170: result: yes
configure:11219: checking for x86_64-w64-mingw32-g++
configure:11235: found /home/frank/w64/bin/x86_64-w64-mingw32-g++
configure:11246: result: x86_64-w64-mingw32-g++
configure:11317: checking for C++ compiler version
configure:11326: x86_64-w64-mingw32-g++ --version >&5
x86_64-w64-mingw32-g++ (GCC) 4.6.0 20100528 (experimental)
Copyright (C) 2010 Free Software Foundation, Inc.
This is free software; see the source for copying conditions.  There is NO
warranty; not even for MERCHANTABILITY or FITNESS FOR A PARTICULAR PURPOSE.

configure:11337: $? = 0
configure:11326: x86_64-w64-mingw32-g++ -v >&5
Using built-in specs.
COLLECT_GCC=x86_64-w64-mingw32-g++
COLLECT_LTO_WRAPPER=/home/frank/w64/bin/../libexec/gcc/x86_64-w64-mingw32/4.6.0/lto-wrapper
Target: x86_64-w64-mingw32
Configured with: ../../../build/gcc/gcc/configure --target=x86_64-w64-mingw32 --prefix=/buildbot/mingw-w64/linux-x86_64-x86_64/build/build/root --with-sysroot=/buildbot/mingw-w64/linux-x86_64-x86_64/build/build/root --with-gmp=/buildbot/mingw-w64/linux-x86_64-x86_64/build/build/gmp/install --with-mpfr=/buildbot/mingw-w64/linux-x86_64-x86_64/build/build/mpfr/install --with-mpc=/buildbot/mingw-w64/linux-x86_64-x86_64/build/build/mpc/install --enable-languages=all,obj-c++ --enable-fully-dynamic-string --disable-multilib
Thread model: win32
gcc version 4.6.0 20100528 (experimental) (GCC) 
configure:11337: $? = 0
configure:11326: x86_64-w64-mingw32-g++ -V >&5
x86_64-w64-mingw32-g++: argument to '-V' missing

configure:11337: $? = 1
configure:11326: x86_64-w64-mingw32-g++ -qversion >&5
x86_64-w64-mingw32-g++: unrecognized option '-qversion'
x86_64-w64-mingw32-g++: no input files
configure:11337: $? = 1
configure:11341: checking whether we are using the GNU C++ compiler
configure:11360: x86_64-w64-mingw32-g++ -c   conftest.cpp >&5
configure:11360: $? = 0
configure:11369: result: yes
configure:11378: checking whether x86_64-w64-mingw32-g++ accepts -g
configure:11398: x86_64-w64-mingw32-g++ -c -g  conftest.cpp >&5
configure:11398: $? = 0
configure:11439: result: yes
configure:11464: checking dependency style of x86_64-w64-mingw32-g++
configure:11574: result: gcc3
configure:11597: checking how to run the C++ preprocessor
configure:11624: x86_64-w64-mingw32-g++ -E  conftest.cpp
configure:11624: $? = 0
configure:11638: x86_64-w64-mingw32-g++ -E  conftest.cpp
conftest.cpp:23:28: fatal error: ac_nonexistent.h: No such file or directory
compilation terminated.
configure:11638: $? = 1
configure: failed program was:
| /* confdefs.h */
| #define PACKAGE_NAME "beidmdrv"
| #define PACKAGE_TARNAME "beidmdrv"
| #define PACKAGE_VERSION "0.0.1"
| #define PACKAGE_STRING "beidmdrv 0.0.1"
| #define PACKAGE_BUGREPORT "servicedesk@fedict.be"
| #define PACKAGE_URL ""
| #define PACKAGE "beidmdrv"
| #define VERSION "0.0.1"
| #define STDC_HEADERS 1
| #define HAVE_SYS_TYPES_H 1
| #define HAVE_SYS_STAT_H 1
| #define HAVE_STDLIB_H 1
| #define HAVE_STRING_H 1
| #define HAVE_MEMORY_H 1
| #define HAVE_STRINGS_H 1
| #define HAVE_INTTYPES_H 1
| #define HAVE_STDINT_H 1
| #define HAVE_UNISTD_H 1
| #define HAVE_DLFCN_H 1
| #define LT_OBJDIR ".libs/"
| /* end confdefs.h.  */
| #include <ac_nonexistent.h>
configure:11663: result: x86_64-w64-mingw32-g++ -E
configure:11683: x86_64-w64-mingw32-g++ -E  conftest.cpp
configure:11683: $? = 0
configure:11697: x86_64-w64-mingw32-g++ -E  conftest.cpp
conftest.cpp:23:28: fatal error: ac_nonexistent.h: No such file or directory
compilation terminated.
configure:11697: $? = 1
configure: failed program was:
| /* confdefs.h */
| #define PACKAGE_NAME "beidmdrv"
| #define PACKAGE_TARNAME "beidmdrv"
| #define PACKAGE_VERSION "0.0.1"
| #define PACKAGE_STRING "beidmdrv 0.0.1"
| #define PACKAGE_BUGREPORT "servicedesk@fedict.be"
| #define PACKAGE_URL ""
| #define PACKAGE "beidmdrv"
| #define VERSION "0.0.1"
| #define STDC_HEADERS 1
| #define HAVE_SYS_TYPES_H 1
| #define HAVE_SYS_STAT_H 1
| #define HAVE_STDLIB_H 1
| #define HAVE_STRING_H 1
| #define HAVE_MEMORY_H 1
| #define HAVE_STRINGS_H 1
| #define HAVE_INTTYPES_H 1
| #define HAVE_STDINT_H 1
| #define HAVE_UNISTD_H 1
| #define HAVE_DLFCN_H 1
| #define LT_OBJDIR ".libs/"
| /* end confdefs.h.  */
| #include <ac_nonexistent.h>
configure:11865: checking for ld used by x86_64-w64-mingw32-g++
configure:11932: result: /home/frank/w64/x86_64-w64-mingw32/bin/ld
configure:11939: checking if the linker (/home/frank/w64/x86_64-w64-mingw32/bin/ld) is GNU ld
configure:11954: result: yes
configure:12009: checking whether the x86_64-w64-mingw32-g++ linker (/home/frank/w64/x86_64-w64-mingw32/bin/ld) supports shared libraries
configure:12941: result: yes
configure:12969: x86_64-w64-mingw32-g++ -c -g -O2  conftest.cpp >&5
configure:12972: $? = 0
configure:13154: checking for x86_64-w64-mingw32-g++ option to produce PIC
configure:13476: result: -DDLL_EXPORT -DPIC
configure:13485: checking if x86_64-w64-mingw32-g++ PIC flag -DDLL_EXPORT -DPIC works
configure:13503: x86_64-w64-mingw32-g++ -c -g -O2  -DDLL_EXPORT -DPIC -DPIC conftest.cpp >&5
configure:13507: $? = 0
configure:13520: result: yes
configure:13541: checking if x86_64-w64-mingw32-g++ static flag -static works
configure:13569: result: yes
configure:13581: checking if x86_64-w64-mingw32-g++ supports -c -o file.o
configure:13602: x86_64-w64-mingw32-g++ -c -g -O2  -o out/conftest2.o conftest.cpp >&5
configure:13606: $? = 0
configure:13628: result: yes
configure:13633: checking if x86_64-w64-mingw32-g++ supports -c -o file.o
configure:13680: result: yes
configure:13710: checking whether the x86_64-w64-mingw32-g++ linker (/home/frank/w64/x86_64-w64-mingw32/bin/ld) supports shared libraries
configure:13738: result: yes
configure:13881: checking dynamic linker characteristics
configure:14492: result: Win32 ld.exe
configure:14545: checking how to hardcode library paths into programs
configure:14570: result: immediate
configure:14617: checking for x86_64-w64-mingw32-gcc
configure:14644: result: x86_64-w64-mingw32-gcc
configure:14913: checking for C compiler version
configure:14922: x86_64-w64-mingw32-gcc --version >&5
x86_64-w64-mingw32-gcc (GCC) 4.6.0 20100528 (experimental)
Copyright (C) 2010 Free Software Foundation, Inc.
This is free software; see the source for copying conditions.  There is NO
warranty; not even for MERCHANTABILITY or FITNESS FOR A PARTICULAR PURPOSE.

configure:14933: $? = 0
configure:14922: x86_64-w64-mingw32-gcc -v >&5
Using built-in specs.
COLLECT_GCC=x86_64-w64-mingw32-gcc
COLLECT_LTO_WRAPPER=/home/frank/w64/bin/../libexec/gcc/x86_64-w64-mingw32/4.6.0/lto-wrapper
Target: x86_64-w64-mingw32
Configured with: ../../../build/gcc/gcc/configure --target=x86_64-w64-mingw32 --prefix=/buildbot/mingw-w64/linux-x86_64-x86_64/build/build/root --with-sysroot=/buildbot/mingw-w64/linux-x86_64-x86_64/build/build/root --with-gmp=/buildbot/mingw-w64/linux-x86_64-x86_64/build/build/gmp/install --with-mpfr=/buildbot/mingw-w64/linux-x86_64-x86_64/build/build/mpfr/install --with-mpc=/buildbot/mingw-w64/linux-x86_64-x86_64/build/build/mpc/install --enable-languages=all,obj-c++ --enable-fully-dynamic-string --disable-multilib
Thread model: win32
gcc version 4.6.0 20100528 (experimental) (GCC) 
configure:14933: $? = 0
configure:14922: x86_64-w64-mingw32-gcc -V >&5
x86_64-w64-mingw32-gcc: unrecognized option '-V'
x86_64-w64-mingw32-gcc: no input files
configure:14933: $? = 1
configure:14922: x86_64-w64-mingw32-gcc -qversion >&5
x86_64-w64-mingw32-gcc: unrecognized option '-qversion'
x86_64-w64-mingw32-gcc: no input files
configure:14933: $? = 1
configure:14937: checking whether we are using the GNU C compiler
configure:14965: result: yes
configure:14974: checking whether x86_64-w64-mingw32-gcc accepts -g
configure:15035: result: yes
configure:15052: checking for x86_64-w64-mingw32-gcc option to accept ISO C89
configure:15129: result: none needed
configure:15151: checking dependency style of x86_64-w64-mingw32-gcc
configure:15261: result: gcc3
configure:15279: checking for x86_64-w64-mingw32-windres
configure:15295: found /home/frank/w64/bin/x86_64-w64-mingw32-windres
configure:15306: result: x86_64-w64-mingw32-windres
configure:15456: checking malloc.h usability
configure:15456: x86_64-w64-mingw32-gcc -c -g -O2  conftest.c >&5
configure:15456: $? = 0
configure:15456: result: yes
configure:15456: checking malloc.h presence
configure:15456: x86_64-w64-mingw32-gcc -E  conftest.c
configure:15456: $? = 0
configure:15456: result: yes
configure:15456: checking for malloc.h
configure:15456: result: yes
configure:15456: checking for stdlib.h
configure:15456: result: yes
configure:15456: checking for string.h
configure:15456: result: yes
configure:15456: checking winscard.h usability
configure:15456: x86_64-w64-mingw32-gcc -c -g -O2  conftest.c >&5
configure:15456: $? = 0
configure:15456: result: yes
configure:15456: checking winscard.h presence
configure:15456: x86_64-w64-mingw32-gcc -E  conftest.c
configure:15456: $? = 0
configure:15456: result: yes
configure:15456: checking for winscard.h
configure:15456: result: yes
configure:15468: checking whether to enable debugging
configure:15487: result: no
configure:15497: checking size of void *
configure:15502: x86_64-w64-mingw32-gcc -c -g -O2  conftest.c >&5
configure:15502: $? = 0
configure:15502: x86_64-w64-mingw32-gcc -c -g -O2  conftest.c >&5
conftest.c: In function 'main':
conftest.c:63:12: error: size of array 'test_array' is negative
configure:15502: $? = 1
configure: failed program was:
| /* confdefs.h */
| #define PACKAGE_NAME "beidmdrv"
| #define PACKAGE_TARNAME "beidmdrv"
| #define PACKAGE_VERSION "0.0.1"
| #define PACKAGE_STRING "beidmdrv 0.0.1"
| #define PACKAGE_BUGREPORT "servicedesk@fedict.be"
| #define PACKAGE_URL ""
| #define PACKAGE "beidmdrv"
| #define VERSION "0.0.1"
| #define STDC_HEADERS 1
| #define HAVE_SYS_TYPES_H 1
| #define HAVE_SYS_STAT_H 1
| #define HAVE_STDLIB_H 1
| #define HAVE_STRING_H 1
| #define HAVE_MEMORY_H 1
| #define HAVE_STRINGS_H 1
| #define HAVE_INTTYPES_H 1
| #define HAVE_STDINT_H 1
| #define HAVE_UNISTD_H 1
| #define HAVE_DLFCN_H 1
| #define LT_OBJDIR ".libs/"
| #define HAVE_MALLOC_H 1
| #define HAVE_STDLIB_H 1
| #define HAVE_STRING_H 1
| #define HAVE_WINSCARD_H 1
| /* end confdefs.h.  */
| #include <stdio.h>
| #ifdef HAVE_SYS_TYPES_H
| # include <sys/types.h>
| #endif
| #ifdef HAVE_SYS_STAT_H
| # include <sys/stat.h>
| #endif
| #ifdef STDC_HEADERS
| # include <stdlib.h>
| # include <stddef.h>
| #else
| # ifdef HAVE_STDLIB_H
| #  include <stdlib.h>
| # endif
| #endif
| #ifdef HAVE_STRING_H
| # if !defined STDC_HEADERS && defined HAVE_MEMORY_H
| #  include <memory.h>
| # endif
| # include <string.h>
| #endif
| #ifdef HAVE_STRINGS_H
| # include <strings.h>
| #endif
| #ifdef HAVE_INTTYPES_H
| # include <inttypes.h>
| #endif
| #ifdef HAVE_STDINT_H
| # include <stdint.h>
| #endif
| #ifdef HAVE_UNISTD_H
| # include <unistd.h>
| #endif
| int
| main ()
| {
| static int test_array [1 - 2 * !(((long int) (sizeof (void *))) <= 0)];
| test_array [0] = 0
| 
|   ;
|   return 0;
| }
configure:15502: x86_64-w64-mingw32-gcc -c -g -O2  conftest.c >&5
conftest.c: In function 'main':
conftest.c:63:12: error: size of array 'test_array' is negative
configure:15502: $? = 1
configure: failed program was:
| /* confdefs.h */
| #define PACKAGE_NAME "beidmdrv"
| #define PACKAGE_TARNAME "beidmdrv"
| #define PACKAGE_VERSION "0.0.1"
| #define PACKAGE_STRING "beidmdrv 0.0.1"
| #define PACKAGE_BUGREPORT "servicedesk@fedict.be"
| #define PACKAGE_URL ""
| #define PACKAGE "beidmdrv"
| #define VERSION "0.0.1"
| #define STDC_HEADERS 1
| #define HAVE_SYS_TYPES_H 1
| #define HAVE_SYS_STAT_H 1
| #define HAVE_STDLIB_H 1
| #define HAVE_STRING_H 1
| #define HAVE_MEMORY_H 1
| #define HAVE_STRINGS_H 1
| #define HAVE_INTTYPES_H 1
| #define HAVE_STDINT_H 1
| #define HAVE_UNISTD_H 1
| #define HAVE_DLFCN_H 1
| #define LT_OBJDIR ".libs/"
| #define HAVE_MALLOC_H 1
| #define HAVE_STDLIB_H 1
| #define HAVE_STRING_H 1
| #define HAVE_WINSCARD_H 1
| /* end confdefs.h.  */
| #include <stdio.h>
| #ifdef HAVE_SYS_TYPES_H
| # include <sys/types.h>
| #endif
| #ifdef HAVE_SYS_STAT_H
| # include <sys/stat.h>
| #endif
| #ifdef STDC_HEADERS
| # include <stdlib.h>
| # include <stddef.h>
| #else
| # ifdef HAVE_STDLIB_H
| #  include <stdlib.h>
| # endif
| #endif
| #ifdef HAVE_STRING_H
| # if !defined STDC_HEADERS && defined HAVE_MEMORY_H
| #  include <memory.h>
| # endif
| # include <string.h>
| #endif
| #ifdef HAVE_STRINGS_H
| # include <strings.h>
| #endif
| #ifdef HAVE_INTTYPES_H
| # include <inttypes.h>
| #endif
| #ifdef HAVE_STDINT_H
| # include <stdint.h>
| #endif
| #ifdef HAVE_UNISTD_H
| # include <unistd.h>
| #endif
| int
| main ()
| {
| static int test_array [1 - 2 * !(((long int) (sizeof (void *))) <= 1)];
| test_array [0] = 0
| 
|   ;
|   return 0;
| }
configure:15502: x86_64-w64-mingw32-gcc -c -g -O2  conftest.c >&5
conftest.c: In function 'main':
conftest.c:63:12: error: size of array 'test_array' is negative
configure:15502: $? = 1
configure: failed program was:
| /* confdefs.h */
| #define PACKAGE_NAME "beidmdrv"
| #define PACKAGE_TARNAME "beidmdrv"
| #define PACKAGE_VERSION "0.0.1"
| #define PACKAGE_STRING "beidmdrv 0.0.1"
| #define PACKAGE_BUGREPORT "servicedesk@fedict.be"
| #define PACKAGE_URL ""
| #define PACKAGE "beidmdrv"
| #define VERSION "0.0.1"
| #define STDC_HEADERS 1
| #define HAVE_SYS_TYPES_H 1
| #define HAVE_SYS_STAT_H 1
| #define HAVE_STDLIB_H 1
| #define HAVE_STRING_H 1
| #define HAVE_MEMORY_H 1
| #define HAVE_STRINGS_H 1
| #define HAVE_INTTYPES_H 1
| #define HAVE_STDINT_H 1
| #define HAVE_UNISTD_H 1
| #define HAVE_DLFCN_H 1
| #define LT_OBJDIR ".libs/"
| #define HAVE_MALLOC_H 1
| #define HAVE_STDLIB_H 1
| #define HAVE_STRING_H 1
| #define HAVE_WINSCARD_H 1
| /* end confdefs.h.  */
| #include <stdio.h>
| #ifdef HAVE_SYS_TYPES_H
| # include <sys/types.h>
| #endif
| #ifdef HAVE_SYS_STAT_H
| # include <sys/stat.h>
| #endif
| #ifdef STDC_HEADERS
| # include <stdlib.h>
| # include <stddef.h>
| #else
| # ifdef HAVE_STDLIB_H
| #  include <stdlib.h>
| # endif
| #endif
| #ifdef HAVE_STRING_H
| # if !defined STDC_HEADERS && defined HAVE_MEMORY_H
| #  include <memory.h>
| # endif
| # include <string.h>
| #endif
| #ifdef HAVE_STRINGS_H
| # include <strings.h>
| #endif
| #ifdef HAVE_INTTYPES_H
| # include <inttypes.h>
| #endif
| #ifdef HAVE_STDINT_H
| # include <stdint.h>
| #endif
| #ifdef HAVE_UNISTD_H
| # include <unistd.h>
| #endif
| int
| main ()
| {
| static int test_array [1 - 2 * !(((long int) (sizeof (void *))) <= 3)];
| test_array [0] = 0
| 
|   ;
|   return 0;
| }
configure:15502: x86_64-w64-mingw32-gcc -c -g -O2  conftest.c >&5
conftest.c: In function 'main':
conftest.c:63:12: error: size of array 'test_array' is negative
configure:15502: $? = 1
configure: failed program was:
| /* confdefs.h */
| #define PACKAGE_NAME "beidmdrv"
| #define PACKAGE_TARNAME "beidmdrv"
| #define PACKAGE_VERSION "0.0.1"
| #define PACKAGE_STRING "beidmdrv 0.0.1"
| #define PACKAGE_BUGREPORT "servicedesk@fedict.be"
| #define PACKAGE_URL ""
| #define PACKAGE "beidmdrv"
| #define VERSION "0.0.1"
| #define STDC_HEADERS 1
| #define HAVE_SYS_TYPES_H 1
| #define HAVE_SYS_STAT_H 1
| #define HAVE_STDLIB_H 1
| #define HAVE_STRING_H 1
| #define HAVE_MEMORY_H 1
| #define HAVE_STRINGS_H 1
| #define HAVE_INTTYPES_H 1
| #define HAVE_STDINT_H 1
| #define HAVE_UNISTD_H 1
| #define HAVE_DLFCN_H 1
| #define LT_OBJDIR ".libs/"
| #define HAVE_MALLOC_H 1
| #define HAVE_STDLIB_H 1
| #define HAVE_STRING_H 1
| #define HAVE_WINSCARD_H 1
| /* end confdefs.h.  */
| #include <stdio.h>
| #ifdef HAVE_SYS_TYPES_H
| # include <sys/types.h>
| #endif
| #ifdef HAVE_SYS_STAT_H
| # include <sys/stat.h>
| #endif
| #ifdef STDC_HEADERS
| # include <stdlib.h>
| # include <stddef.h>
| #else
| # ifdef HAVE_STDLIB_H
| #  include <stdlib.h>
| # endif
| #endif
| #ifdef HAVE_STRING_H
| # if !defined STDC_HEADERS && defined HAVE_MEMORY_H
| #  include <memory.h>
| # endif
| # include <string.h>
| #endif
| #ifdef HAVE_STRINGS_H
| # include <strings.h>
| #endif
| #ifdef HAVE_INTTYPES_H
| # include <inttypes.h>
| #endif
| #ifdef HAVE_STDINT_H
| # include <stdint.h>
| #endif
| #ifdef HAVE_UNISTD_H
| # include <unistd.h>
| #endif
| int
| main ()
| {
| static int test_array [1 - 2 * !(((long int) (sizeof (void *))) <= 7)];
| test_array [0] = 0
| 
|   ;
|   return 0;
| }
configure:15502: x86_64-w64-mingw32-gcc -c -g -O2  conftest.c >&5
configure:15502: $? = 0
configure:15502: x86_64-w64-mingw32-gcc -c -g -O2  conftest.c >&5
configure:15502: $? = 0
configure:15502: x86_64-w64-mingw32-gcc -c -g -O2  conftest.c >&5
configure:15502: $? = 0
configure:15502: x86_64-w64-mingw32-gcc -c -g -O2  conftest.c >&5
configure:15502: $? = 0
configure:15517: result: 8
configure:15539: checking for stdbool.h that conforms to C99
configure:15624: x86_64-w64-mingw32-gcc -c -g -O2  conftest.c >&5
configure:15624: $? = 0
configure:15631: result: yes
configure:15633: checking for _Bool
configure:15633: x86_64-w64-mingw32-gcc -c -g -O2  conftest.c >&5
configure:15633: $? = 0
configure:15633: x86_64-w64-mingw32-gcc -c -g -O2  conftest.c >&5
conftest.c: In function 'main':
conftest.c:64:20: error: expected expression before ')' token
configure:15633: $? = 1
configure: failed program was:
| /* confdefs.h */
| #define PACKAGE_NAME "beidmdrv"
| #define PACKAGE_TARNAME "beidmdrv"
| #define PACKAGE_VERSION "0.0.1"
| #define PACKAGE_STRING "beidmdrv 0.0.1"
| #define PACKAGE_BUGREPORT "servicedesk@fedict.be"
| #define PACKAGE_URL ""
| #define PACKAGE "beidmdrv"
| #define VERSION "0.0.1"
| #define STDC_HEADERS 1
| #define HAVE_SYS_TYPES_H 1
| #define HAVE_SYS_STAT_H 1
| #define HAVE_STDLIB_H 1
| #define HAVE_STRING_H 1
| #define HAVE_MEMORY_H 1
| #define HAVE_STRINGS_H 1
| #define HAVE_INTTYPES_H 1
| #define HAVE_STDINT_H 1
| #define HAVE_UNISTD_H 1
| #define HAVE_DLFCN_H 1
| #define LT_OBJDIR ".libs/"
| #define HAVE_MALLOC_H 1
| #define HAVE_STDLIB_H 1
| #define HAVE_STRING_H 1
| #define HAVE_WINSCARD_H 1
| #define SIZEOF_VOID_P 8
| /* end confdefs.h.  */
| #include <stdio.h>
| #ifdef HAVE_SYS_TYPES_H
| # include <sys/types.h>
| #endif
| #ifdef HAVE_SYS_STAT_H
| # include <sys/stat.h>
| #endif
| #ifdef STDC_HEADERS
| # include <stdlib.h>
| # include <stddef.h>
| #else
| # ifdef HAVE_STDLIB_H
| #  include <stdlib.h>
| # endif
| #endif
| #ifdef HAVE_STRING_H
| # if !defined STDC_HEADERS && defined HAVE_MEMORY_H
| #  include <memory.h>
| # endif
| # include <string.h>
| #endif
| #ifdef HAVE_STRINGS_H
| # include <strings.h>
| #endif
| #ifdef HAVE_INTTYPES_H
| # include <inttypes.h>
| #endif
| #ifdef HAVE_STDINT_H
| # include <stdint.h>
| #endif
| #ifdef HAVE_UNISTD_H
| # include <unistd.h>
| #endif
| int
| main ()
| {
| if (sizeof ((_Bool)))
| 	    return 0;
|   ;
|   return 0;
| }
configure:15633: result: yes
configure:15653: checking for stdlib.h
configure:15653: result: yes
configure:15663: checking for GNU libc compatible malloc
configure:15697: result: no
configure:15721: checking for memset
configure:15721: x86_64-w64-mingw32-gcc -o conftest.exe -g -O2   conftest.c  >&5
conftest.c:56:6: warning: conflicting types for built-in function 'memset' [enabled by default]
configure:15721: $? = 0
configure:15721: result: yes
configure:15721: checking for strstr
configure:15721: x86_64-w64-mingw32-gcc -o conftest.exe -g -O2   conftest.c  >&5
conftest.c:57:6: warning: conflicting types for built-in function 'strstr' [enabled by default]
configure:15721: $? = 0
configure:15721: result: yes
configure:15860: creating ./config.status

## ---------------------- ##
## Running config.status. ##
## ---------------------- ##

This file was extended by beidmdrv config.status 0.0.1, which was
generated by GNU Autoconf 2.65.  Invocation command line was

  CONFIG_FILES    = 
  CONFIG_HEADERS  = 
  CONFIG_LINKS    = 
  CONFIG_COMMANDS = 
  $ ./config.status 

on eridu

config.status:1219: creating Makefile
config.status:1219: creating config.h
config.status:1439: executing depfiles commands
config.status:1439: executing libtool commands

## ---------------- ##
## Cache variables. ##
## ---------------- ##

ac_cv_build=x86_64-unknown-linux-gnu
ac_cv_c_compiler_gnu=yes
ac_cv_cxx_compiler_gnu=yes
ac_cv_env_CCC_set=
ac_cv_env_CCC_value=
ac_cv_env_CC_set=
ac_cv_env_CC_value=
ac_cv_env_CFLAGS_set=
ac_cv_env_CFLAGS_value=
ac_cv_env_CPPFLAGS_set=
ac_cv_env_CPPFLAGS_value=
ac_cv_env_CPP_set=
ac_cv_env_CPP_value=
ac_cv_env_CXXCPP_set=
ac_cv_env_CXXCPP_value=
ac_cv_env_CXXFLAGS_set=
ac_cv_env_CXXFLAGS_value=
ac_cv_env_CXX_set=
ac_cv_env_CXX_value=
ac_cv_env_LDFLAGS_set=
ac_cv_env_LDFLAGS_value=
ac_cv_env_LIBS_set=
ac_cv_env_LIBS_value=
ac_cv_env_build_alias_set=
ac_cv_env_build_alias_value=
ac_cv_env_host_alias_set=set
ac_cv_env_host_alias_value=x86_64-w64-mingw32
ac_cv_env_target_alias_set=
ac_cv_env_target_alias_value=
ac_cv_exeext=.exe
ac_cv_func_malloc_0_nonnull=no
ac_cv_func_memset=yes
ac_cv_func_strstr=yes
ac_cv_header_dlfcn_h=yes
ac_cv_header_inttypes_h=yes
ac_cv_header_malloc_h=yes
ac_cv_header_memory_h=yes
ac_cv_header_stdbool_h=yes
ac_cv_header_stdc=yes
ac_cv_header_stdint_h=yes
ac_cv_header_stdlib_h=yes
ac_cv_header_string_h=yes
ac_cv_header_strings_h=yes
ac_cv_header_sys_stat_h=yes
ac_cv_header_sys_types_h=yes
ac_cv_header_unistd_h=yes
ac_cv_header_winscard_h=yes
ac_cv_host=x86_64-w64-mingw32
ac_cv_objext=o
ac_cv_path_EGREP='/bin/grep -E'
ac_cv_path_FGREP='/bin/grep -F'
ac_cv_path_GREP=/bin/grep
ac_cv_path_SED=/bin/sed
ac_cv_path_install='/bin/install -c'
ac_cv_path_mkdir=/bin/mkdir
ac_cv_prog_AR=x86_64-w64-mingw32-ar
ac_cv_prog_AS=x86_64-w64-mingw32-as
ac_cv_prog_AWK=gawk
ac_cv_prog_CC=x86_64-w64-mingw32-gcc
ac_cv_prog_CPP='x86_64-w64-mingw32-gcc -E'
ac_cv_prog_CXX=x86_64-w64-mingw32-g++
ac_cv_prog_CXXCPP='x86_64-w64-mingw32-g++ -E'
ac_cv_prog_DLLTOOL=x86_64-w64-mingw32-dlltool
ac_cv_prog_OBJDUMP=x86_64-w64-mingw32-objdump
ac_cv_prog_RANLIB=x86_64-w64-mingw32-ranlib
ac_cv_prog_RC=x86_64-w64-mingw32-windres
ac_cv_prog_STRIP=x86_64-w64-mingw32-strip
ac_cv_prog_cc_c89=
ac_cv_prog_cc_g=yes
ac_cv_prog_cxx_g=yes
ac_cv_prog_make_make_set=yes
ac_cv_sizeof_void_p=8
ac_cv_type__Bool=yes
am_cv_CC_dependencies_compiler_type=gcc3
am_cv_CXX_dependencies_compiler_type=gcc3
lt_cv_archive_cmds_need_lc=yes
lt_cv_deplibs_check_method='file_magic ^x86 archive import|^x86 DLL'
lt_cv_file_magic_cmd=func_win32_libid
lt_cv_file_magic_test_file=
lt_cv_ld_reload_flag=-r
lt_cv_nm_interface='BSD nm'
lt_cv_objdir=.libs
lt_cv_path_LD=/home/frank/w64/x86_64-w64-mingw32/bin/ld
lt_cv_path_LDCXX=/home/frank/w64/x86_64-w64-mingw32/bin/ld
lt_cv_path_NM='/home/frank/w64/bin/x86_64-w64-mingw32-nm -B'
lt_cv_prog_compiler_c_o=yes
lt_cv_prog_compiler_c_o_CXX=yes
lt_cv_prog_compiler_c_o_RC=yes
lt_cv_prog_compiler_pic_works=yes
lt_cv_prog_compiler_pic_works_CXX=yes
lt_cv_prog_compiler_rtti_exceptions=no
lt_cv_prog_compiler_static_works=yes
lt_cv_prog_compiler_static_works_CXX=yes
lt_cv_prog_gnu_ld=yes
lt_cv_prog_gnu_ldcxx=yes
lt_cv_sys_global_symbol_pipe='sed -n -e '\''s/^.*[	 ]\([ABCDGIRSTW][ABCDGIRSTW]*\)[	 ][	 ]*\([_A-Za-z][_A-Za-z0-9]*\)$/\1 \2 \2/p'\'''
lt_cv_sys_global_symbol_to_c_name_address='sed -n -e '\''s/^: \([^ ]*\) $/  {\"\1\", (void *) 0},/p'\'' -e '\''s/^[ABCDGIRSTW]* \([^ ]*\) \([^ ]*\)$/  {"\2", (void *) \&\2},/p'\'''
lt_cv_sys_global_symbol_to_c_name_address_lib_prefix='sed -n -e '\''s/^: \([^ ]*\) $/  {\"\1\", (void *) 0},/p'\'' -e '\''s/^[ABCDGIRSTW]* \([^ ]*\) \(lib[^ ]*\)$/  {"\2", (void *) \&\2},/p'\'' -e '\''s/^[ABCDGIRSTW]* \([^ ]*\) \([^ ]*\)$/  {"lib\2", (void *) \&\2},/p'\'''
lt_cv_sys_global_symbol_to_cdecl='sed -n -e '\''s/^T .* \(.*\)$/extern int \1();/p'\'' -e '\''s/^[ABCDGIRSTW]* .* \(.*\)$/extern char \1;/p'\'''
lt_cv_sys_max_cmd_len=1572864

## ----------------- ##
## Output variables. ##
## ----------------- ##

ACLOCAL='${SHELL} /home/frank/TRUNK/eid-mw/minidriver/build-aux/missing --run aclocal-1.11'
AMDEPBACKSLASH='\'
AMDEP_FALSE='#'
AMDEP_TRUE=''
AMTAR='${SHELL} /home/frank/TRUNK/eid-mw/minidriver/build-aux/missing --run tar'
AR='x86_64-w64-mingw32-ar'
AS='x86_64-w64-mingw32-as'
AUTOCONF='${SHELL} /home/frank/TRUNK/eid-mw/minidriver/build-aux/missing --run autoconf'
AUTOHEADER='${SHELL} /home/frank/TRUNK/eid-mw/minidriver/build-aux/missing --run autoheader'
AUTOMAKE='${SHELL} /home/frank/TRUNK/eid-mw/minidriver/build-aux/missing --run automake-1.11'
AWK='gawk'
CC='x86_64-w64-mingw32-gcc'
CCDEPMODE='depmode=gcc3'
CFLAGS='-g -O2'
CPP='x86_64-w64-mingw32-gcc -E'
CPPFLAGS=''
CXX='x86_64-w64-mingw32-g++'
CXXCPP='x86_64-w64-mingw32-g++ -E'
CXXDEPMODE='depmode=gcc3'
CXXFLAGS='-g -O2'
CYGPATH_W='echo'
DEBUG=''
DEBUG_POSTFIX=''
DEFS='-DHAVE_CONFIG_H'
DEPDIR='.deps'
DLLTOOL='x86_64-w64-mingw32-dlltool'
DSYMUTIL=''
DUMPBIN=''
ECHO_C=''
ECHO_N='-n'
ECHO_T=''
EGREP='/bin/grep -E'
EXEEXT='.exe'
FGREP='/bin/grep -F'
GREP='/bin/grep'
INSTALL_DATA='${INSTALL} -m 644'
INSTALL_PROGRAM='${INSTALL}'
INSTALL_SCRIPT='${INSTALL}'
INSTALL_STRIP_PROGRAM='$(install_sh) -c -s'
LD='/home/frank/w64/x86_64-w64-mingw32/bin/ld'
LDFLAGS=''
LIBOBJS=' ${LIBOBJDIR}malloc$U.o'
LIBRARY_BITNESS='64'
LIBS=''
LIBTOOL='$(SHELL) $(top_builddir)/libtool'
LIPO=''
LN_S='ln -s'
LTLIBOBJS=' ${LIBOBJDIR}malloc$U.lo'
MAKEINFO='${SHELL} /home/frank/TRUNK/eid-mw/minidriver/build-aux/missing --run makeinfo'
MKDIR_P='/bin/mkdir -p'
NM='/home/frank/w64/bin/x86_64-w64-mingw32-nm -B'
NMEDIT=''
OBJDUMP='x86_64-w64-mingw32-objdump'
OBJEXT='o'
OTOOL64=''
OTOOL=''
PACKAGE='beidmdrv'
PACKAGE_BUGREPORT='servicedesk@fedict.be'
PACKAGE_NAME='beidmdrv'
PACKAGE_STRING='beidmdrv 0.0.1'
PACKAGE_TARNAME='beidmdrv'
PACKAGE_URL=''
PACKAGE_VERSION='0.0.1'
PATH_SEPARATOR=':'
RANLIB='x86_64-w64-mingw32-ranlib'
RC='x86_64-w64-mingw32-windres'
SED='/bin/sed'
SET_MAKE=''
SHELL='/bin/sh'
STRIP='x86_64-w64-mingw32-strip'
VERSION='0.0.1'
ac_ct_CC=''
ac_ct_CXX=''
ac_ct_DUMPBIN=''
am__EXEEXT_FALSE='#'
am__EXEEXT_TRUE=''
am__fastdepCC_FALSE='#'
am__fastdepCC_TRUE=''
am__fastdepCXX_FALSE='#'
am__fastdepCXX_TRUE=''
am__include='include'
am__isrc=''
am__leading_dot='.'
am__quote=''
am__tar='${AMTAR} chof - "$$tardir"'
am__untar='${AMTAR} xf -'
bindir='${exec_prefix}/bin'
build='x86_64-unknown-linux-gnu'
build_alias=''
build_cpu='x86_64'
build_os='linux-gnu'
build_vendor='unknown'
datadir='${datarootdir}'
datarootdir='${prefix}/share'
docdir='${datarootdir}/doc/${PACKAGE_TARNAME}'
dvidir='${docdir}'
exec_prefix='${prefix}'
host='x86_64-w64-mingw32'
host_alias='x86_64-w64-mingw32'
host_cpu='x86_64'
host_os='mingw32'
host_vendor='w64'
htmldir='${docdir}'
includedir='${prefix}/include'
infodir='${datarootdir}/info'
install_sh='${SHELL} /home/frank/TRUNK/eid-mw/minidriver/build-aux/install-sh'
libdir='${exec_prefix}/lib'
libexecdir='${exec_prefix}/libexec'
localedir='${datarootdir}/locale'
localstatedir='${prefix}/var'
mandir='${datarootdir}/man'
mkdir_p='/bin/mkdir -p'
oldincludedir='/usr/include'
pdfdir='${docdir}'
prefix='/usr/local'
program_transform_name='s,x,x,'
psdir='${docdir}'
sbindir='${exec_prefix}/sbin'
sharedstatedir='${prefix}/com'
sysconfdir='${prefix}/etc'
target_alias=''

## ----------- ##
## confdefs.h. ##
## ----------- ##

/* confdefs.h */
#define PACKAGE_NAME "beidmdrv"
#define PACKAGE_TARNAME "beidmdrv"
#define PACKAGE_VERSION "0.0.1"
#define PACKAGE_STRING "beidmdrv 0.0.1"
#define PACKAGE_BUGREPORT "servicedesk@fedict.be"
#define PACKAGE_URL ""
#define PACKAGE "beidmdrv"
#define VERSION "0.0.1"
#define STDC_HEADERS 1
#define HAVE_SYS_TYPES_H 1
#define HAVE_SYS_STAT_H 1
#define HAVE_STDLIB_H 1
#define HAVE_STRING_H 1
#define HAVE_MEMORY_H 1
#define HAVE_STRINGS_H 1
#define HAVE_INTTYPES_H 1
#define HAVE_STDINT_H 1
#define HAVE_UNISTD_H 1
#define HAVE_DLFCN_H 1
#define LT_OBJDIR ".libs/"
#define HAVE_MALLOC_H 1
#define HAVE_STDLIB_H 1
#define HAVE_STRING_H 1
#define HAVE_WINSCARD_H 1
#define SIZEOF_VOID_P 8
#define HAVE__BOOL 1
#define HAVE_STDBOOL_H 1
#define HAVE_STDLIB_H 1
#define HAVE_MALLOC 0
#define malloc rpl_malloc
#define HAVE_MEMSET 1
#define HAVE_STRSTR 1

configure: exit 0
